[2022-05-02 19:56:01,738] {processor.py:153} INFO - Started process (PID=67) to work on /home/airflow/.local/lib/python3.7/site-packages/airflow/example_dags/example_branch_datetime_operator.py
[2022-05-02 19:56:01,739] {processor.py:641} INFO - Processing file /home/airflow/.local/lib/python3.7/site-packages/airflow/example_dags/example_branch_datetime_operator.py for tasks to queue
[2022-05-02 19:56:01,739] {logging_mixin.py:115} INFO - [2022-05-02 19:56:01,739] {dagbag.py:507} INFO - Filling up the DagBag from /home/airflow/.local/lib/python3.7/site-packages/airflow/example_dags/example_branch_datetime_operator.py
[2022-05-02 19:56:01,747] {processor.py:651} INFO - DAG(s) dict_keys(['example_branch_datetime_operator_2']) retrieved from /home/airflow/.local/lib/python3.7/site-packages/airflow/example_dags/example_branch_datetime_operator.py
[2022-05-02 19:56:01,927] {logging_mixin.py:115} INFO - [2022-05-02 19:56:01,926] {manager.py:508} INFO - Created Permission View: can read on DAG:example_branch_datetime_operator_2
[2022-05-02 19:56:01,939] {logging_mixin.py:115} INFO - [2022-05-02 19:56:01,939] {manager.py:508} INFO - Created Permission View: can delete on DAG:example_branch_datetime_operator_2
[2022-05-02 19:56:01,948] {logging_mixin.py:115} INFO - [2022-05-02 19:56:01,948] {manager.py:508} INFO - Created Permission View: can edit on DAG:example_branch_datetime_operator_2
[2022-05-02 19:56:01,948] {logging_mixin.py:115} INFO - [2022-05-02 19:56:01,948] {dag.py:2371} INFO - Sync 1 DAGs
[2022-05-02 19:56:01,958] {logging_mixin.py:115} INFO - [2022-05-02 19:56:01,957] {dag.py:2390} INFO - Creating ORM DAG for example_branch_datetime_operator_2
[2022-05-02 19:56:01,973] {logging_mixin.py:115} INFO - [2022-05-02 19:56:01,972] {dag.py:2919} INFO - Setting next_dagrun for example_branch_datetime_operator_2 to 2022-05-01T00:00:00+00:00, run_after=2022-05-02T00:00:00+00:00
[2022-05-02 19:56:01,988] {processor.py:161} INFO - Processing /home/airflow/.local/lib/python3.7/site-packages/airflow/example_dags/example_branch_datetime_operator.py took 0.252 seconds
[2022-05-02 19:56:32,752] {processor.py:153} INFO - Started process (PID=119) to work on /home/airflow/.local/lib/python3.7/site-packages/airflow/example_dags/example_branch_datetime_operator.py
[2022-05-02 19:56:32,753] {processor.py:641} INFO - Processing file /home/airflow/.local/lib/python3.7/site-packages/airflow/example_dags/example_branch_datetime_operator.py for tasks to queue
[2022-05-02 19:56:32,753] {logging_mixin.py:115} INFO - [2022-05-02 19:56:32,753] {dagbag.py:507} INFO - Filling up the DagBag from /home/airflow/.local/lib/python3.7/site-packages/airflow/example_dags/example_branch_datetime_operator.py
[2022-05-02 19:56:32,759] {processor.py:651} INFO - DAG(s) dict_keys(['example_branch_datetime_operator_2']) retrieved from /home/airflow/.local/lib/python3.7/site-packages/airflow/example_dags/example_branch_datetime_operator.py
[2022-05-02 19:56:32,780] {logging_mixin.py:115} INFO - [2022-05-02 19:56:32,780] {dag.py:2371} INFO - Sync 1 DAGs
[2022-05-02 19:56:32,801] {logging_mixin.py:115} INFO - [2022-05-02 19:56:32,801] {dag.py:2919} INFO - Setting next_dagrun for example_branch_datetime_operator_2 to 2022-05-01T00:00:00+00:00, run_after=2022-05-02T00:00:00+00:00
[2022-05-02 19:56:32,815] {processor.py:161} INFO - Processing /home/airflow/.local/lib/python3.7/site-packages/airflow/example_dags/example_branch_datetime_operator.py took 0.065 seconds
[2022-05-02 19:57:03,227] {processor.py:153} INFO - Started process (PID=180) to work on /home/airflow/.local/lib/python3.7/site-packages/airflow/example_dags/example_branch_datetime_operator.py
[2022-05-02 19:57:03,227] {processor.py:641} INFO - Processing file /home/airflow/.local/lib/python3.7/site-packages/airflow/example_dags/example_branch_datetime_operator.py for tasks to queue
[2022-05-02 19:57:03,228] {logging_mixin.py:115} INFO - [2022-05-02 19:57:03,228] {dagbag.py:507} INFO - Filling up the DagBag from /home/airflow/.local/lib/python3.7/site-packages/airflow/example_dags/example_branch_datetime_operator.py
[2022-05-02 19:57:03,235] {processor.py:651} INFO - DAG(s) dict_keys(['example_branch_datetime_operator_2']) retrieved from /home/airflow/.local/lib/python3.7/site-packages/airflow/example_dags/example_branch_datetime_operator.py
[2022-05-02 19:57:03,255] {logging_mixin.py:115} INFO - [2022-05-02 19:57:03,255] {dag.py:2371} INFO - Sync 1 DAGs
[2022-05-02 19:57:03,277] {logging_mixin.py:115} INFO - [2022-05-02 19:57:03,277] {dag.py:2919} INFO - Setting next_dagrun for example_branch_datetime_operator_2 to 2022-05-01T00:00:00+00:00, run_after=2022-05-02T00:00:00+00:00
[2022-05-02 19:57:03,291] {processor.py:161} INFO - Processing /home/airflow/.local/lib/python3.7/site-packages/airflow/example_dags/example_branch_datetime_operator.py took 0.066 seconds
[2022-05-02 19:57:33,559] {processor.py:153} INFO - Started process (PID=241) to work on /home/airflow/.local/lib/python3.7/site-packages/airflow/example_dags/example_branch_datetime_operator.py
[2022-05-02 19:57:33,560] {processor.py:641} INFO - Processing file /home/airflow/.local/lib/python3.7/site-packages/airflow/example_dags/example_branch_datetime_operator.py for tasks to queue
[2022-05-02 19:57:33,560] {logging_mixin.py:115} INFO - [2022-05-02 19:57:33,560] {dagbag.py:507} INFO - Filling up the DagBag from /home/airflow/.local/lib/python3.7/site-packages/airflow/example_dags/example_branch_datetime_operator.py
[2022-05-02 19:57:33,566] {processor.py:651} INFO - DAG(s) dict_keys(['example_branch_datetime_operator_2']) retrieved from /home/airflow/.local/lib/python3.7/site-packages/airflow/example_dags/example_branch_datetime_operator.py
[2022-05-02 19:57:33,588] {logging_mixin.py:115} INFO - [2022-05-02 19:57:33,588] {dag.py:2371} INFO - Sync 1 DAGs
[2022-05-02 19:57:33,610] {logging_mixin.py:115} INFO - [2022-05-02 19:57:33,610] {dag.py:2919} INFO - Setting next_dagrun for example_branch_datetime_operator_2 to 2022-05-01T00:00:00+00:00, run_after=2022-05-02T00:00:00+00:00
[2022-05-02 19:57:33,624] {processor.py:161} INFO - Processing /home/airflow/.local/lib/python3.7/site-packages/airflow/example_dags/example_branch_datetime_operator.py took 0.066 seconds
[2022-05-02 19:58:03,864] {processor.py:153} INFO - Started process (PID=293) to work on /home/airflow/.local/lib/python3.7/site-packages/airflow/example_dags/example_branch_datetime_operator.py
[2022-05-02 19:58:03,864] {processor.py:641} INFO - Processing file /home/airflow/.local/lib/python3.7/site-packages/airflow/example_dags/example_branch_datetime_operator.py for tasks to queue
[2022-05-02 19:58:03,865] {logging_mixin.py:115} INFO - [2022-05-02 19:58:03,865] {dagbag.py:507} INFO - Filling up the DagBag from /home/airflow/.local/lib/python3.7/site-packages/airflow/example_dags/example_branch_datetime_operator.py
[2022-05-02 19:58:03,871] {processor.py:651} INFO - DAG(s) dict_keys(['example_branch_datetime_operator_2']) retrieved from /home/airflow/.local/lib/python3.7/site-packages/airflow/example_dags/example_branch_datetime_operator.py
[2022-05-02 19:58:03,892] {logging_mixin.py:115} INFO - [2022-05-02 19:58:03,892] {dag.py:2371} INFO - Sync 1 DAGs
[2022-05-02 19:58:03,913] {logging_mixin.py:115} INFO - [2022-05-02 19:58:03,913] {dag.py:2919} INFO - Setting next_dagrun for example_branch_datetime_operator_2 to 2022-05-01T00:00:00+00:00, run_after=2022-05-02T00:00:00+00:00
[2022-05-02 19:58:03,928] {processor.py:161} INFO - Processing /home/airflow/.local/lib/python3.7/site-packages/airflow/example_dags/example_branch_datetime_operator.py took 0.066 seconds
[2022-05-02 19:58:34,455] {processor.py:153} INFO - Started process (PID=355) to work on /home/airflow/.local/lib/python3.7/site-packages/airflow/example_dags/example_branch_datetime_operator.py
[2022-05-02 19:58:34,455] {processor.py:641} INFO - Processing file /home/airflow/.local/lib/python3.7/site-packages/airflow/example_dags/example_branch_datetime_operator.py for tasks to queue
[2022-05-02 19:58:34,455] {logging_mixin.py:115} INFO - [2022-05-02 19:58:34,455] {dagbag.py:507} INFO - Filling up the DagBag from /home/airflow/.local/lib/python3.7/site-packages/airflow/example_dags/example_branch_datetime_operator.py
[2022-05-02 19:58:34,461] {processor.py:651} INFO - DAG(s) dict_keys(['example_branch_datetime_operator_2']) retrieved from /home/airflow/.local/lib/python3.7/site-packages/airflow/example_dags/example_branch_datetime_operator.py
[2022-05-02 19:58:34,482] {logging_mixin.py:115} INFO - [2022-05-02 19:58:34,482] {dag.py:2371} INFO - Sync 1 DAGs
[2022-05-02 19:58:34,505] {logging_mixin.py:115} INFO - [2022-05-02 19:58:34,505] {dag.py:2919} INFO - Setting next_dagrun for example_branch_datetime_operator_2 to 2022-05-01T00:00:00+00:00, run_after=2022-05-02T00:00:00+00:00
[2022-05-02 19:58:34,518] {processor.py:161} INFO - Processing /home/airflow/.local/lib/python3.7/site-packages/airflow/example_dags/example_branch_datetime_operator.py took 0.066 seconds
[2022-05-02 19:59:04,692] {processor.py:153} INFO - Started process (PID=417) to work on /home/airflow/.local/lib/python3.7/site-packages/airflow/example_dags/example_branch_datetime_operator.py
[2022-05-02 19:59:04,692] {processor.py:641} INFO - Processing file /home/airflow/.local/lib/python3.7/site-packages/airflow/example_dags/example_branch_datetime_operator.py for tasks to queue
[2022-05-02 19:59:04,692] {logging_mixin.py:115} INFO - [2022-05-02 19:59:04,692] {dagbag.py:507} INFO - Filling up the DagBag from /home/airflow/.local/lib/python3.7/site-packages/airflow/example_dags/example_branch_datetime_operator.py
[2022-05-02 19:59:04,698] {processor.py:651} INFO - DAG(s) dict_keys(['example_branch_datetime_operator_2']) retrieved from /home/airflow/.local/lib/python3.7/site-packages/airflow/example_dags/example_branch_datetime_operator.py
[2022-05-02 19:59:04,718] {logging_mixin.py:115} INFO - [2022-05-02 19:59:04,718] {dag.py:2371} INFO - Sync 1 DAGs
[2022-05-02 19:59:04,739] {logging_mixin.py:115} INFO - [2022-05-02 19:59:04,739] {dag.py:2919} INFO - Setting next_dagrun for example_branch_datetime_operator_2 to 2022-05-01T00:00:00+00:00, run_after=2022-05-02T00:00:00+00:00
[2022-05-02 19:59:04,753] {processor.py:161} INFO - Processing /home/airflow/.local/lib/python3.7/site-packages/airflow/example_dags/example_branch_datetime_operator.py took 0.064 seconds
[2022-05-02 19:59:35,182] {processor.py:153} INFO - Started process (PID=469) to work on /home/airflow/.local/lib/python3.7/site-packages/airflow/example_dags/example_branch_datetime_operator.py
[2022-05-02 19:59:35,182] {processor.py:641} INFO - Processing file /home/airflow/.local/lib/python3.7/site-packages/airflow/example_dags/example_branch_datetime_operator.py for tasks to queue
[2022-05-02 19:59:35,182] {logging_mixin.py:115} INFO - [2022-05-02 19:59:35,182] {dagbag.py:507} INFO - Filling up the DagBag from /home/airflow/.local/lib/python3.7/site-packages/airflow/example_dags/example_branch_datetime_operator.py
[2022-05-02 19:59:35,189] {processor.py:651} INFO - DAG(s) dict_keys(['example_branch_datetime_operator_2']) retrieved from /home/airflow/.local/lib/python3.7/site-packages/airflow/example_dags/example_branch_datetime_operator.py
[2022-05-02 19:59:35,211] {logging_mixin.py:115} INFO - [2022-05-02 19:59:35,211] {dag.py:2371} INFO - Sync 1 DAGs
[2022-05-02 19:59:35,233] {logging_mixin.py:115} INFO - [2022-05-02 19:59:35,233] {dag.py:2919} INFO - Setting next_dagrun for example_branch_datetime_operator_2 to 2022-05-01T00:00:00+00:00, run_after=2022-05-02T00:00:00+00:00
[2022-05-02 19:59:35,251] {processor.py:161} INFO - Processing /home/airflow/.local/lib/python3.7/site-packages/airflow/example_dags/example_branch_datetime_operator.py took 0.072 seconds
[2022-05-02 20:00:05,479] {processor.py:153} INFO - Started process (PID=530) to work on /home/airflow/.local/lib/python3.7/site-packages/airflow/example_dags/example_branch_datetime_operator.py
[2022-05-02 20:00:05,479] {processor.py:641} INFO - Processing file /home/airflow/.local/lib/python3.7/site-packages/airflow/example_dags/example_branch_datetime_operator.py for tasks to queue
[2022-05-02 20:00:05,479] {logging_mixin.py:115} INFO - [2022-05-02 20:00:05,479] {dagbag.py:507} INFO - Filling up the DagBag from /home/airflow/.local/lib/python3.7/site-packages/airflow/example_dags/example_branch_datetime_operator.py
[2022-05-02 20:00:05,486] {processor.py:651} INFO - DAG(s) dict_keys(['example_branch_datetime_operator_2']) retrieved from /home/airflow/.local/lib/python3.7/site-packages/airflow/example_dags/example_branch_datetime_operator.py
[2022-05-02 20:00:05,507] {logging_mixin.py:115} INFO - [2022-05-02 20:00:05,507] {dag.py:2371} INFO - Sync 1 DAGs
[2022-05-02 20:00:05,530] {logging_mixin.py:115} INFO - [2022-05-02 20:00:05,529] {dag.py:2919} INFO - Setting next_dagrun for example_branch_datetime_operator_2 to 2022-05-01T00:00:00+00:00, run_after=2022-05-02T00:00:00+00:00
[2022-05-02 20:00:05,543] {processor.py:161} INFO - Processing /home/airflow/.local/lib/python3.7/site-packages/airflow/example_dags/example_branch_datetime_operator.py took 0.067 seconds
[2022-05-02 20:00:35,822] {processor.py:153} INFO - Started process (PID=591) to work on /home/airflow/.local/lib/python3.7/site-packages/airflow/example_dags/example_branch_datetime_operator.py
[2022-05-02 20:00:35,822] {processor.py:641} INFO - Processing file /home/airflow/.local/lib/python3.7/site-packages/airflow/example_dags/example_branch_datetime_operator.py for tasks to queue
[2022-05-02 20:00:35,823] {logging_mixin.py:115} INFO - [2022-05-02 20:00:35,823] {dagbag.py:507} INFO - Filling up the DagBag from /home/airflow/.local/lib/python3.7/site-packages/airflow/example_dags/example_branch_datetime_operator.py
[2022-05-02 20:00:35,829] {processor.py:651} INFO - DAG(s) dict_keys(['example_branch_datetime_operator_2']) retrieved from /home/airflow/.local/lib/python3.7/site-packages/airflow/example_dags/example_branch_datetime_operator.py
[2022-05-02 20:00:35,849] {logging_mixin.py:115} INFO - [2022-05-02 20:00:35,849] {dag.py:2371} INFO - Sync 1 DAGs
[2022-05-02 20:00:35,871] {logging_mixin.py:115} INFO - [2022-05-02 20:00:35,870] {dag.py:2919} INFO - Setting next_dagrun for example_branch_datetime_operator_2 to 2022-05-01T00:00:00+00:00, run_after=2022-05-02T00:00:00+00:00
[2022-05-02 20:00:35,885] {processor.py:161} INFO - Processing /home/airflow/.local/lib/python3.7/site-packages/airflow/example_dags/example_branch_datetime_operator.py took 0.066 seconds
[2022-05-02 20:01:06,626] {processor.py:153} INFO - Started process (PID=646) to work on /home/airflow/.local/lib/python3.7/site-packages/airflow/example_dags/example_branch_datetime_operator.py
[2022-05-02 20:01:06,627] {processor.py:641} INFO - Processing file /home/airflow/.local/lib/python3.7/site-packages/airflow/example_dags/example_branch_datetime_operator.py for tasks to queue
[2022-05-02 20:01:06,627] {logging_mixin.py:115} INFO - [2022-05-02 20:01:06,627] {dagbag.py:507} INFO - Filling up the DagBag from /home/airflow/.local/lib/python3.7/site-packages/airflow/example_dags/example_branch_datetime_operator.py
[2022-05-02 20:01:06,633] {processor.py:651} INFO - DAG(s) dict_keys(['example_branch_datetime_operator_2']) retrieved from /home/airflow/.local/lib/python3.7/site-packages/airflow/example_dags/example_branch_datetime_operator.py
[2022-05-02 20:01:06,659] {logging_mixin.py:115} INFO - [2022-05-02 20:01:06,659] {dag.py:2371} INFO - Sync 1 DAGs
[2022-05-02 20:01:06,685] {logging_mixin.py:115} INFO - [2022-05-02 20:01:06,684] {dag.py:2919} INFO - Setting next_dagrun for example_branch_datetime_operator_2 to 2022-05-01T00:00:00+00:00, run_after=2022-05-02T00:00:00+00:00
[2022-05-02 20:01:06,788] {processor.py:161} INFO - Processing /home/airflow/.local/lib/python3.7/site-packages/airflow/example_dags/example_branch_datetime_operator.py took 0.164 seconds
[2022-05-02 20:01:36,910] {processor.py:153} INFO - Started process (PID=707) to work on /home/airflow/.local/lib/python3.7/site-packages/airflow/example_dags/example_branch_datetime_operator.py
[2022-05-02 20:01:36,911] {processor.py:641} INFO - Processing file /home/airflow/.local/lib/python3.7/site-packages/airflow/example_dags/example_branch_datetime_operator.py for tasks to queue
[2022-05-02 20:01:36,911] {logging_mixin.py:115} INFO - [2022-05-02 20:01:36,911] {dagbag.py:507} INFO - Filling up the DagBag from /home/airflow/.local/lib/python3.7/site-packages/airflow/example_dags/example_branch_datetime_operator.py
[2022-05-02 20:01:36,917] {processor.py:651} INFO - DAG(s) dict_keys(['example_branch_datetime_operator_2']) retrieved from /home/airflow/.local/lib/python3.7/site-packages/airflow/example_dags/example_branch_datetime_operator.py
[2022-05-02 20:01:36,938] {logging_mixin.py:115} INFO - [2022-05-02 20:01:36,938] {dag.py:2371} INFO - Sync 1 DAGs
[2022-05-02 20:01:36,966] {logging_mixin.py:115} INFO - [2022-05-02 20:01:36,966] {dag.py:2919} INFO - Setting next_dagrun for example_branch_datetime_operator_2 to 2022-05-01T00:00:00+00:00, run_after=2022-05-02T00:00:00+00:00
[2022-05-02 20:01:37,069] {processor.py:161} INFO - Processing /home/airflow/.local/lib/python3.7/site-packages/airflow/example_dags/example_branch_datetime_operator.py took 0.161 seconds
[2022-05-02 20:02:07,277] {processor.py:153} INFO - Started process (PID=761) to work on /home/airflow/.local/lib/python3.7/site-packages/airflow/example_dags/example_branch_datetime_operator.py
[2022-05-02 20:02:07,277] {processor.py:641} INFO - Processing file /home/airflow/.local/lib/python3.7/site-packages/airflow/example_dags/example_branch_datetime_operator.py for tasks to queue
[2022-05-02 20:02:07,278] {logging_mixin.py:115} INFO - [2022-05-02 20:02:07,278] {dagbag.py:507} INFO - Filling up the DagBag from /home/airflow/.local/lib/python3.7/site-packages/airflow/example_dags/example_branch_datetime_operator.py
[2022-05-02 20:02:07,283] {processor.py:651} INFO - DAG(s) dict_keys(['example_branch_datetime_operator_2']) retrieved from /home/airflow/.local/lib/python3.7/site-packages/airflow/example_dags/example_branch_datetime_operator.py
[2022-05-02 20:02:07,309] {logging_mixin.py:115} INFO - [2022-05-02 20:02:07,308] {dag.py:2371} INFO - Sync 1 DAGs
[2022-05-02 20:02:07,332] {logging_mixin.py:115} INFO - [2022-05-02 20:02:07,332] {dag.py:2919} INFO - Setting next_dagrun for example_branch_datetime_operator_2 to 2022-05-01T00:00:00+00:00, run_after=2022-05-02T00:00:00+00:00
[2022-05-02 20:02:07,436] {processor.py:161} INFO - Processing /home/airflow/.local/lib/python3.7/site-packages/airflow/example_dags/example_branch_datetime_operator.py took 0.161 seconds
[2022-05-02 20:02:37,731] {processor.py:153} INFO - Started process (PID=823) to work on /home/airflow/.local/lib/python3.7/site-packages/airflow/example_dags/example_branch_datetime_operator.py
[2022-05-02 20:02:37,731] {processor.py:641} INFO - Processing file /home/airflow/.local/lib/python3.7/site-packages/airflow/example_dags/example_branch_datetime_operator.py for tasks to queue
[2022-05-02 20:02:37,732] {logging_mixin.py:115} INFO - [2022-05-02 20:02:37,731] {dagbag.py:507} INFO - Filling up the DagBag from /home/airflow/.local/lib/python3.7/site-packages/airflow/example_dags/example_branch_datetime_operator.py
[2022-05-02 20:02:37,738] {processor.py:651} INFO - DAG(s) dict_keys(['example_branch_datetime_operator_2']) retrieved from /home/airflow/.local/lib/python3.7/site-packages/airflow/example_dags/example_branch_datetime_operator.py
[2022-05-02 20:02:37,761] {logging_mixin.py:115} INFO - [2022-05-02 20:02:37,761] {dag.py:2371} INFO - Sync 1 DAGs
[2022-05-02 20:02:37,786] {logging_mixin.py:115} INFO - [2022-05-02 20:02:37,786] {dag.py:2919} INFO - Setting next_dagrun for example_branch_datetime_operator_2 to 2022-05-01T00:00:00+00:00, run_after=2022-05-02T00:00:00+00:00
[2022-05-02 20:02:37,891] {processor.py:161} INFO - Processing /home/airflow/.local/lib/python3.7/site-packages/airflow/example_dags/example_branch_datetime_operator.py took 0.162 seconds
[2022-05-02 20:03:08,691] {processor.py:153} INFO - Started process (PID=886) to work on /home/airflow/.local/lib/python3.7/site-packages/airflow/example_dags/example_branch_datetime_operator.py
[2022-05-02 20:03:08,691] {processor.py:641} INFO - Processing file /home/airflow/.local/lib/python3.7/site-packages/airflow/example_dags/example_branch_datetime_operator.py for tasks to queue
[2022-05-02 20:03:08,692] {logging_mixin.py:115} INFO - [2022-05-02 20:03:08,692] {dagbag.py:507} INFO - Filling up the DagBag from /home/airflow/.local/lib/python3.7/site-packages/airflow/example_dags/example_branch_datetime_operator.py
[2022-05-02 20:03:08,699] {processor.py:651} INFO - DAG(s) dict_keys(['example_branch_datetime_operator_2']) retrieved from /home/airflow/.local/lib/python3.7/site-packages/airflow/example_dags/example_branch_datetime_operator.py
[2022-05-02 20:03:08,720] {logging_mixin.py:115} INFO - [2022-05-02 20:03:08,720] {dag.py:2371} INFO - Sync 1 DAGs
[2022-05-02 20:03:08,743] {logging_mixin.py:115} INFO - [2022-05-02 20:03:08,743] {dag.py:2919} INFO - Setting next_dagrun for example_branch_datetime_operator_2 to 2022-05-01T00:00:00+00:00, run_after=2022-05-02T00:00:00+00:00
[2022-05-02 20:03:08,848] {processor.py:161} INFO - Processing /home/airflow/.local/lib/python3.7/site-packages/airflow/example_dags/example_branch_datetime_operator.py took 0.160 seconds
[2022-05-02 20:03:39,125] {processor.py:153} INFO - Started process (PID=938) to work on /home/airflow/.local/lib/python3.7/site-packages/airflow/example_dags/example_branch_datetime_operator.py
[2022-05-02 20:03:39,125] {processor.py:641} INFO - Processing file /home/airflow/.local/lib/python3.7/site-packages/airflow/example_dags/example_branch_datetime_operator.py for tasks to queue
[2022-05-02 20:03:39,126] {logging_mixin.py:115} INFO - [2022-05-02 20:03:39,126] {dagbag.py:507} INFO - Filling up the DagBag from /home/airflow/.local/lib/python3.7/site-packages/airflow/example_dags/example_branch_datetime_operator.py
[2022-05-02 20:03:39,137] {processor.py:651} INFO - DAG(s) dict_keys(['example_branch_datetime_operator_2']) retrieved from /home/airflow/.local/lib/python3.7/site-packages/airflow/example_dags/example_branch_datetime_operator.py
[2022-05-02 20:03:39,159] {logging_mixin.py:115} INFO - [2022-05-02 20:03:39,159] {dag.py:2371} INFO - Sync 1 DAGs
[2022-05-02 20:03:39,187] {logging_mixin.py:115} INFO - [2022-05-02 20:03:39,186] {dag.py:2919} INFO - Setting next_dagrun for example_branch_datetime_operator_2 to 2022-05-01T00:00:00+00:00, run_after=2022-05-02T00:00:00+00:00
[2022-05-02 20:03:39,294] {processor.py:161} INFO - Processing /home/airflow/.local/lib/python3.7/site-packages/airflow/example_dags/example_branch_datetime_operator.py took 0.172 seconds
[2022-05-02 20:04:09,573] {processor.py:153} INFO - Started process (PID=999) to work on /home/airflow/.local/lib/python3.7/site-packages/airflow/example_dags/example_branch_datetime_operator.py
[2022-05-02 20:04:09,574] {processor.py:641} INFO - Processing file /home/airflow/.local/lib/python3.7/site-packages/airflow/example_dags/example_branch_datetime_operator.py for tasks to queue
[2022-05-02 20:04:09,574] {logging_mixin.py:115} INFO - [2022-05-02 20:04:09,574] {dagbag.py:507} INFO - Filling up the DagBag from /home/airflow/.local/lib/python3.7/site-packages/airflow/example_dags/example_branch_datetime_operator.py
[2022-05-02 20:04:09,580] {processor.py:651} INFO - DAG(s) dict_keys(['example_branch_datetime_operator_2']) retrieved from /home/airflow/.local/lib/python3.7/site-packages/airflow/example_dags/example_branch_datetime_operator.py
[2022-05-02 20:04:09,600] {logging_mixin.py:115} INFO - [2022-05-02 20:04:09,600] {dag.py:2371} INFO - Sync 1 DAGs
[2022-05-02 20:04:09,624] {logging_mixin.py:115} INFO - [2022-05-02 20:04:09,624] {dag.py:2919} INFO - Setting next_dagrun for example_branch_datetime_operator_2 to 2022-05-01T00:00:00+00:00, run_after=2022-05-02T00:00:00+00:00
[2022-05-02 20:04:09,728] {processor.py:161} INFO - Processing /home/airflow/.local/lib/python3.7/site-packages/airflow/example_dags/example_branch_datetime_operator.py took 0.157 seconds
[2022-05-02 20:04:40,055] {processor.py:153} INFO - Started process (PID=1061) to work on /home/airflow/.local/lib/python3.7/site-packages/airflow/example_dags/example_branch_datetime_operator.py
[2022-05-02 20:04:40,056] {processor.py:641} INFO - Processing file /home/airflow/.local/lib/python3.7/site-packages/airflow/example_dags/example_branch_datetime_operator.py for tasks to queue
[2022-05-02 20:04:40,056] {logging_mixin.py:115} INFO - [2022-05-02 20:04:40,056] {dagbag.py:507} INFO - Filling up the DagBag from /home/airflow/.local/lib/python3.7/site-packages/airflow/example_dags/example_branch_datetime_operator.py
[2022-05-02 20:04:40,064] {processor.py:651} INFO - DAG(s) dict_keys(['example_branch_datetime_operator_2']) retrieved from /home/airflow/.local/lib/python3.7/site-packages/airflow/example_dags/example_branch_datetime_operator.py
[2022-05-02 20:04:40,087] {logging_mixin.py:115} INFO - [2022-05-02 20:04:40,087] {dag.py:2371} INFO - Sync 1 DAGs
[2022-05-02 20:04:40,116] {logging_mixin.py:115} INFO - [2022-05-02 20:04:40,116] {dag.py:2919} INFO - Setting next_dagrun for example_branch_datetime_operator_2 to 2022-05-01T00:00:00+00:00, run_after=2022-05-02T00:00:00+00:00
[2022-05-02 20:04:40,225] {processor.py:161} INFO - Processing /home/airflow/.local/lib/python3.7/site-packages/airflow/example_dags/example_branch_datetime_operator.py took 0.172 seconds
[2022-05-02 20:05:10,564] {processor.py:153} INFO - Started process (PID=1113) to work on /home/airflow/.local/lib/python3.7/site-packages/airflow/example_dags/example_branch_datetime_operator.py
[2022-05-02 20:05:10,565] {processor.py:641} INFO - Processing file /home/airflow/.local/lib/python3.7/site-packages/airflow/example_dags/example_branch_datetime_operator.py for tasks to queue
[2022-05-02 20:05:10,565] {logging_mixin.py:115} INFO - [2022-05-02 20:05:10,565] {dagbag.py:507} INFO - Filling up the DagBag from /home/airflow/.local/lib/python3.7/site-packages/airflow/example_dags/example_branch_datetime_operator.py
[2022-05-02 20:05:10,572] {processor.py:651} INFO - DAG(s) dict_keys(['example_branch_datetime_operator_2']) retrieved from /home/airflow/.local/lib/python3.7/site-packages/airflow/example_dags/example_branch_datetime_operator.py
[2022-05-02 20:05:10,592] {logging_mixin.py:115} INFO - [2022-05-02 20:05:10,592] {dag.py:2371} INFO - Sync 1 DAGs
[2022-05-02 20:05:10,615] {logging_mixin.py:115} INFO - [2022-05-02 20:05:10,615] {dag.py:2919} INFO - Setting next_dagrun for example_branch_datetime_operator_2 to 2022-05-01T00:00:00+00:00, run_after=2022-05-02T00:00:00+00:00
[2022-05-02 20:05:10,724] {processor.py:161} INFO - Processing /home/airflow/.local/lib/python3.7/site-packages/airflow/example_dags/example_branch_datetime_operator.py took 0.162 seconds
[2022-05-02 20:05:40,830] {processor.py:153} INFO - Started process (PID=1174) to work on /home/airflow/.local/lib/python3.7/site-packages/airflow/example_dags/example_branch_datetime_operator.py
[2022-05-02 20:05:40,831] {processor.py:641} INFO - Processing file /home/airflow/.local/lib/python3.7/site-packages/airflow/example_dags/example_branch_datetime_operator.py for tasks to queue
[2022-05-02 20:05:40,832] {logging_mixin.py:115} INFO - [2022-05-02 20:05:40,832] {dagbag.py:507} INFO - Filling up the DagBag from /home/airflow/.local/lib/python3.7/site-packages/airflow/example_dags/example_branch_datetime_operator.py
[2022-05-02 20:05:40,838] {processor.py:651} INFO - DAG(s) dict_keys(['example_branch_datetime_operator_2']) retrieved from /home/airflow/.local/lib/python3.7/site-packages/airflow/example_dags/example_branch_datetime_operator.py
[2022-05-02 20:05:40,861] {logging_mixin.py:115} INFO - [2022-05-02 20:05:40,861] {dag.py:2371} INFO - Sync 1 DAGs
[2022-05-02 20:05:40,884] {logging_mixin.py:115} INFO - [2022-05-02 20:05:40,884] {dag.py:2919} INFO - Setting next_dagrun for example_branch_datetime_operator_2 to 2022-05-01T00:00:00+00:00, run_after=2022-05-02T00:00:00+00:00
[2022-05-02 20:05:40,989] {processor.py:161} INFO - Processing /home/airflow/.local/lib/python3.7/site-packages/airflow/example_dags/example_branch_datetime_operator.py took 0.161 seconds
[2022-05-02 20:06:11,106] {processor.py:153} INFO - Started process (PID=1237) to work on /home/airflow/.local/lib/python3.7/site-packages/airflow/example_dags/example_branch_datetime_operator.py
[2022-05-02 20:06:11,107] {processor.py:641} INFO - Processing file /home/airflow/.local/lib/python3.7/site-packages/airflow/example_dags/example_branch_datetime_operator.py for tasks to queue
[2022-05-02 20:06:11,107] {logging_mixin.py:115} INFO - [2022-05-02 20:06:11,107] {dagbag.py:507} INFO - Filling up the DagBag from /home/airflow/.local/lib/python3.7/site-packages/airflow/example_dags/example_branch_datetime_operator.py
[2022-05-02 20:06:11,113] {processor.py:651} INFO - DAG(s) dict_keys(['example_branch_datetime_operator_2']) retrieved from /home/airflow/.local/lib/python3.7/site-packages/airflow/example_dags/example_branch_datetime_operator.py
[2022-05-02 20:06:11,133] {logging_mixin.py:115} INFO - [2022-05-02 20:06:11,133] {dag.py:2371} INFO - Sync 1 DAGs
[2022-05-02 20:06:11,260] {logging_mixin.py:115} INFO - [2022-05-02 20:06:11,260] {dag.py:2919} INFO - Setting next_dagrun for example_branch_datetime_operator_2 to 2022-05-01T00:00:00+00:00, run_after=2022-05-02T00:00:00+00:00
[2022-05-02 20:06:11,271] {processor.py:161} INFO - Processing /home/airflow/.local/lib/python3.7/site-packages/airflow/example_dags/example_branch_datetime_operator.py took 0.167 seconds
[2022-05-02 20:06:41,405] {processor.py:153} INFO - Started process (PID=1292) to work on /home/airflow/.local/lib/python3.7/site-packages/airflow/example_dags/example_branch_datetime_operator.py
[2022-05-02 20:06:41,405] {processor.py:641} INFO - Processing file /home/airflow/.local/lib/python3.7/site-packages/airflow/example_dags/example_branch_datetime_operator.py for tasks to queue
[2022-05-02 20:06:41,406] {logging_mixin.py:115} INFO - [2022-05-02 20:06:41,406] {dagbag.py:507} INFO - Filling up the DagBag from /home/airflow/.local/lib/python3.7/site-packages/airflow/example_dags/example_branch_datetime_operator.py
[2022-05-02 20:06:41,411] {processor.py:651} INFO - DAG(s) dict_keys(['example_branch_datetime_operator_2']) retrieved from /home/airflow/.local/lib/python3.7/site-packages/airflow/example_dags/example_branch_datetime_operator.py
[2022-05-02 20:06:41,473] {logging_mixin.py:115} INFO - [2022-05-02 20:06:41,472] {dag.py:2371} INFO - Sync 1 DAGs
[2022-05-02 20:06:41,603] {logging_mixin.py:115} INFO - [2022-05-02 20:06:41,603] {dag.py:2919} INFO - Setting next_dagrun for example_branch_datetime_operator_2 to 2022-05-01T00:00:00+00:00, run_after=2022-05-02T00:00:00+00:00
[2022-05-02 20:06:41,615] {processor.py:161} INFO - Processing /home/airflow/.local/lib/python3.7/site-packages/airflow/example_dags/example_branch_datetime_operator.py took 0.212 seconds
[2022-05-02 20:07:11,981] {processor.py:153} INFO - Started process (PID=1355) to work on /home/airflow/.local/lib/python3.7/site-packages/airflow/example_dags/example_branch_datetime_operator.py
[2022-05-02 20:07:11,982] {processor.py:641} INFO - Processing file /home/airflow/.local/lib/python3.7/site-packages/airflow/example_dags/example_branch_datetime_operator.py for tasks to queue
[2022-05-02 20:07:11,982] {logging_mixin.py:115} INFO - [2022-05-02 20:07:11,982] {dagbag.py:507} INFO - Filling up the DagBag from /home/airflow/.local/lib/python3.7/site-packages/airflow/example_dags/example_branch_datetime_operator.py
[2022-05-02 20:07:11,988] {processor.py:651} INFO - DAG(s) dict_keys(['example_branch_datetime_operator_2']) retrieved from /home/airflow/.local/lib/python3.7/site-packages/airflow/example_dags/example_branch_datetime_operator.py
[2022-05-02 20:07:12,041] {logging_mixin.py:115} INFO - [2022-05-02 20:07:12,041] {dag.py:2371} INFO - Sync 1 DAGs
[2022-05-02 20:07:12,162] {logging_mixin.py:115} INFO - [2022-05-02 20:07:12,162] {dag.py:2919} INFO - Setting next_dagrun for example_branch_datetime_operator_2 to 2022-05-01T00:00:00+00:00, run_after=2022-05-02T00:00:00+00:00
[2022-05-02 20:07:12,174] {processor.py:161} INFO - Processing /home/airflow/.local/lib/python3.7/site-packages/airflow/example_dags/example_branch_datetime_operator.py took 0.195 seconds
[2022-05-02 20:07:42,332] {processor.py:153} INFO - Started process (PID=1418) to work on /home/airflow/.local/lib/python3.7/site-packages/airflow/example_dags/example_branch_datetime_operator.py
[2022-05-02 20:07:42,333] {processor.py:641} INFO - Processing file /home/airflow/.local/lib/python3.7/site-packages/airflow/example_dags/example_branch_datetime_operator.py for tasks to queue
[2022-05-02 20:07:42,333] {logging_mixin.py:115} INFO - [2022-05-02 20:07:42,333] {dagbag.py:507} INFO - Filling up the DagBag from /home/airflow/.local/lib/python3.7/site-packages/airflow/example_dags/example_branch_datetime_operator.py
[2022-05-02 20:07:42,341] {processor.py:651} INFO - DAG(s) dict_keys(['example_branch_datetime_operator_2']) retrieved from /home/airflow/.local/lib/python3.7/site-packages/airflow/example_dags/example_branch_datetime_operator.py
[2022-05-02 20:07:42,360] {logging_mixin.py:115} INFO - [2022-05-02 20:07:42,360] {dag.py:2371} INFO - Sync 1 DAGs
[2022-05-02 20:07:42,477] {logging_mixin.py:115} INFO - [2022-05-02 20:07:42,477] {dag.py:2919} INFO - Setting next_dagrun for example_branch_datetime_operator_2 to 2022-05-01T00:00:00+00:00, run_after=2022-05-02T00:00:00+00:00
[2022-05-02 20:07:42,489] {processor.py:161} INFO - Processing /home/airflow/.local/lib/python3.7/site-packages/airflow/example_dags/example_branch_datetime_operator.py took 0.160 seconds
[2022-05-02 20:08:12,792] {processor.py:153} INFO - Started process (PID=1472) to work on /home/airflow/.local/lib/python3.7/site-packages/airflow/example_dags/example_branch_datetime_operator.py
[2022-05-02 20:08:12,793] {processor.py:641} INFO - Processing file /home/airflow/.local/lib/python3.7/site-packages/airflow/example_dags/example_branch_datetime_operator.py for tasks to queue
[2022-05-02 20:08:12,793] {logging_mixin.py:115} INFO - [2022-05-02 20:08:12,793] {dagbag.py:507} INFO - Filling up the DagBag from /home/airflow/.local/lib/python3.7/site-packages/airflow/example_dags/example_branch_datetime_operator.py
[2022-05-02 20:08:12,801] {processor.py:651} INFO - DAG(s) dict_keys(['example_branch_datetime_operator_2']) retrieved from /home/airflow/.local/lib/python3.7/site-packages/airflow/example_dags/example_branch_datetime_operator.py
[2022-05-02 20:08:12,828] {logging_mixin.py:115} INFO - [2022-05-02 20:08:12,827] {dag.py:2371} INFO - Sync 1 DAGs
[2022-05-02 20:08:12,973] {logging_mixin.py:115} INFO - [2022-05-02 20:08:12,973] {dag.py:2919} INFO - Setting next_dagrun for example_branch_datetime_operator_2 to 2022-05-01T00:00:00+00:00, run_after=2022-05-02T00:00:00+00:00
[2022-05-02 20:08:12,991] {processor.py:161} INFO - Processing /home/airflow/.local/lib/python3.7/site-packages/airflow/example_dags/example_branch_datetime_operator.py took 0.202 seconds
