[2022-05-02 19:56:03,947] {processor.py:153} INFO - Started process (PID=83) to work on /home/airflow/.local/lib/python3.7/site-packages/airflow/example_dags/example_branch_operator.py
[2022-05-02 19:56:03,948] {processor.py:641} INFO - Processing file /home/airflow/.local/lib/python3.7/site-packages/airflow/example_dags/example_branch_operator.py for tasks to queue
[2022-05-02 19:56:03,948] {logging_mixin.py:115} INFO - [2022-05-02 19:56:03,948] {dagbag.py:507} INFO - Filling up the DagBag from /home/airflow/.local/lib/python3.7/site-packages/airflow/example_dags/example_branch_operator.py
[2022-05-02 19:56:03,957] {processor.py:651} INFO - DAG(s) dict_keys(['example_branch_operator']) retrieved from /home/airflow/.local/lib/python3.7/site-packages/airflow/example_dags/example_branch_operator.py
[2022-05-02 19:56:04,161] {logging_mixin.py:115} INFO - [2022-05-02 19:56:04,161] {manager.py:508} INFO - Created Permission View: can read on DAG:example_branch_operator
[2022-05-02 19:56:04,173] {logging_mixin.py:115} INFO - [2022-05-02 19:56:04,173] {manager.py:508} INFO - Created Permission View: can delete on DAG:example_branch_operator
[2022-05-02 19:56:04,182] {logging_mixin.py:115} INFO - [2022-05-02 19:56:04,181] {manager.py:508} INFO - Created Permission View: can edit on DAG:example_branch_operator
[2022-05-02 19:56:04,182] {logging_mixin.py:115} INFO - [2022-05-02 19:56:04,182] {dag.py:2371} INFO - Sync 1 DAGs
[2022-05-02 19:56:04,191] {logging_mixin.py:115} INFO - [2022-05-02 19:56:04,190] {dag.py:2390} INFO - Creating ORM DAG for example_branch_operator
[2022-05-02 19:56:04,203] {logging_mixin.py:115} INFO - [2022-05-02 19:56:04,203] {dag.py:2919} INFO - Setting next_dagrun for example_branch_operator to 2022-05-01T00:00:00+00:00, run_after=2022-05-02T00:00:00+00:00
[2022-05-02 19:56:04,220] {processor.py:161} INFO - Processing /home/airflow/.local/lib/python3.7/site-packages/airflow/example_dags/example_branch_operator.py took 0.275 seconds
[2022-05-02 19:56:34,918] {processor.py:153} INFO - Started process (PID=144) to work on /home/airflow/.local/lib/python3.7/site-packages/airflow/example_dags/example_branch_operator.py
[2022-05-02 19:56:34,918] {processor.py:641} INFO - Processing file /home/airflow/.local/lib/python3.7/site-packages/airflow/example_dags/example_branch_operator.py for tasks to queue
[2022-05-02 19:56:34,918] {logging_mixin.py:115} INFO - [2022-05-02 19:56:34,918] {dagbag.py:507} INFO - Filling up the DagBag from /home/airflow/.local/lib/python3.7/site-packages/airflow/example_dags/example_branch_operator.py
[2022-05-02 19:56:34,927] {processor.py:651} INFO - DAG(s) dict_keys(['example_branch_operator']) retrieved from /home/airflow/.local/lib/python3.7/site-packages/airflow/example_dags/example_branch_operator.py
[2022-05-02 19:56:34,951] {logging_mixin.py:115} INFO - [2022-05-02 19:56:34,951] {dag.py:2371} INFO - Sync 1 DAGs
[2022-05-02 19:56:34,974] {logging_mixin.py:115} INFO - [2022-05-02 19:56:34,973] {dag.py:2919} INFO - Setting next_dagrun for example_branch_operator to 2022-05-01T00:00:00+00:00, run_after=2022-05-02T00:00:00+00:00
[2022-05-02 19:56:34,985] {processor.py:161} INFO - Processing /home/airflow/.local/lib/python3.7/site-packages/airflow/example_dags/example_branch_operator.py took 0.070 seconds
[2022-05-02 19:57:05,347] {processor.py:153} INFO - Started process (PID=196) to work on /home/airflow/.local/lib/python3.7/site-packages/airflow/example_dags/example_branch_operator.py
[2022-05-02 19:57:05,348] {processor.py:641} INFO - Processing file /home/airflow/.local/lib/python3.7/site-packages/airflow/example_dags/example_branch_operator.py for tasks to queue
[2022-05-02 19:57:05,349] {logging_mixin.py:115} INFO - [2022-05-02 19:57:05,349] {dagbag.py:507} INFO - Filling up the DagBag from /home/airflow/.local/lib/python3.7/site-packages/airflow/example_dags/example_branch_operator.py
[2022-05-02 19:57:05,356] {processor.py:651} INFO - DAG(s) dict_keys(['example_branch_operator']) retrieved from /home/airflow/.local/lib/python3.7/site-packages/airflow/example_dags/example_branch_operator.py
[2022-05-02 19:57:05,379] {logging_mixin.py:115} INFO - [2022-05-02 19:57:05,379] {dag.py:2371} INFO - Sync 1 DAGs
[2022-05-02 19:57:05,402] {logging_mixin.py:115} INFO - [2022-05-02 19:57:05,402] {dag.py:2919} INFO - Setting next_dagrun for example_branch_operator to 2022-05-01T00:00:00+00:00, run_after=2022-05-02T00:00:00+00:00
[2022-05-02 19:57:05,413] {processor.py:161} INFO - Processing /home/airflow/.local/lib/python3.7/site-packages/airflow/example_dags/example_branch_operator.py took 0.067 seconds
[2022-05-02 19:57:35,723] {processor.py:153} INFO - Started process (PID=257) to work on /home/airflow/.local/lib/python3.7/site-packages/airflow/example_dags/example_branch_operator.py
[2022-05-02 19:57:35,723] {processor.py:641} INFO - Processing file /home/airflow/.local/lib/python3.7/site-packages/airflow/example_dags/example_branch_operator.py for tasks to queue
[2022-05-02 19:57:35,724] {logging_mixin.py:115} INFO - [2022-05-02 19:57:35,724] {dagbag.py:507} INFO - Filling up the DagBag from /home/airflow/.local/lib/python3.7/site-packages/airflow/example_dags/example_branch_operator.py
[2022-05-02 19:57:35,734] {processor.py:651} INFO - DAG(s) dict_keys(['example_branch_operator']) retrieved from /home/airflow/.local/lib/python3.7/site-packages/airflow/example_dags/example_branch_operator.py
[2022-05-02 19:57:35,756] {logging_mixin.py:115} INFO - [2022-05-02 19:57:35,756] {dag.py:2371} INFO - Sync 1 DAGs
[2022-05-02 19:57:35,781] {logging_mixin.py:115} INFO - [2022-05-02 19:57:35,781] {dag.py:2919} INFO - Setting next_dagrun for example_branch_operator to 2022-05-01T00:00:00+00:00, run_after=2022-05-02T00:00:00+00:00
[2022-05-02 19:57:35,792] {processor.py:161} INFO - Processing /home/airflow/.local/lib/python3.7/site-packages/airflow/example_dags/example_branch_operator.py took 0.072 seconds
[2022-05-02 19:58:06,085] {processor.py:153} INFO - Started process (PID=316) to work on /home/airflow/.local/lib/python3.7/site-packages/airflow/example_dags/example_branch_operator.py
[2022-05-02 19:58:06,086] {processor.py:641} INFO - Processing file /home/airflow/.local/lib/python3.7/site-packages/airflow/example_dags/example_branch_operator.py for tasks to queue
[2022-05-02 19:58:06,086] {logging_mixin.py:115} INFO - [2022-05-02 19:58:06,086] {dagbag.py:507} INFO - Filling up the DagBag from /home/airflow/.local/lib/python3.7/site-packages/airflow/example_dags/example_branch_operator.py
[2022-05-02 19:58:06,094] {processor.py:651} INFO - DAG(s) dict_keys(['example_branch_operator']) retrieved from /home/airflow/.local/lib/python3.7/site-packages/airflow/example_dags/example_branch_operator.py
[2022-05-02 19:58:06,116] {logging_mixin.py:115} INFO - [2022-05-02 19:58:06,116] {dag.py:2371} INFO - Sync 1 DAGs
[2022-05-02 19:58:06,139] {logging_mixin.py:115} INFO - [2022-05-02 19:58:06,139] {dag.py:2919} INFO - Setting next_dagrun for example_branch_operator to 2022-05-01T00:00:00+00:00, run_after=2022-05-02T00:00:00+00:00
[2022-05-02 19:58:06,150] {processor.py:161} INFO - Processing /home/airflow/.local/lib/python3.7/site-packages/airflow/example_dags/example_branch_operator.py took 0.067 seconds
[2022-05-02 19:58:36,534] {processor.py:153} INFO - Started process (PID=371) to work on /home/airflow/.local/lib/python3.7/site-packages/airflow/example_dags/example_branch_operator.py
[2022-05-02 19:58:36,534] {processor.py:641} INFO - Processing file /home/airflow/.local/lib/python3.7/site-packages/airflow/example_dags/example_branch_operator.py for tasks to queue
[2022-05-02 19:58:36,534] {logging_mixin.py:115} INFO - [2022-05-02 19:58:36,534] {dagbag.py:507} INFO - Filling up the DagBag from /home/airflow/.local/lib/python3.7/site-packages/airflow/example_dags/example_branch_operator.py
[2022-05-02 19:58:36,542] {processor.py:651} INFO - DAG(s) dict_keys(['example_branch_operator']) retrieved from /home/airflow/.local/lib/python3.7/site-packages/airflow/example_dags/example_branch_operator.py
[2022-05-02 19:58:36,565] {logging_mixin.py:115} INFO - [2022-05-02 19:58:36,565] {dag.py:2371} INFO - Sync 1 DAGs
[2022-05-02 19:58:36,590] {logging_mixin.py:115} INFO - [2022-05-02 19:58:36,590] {dag.py:2919} INFO - Setting next_dagrun for example_branch_operator to 2022-05-01T00:00:00+00:00, run_after=2022-05-02T00:00:00+00:00
[2022-05-02 19:58:36,602] {processor.py:161} INFO - Processing /home/airflow/.local/lib/python3.7/site-packages/airflow/example_dags/example_branch_operator.py took 0.070 seconds
[2022-05-02 19:59:06,999] {processor.py:153} INFO - Started process (PID=433) to work on /home/airflow/.local/lib/python3.7/site-packages/airflow/example_dags/example_branch_operator.py
[2022-05-02 19:59:07,000] {processor.py:641} INFO - Processing file /home/airflow/.local/lib/python3.7/site-packages/airflow/example_dags/example_branch_operator.py for tasks to queue
[2022-05-02 19:59:07,001] {logging_mixin.py:115} INFO - [2022-05-02 19:59:07,001] {dagbag.py:507} INFO - Filling up the DagBag from /home/airflow/.local/lib/python3.7/site-packages/airflow/example_dags/example_branch_operator.py
[2022-05-02 19:59:07,009] {processor.py:651} INFO - DAG(s) dict_keys(['example_branch_operator']) retrieved from /home/airflow/.local/lib/python3.7/site-packages/airflow/example_dags/example_branch_operator.py
[2022-05-02 19:59:07,032] {logging_mixin.py:115} INFO - [2022-05-02 19:59:07,032] {dag.py:2371} INFO - Sync 1 DAGs
[2022-05-02 19:59:07,058] {logging_mixin.py:115} INFO - [2022-05-02 19:59:07,058] {dag.py:2919} INFO - Setting next_dagrun for example_branch_operator to 2022-05-01T00:00:00+00:00, run_after=2022-05-02T00:00:00+00:00
[2022-05-02 19:59:07,069] {processor.py:161} INFO - Processing /home/airflow/.local/lib/python3.7/site-packages/airflow/example_dags/example_branch_operator.py took 0.071 seconds
[2022-05-02 19:59:37,342] {processor.py:153} INFO - Started process (PID=485) to work on /home/airflow/.local/lib/python3.7/site-packages/airflow/example_dags/example_branch_operator.py
[2022-05-02 19:59:37,343] {processor.py:641} INFO - Processing file /home/airflow/.local/lib/python3.7/site-packages/airflow/example_dags/example_branch_operator.py for tasks to queue
[2022-05-02 19:59:37,343] {logging_mixin.py:115} INFO - [2022-05-02 19:59:37,343] {dagbag.py:507} INFO - Filling up the DagBag from /home/airflow/.local/lib/python3.7/site-packages/airflow/example_dags/example_branch_operator.py
[2022-05-02 19:59:37,353] {processor.py:651} INFO - DAG(s) dict_keys(['example_branch_operator']) retrieved from /home/airflow/.local/lib/python3.7/site-packages/airflow/example_dags/example_branch_operator.py
[2022-05-02 19:59:37,375] {logging_mixin.py:115} INFO - [2022-05-02 19:59:37,375] {dag.py:2371} INFO - Sync 1 DAGs
[2022-05-02 19:59:37,401] {logging_mixin.py:115} INFO - [2022-05-02 19:59:37,401] {dag.py:2919} INFO - Setting next_dagrun for example_branch_operator to 2022-05-01T00:00:00+00:00, run_after=2022-05-02T00:00:00+00:00
[2022-05-02 19:59:37,413] {processor.py:161} INFO - Processing /home/airflow/.local/lib/python3.7/site-packages/airflow/example_dags/example_branch_operator.py took 0.073 seconds
[2022-05-02 20:00:07,655] {processor.py:153} INFO - Started process (PID=546) to work on /home/airflow/.local/lib/python3.7/site-packages/airflow/example_dags/example_branch_operator.py
[2022-05-02 20:00:07,655] {processor.py:641} INFO - Processing file /home/airflow/.local/lib/python3.7/site-packages/airflow/example_dags/example_branch_operator.py for tasks to queue
[2022-05-02 20:00:07,656] {logging_mixin.py:115} INFO - [2022-05-02 20:00:07,656] {dagbag.py:507} INFO - Filling up the DagBag from /home/airflow/.local/lib/python3.7/site-packages/airflow/example_dags/example_branch_operator.py
[2022-05-02 20:00:07,666] {processor.py:651} INFO - DAG(s) dict_keys(['example_branch_operator']) retrieved from /home/airflow/.local/lib/python3.7/site-packages/airflow/example_dags/example_branch_operator.py
[2022-05-02 20:00:07,686] {logging_mixin.py:115} INFO - [2022-05-02 20:00:07,686] {dag.py:2371} INFO - Sync 1 DAGs
[2022-05-02 20:00:07,710] {logging_mixin.py:115} INFO - [2022-05-02 20:00:07,710] {dag.py:2919} INFO - Setting next_dagrun for example_branch_operator to 2022-05-01T00:00:00+00:00, run_after=2022-05-02T00:00:00+00:00
[2022-05-02 20:00:07,721] {processor.py:161} INFO - Processing /home/airflow/.local/lib/python3.7/site-packages/airflow/example_dags/example_branch_operator.py took 0.069 seconds
[2022-05-02 20:00:37,950] {processor.py:153} INFO - Started process (PID=609) to work on /home/airflow/.local/lib/python3.7/site-packages/airflow/example_dags/example_branch_operator.py
[2022-05-02 20:00:37,950] {processor.py:641} INFO - Processing file /home/airflow/.local/lib/python3.7/site-packages/airflow/example_dags/example_branch_operator.py for tasks to queue
[2022-05-02 20:00:37,951] {logging_mixin.py:115} INFO - [2022-05-02 20:00:37,951] {dagbag.py:507} INFO - Filling up the DagBag from /home/airflow/.local/lib/python3.7/site-packages/airflow/example_dags/example_branch_operator.py
[2022-05-02 20:00:37,960] {processor.py:651} INFO - DAG(s) dict_keys(['example_branch_operator']) retrieved from /home/airflow/.local/lib/python3.7/site-packages/airflow/example_dags/example_branch_operator.py
[2022-05-02 20:00:37,981] {logging_mixin.py:115} INFO - [2022-05-02 20:00:37,981] {dag.py:2371} INFO - Sync 1 DAGs
[2022-05-02 20:00:38,006] {logging_mixin.py:115} INFO - [2022-05-02 20:00:38,006] {dag.py:2919} INFO - Setting next_dagrun for example_branch_operator to 2022-05-01T00:00:00+00:00, run_after=2022-05-02T00:00:00+00:00
[2022-05-02 20:00:38,018] {processor.py:161} INFO - Processing /home/airflow/.local/lib/python3.7/site-packages/airflow/example_dags/example_branch_operator.py took 0.071 seconds
[2022-05-02 20:01:08,079] {processor.py:153} INFO - Started process (PID=661) to work on /home/airflow/.local/lib/python3.7/site-packages/airflow/example_dags/example_branch_operator.py
[2022-05-02 20:01:08,080] {processor.py:641} INFO - Processing file /home/airflow/.local/lib/python3.7/site-packages/airflow/example_dags/example_branch_operator.py for tasks to queue
[2022-05-02 20:01:08,080] {logging_mixin.py:115} INFO - [2022-05-02 20:01:08,080] {dagbag.py:507} INFO - Filling up the DagBag from /home/airflow/.local/lib/python3.7/site-packages/airflow/example_dags/example_branch_operator.py
[2022-05-02 20:01:08,088] {processor.py:651} INFO - DAG(s) dict_keys(['example_branch_operator']) retrieved from /home/airflow/.local/lib/python3.7/site-packages/airflow/example_dags/example_branch_operator.py
[2022-05-02 20:01:08,110] {logging_mixin.py:115} INFO - [2022-05-02 20:01:08,109] {dag.py:2371} INFO - Sync 1 DAGs
[2022-05-02 20:01:08,232] {logging_mixin.py:115} INFO - [2022-05-02 20:01:08,232] {dag.py:2919} INFO - Setting next_dagrun for example_branch_operator to 2022-05-01T00:00:00+00:00, run_after=2022-05-02T00:00:00+00:00
[2022-05-02 20:01:08,245] {processor.py:161} INFO - Processing /home/airflow/.local/lib/python3.7/site-packages/airflow/example_dags/example_branch_operator.py took 0.169 seconds
[2022-05-02 20:01:38,507] {processor.py:153} INFO - Started process (PID=722) to work on /home/airflow/.local/lib/python3.7/site-packages/airflow/example_dags/example_branch_operator.py
[2022-05-02 20:01:38,508] {processor.py:641} INFO - Processing file /home/airflow/.local/lib/python3.7/site-packages/airflow/example_dags/example_branch_operator.py for tasks to queue
[2022-05-02 20:01:38,509] {logging_mixin.py:115} INFO - [2022-05-02 20:01:38,508] {dagbag.py:507} INFO - Filling up the DagBag from /home/airflow/.local/lib/python3.7/site-packages/airflow/example_dags/example_branch_operator.py
[2022-05-02 20:01:38,518] {processor.py:651} INFO - DAG(s) dict_keys(['example_branch_operator']) retrieved from /home/airflow/.local/lib/python3.7/site-packages/airflow/example_dags/example_branch_operator.py
[2022-05-02 20:01:38,539] {logging_mixin.py:115} INFO - [2022-05-02 20:01:38,539] {dag.py:2371} INFO - Sync 1 DAGs
[2022-05-02 20:01:38,672] {logging_mixin.py:115} INFO - [2022-05-02 20:01:38,672] {dag.py:2919} INFO - Setting next_dagrun for example_branch_operator to 2022-05-01T00:00:00+00:00, run_after=2022-05-02T00:00:00+00:00
[2022-05-02 20:01:38,687] {processor.py:161} INFO - Processing /home/airflow/.local/lib/python3.7/site-packages/airflow/example_dags/example_branch_operator.py took 0.183 seconds
[2022-05-02 20:02:08,889] {processor.py:153} INFO - Started process (PID=785) to work on /home/airflow/.local/lib/python3.7/site-packages/airflow/example_dags/example_branch_operator.py
[2022-05-02 20:02:08,890] {processor.py:641} INFO - Processing file /home/airflow/.local/lib/python3.7/site-packages/airflow/example_dags/example_branch_operator.py for tasks to queue
[2022-05-02 20:02:08,890] {logging_mixin.py:115} INFO - [2022-05-02 20:02:08,890] {dagbag.py:507} INFO - Filling up the DagBag from /home/airflow/.local/lib/python3.7/site-packages/airflow/example_dags/example_branch_operator.py
[2022-05-02 20:02:08,898] {processor.py:651} INFO - DAG(s) dict_keys(['example_branch_operator']) retrieved from /home/airflow/.local/lib/python3.7/site-packages/airflow/example_dags/example_branch_operator.py
[2022-05-02 20:02:08,921] {logging_mixin.py:115} INFO - [2022-05-02 20:02:08,920] {dag.py:2371} INFO - Sync 1 DAGs
[2022-05-02 20:02:09,044] {logging_mixin.py:115} INFO - [2022-05-02 20:02:09,044] {dag.py:2919} INFO - Setting next_dagrun for example_branch_operator to 2022-05-01T00:00:00+00:00, run_after=2022-05-02T00:00:00+00:00
[2022-05-02 20:02:09,057] {processor.py:161} INFO - Processing /home/airflow/.local/lib/python3.7/site-packages/airflow/example_dags/example_branch_operator.py took 0.170 seconds
[2022-05-02 20:02:39,616] {processor.py:153} INFO - Started process (PID=838) to work on /home/airflow/.local/lib/python3.7/site-packages/airflow/example_dags/example_branch_operator.py
[2022-05-02 20:02:39,616] {processor.py:641} INFO - Processing file /home/airflow/.local/lib/python3.7/site-packages/airflow/example_dags/example_branch_operator.py for tasks to queue
[2022-05-02 20:02:39,617] {logging_mixin.py:115} INFO - [2022-05-02 20:02:39,617] {dagbag.py:507} INFO - Filling up the DagBag from /home/airflow/.local/lib/python3.7/site-packages/airflow/example_dags/example_branch_operator.py
[2022-05-02 20:02:39,624] {processor.py:651} INFO - DAG(s) dict_keys(['example_branch_operator']) retrieved from /home/airflow/.local/lib/python3.7/site-packages/airflow/example_dags/example_branch_operator.py
[2022-05-02 20:02:39,649] {logging_mixin.py:115} INFO - [2022-05-02 20:02:39,649] {dag.py:2371} INFO - Sync 1 DAGs
[2022-05-02 20:02:39,783] {logging_mixin.py:115} INFO - [2022-05-02 20:02:39,783] {dag.py:2919} INFO - Setting next_dagrun for example_branch_operator to 2022-05-01T00:00:00+00:00, run_after=2022-05-02T00:00:00+00:00
[2022-05-02 20:02:39,797] {processor.py:161} INFO - Processing /home/airflow/.local/lib/python3.7/site-packages/airflow/example_dags/example_branch_operator.py took 0.183 seconds
[2022-05-02 20:03:10,335] {processor.py:153} INFO - Started process (PID=901) to work on /home/airflow/.local/lib/python3.7/site-packages/airflow/example_dags/example_branch_operator.py
[2022-05-02 20:03:10,336] {processor.py:641} INFO - Processing file /home/airflow/.local/lib/python3.7/site-packages/airflow/example_dags/example_branch_operator.py for tasks to queue
[2022-05-02 20:03:10,336] {logging_mixin.py:115} INFO - [2022-05-02 20:03:10,336] {dagbag.py:507} INFO - Filling up the DagBag from /home/airflow/.local/lib/python3.7/site-packages/airflow/example_dags/example_branch_operator.py
[2022-05-02 20:03:10,344] {processor.py:651} INFO - DAG(s) dict_keys(['example_branch_operator']) retrieved from /home/airflow/.local/lib/python3.7/site-packages/airflow/example_dags/example_branch_operator.py
[2022-05-02 20:03:10,366] {logging_mixin.py:115} INFO - [2022-05-02 20:03:10,366] {dag.py:2371} INFO - Sync 1 DAGs
[2022-05-02 20:03:10,479] {logging_mixin.py:115} INFO - [2022-05-02 20:03:10,479] {dag.py:2919} INFO - Setting next_dagrun for example_branch_operator to 2022-05-01T00:00:00+00:00, run_after=2022-05-02T00:00:00+00:00
[2022-05-02 20:03:10,491] {processor.py:161} INFO - Processing /home/airflow/.local/lib/python3.7/site-packages/airflow/example_dags/example_branch_operator.py took 0.158 seconds
[2022-05-02 20:03:40,625] {processor.py:153} INFO - Started process (PID=962) to work on /home/airflow/.local/lib/python3.7/site-packages/airflow/example_dags/example_branch_operator.py
[2022-05-02 20:03:40,626] {processor.py:641} INFO - Processing file /home/airflow/.local/lib/python3.7/site-packages/airflow/example_dags/example_branch_operator.py for tasks to queue
[2022-05-02 20:03:40,626] {logging_mixin.py:115} INFO - [2022-05-02 20:03:40,626] {dagbag.py:507} INFO - Filling up the DagBag from /home/airflow/.local/lib/python3.7/site-packages/airflow/example_dags/example_branch_operator.py
[2022-05-02 20:03:40,636] {processor.py:651} INFO - DAG(s) dict_keys(['example_branch_operator']) retrieved from /home/airflow/.local/lib/python3.7/site-packages/airflow/example_dags/example_branch_operator.py
[2022-05-02 20:03:40,659] {logging_mixin.py:115} INFO - [2022-05-02 20:03:40,659] {dag.py:2371} INFO - Sync 1 DAGs
[2022-05-02 20:03:40,784] {logging_mixin.py:115} INFO - [2022-05-02 20:03:40,783] {dag.py:2919} INFO - Setting next_dagrun for example_branch_operator to 2022-05-01T00:00:00+00:00, run_after=2022-05-02T00:00:00+00:00
[2022-05-02 20:03:40,797] {processor.py:161} INFO - Processing /home/airflow/.local/lib/python3.7/site-packages/airflow/example_dags/example_branch_operator.py took 0.174 seconds
[2022-05-02 20:04:11,246] {processor.py:153} INFO - Started process (PID=1015) to work on /home/airflow/.local/lib/python3.7/site-packages/airflow/example_dags/example_branch_operator.py
[2022-05-02 20:04:11,246] {processor.py:641} INFO - Processing file /home/airflow/.local/lib/python3.7/site-packages/airflow/example_dags/example_branch_operator.py for tasks to queue
[2022-05-02 20:04:11,247] {logging_mixin.py:115} INFO - [2022-05-02 20:04:11,247] {dagbag.py:507} INFO - Filling up the DagBag from /home/airflow/.local/lib/python3.7/site-packages/airflow/example_dags/example_branch_operator.py
[2022-05-02 20:04:11,255] {processor.py:651} INFO - DAG(s) dict_keys(['example_branch_operator']) retrieved from /home/airflow/.local/lib/python3.7/site-packages/airflow/example_dags/example_branch_operator.py
[2022-05-02 20:04:11,278] {logging_mixin.py:115} INFO - [2022-05-02 20:04:11,278] {dag.py:2371} INFO - Sync 1 DAGs
[2022-05-02 20:04:11,398] {logging_mixin.py:115} INFO - [2022-05-02 20:04:11,397] {dag.py:2919} INFO - Setting next_dagrun for example_branch_operator to 2022-05-01T00:00:00+00:00, run_after=2022-05-02T00:00:00+00:00
[2022-05-02 20:04:11,409] {processor.py:161} INFO - Processing /home/airflow/.local/lib/python3.7/site-packages/airflow/example_dags/example_branch_operator.py took 0.166 seconds
[2022-05-02 20:04:41,798] {processor.py:153} INFO - Started process (PID=1078) to work on /home/airflow/.local/lib/python3.7/site-packages/airflow/example_dags/example_branch_operator.py
[2022-05-02 20:04:41,799] {processor.py:641} INFO - Processing file /home/airflow/.local/lib/python3.7/site-packages/airflow/example_dags/example_branch_operator.py for tasks to queue
[2022-05-02 20:04:41,800] {logging_mixin.py:115} INFO - [2022-05-02 20:04:41,800] {dagbag.py:507} INFO - Filling up the DagBag from /home/airflow/.local/lib/python3.7/site-packages/airflow/example_dags/example_branch_operator.py
[2022-05-02 20:04:41,809] {processor.py:651} INFO - DAG(s) dict_keys(['example_branch_operator']) retrieved from /home/airflow/.local/lib/python3.7/site-packages/airflow/example_dags/example_branch_operator.py
[2022-05-02 20:04:41,836] {logging_mixin.py:115} INFO - [2022-05-02 20:04:41,835] {dag.py:2371} INFO - Sync 1 DAGs
[2022-05-02 20:04:41,969] {logging_mixin.py:115} INFO - [2022-05-02 20:04:41,969] {dag.py:2919} INFO - Setting next_dagrun for example_branch_operator to 2022-05-01T00:00:00+00:00, run_after=2022-05-02T00:00:00+00:00
[2022-05-02 20:04:41,982] {processor.py:161} INFO - Processing /home/airflow/.local/lib/python3.7/site-packages/airflow/example_dags/example_branch_operator.py took 0.186 seconds
[2022-05-02 20:05:12,039] {processor.py:153} INFO - Started process (PID=1129) to work on /home/airflow/.local/lib/python3.7/site-packages/airflow/example_dags/example_branch_operator.py
[2022-05-02 20:05:12,039] {processor.py:641} INFO - Processing file /home/airflow/.local/lib/python3.7/site-packages/airflow/example_dags/example_branch_operator.py for tasks to queue
[2022-05-02 20:05:12,039] {logging_mixin.py:115} INFO - [2022-05-02 20:05:12,039] {dagbag.py:507} INFO - Filling up the DagBag from /home/airflow/.local/lib/python3.7/site-packages/airflow/example_dags/example_branch_operator.py
[2022-05-02 20:05:12,049] {processor.py:651} INFO - DAG(s) dict_keys(['example_branch_operator']) retrieved from /home/airflow/.local/lib/python3.7/site-packages/airflow/example_dags/example_branch_operator.py
[2022-05-02 20:05:12,072] {logging_mixin.py:115} INFO - [2022-05-02 20:05:12,072] {dag.py:2371} INFO - Sync 1 DAGs
[2022-05-02 20:05:12,187] {logging_mixin.py:115} INFO - [2022-05-02 20:05:12,187] {dag.py:2919} INFO - Setting next_dagrun for example_branch_operator to 2022-05-01T00:00:00+00:00, run_after=2022-05-02T00:00:00+00:00
[2022-05-02 20:05:12,201] {processor.py:161} INFO - Processing /home/airflow/.local/lib/python3.7/site-packages/airflow/example_dags/example_branch_operator.py took 0.164 seconds
[2022-05-02 20:05:42,334] {processor.py:153} INFO - Started process (PID=1190) to work on /home/airflow/.local/lib/python3.7/site-packages/airflow/example_dags/example_branch_operator.py
[2022-05-02 20:05:42,335] {processor.py:641} INFO - Processing file /home/airflow/.local/lib/python3.7/site-packages/airflow/example_dags/example_branch_operator.py for tasks to queue
[2022-05-02 20:05:42,335] {logging_mixin.py:115} INFO - [2022-05-02 20:05:42,335] {dagbag.py:507} INFO - Filling up the DagBag from /home/airflow/.local/lib/python3.7/site-packages/airflow/example_dags/example_branch_operator.py
[2022-05-02 20:05:42,345] {processor.py:651} INFO - DAG(s) dict_keys(['example_branch_operator']) retrieved from /home/airflow/.local/lib/python3.7/site-packages/airflow/example_dags/example_branch_operator.py
[2022-05-02 20:05:42,369] {logging_mixin.py:115} INFO - [2022-05-02 20:05:42,368] {dag.py:2371} INFO - Sync 1 DAGs
[2022-05-02 20:05:42,484] {logging_mixin.py:115} INFO - [2022-05-02 20:05:42,484] {dag.py:2919} INFO - Setting next_dagrun for example_branch_operator to 2022-05-01T00:00:00+00:00, run_after=2022-05-02T00:00:00+00:00
[2022-05-02 20:05:42,496] {processor.py:161} INFO - Processing /home/airflow/.local/lib/python3.7/site-packages/airflow/example_dags/example_branch_operator.py took 0.164 seconds
[2022-05-02 20:06:12,738] {processor.py:153} INFO - Started process (PID=1253) to work on /home/airflow/.local/lib/python3.7/site-packages/airflow/example_dags/example_branch_operator.py
[2022-05-02 20:06:12,738] {processor.py:641} INFO - Processing file /home/airflow/.local/lib/python3.7/site-packages/airflow/example_dags/example_branch_operator.py for tasks to queue
[2022-05-02 20:06:12,739] {logging_mixin.py:115} INFO - [2022-05-02 20:06:12,739] {dagbag.py:507} INFO - Filling up the DagBag from /home/airflow/.local/lib/python3.7/site-packages/airflow/example_dags/example_branch_operator.py
[2022-05-02 20:06:12,747] {processor.py:651} INFO - DAG(s) dict_keys(['example_branch_operator']) retrieved from /home/airflow/.local/lib/python3.7/site-packages/airflow/example_dags/example_branch_operator.py
[2022-05-02 20:06:12,770] {logging_mixin.py:115} INFO - [2022-05-02 20:06:12,770] {dag.py:2371} INFO - Sync 1 DAGs
[2022-05-02 20:06:12,892] {logging_mixin.py:115} INFO - [2022-05-02 20:06:12,892] {dag.py:2919} INFO - Setting next_dagrun for example_branch_operator to 2022-05-01T00:00:00+00:00, run_after=2022-05-02T00:00:00+00:00
[2022-05-02 20:06:12,904] {processor.py:161} INFO - Processing /home/airflow/.local/lib/python3.7/site-packages/airflow/example_dags/example_branch_operator.py took 0.168 seconds
[2022-05-02 20:06:43,143] {processor.py:153} INFO - Started process (PID=1308) to work on /home/airflow/.local/lib/python3.7/site-packages/airflow/example_dags/example_branch_operator.py
[2022-05-02 20:06:43,143] {processor.py:641} INFO - Processing file /home/airflow/.local/lib/python3.7/site-packages/airflow/example_dags/example_branch_operator.py for tasks to queue
[2022-05-02 20:06:43,144] {logging_mixin.py:115} INFO - [2022-05-02 20:06:43,144] {dagbag.py:507} INFO - Filling up the DagBag from /home/airflow/.local/lib/python3.7/site-packages/airflow/example_dags/example_branch_operator.py
[2022-05-02 20:06:43,152] {processor.py:651} INFO - DAG(s) dict_keys(['example_branch_operator']) retrieved from /home/airflow/.local/lib/python3.7/site-packages/airflow/example_dags/example_branch_operator.py
[2022-05-02 20:06:43,174] {logging_mixin.py:115} INFO - [2022-05-02 20:06:43,174] {dag.py:2371} INFO - Sync 1 DAGs
[2022-05-02 20:06:43,296] {logging_mixin.py:115} INFO - [2022-05-02 20:06:43,295] {dag.py:2919} INFO - Setting next_dagrun for example_branch_operator to 2022-05-01T00:00:00+00:00, run_after=2022-05-02T00:00:00+00:00
[2022-05-02 20:06:43,309] {processor.py:161} INFO - Processing /home/airflow/.local/lib/python3.7/site-packages/airflow/example_dags/example_branch_operator.py took 0.168 seconds
[2022-05-02 20:07:13,486] {processor.py:153} INFO - Started process (PID=1371) to work on /home/airflow/.local/lib/python3.7/site-packages/airflow/example_dags/example_branch_operator.py
[2022-05-02 20:07:13,486] {processor.py:641} INFO - Processing file /home/airflow/.local/lib/python3.7/site-packages/airflow/example_dags/example_branch_operator.py for tasks to queue
[2022-05-02 20:07:13,487] {logging_mixin.py:115} INFO - [2022-05-02 20:07:13,486] {dagbag.py:507} INFO - Filling up the DagBag from /home/airflow/.local/lib/python3.7/site-packages/airflow/example_dags/example_branch_operator.py
[2022-05-02 20:07:13,495] {processor.py:651} INFO - DAG(s) dict_keys(['example_branch_operator']) retrieved from /home/airflow/.local/lib/python3.7/site-packages/airflow/example_dags/example_branch_operator.py
[2022-05-02 20:07:13,519] {logging_mixin.py:115} INFO - [2022-05-02 20:07:13,519] {dag.py:2371} INFO - Sync 1 DAGs
[2022-05-02 20:07:13,631] {logging_mixin.py:115} INFO - [2022-05-02 20:07:13,631] {dag.py:2919} INFO - Setting next_dagrun for example_branch_operator to 2022-05-01T00:00:00+00:00, run_after=2022-05-02T00:00:00+00:00
[2022-05-02 20:07:13,643] {processor.py:161} INFO - Processing /home/airflow/.local/lib/python3.7/site-packages/airflow/example_dags/example_branch_operator.py took 0.160 seconds
[2022-05-02 20:07:44,256] {processor.py:153} INFO - Started process (PID=1434) to work on /home/airflow/.local/lib/python3.7/site-packages/airflow/example_dags/example_branch_operator.py
[2022-05-02 20:07:44,256] {processor.py:641} INFO - Processing file /home/airflow/.local/lib/python3.7/site-packages/airflow/example_dags/example_branch_operator.py for tasks to queue
[2022-05-02 20:07:44,257] {logging_mixin.py:115} INFO - [2022-05-02 20:07:44,257] {dagbag.py:507} INFO - Filling up the DagBag from /home/airflow/.local/lib/python3.7/site-packages/airflow/example_dags/example_branch_operator.py
[2022-05-02 20:07:44,265] {processor.py:651} INFO - DAG(s) dict_keys(['example_branch_operator']) retrieved from /home/airflow/.local/lib/python3.7/site-packages/airflow/example_dags/example_branch_operator.py
[2022-05-02 20:07:44,289] {logging_mixin.py:115} INFO - [2022-05-02 20:07:44,289] {dag.py:2371} INFO - Sync 1 DAGs
[2022-05-02 20:07:44,407] {logging_mixin.py:115} INFO - [2022-05-02 20:07:44,407] {dag.py:2919} INFO - Setting next_dagrun for example_branch_operator to 2022-05-01T00:00:00+00:00, run_after=2022-05-02T00:00:00+00:00
[2022-05-02 20:07:44,424] {processor.py:161} INFO - Processing /home/airflow/.local/lib/python3.7/site-packages/airflow/example_dags/example_branch_operator.py took 0.171 seconds
[2022-05-02 20:08:14,675] {processor.py:153} INFO - Started process (PID=1488) to work on /home/airflow/.local/lib/python3.7/site-packages/airflow/example_dags/example_branch_operator.py
[2022-05-02 20:08:14,675] {processor.py:641} INFO - Processing file /home/airflow/.local/lib/python3.7/site-packages/airflow/example_dags/example_branch_operator.py for tasks to queue
[2022-05-02 20:08:14,676] {logging_mixin.py:115} INFO - [2022-05-02 20:08:14,676] {dagbag.py:507} INFO - Filling up the DagBag from /home/airflow/.local/lib/python3.7/site-packages/airflow/example_dags/example_branch_operator.py
[2022-05-02 20:08:14,684] {processor.py:651} INFO - DAG(s) dict_keys(['example_branch_operator']) retrieved from /home/airflow/.local/lib/python3.7/site-packages/airflow/example_dags/example_branch_operator.py
[2022-05-02 20:08:14,707] {logging_mixin.py:115} INFO - [2022-05-02 20:08:14,707] {dag.py:2371} INFO - Sync 1 DAGs
[2022-05-02 20:08:14,824] {logging_mixin.py:115} INFO - [2022-05-02 20:08:14,824] {dag.py:2919} INFO - Setting next_dagrun for example_branch_operator to 2022-05-01T00:00:00+00:00, run_after=2022-05-02T00:00:00+00:00
[2022-05-02 20:08:14,837] {processor.py:161} INFO - Processing /home/airflow/.local/lib/python3.7/site-packages/airflow/example_dags/example_branch_operator.py took 0.164 seconds
