[2022-05-02 19:56:00,706] {processor.py:153} INFO - Started process (PID=60) to work on /home/airflow/.local/lib/python3.7/site-packages/airflow/example_dags/example_kubernetes_executor.py
[2022-05-02 19:56:00,706] {processor.py:641} INFO - Processing file /home/airflow/.local/lib/python3.7/site-packages/airflow/example_dags/example_kubernetes_executor.py for tasks to queue
[2022-05-02 19:56:00,707] {logging_mixin.py:115} INFO - [2022-05-02 19:56:00,707] {dagbag.py:507} INFO - Filling up the DagBag from /home/airflow/.local/lib/python3.7/site-packages/airflow/example_dags/example_kubernetes_executor.py
[2022-05-02 19:56:00,731] {processor.py:651} INFO - DAG(s) dict_keys(['example_kubernetes_executor']) retrieved from /home/airflow/.local/lib/python3.7/site-packages/airflow/example_dags/example_kubernetes_executor.py
[2022-05-02 19:56:00,909] {logging_mixin.py:115} INFO - [2022-05-02 19:56:00,909] {manager.py:508} INFO - Created Permission View: can read on DAG:example_kubernetes_executor
[2022-05-02 19:56:00,920] {logging_mixin.py:115} INFO - [2022-05-02 19:56:00,919] {manager.py:508} INFO - Created Permission View: can delete on DAG:example_kubernetes_executor
[2022-05-02 19:56:00,927] {logging_mixin.py:115} INFO - [2022-05-02 19:56:00,927] {manager.py:508} INFO - Created Permission View: can edit on DAG:example_kubernetes_executor
[2022-05-02 19:56:00,928] {logging_mixin.py:115} INFO - [2022-05-02 19:56:00,927] {dag.py:2371} INFO - Sync 1 DAGs
[2022-05-02 19:56:00,935] {logging_mixin.py:115} INFO - [2022-05-02 19:56:00,935] {dag.py:2390} INFO - Creating ORM DAG for example_kubernetes_executor
[2022-05-02 19:56:00,946] {logging_mixin.py:115} INFO - [2022-05-02 19:56:00,946] {dag.py:2919} INFO - Setting next_dagrun for example_kubernetes_executor to None, run_after=None
[2022-05-02 19:56:00,965] {processor.py:161} INFO - Processing /home/airflow/.local/lib/python3.7/site-packages/airflow/example_dags/example_kubernetes_executor.py took 0.261 seconds
[2022-05-02 19:56:31,007] {processor.py:153} INFO - Started process (PID=112) to work on /home/airflow/.local/lib/python3.7/site-packages/airflow/example_dags/example_kubernetes_executor.py
[2022-05-02 19:56:31,008] {processor.py:641} INFO - Processing file /home/airflow/.local/lib/python3.7/site-packages/airflow/example_dags/example_kubernetes_executor.py for tasks to queue
[2022-05-02 19:56:31,009] {logging_mixin.py:115} INFO - [2022-05-02 19:56:31,009] {dagbag.py:507} INFO - Filling up the DagBag from /home/airflow/.local/lib/python3.7/site-packages/airflow/example_dags/example_kubernetes_executor.py
[2022-05-02 19:56:31,033] {processor.py:651} INFO - DAG(s) dict_keys(['example_kubernetes_executor']) retrieved from /home/airflow/.local/lib/python3.7/site-packages/airflow/example_dags/example_kubernetes_executor.py
[2022-05-02 19:56:31,056] {logging_mixin.py:115} INFO - [2022-05-02 19:56:31,055] {dag.py:2371} INFO - Sync 1 DAGs
[2022-05-02 19:56:31,162] {logging_mixin.py:115} INFO - [2022-05-02 19:56:31,162] {dag.py:2919} INFO - Setting next_dagrun for example_kubernetes_executor to None, run_after=None
[2022-05-02 19:56:31,175] {processor.py:161} INFO - Processing /home/airflow/.local/lib/python3.7/site-packages/airflow/example_dags/example_kubernetes_executor.py took 0.172 seconds
[2022-05-02 19:57:01,699] {processor.py:153} INFO - Started process (PID=173) to work on /home/airflow/.local/lib/python3.7/site-packages/airflow/example_dags/example_kubernetes_executor.py
[2022-05-02 19:57:01,699] {processor.py:641} INFO - Processing file /home/airflow/.local/lib/python3.7/site-packages/airflow/example_dags/example_kubernetes_executor.py for tasks to queue
[2022-05-02 19:57:01,700] {logging_mixin.py:115} INFO - [2022-05-02 19:57:01,700] {dagbag.py:507} INFO - Filling up the DagBag from /home/airflow/.local/lib/python3.7/site-packages/airflow/example_dags/example_kubernetes_executor.py
[2022-05-02 19:57:01,722] {processor.py:651} INFO - DAG(s) dict_keys(['example_kubernetes_executor']) retrieved from /home/airflow/.local/lib/python3.7/site-packages/airflow/example_dags/example_kubernetes_executor.py
[2022-05-02 19:57:01,745] {logging_mixin.py:115} INFO - [2022-05-02 19:57:01,745] {dag.py:2371} INFO - Sync 1 DAGs
[2022-05-02 19:57:01,857] {logging_mixin.py:115} INFO - [2022-05-02 19:57:01,857] {dag.py:2919} INFO - Setting next_dagrun for example_kubernetes_executor to None, run_after=None
[2022-05-02 19:57:01,871] {processor.py:161} INFO - Processing /home/airflow/.local/lib/python3.7/site-packages/airflow/example_dags/example_kubernetes_executor.py took 0.174 seconds
[2022-05-02 19:57:31,990] {processor.py:153} INFO - Started process (PID=234) to work on /home/airflow/.local/lib/python3.7/site-packages/airflow/example_dags/example_kubernetes_executor.py
[2022-05-02 19:57:31,991] {processor.py:641} INFO - Processing file /home/airflow/.local/lib/python3.7/site-packages/airflow/example_dags/example_kubernetes_executor.py for tasks to queue
[2022-05-02 19:57:31,991] {logging_mixin.py:115} INFO - [2022-05-02 19:57:31,991] {dagbag.py:507} INFO - Filling up the DagBag from /home/airflow/.local/lib/python3.7/site-packages/airflow/example_dags/example_kubernetes_executor.py
[2022-05-02 19:57:32,013] {processor.py:651} INFO - DAG(s) dict_keys(['example_kubernetes_executor']) retrieved from /home/airflow/.local/lib/python3.7/site-packages/airflow/example_dags/example_kubernetes_executor.py
[2022-05-02 19:57:32,037] {logging_mixin.py:115} INFO - [2022-05-02 19:57:32,037] {dag.py:2371} INFO - Sync 1 DAGs
[2022-05-02 19:57:32,158] {logging_mixin.py:115} INFO - [2022-05-02 19:57:32,158] {dag.py:2919} INFO - Setting next_dagrun for example_kubernetes_executor to None, run_after=None
[2022-05-02 19:57:32,170] {processor.py:161} INFO - Processing /home/airflow/.local/lib/python3.7/site-packages/airflow/example_dags/example_kubernetes_executor.py took 0.183 seconds
[2022-05-02 19:58:02,373] {processor.py:153} INFO - Started process (PID=286) to work on /home/airflow/.local/lib/python3.7/site-packages/airflow/example_dags/example_kubernetes_executor.py
[2022-05-02 19:58:02,374] {processor.py:641} INFO - Processing file /home/airflow/.local/lib/python3.7/site-packages/airflow/example_dags/example_kubernetes_executor.py for tasks to queue
[2022-05-02 19:58:02,375] {logging_mixin.py:115} INFO - [2022-05-02 19:58:02,375] {dagbag.py:507} INFO - Filling up the DagBag from /home/airflow/.local/lib/python3.7/site-packages/airflow/example_dags/example_kubernetes_executor.py
[2022-05-02 19:58:02,402] {processor.py:651} INFO - DAG(s) dict_keys(['example_kubernetes_executor']) retrieved from /home/airflow/.local/lib/python3.7/site-packages/airflow/example_dags/example_kubernetes_executor.py
[2022-05-02 19:58:02,427] {logging_mixin.py:115} INFO - [2022-05-02 19:58:02,427] {dag.py:2371} INFO - Sync 1 DAGs
[2022-05-02 19:58:02,546] {logging_mixin.py:115} INFO - [2022-05-02 19:58:02,546] {dag.py:2919} INFO - Setting next_dagrun for example_kubernetes_executor to None, run_after=None
[2022-05-02 19:58:02,559] {processor.py:161} INFO - Processing /home/airflow/.local/lib/python3.7/site-packages/airflow/example_dags/example_kubernetes_executor.py took 0.188 seconds
[2022-05-02 19:58:32,866] {processor.py:153} INFO - Started process (PID=348) to work on /home/airflow/.local/lib/python3.7/site-packages/airflow/example_dags/example_kubernetes_executor.py
[2022-05-02 19:58:32,866] {processor.py:641} INFO - Processing file /home/airflow/.local/lib/python3.7/site-packages/airflow/example_dags/example_kubernetes_executor.py for tasks to queue
[2022-05-02 19:58:32,867] {logging_mixin.py:115} INFO - [2022-05-02 19:58:32,867] {dagbag.py:507} INFO - Filling up the DagBag from /home/airflow/.local/lib/python3.7/site-packages/airflow/example_dags/example_kubernetes_executor.py
[2022-05-02 19:58:32,889] {processor.py:651} INFO - DAG(s) dict_keys(['example_kubernetes_executor']) retrieved from /home/airflow/.local/lib/python3.7/site-packages/airflow/example_dags/example_kubernetes_executor.py
[2022-05-02 19:58:32,915] {logging_mixin.py:115} INFO - [2022-05-02 19:58:32,915] {dag.py:2371} INFO - Sync 1 DAGs
[2022-05-02 19:58:33,030] {logging_mixin.py:115} INFO - [2022-05-02 19:58:33,030] {dag.py:2919} INFO - Setting next_dagrun for example_kubernetes_executor to None, run_after=None
[2022-05-02 19:58:33,041] {processor.py:161} INFO - Processing /home/airflow/.local/lib/python3.7/site-packages/airflow/example_dags/example_kubernetes_executor.py took 0.177 seconds
[2022-05-02 19:59:03,187] {processor.py:153} INFO - Started process (PID=401) to work on /home/airflow/.local/lib/python3.7/site-packages/airflow/example_dags/example_kubernetes_executor.py
[2022-05-02 19:59:03,187] {processor.py:641} INFO - Processing file /home/airflow/.local/lib/python3.7/site-packages/airflow/example_dags/example_kubernetes_executor.py for tasks to queue
[2022-05-02 19:59:03,187] {logging_mixin.py:115} INFO - [2022-05-02 19:59:03,187] {dagbag.py:507} INFO - Filling up the DagBag from /home/airflow/.local/lib/python3.7/site-packages/airflow/example_dags/example_kubernetes_executor.py
[2022-05-02 19:59:03,206] {processor.py:651} INFO - DAG(s) dict_keys(['example_kubernetes_executor']) retrieved from /home/airflow/.local/lib/python3.7/site-packages/airflow/example_dags/example_kubernetes_executor.py
[2022-05-02 19:59:03,230] {logging_mixin.py:115} INFO - [2022-05-02 19:59:03,229] {dag.py:2371} INFO - Sync 1 DAGs
[2022-05-02 19:59:03,350] {logging_mixin.py:115} INFO - [2022-05-02 19:59:03,350] {dag.py:2919} INFO - Setting next_dagrun for example_kubernetes_executor to None, run_after=None
[2022-05-02 19:59:03,363] {processor.py:161} INFO - Processing /home/airflow/.local/lib/python3.7/site-packages/airflow/example_dags/example_kubernetes_executor.py took 0.180 seconds
[2022-05-02 19:59:33,667] {processor.py:153} INFO - Started process (PID=462) to work on /home/airflow/.local/lib/python3.7/site-packages/airflow/example_dags/example_kubernetes_executor.py
[2022-05-02 19:59:33,667] {processor.py:641} INFO - Processing file /home/airflow/.local/lib/python3.7/site-packages/airflow/example_dags/example_kubernetes_executor.py for tasks to queue
[2022-05-02 19:59:33,668] {logging_mixin.py:115} INFO - [2022-05-02 19:59:33,668] {dagbag.py:507} INFO - Filling up the DagBag from /home/airflow/.local/lib/python3.7/site-packages/airflow/example_dags/example_kubernetes_executor.py
[2022-05-02 19:59:33,692] {processor.py:651} INFO - DAG(s) dict_keys(['example_kubernetes_executor']) retrieved from /home/airflow/.local/lib/python3.7/site-packages/airflow/example_dags/example_kubernetes_executor.py
[2022-05-02 19:59:33,718] {logging_mixin.py:115} INFO - [2022-05-02 19:59:33,718] {dag.py:2371} INFO - Sync 1 DAGs
[2022-05-02 19:59:33,848] {logging_mixin.py:115} INFO - [2022-05-02 19:59:33,848] {dag.py:2919} INFO - Setting next_dagrun for example_kubernetes_executor to None, run_after=None
[2022-05-02 19:59:33,860] {processor.py:161} INFO - Processing /home/airflow/.local/lib/python3.7/site-packages/airflow/example_dags/example_kubernetes_executor.py took 0.196 seconds
[2022-05-02 20:00:03,965] {processor.py:153} INFO - Started process (PID=523) to work on /home/airflow/.local/lib/python3.7/site-packages/airflow/example_dags/example_kubernetes_executor.py
[2022-05-02 20:00:03,966] {processor.py:641} INFO - Processing file /home/airflow/.local/lib/python3.7/site-packages/airflow/example_dags/example_kubernetes_executor.py for tasks to queue
[2022-05-02 20:00:03,966] {logging_mixin.py:115} INFO - [2022-05-02 20:00:03,966] {dagbag.py:507} INFO - Filling up the DagBag from /home/airflow/.local/lib/python3.7/site-packages/airflow/example_dags/example_kubernetes_executor.py
[2022-05-02 20:00:03,987] {processor.py:651} INFO - DAG(s) dict_keys(['example_kubernetes_executor']) retrieved from /home/airflow/.local/lib/python3.7/site-packages/airflow/example_dags/example_kubernetes_executor.py
[2022-05-02 20:00:04,012] {logging_mixin.py:115} INFO - [2022-05-02 20:00:04,012] {dag.py:2371} INFO - Sync 1 DAGs
[2022-05-02 20:00:04,134] {logging_mixin.py:115} INFO - [2022-05-02 20:00:04,133] {dag.py:2919} INFO - Setting next_dagrun for example_kubernetes_executor to None, run_after=None
[2022-05-02 20:00:04,147] {processor.py:161} INFO - Processing /home/airflow/.local/lib/python3.7/site-packages/airflow/example_dags/example_kubernetes_executor.py took 0.183 seconds
[2022-05-02 20:00:34,331] {processor.py:153} INFO - Started process (PID=577) to work on /home/airflow/.local/lib/python3.7/site-packages/airflow/example_dags/example_kubernetes_executor.py
[2022-05-02 20:00:34,331] {processor.py:641} INFO - Processing file /home/airflow/.local/lib/python3.7/site-packages/airflow/example_dags/example_kubernetes_executor.py for tasks to queue
[2022-05-02 20:00:34,331] {logging_mixin.py:115} INFO - [2022-05-02 20:00:34,331] {dagbag.py:507} INFO - Filling up the DagBag from /home/airflow/.local/lib/python3.7/site-packages/airflow/example_dags/example_kubernetes_executor.py
[2022-05-02 20:00:34,354] {processor.py:651} INFO - DAG(s) dict_keys(['example_kubernetes_executor']) retrieved from /home/airflow/.local/lib/python3.7/site-packages/airflow/example_dags/example_kubernetes_executor.py
[2022-05-02 20:00:34,380] {logging_mixin.py:115} INFO - [2022-05-02 20:00:34,380] {dag.py:2371} INFO - Sync 1 DAGs
[2022-05-02 20:00:34,506] {logging_mixin.py:115} INFO - [2022-05-02 20:00:34,506] {dag.py:2919} INFO - Setting next_dagrun for example_kubernetes_executor to None, run_after=None
[2022-05-02 20:00:34,519] {processor.py:161} INFO - Processing /home/airflow/.local/lib/python3.7/site-packages/airflow/example_dags/example_kubernetes_executor.py took 0.191 seconds
[2022-05-02 20:01:04,910] {processor.py:153} INFO - Started process (PID=639) to work on /home/airflow/.local/lib/python3.7/site-packages/airflow/example_dags/example_kubernetes_executor.py
[2022-05-02 20:01:04,910] {processor.py:641} INFO - Processing file /home/airflow/.local/lib/python3.7/site-packages/airflow/example_dags/example_kubernetes_executor.py for tasks to queue
[2022-05-02 20:01:04,910] {logging_mixin.py:115} INFO - [2022-05-02 20:01:04,910] {dagbag.py:507} INFO - Filling up the DagBag from /home/airflow/.local/lib/python3.7/site-packages/airflow/example_dags/example_kubernetes_executor.py
[2022-05-02 20:01:04,931] {processor.py:651} INFO - DAG(s) dict_keys(['example_kubernetes_executor']) retrieved from /home/airflow/.local/lib/python3.7/site-packages/airflow/example_dags/example_kubernetes_executor.py
[2022-05-02 20:01:04,955] {logging_mixin.py:115} INFO - [2022-05-02 20:01:04,954] {dag.py:2371} INFO - Sync 1 DAGs
[2022-05-02 20:01:05,068] {logging_mixin.py:115} INFO - [2022-05-02 20:01:05,068] {dag.py:2919} INFO - Setting next_dagrun for example_kubernetes_executor to None, run_after=None
[2022-05-02 20:01:05,081] {processor.py:161} INFO - Processing /home/airflow/.local/lib/python3.7/site-packages/airflow/example_dags/example_kubernetes_executor.py took 0.175 seconds
[2022-05-02 20:01:35,098] {processor.py:153} INFO - Started process (PID=700) to work on /home/airflow/.local/lib/python3.7/site-packages/airflow/example_dags/example_kubernetes_executor.py
[2022-05-02 20:01:35,098] {processor.py:641} INFO - Processing file /home/airflow/.local/lib/python3.7/site-packages/airflow/example_dags/example_kubernetes_executor.py for tasks to queue
[2022-05-02 20:01:35,098] {logging_mixin.py:115} INFO - [2022-05-02 20:01:35,098] {dagbag.py:507} INFO - Filling up the DagBag from /home/airflow/.local/lib/python3.7/site-packages/airflow/example_dags/example_kubernetes_executor.py
[2022-05-02 20:01:35,121] {processor.py:651} INFO - DAG(s) dict_keys(['example_kubernetes_executor']) retrieved from /home/airflow/.local/lib/python3.7/site-packages/airflow/example_dags/example_kubernetes_executor.py
[2022-05-02 20:01:35,145] {logging_mixin.py:115} INFO - [2022-05-02 20:01:35,145] {dag.py:2371} INFO - Sync 1 DAGs
[2022-05-02 20:01:35,263] {logging_mixin.py:115} INFO - [2022-05-02 20:01:35,263] {dag.py:2919} INFO - Setting next_dagrun for example_kubernetes_executor to None, run_after=None
[2022-05-02 20:01:35,275] {processor.py:161} INFO - Processing /home/airflow/.local/lib/python3.7/site-packages/airflow/example_dags/example_kubernetes_executor.py took 0.180 seconds
[2022-05-02 20:02:05,530] {processor.py:153} INFO - Started process (PID=754) to work on /home/airflow/.local/lib/python3.7/site-packages/airflow/example_dags/example_kubernetes_executor.py
[2022-05-02 20:02:05,530] {processor.py:641} INFO - Processing file /home/airflow/.local/lib/python3.7/site-packages/airflow/example_dags/example_kubernetes_executor.py for tasks to queue
[2022-05-02 20:02:05,531] {logging_mixin.py:115} INFO - [2022-05-02 20:02:05,531] {dagbag.py:507} INFO - Filling up the DagBag from /home/airflow/.local/lib/python3.7/site-packages/airflow/example_dags/example_kubernetes_executor.py
[2022-05-02 20:02:05,553] {processor.py:651} INFO - DAG(s) dict_keys(['example_kubernetes_executor']) retrieved from /home/airflow/.local/lib/python3.7/site-packages/airflow/example_dags/example_kubernetes_executor.py
[2022-05-02 20:02:05,580] {logging_mixin.py:115} INFO - [2022-05-02 20:02:05,580] {dag.py:2371} INFO - Sync 1 DAGs
[2022-05-02 20:02:05,704] {logging_mixin.py:115} INFO - [2022-05-02 20:02:05,704] {dag.py:2919} INFO - Setting next_dagrun for example_kubernetes_executor to None, run_after=None
[2022-05-02 20:02:05,716] {processor.py:161} INFO - Processing /home/airflow/.local/lib/python3.7/site-packages/airflow/example_dags/example_kubernetes_executor.py took 0.189 seconds
[2022-05-02 20:02:35,982] {processor.py:153} INFO - Started process (PID=816) to work on /home/airflow/.local/lib/python3.7/site-packages/airflow/example_dags/example_kubernetes_executor.py
[2022-05-02 20:02:35,983] {processor.py:641} INFO - Processing file /home/airflow/.local/lib/python3.7/site-packages/airflow/example_dags/example_kubernetes_executor.py for tasks to queue
[2022-05-02 20:02:35,983] {logging_mixin.py:115} INFO - [2022-05-02 20:02:35,983] {dagbag.py:507} INFO - Filling up the DagBag from /home/airflow/.local/lib/python3.7/site-packages/airflow/example_dags/example_kubernetes_executor.py
[2022-05-02 20:02:36,002] {processor.py:651} INFO - DAG(s) dict_keys(['example_kubernetes_executor']) retrieved from /home/airflow/.local/lib/python3.7/site-packages/airflow/example_dags/example_kubernetes_executor.py
[2022-05-02 20:02:36,030] {logging_mixin.py:115} INFO - [2022-05-02 20:02:36,030] {dag.py:2371} INFO - Sync 1 DAGs
[2022-05-02 20:02:36,153] {logging_mixin.py:115} INFO - [2022-05-02 20:02:36,152] {dag.py:2919} INFO - Setting next_dagrun for example_kubernetes_executor to None, run_after=None
[2022-05-02 20:02:36,168] {processor.py:161} INFO - Processing /home/airflow/.local/lib/python3.7/site-packages/airflow/example_dags/example_kubernetes_executor.py took 0.188 seconds
[2022-05-02 20:03:06,952] {processor.py:153} INFO - Started process (PID=879) to work on /home/airflow/.local/lib/python3.7/site-packages/airflow/example_dags/example_kubernetes_executor.py
[2022-05-02 20:03:06,952] {processor.py:641} INFO - Processing file /home/airflow/.local/lib/python3.7/site-packages/airflow/example_dags/example_kubernetes_executor.py for tasks to queue
[2022-05-02 20:03:06,953] {logging_mixin.py:115} INFO - [2022-05-02 20:03:06,953] {dagbag.py:507} INFO - Filling up the DagBag from /home/airflow/.local/lib/python3.7/site-packages/airflow/example_dags/example_kubernetes_executor.py
[2022-05-02 20:03:06,973] {processor.py:651} INFO - DAG(s) dict_keys(['example_kubernetes_executor']) retrieved from /home/airflow/.local/lib/python3.7/site-packages/airflow/example_dags/example_kubernetes_executor.py
[2022-05-02 20:03:06,997] {logging_mixin.py:115} INFO - [2022-05-02 20:03:06,997] {dag.py:2371} INFO - Sync 1 DAGs
[2022-05-02 20:03:07,107] {logging_mixin.py:115} INFO - [2022-05-02 20:03:07,107] {dag.py:2919} INFO - Setting next_dagrun for example_kubernetes_executor to None, run_after=None
[2022-05-02 20:03:07,121] {processor.py:161} INFO - Processing /home/airflow/.local/lib/python3.7/site-packages/airflow/example_dags/example_kubernetes_executor.py took 0.172 seconds
[2022-05-02 20:03:37,501] {processor.py:153} INFO - Started process (PID=931) to work on /home/airflow/.local/lib/python3.7/site-packages/airflow/example_dags/example_kubernetes_executor.py
[2022-05-02 20:03:37,501] {processor.py:641} INFO - Processing file /home/airflow/.local/lib/python3.7/site-packages/airflow/example_dags/example_kubernetes_executor.py for tasks to queue
[2022-05-02 20:03:37,502] {logging_mixin.py:115} INFO - [2022-05-02 20:03:37,502] {dagbag.py:507} INFO - Filling up the DagBag from /home/airflow/.local/lib/python3.7/site-packages/airflow/example_dags/example_kubernetes_executor.py
[2022-05-02 20:03:37,521] {processor.py:651} INFO - DAG(s) dict_keys(['example_kubernetes_executor']) retrieved from /home/airflow/.local/lib/python3.7/site-packages/airflow/example_dags/example_kubernetes_executor.py
[2022-05-02 20:03:37,547] {logging_mixin.py:115} INFO - [2022-05-02 20:03:37,547] {dag.py:2371} INFO - Sync 1 DAGs
[2022-05-02 20:03:37,666] {logging_mixin.py:115} INFO - [2022-05-02 20:03:37,666] {dag.py:2919} INFO - Setting next_dagrun for example_kubernetes_executor to None, run_after=None
[2022-05-02 20:03:37,678] {processor.py:161} INFO - Processing /home/airflow/.local/lib/python3.7/site-packages/airflow/example_dags/example_kubernetes_executor.py took 0.179 seconds
[2022-05-02 20:04:07,827] {processor.py:153} INFO - Started process (PID=992) to work on /home/airflow/.local/lib/python3.7/site-packages/airflow/example_dags/example_kubernetes_executor.py
[2022-05-02 20:04:07,827] {processor.py:641} INFO - Processing file /home/airflow/.local/lib/python3.7/site-packages/airflow/example_dags/example_kubernetes_executor.py for tasks to queue
[2022-05-02 20:04:07,828] {logging_mixin.py:115} INFO - [2022-05-02 20:04:07,827] {dagbag.py:507} INFO - Filling up the DagBag from /home/airflow/.local/lib/python3.7/site-packages/airflow/example_dags/example_kubernetes_executor.py
[2022-05-02 20:04:07,854] {processor.py:651} INFO - DAG(s) dict_keys(['example_kubernetes_executor']) retrieved from /home/airflow/.local/lib/python3.7/site-packages/airflow/example_dags/example_kubernetes_executor.py
[2022-05-02 20:04:07,879] {logging_mixin.py:115} INFO - [2022-05-02 20:04:07,879] {dag.py:2371} INFO - Sync 1 DAGs
[2022-05-02 20:04:07,991] {logging_mixin.py:115} INFO - [2022-05-02 20:04:07,991] {dag.py:2919} INFO - Setting next_dagrun for example_kubernetes_executor to None, run_after=None
[2022-05-02 20:04:08,003] {processor.py:161} INFO - Processing /home/airflow/.local/lib/python3.7/site-packages/airflow/example_dags/example_kubernetes_executor.py took 0.178 seconds
[2022-05-02 20:04:38,283] {processor.py:153} INFO - Started process (PID=1054) to work on /home/airflow/.local/lib/python3.7/site-packages/airflow/example_dags/example_kubernetes_executor.py
[2022-05-02 20:04:38,283] {processor.py:641} INFO - Processing file /home/airflow/.local/lib/python3.7/site-packages/airflow/example_dags/example_kubernetes_executor.py for tasks to queue
[2022-05-02 20:04:38,284] {logging_mixin.py:115} INFO - [2022-05-02 20:04:38,284] {dagbag.py:507} INFO - Filling up the DagBag from /home/airflow/.local/lib/python3.7/site-packages/airflow/example_dags/example_kubernetes_executor.py
[2022-05-02 20:04:38,306] {processor.py:651} INFO - DAG(s) dict_keys(['example_kubernetes_executor']) retrieved from /home/airflow/.local/lib/python3.7/site-packages/airflow/example_dags/example_kubernetes_executor.py
[2022-05-02 20:04:38,333] {logging_mixin.py:115} INFO - [2022-05-02 20:04:38,333] {dag.py:2371} INFO - Sync 1 DAGs
[2022-05-02 20:04:38,454] {logging_mixin.py:115} INFO - [2022-05-02 20:04:38,454] {dag.py:2919} INFO - Setting next_dagrun for example_kubernetes_executor to None, run_after=None
[2022-05-02 20:04:38,467] {processor.py:161} INFO - Processing /home/airflow/.local/lib/python3.7/site-packages/airflow/example_dags/example_kubernetes_executor.py took 0.186 seconds
[2022-05-02 20:05:08,821] {processor.py:153} INFO - Started process (PID=1106) to work on /home/airflow/.local/lib/python3.7/site-packages/airflow/example_dags/example_kubernetes_executor.py
[2022-05-02 20:05:08,822] {processor.py:641} INFO - Processing file /home/airflow/.local/lib/python3.7/site-packages/airflow/example_dags/example_kubernetes_executor.py for tasks to queue
[2022-05-02 20:05:08,822] {logging_mixin.py:115} INFO - [2022-05-02 20:05:08,822] {dagbag.py:507} INFO - Filling up the DagBag from /home/airflow/.local/lib/python3.7/site-packages/airflow/example_dags/example_kubernetes_executor.py
[2022-05-02 20:05:08,846] {processor.py:651} INFO - DAG(s) dict_keys(['example_kubernetes_executor']) retrieved from /home/airflow/.local/lib/python3.7/site-packages/airflow/example_dags/example_kubernetes_executor.py
[2022-05-02 20:05:08,881] {logging_mixin.py:115} INFO - [2022-05-02 20:05:08,881] {dag.py:2371} INFO - Sync 1 DAGs
[2022-05-02 20:05:08,991] {logging_mixin.py:115} INFO - [2022-05-02 20:05:08,991] {dag.py:2919} INFO - Setting next_dagrun for example_kubernetes_executor to None, run_after=None
[2022-05-02 20:05:09,002] {processor.py:161} INFO - Processing /home/airflow/.local/lib/python3.7/site-packages/airflow/example_dags/example_kubernetes_executor.py took 0.183 seconds
[2022-05-02 20:05:39,081] {processor.py:153} INFO - Started process (PID=1167) to work on /home/airflow/.local/lib/python3.7/site-packages/airflow/example_dags/example_kubernetes_executor.py
[2022-05-02 20:05:39,081] {processor.py:641} INFO - Processing file /home/airflow/.local/lib/python3.7/site-packages/airflow/example_dags/example_kubernetes_executor.py for tasks to queue
[2022-05-02 20:05:39,082] {logging_mixin.py:115} INFO - [2022-05-02 20:05:39,082] {dagbag.py:507} INFO - Filling up the DagBag from /home/airflow/.local/lib/python3.7/site-packages/airflow/example_dags/example_kubernetes_executor.py
[2022-05-02 20:05:39,103] {processor.py:651} INFO - DAG(s) dict_keys(['example_kubernetes_executor']) retrieved from /home/airflow/.local/lib/python3.7/site-packages/airflow/example_dags/example_kubernetes_executor.py
[2022-05-02 20:05:39,131] {logging_mixin.py:115} INFO - [2022-05-02 20:05:39,131] {dag.py:2371} INFO - Sync 1 DAGs
[2022-05-02 20:05:39,244] {logging_mixin.py:115} INFO - [2022-05-02 20:05:39,244] {dag.py:2919} INFO - Setting next_dagrun for example_kubernetes_executor to None, run_after=None
[2022-05-02 20:05:39,257] {processor.py:161} INFO - Processing /home/airflow/.local/lib/python3.7/site-packages/airflow/example_dags/example_kubernetes_executor.py took 0.179 seconds
[2022-05-02 20:06:09,370] {processor.py:153} INFO - Started process (PID=1221) to work on /home/airflow/.local/lib/python3.7/site-packages/airflow/example_dags/example_kubernetes_executor.py
[2022-05-02 20:06:09,370] {processor.py:641} INFO - Processing file /home/airflow/.local/lib/python3.7/site-packages/airflow/example_dags/example_kubernetes_executor.py for tasks to queue
[2022-05-02 20:06:09,371] {logging_mixin.py:115} INFO - [2022-05-02 20:06:09,370] {dagbag.py:507} INFO - Filling up the DagBag from /home/airflow/.local/lib/python3.7/site-packages/airflow/example_dags/example_kubernetes_executor.py
[2022-05-02 20:06:09,390] {processor.py:651} INFO - DAG(s) dict_keys(['example_kubernetes_executor']) retrieved from /home/airflow/.local/lib/python3.7/site-packages/airflow/example_dags/example_kubernetes_executor.py
[2022-05-02 20:06:09,508] {logging_mixin.py:115} INFO - [2022-05-02 20:06:09,508] {dag.py:2371} INFO - Sync 1 DAGs
[2022-05-02 20:06:09,529] {logging_mixin.py:115} INFO - [2022-05-02 20:06:09,529] {dag.py:2919} INFO - Setting next_dagrun for example_kubernetes_executor to None, run_after=None
[2022-05-02 20:06:09,542] {processor.py:161} INFO - Processing /home/airflow/.local/lib/python3.7/site-packages/airflow/example_dags/example_kubernetes_executor.py took 0.175 seconds
[2022-05-02 20:06:39,666] {processor.py:153} INFO - Started process (PID=1285) to work on /home/airflow/.local/lib/python3.7/site-packages/airflow/example_dags/example_kubernetes_executor.py
[2022-05-02 20:06:39,666] {processor.py:641} INFO - Processing file /home/airflow/.local/lib/python3.7/site-packages/airflow/example_dags/example_kubernetes_executor.py for tasks to queue
[2022-05-02 20:06:39,666] {logging_mixin.py:115} INFO - [2022-05-02 20:06:39,666] {dagbag.py:507} INFO - Filling up the DagBag from /home/airflow/.local/lib/python3.7/site-packages/airflow/example_dags/example_kubernetes_executor.py
[2022-05-02 20:06:39,687] {processor.py:651} INFO - DAG(s) dict_keys(['example_kubernetes_executor']) retrieved from /home/airflow/.local/lib/python3.7/site-packages/airflow/example_dags/example_kubernetes_executor.py
[2022-05-02 20:06:39,805] {logging_mixin.py:115} INFO - [2022-05-02 20:06:39,805] {dag.py:2371} INFO - Sync 1 DAGs
[2022-05-02 20:06:39,825] {logging_mixin.py:115} INFO - [2022-05-02 20:06:39,825] {dag.py:2919} INFO - Setting next_dagrun for example_kubernetes_executor to None, run_after=None
[2022-05-02 20:06:39,839] {processor.py:161} INFO - Processing /home/airflow/.local/lib/python3.7/site-packages/airflow/example_dags/example_kubernetes_executor.py took 0.176 seconds
