[2022-05-02 19:56:00,399] {processor.py:153} INFO - Started process (PID=55) to work on /home/airflow/.local/lib/python3.7/site-packages/airflow/example_dags/example_python_operator.py
[2022-05-02 19:56:00,399] {processor.py:641} INFO - Processing file /home/airflow/.local/lib/python3.7/site-packages/airflow/example_dags/example_python_operator.py for tasks to queue
[2022-05-02 19:56:00,400] {logging_mixin.py:115} INFO - [2022-05-02 19:56:00,400] {dagbag.py:507} INFO - Filling up the DagBag from /home/airflow/.local/lib/python3.7/site-packages/airflow/example_dags/example_python_operator.py
[2022-05-02 19:56:00,415] {processor.py:651} INFO - DAG(s) dict_keys(['example_python_operator']) retrieved from /home/airflow/.local/lib/python3.7/site-packages/airflow/example_dags/example_python_operator.py
[2022-05-02 19:56:00,591] {logging_mixin.py:115} INFO - [2022-05-02 19:56:00,591] {manager.py:508} INFO - Created Permission View: can read on DAG:example_python_operator
[2022-05-02 19:56:00,601] {logging_mixin.py:115} INFO - [2022-05-02 19:56:00,601] {manager.py:508} INFO - Created Permission View: can delete on DAG:example_python_operator
[2022-05-02 19:56:00,608] {logging_mixin.py:115} INFO - [2022-05-02 19:56:00,608] {manager.py:508} INFO - Created Permission View: can edit on DAG:example_python_operator
[2022-05-02 19:56:00,608] {logging_mixin.py:115} INFO - [2022-05-02 19:56:00,608] {dag.py:2371} INFO - Sync 1 DAGs
[2022-05-02 19:56:00,615] {logging_mixin.py:115} INFO - [2022-05-02 19:56:00,615] {dag.py:2390} INFO - Creating ORM DAG for example_python_operator
[2022-05-02 19:56:00,626] {logging_mixin.py:115} INFO - [2022-05-02 19:56:00,626] {dag.py:2919} INFO - Setting next_dagrun for example_python_operator to None, run_after=None
[2022-05-02 19:56:00,639] {processor.py:161} INFO - Processing /home/airflow/.local/lib/python3.7/site-packages/airflow/example_dags/example_python_operator.py took 0.242 seconds
[2022-05-02 19:56:30,747] {processor.py:153} INFO - Started process (PID=109) to work on /home/airflow/.local/lib/python3.7/site-packages/airflow/example_dags/example_python_operator.py
[2022-05-02 19:56:30,747] {processor.py:641} INFO - Processing file /home/airflow/.local/lib/python3.7/site-packages/airflow/example_dags/example_python_operator.py for tasks to queue
[2022-05-02 19:56:30,747] {logging_mixin.py:115} INFO - [2022-05-02 19:56:30,747] {dagbag.py:507} INFO - Filling up the DagBag from /home/airflow/.local/lib/python3.7/site-packages/airflow/example_dags/example_python_operator.py
[2022-05-02 19:56:30,769] {processor.py:651} INFO - DAG(s) dict_keys(['example_python_operator']) retrieved from /home/airflow/.local/lib/python3.7/site-packages/airflow/example_dags/example_python_operator.py
[2022-05-02 19:56:30,791] {logging_mixin.py:115} INFO - [2022-05-02 19:56:30,791] {dag.py:2371} INFO - Sync 1 DAGs
[2022-05-02 19:56:30,810] {logging_mixin.py:115} INFO - [2022-05-02 19:56:30,810] {dag.py:2919} INFO - Setting next_dagrun for example_python_operator to None, run_after=None
[2022-05-02 19:56:30,915] {processor.py:161} INFO - Processing /home/airflow/.local/lib/python3.7/site-packages/airflow/example_dags/example_python_operator.py took 0.170 seconds
[2022-05-02 19:57:01,405] {processor.py:153} INFO - Started process (PID=170) to work on /home/airflow/.local/lib/python3.7/site-packages/airflow/example_dags/example_python_operator.py
[2022-05-02 19:57:01,406] {processor.py:641} INFO - Processing file /home/airflow/.local/lib/python3.7/site-packages/airflow/example_dags/example_python_operator.py for tasks to queue
[2022-05-02 19:57:01,407] {logging_mixin.py:115} INFO - [2022-05-02 19:57:01,406] {dagbag.py:507} INFO - Filling up the DagBag from /home/airflow/.local/lib/python3.7/site-packages/airflow/example_dags/example_python_operator.py
[2022-05-02 19:57:01,424] {processor.py:651} INFO - DAG(s) dict_keys(['example_python_operator']) retrieved from /home/airflow/.local/lib/python3.7/site-packages/airflow/example_dags/example_python_operator.py
[2022-05-02 19:57:01,450] {logging_mixin.py:115} INFO - [2022-05-02 19:57:01,450] {dag.py:2371} INFO - Sync 1 DAGs
[2022-05-02 19:57:01,474] {logging_mixin.py:115} INFO - [2022-05-02 19:57:01,473] {dag.py:2919} INFO - Setting next_dagrun for example_python_operator to None, run_after=None
[2022-05-02 19:57:01,579] {processor.py:161} INFO - Processing /home/airflow/.local/lib/python3.7/site-packages/airflow/example_dags/example_python_operator.py took 0.177 seconds
[2022-05-02 19:57:31,798] {processor.py:153} INFO - Started process (PID=231) to work on /home/airflow/.local/lib/python3.7/site-packages/airflow/example_dags/example_python_operator.py
[2022-05-02 19:57:31,798] {processor.py:641} INFO - Processing file /home/airflow/.local/lib/python3.7/site-packages/airflow/example_dags/example_python_operator.py for tasks to queue
[2022-05-02 19:57:31,798] {logging_mixin.py:115} INFO - [2022-05-02 19:57:31,798] {dagbag.py:507} INFO - Filling up the DagBag from /home/airflow/.local/lib/python3.7/site-packages/airflow/example_dags/example_python_operator.py
[2022-05-02 19:57:31,816] {processor.py:651} INFO - DAG(s) dict_keys(['example_python_operator']) retrieved from /home/airflow/.local/lib/python3.7/site-packages/airflow/example_dags/example_python_operator.py
[2022-05-02 19:57:31,838] {logging_mixin.py:115} INFO - [2022-05-02 19:57:31,838] {dag.py:2371} INFO - Sync 1 DAGs
[2022-05-02 19:57:31,861] {logging_mixin.py:115} INFO - [2022-05-02 19:57:31,861] {dag.py:2919} INFO - Setting next_dagrun for example_python_operator to None, run_after=None
[2022-05-02 19:57:31,971] {processor.py:161} INFO - Processing /home/airflow/.local/lib/python3.7/site-packages/airflow/example_dags/example_python_operator.py took 0.176 seconds
[2022-05-02 19:58:02,184] {processor.py:153} INFO - Started process (PID=283) to work on /home/airflow/.local/lib/python3.7/site-packages/airflow/example_dags/example_python_operator.py
[2022-05-02 19:58:02,185] {processor.py:641} INFO - Processing file /home/airflow/.local/lib/python3.7/site-packages/airflow/example_dags/example_python_operator.py for tasks to queue
[2022-05-02 19:58:02,185] {logging_mixin.py:115} INFO - [2022-05-02 19:58:02,185] {dagbag.py:507} INFO - Filling up the DagBag from /home/airflow/.local/lib/python3.7/site-packages/airflow/example_dags/example_python_operator.py
[2022-05-02 19:58:02,201] {processor.py:651} INFO - DAG(s) dict_keys(['example_python_operator']) retrieved from /home/airflow/.local/lib/python3.7/site-packages/airflow/example_dags/example_python_operator.py
[2022-05-02 19:58:02,223] {logging_mixin.py:115} INFO - [2022-05-02 19:58:02,222] {dag.py:2371} INFO - Sync 1 DAGs
[2022-05-02 19:58:02,245] {logging_mixin.py:115} INFO - [2022-05-02 19:58:02,245] {dag.py:2919} INFO - Setting next_dagrun for example_python_operator to None, run_after=None
[2022-05-02 19:58:02,354] {processor.py:161} INFO - Processing /home/airflow/.local/lib/python3.7/site-packages/airflow/example_dags/example_python_operator.py took 0.173 seconds
[2022-05-02 19:58:32,603] {processor.py:153} INFO - Started process (PID=345) to work on /home/airflow/.local/lib/python3.7/site-packages/airflow/example_dags/example_python_operator.py
[2022-05-02 19:58:32,604] {processor.py:641} INFO - Processing file /home/airflow/.local/lib/python3.7/site-packages/airflow/example_dags/example_python_operator.py for tasks to queue
[2022-05-02 19:58:32,604] {logging_mixin.py:115} INFO - [2022-05-02 19:58:32,604] {dagbag.py:507} INFO - Filling up the DagBag from /home/airflow/.local/lib/python3.7/site-packages/airflow/example_dags/example_python_operator.py
[2022-05-02 19:58:32,619] {processor.py:651} INFO - DAG(s) dict_keys(['example_python_operator']) retrieved from /home/airflow/.local/lib/python3.7/site-packages/airflow/example_dags/example_python_operator.py
[2022-05-02 19:58:32,641] {logging_mixin.py:115} INFO - [2022-05-02 19:58:32,641] {dag.py:2371} INFO - Sync 1 DAGs
[2022-05-02 19:58:32,661] {logging_mixin.py:115} INFO - [2022-05-02 19:58:32,661] {dag.py:2919} INFO - Setting next_dagrun for example_python_operator to None, run_after=None
[2022-05-02 19:58:32,767] {processor.py:161} INFO - Processing /home/airflow/.local/lib/python3.7/site-packages/airflow/example_dags/example_python_operator.py took 0.165 seconds
[2022-05-02 19:59:02,999] {processor.py:153} INFO - Started process (PID=398) to work on /home/airflow/.local/lib/python3.7/site-packages/airflow/example_dags/example_python_operator.py
[2022-05-02 19:59:03,000] {processor.py:641} INFO - Processing file /home/airflow/.local/lib/python3.7/site-packages/airflow/example_dags/example_python_operator.py for tasks to queue
[2022-05-02 19:59:03,000] {logging_mixin.py:115} INFO - [2022-05-02 19:59:03,000] {dagbag.py:507} INFO - Filling up the DagBag from /home/airflow/.local/lib/python3.7/site-packages/airflow/example_dags/example_python_operator.py
[2022-05-02 19:59:03,017] {processor.py:651} INFO - DAG(s) dict_keys(['example_python_operator']) retrieved from /home/airflow/.local/lib/python3.7/site-packages/airflow/example_dags/example_python_operator.py
[2022-05-02 19:59:03,038] {logging_mixin.py:115} INFO - [2022-05-02 19:59:03,038] {dag.py:2371} INFO - Sync 1 DAGs
[2022-05-02 19:59:03,059] {logging_mixin.py:115} INFO - [2022-05-02 19:59:03,059] {dag.py:2919} INFO - Setting next_dagrun for example_python_operator to None, run_after=None
[2022-05-02 19:59:03,169] {processor.py:161} INFO - Processing /home/airflow/.local/lib/python3.7/site-packages/airflow/example_dags/example_python_operator.py took 0.171 seconds
[2022-05-02 19:59:33,471] {processor.py:153} INFO - Started process (PID=459) to work on /home/airflow/.local/lib/python3.7/site-packages/airflow/example_dags/example_python_operator.py
[2022-05-02 19:59:33,471] {processor.py:641} INFO - Processing file /home/airflow/.local/lib/python3.7/site-packages/airflow/example_dags/example_python_operator.py for tasks to queue
[2022-05-02 19:59:33,472] {logging_mixin.py:115} INFO - [2022-05-02 19:59:33,471] {dagbag.py:507} INFO - Filling up the DagBag from /home/airflow/.local/lib/python3.7/site-packages/airflow/example_dags/example_python_operator.py
[2022-05-02 19:59:33,489] {processor.py:651} INFO - DAG(s) dict_keys(['example_python_operator']) retrieved from /home/airflow/.local/lib/python3.7/site-packages/airflow/example_dags/example_python_operator.py
[2022-05-02 19:59:33,510] {logging_mixin.py:115} INFO - [2022-05-02 19:59:33,509] {dag.py:2371} INFO - Sync 1 DAGs
[2022-05-02 19:59:33,531] {logging_mixin.py:115} INFO - [2022-05-02 19:59:33,531] {dag.py:2919} INFO - Setting next_dagrun for example_python_operator to None, run_after=None
[2022-05-02 19:59:33,646] {processor.py:161} INFO - Processing /home/airflow/.local/lib/python3.7/site-packages/airflow/example_dags/example_python_operator.py took 0.179 seconds
[2022-05-02 20:00:03,785] {processor.py:153} INFO - Started process (PID=520) to work on /home/airflow/.local/lib/python3.7/site-packages/airflow/example_dags/example_python_operator.py
[2022-05-02 20:00:03,786] {processor.py:641} INFO - Processing file /home/airflow/.local/lib/python3.7/site-packages/airflow/example_dags/example_python_operator.py for tasks to queue
[2022-05-02 20:00:03,786] {logging_mixin.py:115} INFO - [2022-05-02 20:00:03,786] {dagbag.py:507} INFO - Filling up the DagBag from /home/airflow/.local/lib/python3.7/site-packages/airflow/example_dags/example_python_operator.py
[2022-05-02 20:00:03,800] {processor.py:651} INFO - DAG(s) dict_keys(['example_python_operator']) retrieved from /home/airflow/.local/lib/python3.7/site-packages/airflow/example_dags/example_python_operator.py
[2022-05-02 20:00:03,821] {logging_mixin.py:115} INFO - [2022-05-02 20:00:03,821] {dag.py:2371} INFO - Sync 1 DAGs
[2022-05-02 20:00:03,843] {logging_mixin.py:115} INFO - [2022-05-02 20:00:03,843] {dag.py:2919} INFO - Setting next_dagrun for example_python_operator to None, run_after=None
[2022-05-02 20:00:03,950] {processor.py:161} INFO - Processing /home/airflow/.local/lib/python3.7/site-packages/airflow/example_dags/example_python_operator.py took 0.167 seconds
[2022-05-02 20:00:34,106] {processor.py:153} INFO - Started process (PID=574) to work on /home/airflow/.local/lib/python3.7/site-packages/airflow/example_dags/example_python_operator.py
[2022-05-02 20:00:34,106] {processor.py:641} INFO - Processing file /home/airflow/.local/lib/python3.7/site-packages/airflow/example_dags/example_python_operator.py for tasks to queue
[2022-05-02 20:00:34,107] {logging_mixin.py:115} INFO - [2022-05-02 20:00:34,107] {dagbag.py:507} INFO - Filling up the DagBag from /home/airflow/.local/lib/python3.7/site-packages/airflow/example_dags/example_python_operator.py
[2022-05-02 20:00:34,122] {processor.py:651} INFO - DAG(s) dict_keys(['example_python_operator']) retrieved from /home/airflow/.local/lib/python3.7/site-packages/airflow/example_dags/example_python_operator.py
[2022-05-02 20:00:34,146] {logging_mixin.py:115} INFO - [2022-05-02 20:00:34,145] {dag.py:2371} INFO - Sync 1 DAGs
[2022-05-02 20:00:34,171] {logging_mixin.py:115} INFO - [2022-05-02 20:00:34,171] {dag.py:2919} INFO - Setting next_dagrun for example_python_operator to None, run_after=None
[2022-05-02 20:00:34,285] {processor.py:161} INFO - Processing /home/airflow/.local/lib/python3.7/site-packages/airflow/example_dags/example_python_operator.py took 0.183 seconds
[2022-05-02 20:01:04,528] {processor.py:153} INFO - Started process (PID=636) to work on /home/airflow/.local/lib/python3.7/site-packages/airflow/example_dags/example_python_operator.py
[2022-05-02 20:01:04,529] {processor.py:641} INFO - Processing file /home/airflow/.local/lib/python3.7/site-packages/airflow/example_dags/example_python_operator.py for tasks to queue
[2022-05-02 20:01:04,529] {logging_mixin.py:115} INFO - [2022-05-02 20:01:04,529] {dagbag.py:507} INFO - Filling up the DagBag from /home/airflow/.local/lib/python3.7/site-packages/airflow/example_dags/example_python_operator.py
[2022-05-02 20:01:04,544] {processor.py:651} INFO - DAG(s) dict_keys(['example_python_operator']) retrieved from /home/airflow/.local/lib/python3.7/site-packages/airflow/example_dags/example_python_operator.py
[2022-05-02 20:01:04,565] {logging_mixin.py:115} INFO - [2022-05-02 20:01:04,565] {dag.py:2371} INFO - Sync 1 DAGs
[2022-05-02 20:01:04,680] {logging_mixin.py:115} INFO - [2022-05-02 20:01:04,680] {dag.py:2919} INFO - Setting next_dagrun for example_python_operator to None, run_after=None
[2022-05-02 20:01:04,700] {processor.py:161} INFO - Processing /home/airflow/.local/lib/python3.7/site-packages/airflow/example_dags/example_python_operator.py took 0.175 seconds
[2022-05-02 20:01:34,901] {processor.py:153} INFO - Started process (PID=697) to work on /home/airflow/.local/lib/python3.7/site-packages/airflow/example_dags/example_python_operator.py
[2022-05-02 20:01:34,901] {processor.py:641} INFO - Processing file /home/airflow/.local/lib/python3.7/site-packages/airflow/example_dags/example_python_operator.py for tasks to queue
[2022-05-02 20:01:34,902] {logging_mixin.py:115} INFO - [2022-05-02 20:01:34,902] {dagbag.py:507} INFO - Filling up the DagBag from /home/airflow/.local/lib/python3.7/site-packages/airflow/example_dags/example_python_operator.py
[2022-05-02 20:01:34,920] {processor.py:651} INFO - DAG(s) dict_keys(['example_python_operator']) retrieved from /home/airflow/.local/lib/python3.7/site-packages/airflow/example_dags/example_python_operator.py
[2022-05-02 20:01:34,942] {logging_mixin.py:115} INFO - [2022-05-02 20:01:34,942] {dag.py:2371} INFO - Sync 1 DAGs
[2022-05-02 20:01:35,063] {logging_mixin.py:115} INFO - [2022-05-02 20:01:35,063] {dag.py:2919} INFO - Setting next_dagrun for example_python_operator to None, run_after=None
[2022-05-02 20:01:35,075] {processor.py:161} INFO - Processing /home/airflow/.local/lib/python3.7/site-packages/airflow/example_dags/example_python_operator.py took 0.177 seconds
[2022-05-02 20:02:05,322] {processor.py:153} INFO - Started process (PID=751) to work on /home/airflow/.local/lib/python3.7/site-packages/airflow/example_dags/example_python_operator.py
[2022-05-02 20:02:05,322] {processor.py:641} INFO - Processing file /home/airflow/.local/lib/python3.7/site-packages/airflow/example_dags/example_python_operator.py for tasks to queue
[2022-05-02 20:02:05,323] {logging_mixin.py:115} INFO - [2022-05-02 20:02:05,323] {dagbag.py:507} INFO - Filling up the DagBag from /home/airflow/.local/lib/python3.7/site-packages/airflow/example_dags/example_python_operator.py
[2022-05-02 20:02:05,337] {processor.py:651} INFO - DAG(s) dict_keys(['example_python_operator']) retrieved from /home/airflow/.local/lib/python3.7/site-packages/airflow/example_dags/example_python_operator.py
[2022-05-02 20:02:05,361] {logging_mixin.py:115} INFO - [2022-05-02 20:02:05,360] {dag.py:2371} INFO - Sync 1 DAGs
[2022-05-02 20:02:05,482] {logging_mixin.py:115} INFO - [2022-05-02 20:02:05,482] {dag.py:2919} INFO - Setting next_dagrun for example_python_operator to None, run_after=None
[2022-05-02 20:02:05,494] {processor.py:161} INFO - Processing /home/airflow/.local/lib/python3.7/site-packages/airflow/example_dags/example_python_operator.py took 0.174 seconds
[2022-05-02 20:02:35,625] {processor.py:153} INFO - Started process (PID=813) to work on /home/airflow/.local/lib/python3.7/site-packages/airflow/example_dags/example_python_operator.py
[2022-05-02 20:02:35,626] {processor.py:641} INFO - Processing file /home/airflow/.local/lib/python3.7/site-packages/airflow/example_dags/example_python_operator.py for tasks to queue
[2022-05-02 20:02:35,627] {logging_mixin.py:115} INFO - [2022-05-02 20:02:35,627] {dagbag.py:507} INFO - Filling up the DagBag from /home/airflow/.local/lib/python3.7/site-packages/airflow/example_dags/example_python_operator.py
[2022-05-02 20:02:35,643] {processor.py:651} INFO - DAG(s) dict_keys(['example_python_operator']) retrieved from /home/airflow/.local/lib/python3.7/site-packages/airflow/example_dags/example_python_operator.py
[2022-05-02 20:02:35,663] {logging_mixin.py:115} INFO - [2022-05-02 20:02:35,663] {dag.py:2371} INFO - Sync 1 DAGs
[2022-05-02 20:02:35,782] {logging_mixin.py:115} INFO - [2022-05-02 20:02:35,782] {dag.py:2919} INFO - Setting next_dagrun for example_python_operator to None, run_after=None
[2022-05-02 20:02:35,794] {processor.py:161} INFO - Processing /home/airflow/.local/lib/python3.7/site-packages/airflow/example_dags/example_python_operator.py took 0.170 seconds
[2022-05-02 20:03:06,580] {processor.py:153} INFO - Started process (PID=876) to work on /home/airflow/.local/lib/python3.7/site-packages/airflow/example_dags/example_python_operator.py
[2022-05-02 20:03:06,581] {processor.py:641} INFO - Processing file /home/airflow/.local/lib/python3.7/site-packages/airflow/example_dags/example_python_operator.py for tasks to queue
[2022-05-02 20:03:06,581] {logging_mixin.py:115} INFO - [2022-05-02 20:03:06,581] {dagbag.py:507} INFO - Filling up the DagBag from /home/airflow/.local/lib/python3.7/site-packages/airflow/example_dags/example_python_operator.py
[2022-05-02 20:03:06,599] {processor.py:651} INFO - DAG(s) dict_keys(['example_python_operator']) retrieved from /home/airflow/.local/lib/python3.7/site-packages/airflow/example_dags/example_python_operator.py
[2022-05-02 20:03:06,621] {logging_mixin.py:115} INFO - [2022-05-02 20:03:06,621] {dag.py:2371} INFO - Sync 1 DAGs
[2022-05-02 20:03:06,745] {logging_mixin.py:115} INFO - [2022-05-02 20:03:06,745] {dag.py:2919} INFO - Setting next_dagrun for example_python_operator to None, run_after=None
[2022-05-02 20:03:06,758] {processor.py:161} INFO - Processing /home/airflow/.local/lib/python3.7/site-packages/airflow/example_dags/example_python_operator.py took 0.180 seconds
[2022-05-02 20:03:37,150] {processor.py:153} INFO - Started process (PID=928) to work on /home/airflow/.local/lib/python3.7/site-packages/airflow/example_dags/example_python_operator.py
[2022-05-02 20:03:37,151] {processor.py:641} INFO - Processing file /home/airflow/.local/lib/python3.7/site-packages/airflow/example_dags/example_python_operator.py for tasks to queue
[2022-05-02 20:03:37,151] {logging_mixin.py:115} INFO - [2022-05-02 20:03:37,151] {dagbag.py:507} INFO - Filling up the DagBag from /home/airflow/.local/lib/python3.7/site-packages/airflow/example_dags/example_python_operator.py
[2022-05-02 20:03:37,165] {processor.py:651} INFO - DAG(s) dict_keys(['example_python_operator']) retrieved from /home/airflow/.local/lib/python3.7/site-packages/airflow/example_dags/example_python_operator.py
[2022-05-02 20:03:37,187] {logging_mixin.py:115} INFO - [2022-05-02 20:03:37,187] {dag.py:2371} INFO - Sync 1 DAGs
[2022-05-02 20:03:37,302] {logging_mixin.py:115} INFO - [2022-05-02 20:03:37,302] {dag.py:2919} INFO - Setting next_dagrun for example_python_operator to None, run_after=None
[2022-05-02 20:03:37,315] {processor.py:161} INFO - Processing /home/airflow/.local/lib/python3.7/site-packages/airflow/example_dags/example_python_operator.py took 0.167 seconds
[2022-05-02 20:04:07,456] {processor.py:153} INFO - Started process (PID=989) to work on /home/airflow/.local/lib/python3.7/site-packages/airflow/example_dags/example_python_operator.py
[2022-05-02 20:04:07,457] {processor.py:641} INFO - Processing file /home/airflow/.local/lib/python3.7/site-packages/airflow/example_dags/example_python_operator.py for tasks to queue
[2022-05-02 20:04:07,457] {logging_mixin.py:115} INFO - [2022-05-02 20:04:07,457] {dagbag.py:507} INFO - Filling up the DagBag from /home/airflow/.local/lib/python3.7/site-packages/airflow/example_dags/example_python_operator.py
[2022-05-02 20:04:07,475] {processor.py:651} INFO - DAG(s) dict_keys(['example_python_operator']) retrieved from /home/airflow/.local/lib/python3.7/site-packages/airflow/example_dags/example_python_operator.py
[2022-05-02 20:04:07,497] {logging_mixin.py:115} INFO - [2022-05-02 20:04:07,497] {dag.py:2371} INFO - Sync 1 DAGs
[2022-05-02 20:04:07,619] {logging_mixin.py:115} INFO - [2022-05-02 20:04:07,619] {dag.py:2919} INFO - Setting next_dagrun for example_python_operator to None, run_after=None
[2022-05-02 20:04:07,631] {processor.py:161} INFO - Processing /home/airflow/.local/lib/python3.7/site-packages/airflow/example_dags/example_python_operator.py took 0.177 seconds
[2022-05-02 20:04:37,901] {processor.py:153} INFO - Started process (PID=1049) to work on /home/airflow/.local/lib/python3.7/site-packages/airflow/example_dags/example_python_operator.py
[2022-05-02 20:04:37,901] {processor.py:641} INFO - Processing file /home/airflow/.local/lib/python3.7/site-packages/airflow/example_dags/example_python_operator.py for tasks to queue
[2022-05-02 20:04:37,901] {logging_mixin.py:115} INFO - [2022-05-02 20:04:37,901] {dagbag.py:507} INFO - Filling up the DagBag from /home/airflow/.local/lib/python3.7/site-packages/airflow/example_dags/example_python_operator.py
[2022-05-02 20:04:37,917] {processor.py:651} INFO - DAG(s) dict_keys(['example_python_operator']) retrieved from /home/airflow/.local/lib/python3.7/site-packages/airflow/example_dags/example_python_operator.py
[2022-05-02 20:04:37,939] {logging_mixin.py:115} INFO - [2022-05-02 20:04:37,939] {dag.py:2371} INFO - Sync 1 DAGs
[2022-05-02 20:04:38,059] {logging_mixin.py:115} INFO - [2022-05-02 20:04:38,059] {dag.py:2919} INFO - Setting next_dagrun for example_python_operator to None, run_after=None
[2022-05-02 20:04:38,071] {processor.py:161} INFO - Processing /home/airflow/.local/lib/python3.7/site-packages/airflow/example_dags/example_python_operator.py took 0.173 seconds
[2022-05-02 20:05:08,461] {processor.py:153} INFO - Started process (PID=1103) to work on /home/airflow/.local/lib/python3.7/site-packages/airflow/example_dags/example_python_operator.py
[2022-05-02 20:05:08,461] {processor.py:641} INFO - Processing file /home/airflow/.local/lib/python3.7/site-packages/airflow/example_dags/example_python_operator.py for tasks to queue
[2022-05-02 20:05:08,462] {logging_mixin.py:115} INFO - [2022-05-02 20:05:08,462] {dagbag.py:507} INFO - Filling up the DagBag from /home/airflow/.local/lib/python3.7/site-packages/airflow/example_dags/example_python_operator.py
[2022-05-02 20:05:08,477] {processor.py:651} INFO - DAG(s) dict_keys(['example_python_operator']) retrieved from /home/airflow/.local/lib/python3.7/site-packages/airflow/example_dags/example_python_operator.py
[2022-05-02 20:05:08,497] {logging_mixin.py:115} INFO - [2022-05-02 20:05:08,497] {dag.py:2371} INFO - Sync 1 DAGs
[2022-05-02 20:05:08,610] {logging_mixin.py:115} INFO - [2022-05-02 20:05:08,610] {dag.py:2919} INFO - Setting next_dagrun for example_python_operator to None, run_after=None
[2022-05-02 20:05:08,625] {processor.py:161} INFO - Processing /home/airflow/.local/lib/python3.7/site-packages/airflow/example_dags/example_python_operator.py took 0.167 seconds
[2022-05-02 20:05:38,716] {processor.py:153} INFO - Started process (PID=1164) to work on /home/airflow/.local/lib/python3.7/site-packages/airflow/example_dags/example_python_operator.py
[2022-05-02 20:05:38,717] {processor.py:641} INFO - Processing file /home/airflow/.local/lib/python3.7/site-packages/airflow/example_dags/example_python_operator.py for tasks to queue
[2022-05-02 20:05:38,717] {logging_mixin.py:115} INFO - [2022-05-02 20:05:38,717] {dagbag.py:507} INFO - Filling up the DagBag from /home/airflow/.local/lib/python3.7/site-packages/airflow/example_dags/example_python_operator.py
[2022-05-02 20:05:38,731] {processor.py:651} INFO - DAG(s) dict_keys(['example_python_operator']) retrieved from /home/airflow/.local/lib/python3.7/site-packages/airflow/example_dags/example_python_operator.py
[2022-05-02 20:05:38,752] {logging_mixin.py:115} INFO - [2022-05-02 20:05:38,752] {dag.py:2371} INFO - Sync 1 DAGs
[2022-05-02 20:05:38,866] {logging_mixin.py:115} INFO - [2022-05-02 20:05:38,866] {dag.py:2919} INFO - Setting next_dagrun for example_python_operator to None, run_after=None
[2022-05-02 20:05:38,879] {processor.py:161} INFO - Processing /home/airflow/.local/lib/python3.7/site-packages/airflow/example_dags/example_python_operator.py took 0.165 seconds
[2022-05-02 20:06:09,011] {processor.py:153} INFO - Started process (PID=1218) to work on /home/airflow/.local/lib/python3.7/site-packages/airflow/example_dags/example_python_operator.py
[2022-05-02 20:06:09,012] {processor.py:641} INFO - Processing file /home/airflow/.local/lib/python3.7/site-packages/airflow/example_dags/example_python_operator.py for tasks to queue
[2022-05-02 20:06:09,012] {logging_mixin.py:115} INFO - [2022-05-02 20:06:09,012] {dagbag.py:507} INFO - Filling up the DagBag from /home/airflow/.local/lib/python3.7/site-packages/airflow/example_dags/example_python_operator.py
[2022-05-02 20:06:09,027] {processor.py:651} INFO - DAG(s) dict_keys(['example_python_operator']) retrieved from /home/airflow/.local/lib/python3.7/site-packages/airflow/example_dags/example_python_operator.py
[2022-05-02 20:06:09,050] {logging_mixin.py:115} INFO - [2022-05-02 20:06:09,050] {dag.py:2371} INFO - Sync 1 DAGs
[2022-05-02 20:06:09,161] {logging_mixin.py:115} INFO - [2022-05-02 20:06:09,160] {dag.py:2919} INFO - Setting next_dagrun for example_python_operator to None, run_after=None
[2022-05-02 20:06:09,175] {processor.py:161} INFO - Processing /home/airflow/.local/lib/python3.7/site-packages/airflow/example_dags/example_python_operator.py took 0.166 seconds
[2022-05-02 20:06:39,472] {processor.py:153} INFO - Started process (PID=1282) to work on /home/airflow/.local/lib/python3.7/site-packages/airflow/example_dags/example_python_operator.py
[2022-05-02 20:06:39,473] {processor.py:641} INFO - Processing file /home/airflow/.local/lib/python3.7/site-packages/airflow/example_dags/example_python_operator.py for tasks to queue
[2022-05-02 20:06:39,473] {logging_mixin.py:115} INFO - [2022-05-02 20:06:39,473] {dagbag.py:507} INFO - Filling up the DagBag from /home/airflow/.local/lib/python3.7/site-packages/airflow/example_dags/example_python_operator.py
[2022-05-02 20:06:39,488] {processor.py:651} INFO - DAG(s) dict_keys(['example_python_operator']) retrieved from /home/airflow/.local/lib/python3.7/site-packages/airflow/example_dags/example_python_operator.py
[2022-05-02 20:06:39,512] {logging_mixin.py:115} INFO - [2022-05-02 20:06:39,512] {dag.py:2371} INFO - Sync 1 DAGs
[2022-05-02 20:06:39,628] {logging_mixin.py:115} INFO - [2022-05-02 20:06:39,628] {dag.py:2919} INFO - Setting next_dagrun for example_python_operator to None, run_after=None
[2022-05-02 20:06:39,640] {processor.py:161} INFO - Processing /home/airflow/.local/lib/python3.7/site-packages/airflow/example_dags/example_python_operator.py took 0.170 seconds
