[2022-05-02 19:56:03,389] {processor.py:153} INFO - Started process (PID=79) to work on /home/airflow/.local/lib/python3.7/site-packages/airflow/example_dags/example_task_group.py
[2022-05-02 19:56:03,390] {processor.py:641} INFO - Processing file /home/airflow/.local/lib/python3.7/site-packages/airflow/example_dags/example_task_group.py for tasks to queue
[2022-05-02 19:56:03,390] {logging_mixin.py:115} INFO - [2022-05-02 19:56:03,390] {dagbag.py:507} INFO - Filling up the DagBag from /home/airflow/.local/lib/python3.7/site-packages/airflow/example_dags/example_task_group.py
[2022-05-02 19:56:03,397] {processor.py:651} INFO - DAG(s) dict_keys(['example_task_group']) retrieved from /home/airflow/.local/lib/python3.7/site-packages/airflow/example_dags/example_task_group.py
[2022-05-02 19:56:03,580] {logging_mixin.py:115} INFO - [2022-05-02 19:56:03,580] {manager.py:508} INFO - Created Permission View: can read on DAG:example_task_group
[2022-05-02 19:56:03,594] {logging_mixin.py:115} INFO - [2022-05-02 19:56:03,594] {manager.py:508} INFO - Created Permission View: can delete on DAG:example_task_group
[2022-05-02 19:56:03,603] {logging_mixin.py:115} INFO - [2022-05-02 19:56:03,603] {manager.py:508} INFO - Created Permission View: can edit on DAG:example_task_group
[2022-05-02 19:56:03,603] {logging_mixin.py:115} INFO - [2022-05-02 19:56:03,603] {dag.py:2371} INFO - Sync 1 DAGs
[2022-05-02 19:56:03,613] {logging_mixin.py:115} INFO - [2022-05-02 19:56:03,613] {dag.py:2390} INFO - Creating ORM DAG for example_task_group
[2022-05-02 19:56:03,626] {logging_mixin.py:115} INFO - [2022-05-02 19:56:03,626] {dag.py:2919} INFO - Setting next_dagrun for example_task_group to 2022-05-01T19:56:03.626642+00:00, run_after=2022-05-02T19:56:03.626642+00:00
[2022-05-02 19:56:03,643] {processor.py:161} INFO - Processing /home/airflow/.local/lib/python3.7/site-packages/airflow/example_dags/example_task_group.py took 0.256 seconds
[2022-05-02 19:56:33,750] {processor.py:153} INFO - Started process (PID=131) to work on /home/airflow/.local/lib/python3.7/site-packages/airflow/example_dags/example_task_group.py
[2022-05-02 19:56:33,751] {processor.py:641} INFO - Processing file /home/airflow/.local/lib/python3.7/site-packages/airflow/example_dags/example_task_group.py for tasks to queue
[2022-05-02 19:56:33,751] {logging_mixin.py:115} INFO - [2022-05-02 19:56:33,751] {dagbag.py:507} INFO - Filling up the DagBag from /home/airflow/.local/lib/python3.7/site-packages/airflow/example_dags/example_task_group.py
[2022-05-02 19:56:33,757] {processor.py:651} INFO - DAG(s) dict_keys(['example_task_group']) retrieved from /home/airflow/.local/lib/python3.7/site-packages/airflow/example_dags/example_task_group.py
[2022-05-02 19:56:33,781] {logging_mixin.py:115} INFO - [2022-05-02 19:56:33,781] {dag.py:2371} INFO - Sync 1 DAGs
[2022-05-02 19:56:33,801] {logging_mixin.py:115} INFO - [2022-05-02 19:56:33,801] {dag.py:2919} INFO - Setting next_dagrun for example_task_group to 2022-05-01T19:56:33.801118+00:00, run_after=2022-05-02T19:56:33.801118+00:00
[2022-05-02 19:56:33,815] {processor.py:161} INFO - Processing /home/airflow/.local/lib/python3.7/site-packages/airflow/example_dags/example_task_group.py took 0.067 seconds
[2022-05-02 19:57:04,112] {processor.py:153} INFO - Started process (PID=192) to work on /home/airflow/.local/lib/python3.7/site-packages/airflow/example_dags/example_task_group.py
[2022-05-02 19:57:04,113] {processor.py:641} INFO - Processing file /home/airflow/.local/lib/python3.7/site-packages/airflow/example_dags/example_task_group.py for tasks to queue
[2022-05-02 19:57:04,113] {logging_mixin.py:115} INFO - [2022-05-02 19:57:04,113] {dagbag.py:507} INFO - Filling up the DagBag from /home/airflow/.local/lib/python3.7/site-packages/airflow/example_dags/example_task_group.py
[2022-05-02 19:57:04,120] {processor.py:651} INFO - DAG(s) dict_keys(['example_task_group']) retrieved from /home/airflow/.local/lib/python3.7/site-packages/airflow/example_dags/example_task_group.py
[2022-05-02 19:57:04,146] {logging_mixin.py:115} INFO - [2022-05-02 19:57:04,146] {dag.py:2371} INFO - Sync 1 DAGs
[2022-05-02 19:57:04,171] {logging_mixin.py:115} INFO - [2022-05-02 19:57:04,170] {dag.py:2919} INFO - Setting next_dagrun for example_task_group to 2022-05-01T19:57:04.170622+00:00, run_after=2022-05-02T19:57:04.170622+00:00
[2022-05-02 19:57:04,188] {processor.py:161} INFO - Processing /home/airflow/.local/lib/python3.7/site-packages/airflow/example_dags/example_task_group.py took 0.078 seconds
[2022-05-02 19:57:34,443] {processor.py:153} INFO - Started process (PID=252) to work on /home/airflow/.local/lib/python3.7/site-packages/airflow/example_dags/example_task_group.py
[2022-05-02 19:57:34,443] {processor.py:641} INFO - Processing file /home/airflow/.local/lib/python3.7/site-packages/airflow/example_dags/example_task_group.py for tasks to queue
[2022-05-02 19:57:34,444] {logging_mixin.py:115} INFO - [2022-05-02 19:57:34,444] {dagbag.py:507} INFO - Filling up the DagBag from /home/airflow/.local/lib/python3.7/site-packages/airflow/example_dags/example_task_group.py
[2022-05-02 19:57:34,450] {processor.py:651} INFO - DAG(s) dict_keys(['example_task_group']) retrieved from /home/airflow/.local/lib/python3.7/site-packages/airflow/example_dags/example_task_group.py
[2022-05-02 19:57:34,477] {logging_mixin.py:115} INFO - [2022-05-02 19:57:34,477] {dag.py:2371} INFO - Sync 1 DAGs
[2022-05-02 19:57:34,499] {logging_mixin.py:115} INFO - [2022-05-02 19:57:34,499] {dag.py:2919} INFO - Setting next_dagrun for example_task_group to 2022-05-01T19:57:34.499127+00:00, run_after=2022-05-02T19:57:34.499127+00:00
[2022-05-02 19:57:34,513] {processor.py:161} INFO - Processing /home/airflow/.local/lib/python3.7/site-packages/airflow/example_dags/example_task_group.py took 0.072 seconds
[2022-05-02 19:58:04,834] {processor.py:153} INFO - Started process (PID=305) to work on /home/airflow/.local/lib/python3.7/site-packages/airflow/example_dags/example_task_group.py
[2022-05-02 19:58:04,834] {processor.py:641} INFO - Processing file /home/airflow/.local/lib/python3.7/site-packages/airflow/example_dags/example_task_group.py for tasks to queue
[2022-05-02 19:58:04,835] {logging_mixin.py:115} INFO - [2022-05-02 19:58:04,835] {dagbag.py:507} INFO - Filling up the DagBag from /home/airflow/.local/lib/python3.7/site-packages/airflow/example_dags/example_task_group.py
[2022-05-02 19:58:04,841] {processor.py:651} INFO - DAG(s) dict_keys(['example_task_group']) retrieved from /home/airflow/.local/lib/python3.7/site-packages/airflow/example_dags/example_task_group.py
[2022-05-02 19:58:04,864] {logging_mixin.py:115} INFO - [2022-05-02 19:58:04,863] {dag.py:2371} INFO - Sync 1 DAGs
[2022-05-02 19:58:04,884] {logging_mixin.py:115} INFO - [2022-05-02 19:58:04,884] {dag.py:2919} INFO - Setting next_dagrun for example_task_group to 2022-05-01T19:58:04.884389+00:00, run_after=2022-05-02T19:58:04.884389+00:00
[2022-05-02 19:58:04,900] {processor.py:161} INFO - Processing /home/airflow/.local/lib/python3.7/site-packages/airflow/example_dags/example_task_group.py took 0.069 seconds
[2022-05-02 19:58:35,323] {processor.py:153} INFO - Started process (PID=367) to work on /home/airflow/.local/lib/python3.7/site-packages/airflow/example_dags/example_task_group.py
[2022-05-02 19:58:35,324] {processor.py:641} INFO - Processing file /home/airflow/.local/lib/python3.7/site-packages/airflow/example_dags/example_task_group.py for tasks to queue
[2022-05-02 19:58:35,325] {logging_mixin.py:115} INFO - [2022-05-02 19:58:35,325] {dagbag.py:507} INFO - Filling up the DagBag from /home/airflow/.local/lib/python3.7/site-packages/airflow/example_dags/example_task_group.py
[2022-05-02 19:58:35,331] {processor.py:651} INFO - DAG(s) dict_keys(['example_task_group']) retrieved from /home/airflow/.local/lib/python3.7/site-packages/airflow/example_dags/example_task_group.py
[2022-05-02 19:58:35,355] {logging_mixin.py:115} INFO - [2022-05-02 19:58:35,355] {dag.py:2371} INFO - Sync 1 DAGs
[2022-05-02 19:58:35,375] {logging_mixin.py:115} INFO - [2022-05-02 19:58:35,375] {dag.py:2919} INFO - Setting next_dagrun for example_task_group to 2022-05-01T19:58:35.375152+00:00, run_after=2022-05-02T19:58:35.375152+00:00
[2022-05-02 19:58:35,389] {processor.py:161} INFO - Processing /home/airflow/.local/lib/python3.7/site-packages/airflow/example_dags/example_task_group.py took 0.067 seconds
[2022-05-02 19:59:05,736] {processor.py:153} INFO - Started process (PID=429) to work on /home/airflow/.local/lib/python3.7/site-packages/airflow/example_dags/example_task_group.py
[2022-05-02 19:59:05,737] {processor.py:641} INFO - Processing file /home/airflow/.local/lib/python3.7/site-packages/airflow/example_dags/example_task_group.py for tasks to queue
[2022-05-02 19:59:05,737] {logging_mixin.py:115} INFO - [2022-05-02 19:59:05,737] {dagbag.py:507} INFO - Filling up the DagBag from /home/airflow/.local/lib/python3.7/site-packages/airflow/example_dags/example_task_group.py
[2022-05-02 19:59:05,744] {processor.py:651} INFO - DAG(s) dict_keys(['example_task_group']) retrieved from /home/airflow/.local/lib/python3.7/site-packages/airflow/example_dags/example_task_group.py
[2022-05-02 19:59:05,772] {logging_mixin.py:115} INFO - [2022-05-02 19:59:05,772] {dag.py:2371} INFO - Sync 1 DAGs
[2022-05-02 19:59:05,794] {logging_mixin.py:115} INFO - [2022-05-02 19:59:05,794] {dag.py:2919} INFO - Setting next_dagrun for example_task_group to 2022-05-01T19:59:05.794025+00:00, run_after=2022-05-02T19:59:05.794025+00:00
[2022-05-02 19:59:05,809] {processor.py:161} INFO - Processing /home/airflow/.local/lib/python3.7/site-packages/airflow/example_dags/example_task_group.py took 0.076 seconds
[2022-05-02 19:59:36,090] {processor.py:153} INFO - Started process (PID=481) to work on /home/airflow/.local/lib/python3.7/site-packages/airflow/example_dags/example_task_group.py
[2022-05-02 19:59:36,091] {processor.py:641} INFO - Processing file /home/airflow/.local/lib/python3.7/site-packages/airflow/example_dags/example_task_group.py for tasks to queue
[2022-05-02 19:59:36,092] {logging_mixin.py:115} INFO - [2022-05-02 19:59:36,092] {dagbag.py:507} INFO - Filling up the DagBag from /home/airflow/.local/lib/python3.7/site-packages/airflow/example_dags/example_task_group.py
[2022-05-02 19:59:36,099] {processor.py:651} INFO - DAG(s) dict_keys(['example_task_group']) retrieved from /home/airflow/.local/lib/python3.7/site-packages/airflow/example_dags/example_task_group.py
[2022-05-02 19:59:36,121] {logging_mixin.py:115} INFO - [2022-05-02 19:59:36,121] {dag.py:2371} INFO - Sync 1 DAGs
[2022-05-02 19:59:36,147] {logging_mixin.py:115} INFO - [2022-05-02 19:59:36,147] {dag.py:2919} INFO - Setting next_dagrun for example_task_group to 2022-05-01T19:59:36.147277+00:00, run_after=2022-05-02T19:59:36.147277+00:00
[2022-05-02 19:59:36,164] {processor.py:161} INFO - Processing /home/airflow/.local/lib/python3.7/site-packages/airflow/example_dags/example_task_group.py took 0.076 seconds
[2022-05-02 20:00:06,346] {processor.py:153} INFO - Started process (PID=541) to work on /home/airflow/.local/lib/python3.7/site-packages/airflow/example_dags/example_task_group.py
[2022-05-02 20:00:06,346] {processor.py:641} INFO - Processing file /home/airflow/.local/lib/python3.7/site-packages/airflow/example_dags/example_task_group.py for tasks to queue
[2022-05-02 20:00:06,347] {logging_mixin.py:115} INFO - [2022-05-02 20:00:06,347] {dagbag.py:507} INFO - Filling up the DagBag from /home/airflow/.local/lib/python3.7/site-packages/airflow/example_dags/example_task_group.py
[2022-05-02 20:00:06,352] {processor.py:651} INFO - DAG(s) dict_keys(['example_task_group']) retrieved from /home/airflow/.local/lib/python3.7/site-packages/airflow/example_dags/example_task_group.py
[2022-05-02 20:00:06,375] {logging_mixin.py:115} INFO - [2022-05-02 20:00:06,375] {dag.py:2371} INFO - Sync 1 DAGs
[2022-05-02 20:00:06,399] {logging_mixin.py:115} INFO - [2022-05-02 20:00:06,398] {dag.py:2919} INFO - Setting next_dagrun for example_task_group to 2022-05-01T20:00:06.398679+00:00, run_after=2022-05-02T20:00:06.398679+00:00
[2022-05-02 20:00:06,412] {processor.py:161} INFO - Processing /home/airflow/.local/lib/python3.7/site-packages/airflow/example_dags/example_task_group.py took 0.068 seconds
[2022-05-02 20:00:36,853] {processor.py:153} INFO - Started process (PID=605) to work on /home/airflow/.local/lib/python3.7/site-packages/airflow/example_dags/example_task_group.py
[2022-05-02 20:00:36,853] {processor.py:641} INFO - Processing file /home/airflow/.local/lib/python3.7/site-packages/airflow/example_dags/example_task_group.py for tasks to queue
[2022-05-02 20:00:36,854] {logging_mixin.py:115} INFO - [2022-05-02 20:00:36,853] {dagbag.py:507} INFO - Filling up the DagBag from /home/airflow/.local/lib/python3.7/site-packages/airflow/example_dags/example_task_group.py
[2022-05-02 20:00:36,860] {processor.py:651} INFO - DAG(s) dict_keys(['example_task_group']) retrieved from /home/airflow/.local/lib/python3.7/site-packages/airflow/example_dags/example_task_group.py
[2022-05-02 20:00:36,883] {logging_mixin.py:115} INFO - [2022-05-02 20:00:36,883] {dag.py:2371} INFO - Sync 1 DAGs
[2022-05-02 20:00:36,904] {logging_mixin.py:115} INFO - [2022-05-02 20:00:36,904] {dag.py:2919} INFO - Setting next_dagrun for example_task_group to 2022-05-01T20:00:36.904650+00:00, run_after=2022-05-02T20:00:36.904650+00:00
[2022-05-02 20:00:36,917] {processor.py:161} INFO - Processing /home/airflow/.local/lib/python3.7/site-packages/airflow/example_dags/example_task_group.py took 0.067 seconds
[2022-05-02 20:01:07,865] {processor.py:153} INFO - Started process (PID=658) to work on /home/airflow/.local/lib/python3.7/site-packages/airflow/example_dags/example_task_group.py
[2022-05-02 20:01:07,865] {processor.py:641} INFO - Processing file /home/airflow/.local/lib/python3.7/site-packages/airflow/example_dags/example_task_group.py for tasks to queue
[2022-05-02 20:01:07,866] {logging_mixin.py:115} INFO - [2022-05-02 20:01:07,865] {dagbag.py:507} INFO - Filling up the DagBag from /home/airflow/.local/lib/python3.7/site-packages/airflow/example_dags/example_task_group.py
[2022-05-02 20:01:07,871] {processor.py:651} INFO - DAG(s) dict_keys(['example_task_group']) retrieved from /home/airflow/.local/lib/python3.7/site-packages/airflow/example_dags/example_task_group.py
[2022-05-02 20:01:07,894] {logging_mixin.py:115} INFO - [2022-05-02 20:01:07,894] {dag.py:2371} INFO - Sync 1 DAGs
[2022-05-02 20:01:07,918] {logging_mixin.py:115} INFO - [2022-05-02 20:01:07,918] {dag.py:2919} INFO - Setting next_dagrun for example_task_group to 2022-05-01T20:01:07.918003+00:00, run_after=2022-05-02T20:01:07.918003+00:00
[2022-05-02 20:01:08,029] {processor.py:161} INFO - Processing /home/airflow/.local/lib/python3.7/site-packages/airflow/example_dags/example_task_group.py took 0.166 seconds
[2022-05-02 20:01:38,299] {processor.py:153} INFO - Started process (PID=719) to work on /home/airflow/.local/lib/python3.7/site-packages/airflow/example_dags/example_task_group.py
[2022-05-02 20:01:38,300] {processor.py:641} INFO - Processing file /home/airflow/.local/lib/python3.7/site-packages/airflow/example_dags/example_task_group.py for tasks to queue
[2022-05-02 20:01:38,300] {logging_mixin.py:115} INFO - [2022-05-02 20:01:38,300] {dagbag.py:507} INFO - Filling up the DagBag from /home/airflow/.local/lib/python3.7/site-packages/airflow/example_dags/example_task_group.py
[2022-05-02 20:01:38,309] {processor.py:651} INFO - DAG(s) dict_keys(['example_task_group']) retrieved from /home/airflow/.local/lib/python3.7/site-packages/airflow/example_dags/example_task_group.py
[2022-05-02 20:01:38,335] {logging_mixin.py:115} INFO - [2022-05-02 20:01:38,335] {dag.py:2371} INFO - Sync 1 DAGs
[2022-05-02 20:01:38,359] {logging_mixin.py:115} INFO - [2022-05-02 20:01:38,359] {dag.py:2919} INFO - Setting next_dagrun for example_task_group to 2022-05-01T20:01:38.359027+00:00, run_after=2022-05-02T20:01:38.359027+00:00
[2022-05-02 20:01:38,477] {processor.py:161} INFO - Processing /home/airflow/.local/lib/python3.7/site-packages/airflow/example_dags/example_task_group.py took 0.181 seconds
[2022-05-02 20:02:08,699] {processor.py:153} INFO - Started process (PID=782) to work on /home/airflow/.local/lib/python3.7/site-packages/airflow/example_dags/example_task_group.py
[2022-05-02 20:02:08,700] {processor.py:641} INFO - Processing file /home/airflow/.local/lib/python3.7/site-packages/airflow/example_dags/example_task_group.py for tasks to queue
[2022-05-02 20:02:08,700] {logging_mixin.py:115} INFO - [2022-05-02 20:02:08,700] {dagbag.py:507} INFO - Filling up the DagBag from /home/airflow/.local/lib/python3.7/site-packages/airflow/example_dags/example_task_group.py
[2022-05-02 20:02:08,706] {processor.py:651} INFO - DAG(s) dict_keys(['example_task_group']) retrieved from /home/airflow/.local/lib/python3.7/site-packages/airflow/example_dags/example_task_group.py
[2022-05-02 20:02:08,730] {logging_mixin.py:115} INFO - [2022-05-02 20:02:08,729] {dag.py:2371} INFO - Sync 1 DAGs
[2022-05-02 20:02:08,752] {logging_mixin.py:115} INFO - [2022-05-02 20:02:08,752] {dag.py:2919} INFO - Setting next_dagrun for example_task_group to 2022-05-01T20:02:08.752723+00:00, run_after=2022-05-02T20:02:08.752723+00:00
[2022-05-02 20:02:08,862] {processor.py:161} INFO - Processing /home/airflow/.local/lib/python3.7/site-packages/airflow/example_dags/example_task_group.py took 0.165 seconds
[2022-05-02 20:02:39,385] {processor.py:153} INFO - Started process (PID=835) to work on /home/airflow/.local/lib/python3.7/site-packages/airflow/example_dags/example_task_group.py
[2022-05-02 20:02:39,385] {processor.py:641} INFO - Processing file /home/airflow/.local/lib/python3.7/site-packages/airflow/example_dags/example_task_group.py for tasks to queue
[2022-05-02 20:02:39,385] {logging_mixin.py:115} INFO - [2022-05-02 20:02:39,385] {dagbag.py:507} INFO - Filling up the DagBag from /home/airflow/.local/lib/python3.7/site-packages/airflow/example_dags/example_task_group.py
[2022-05-02 20:02:39,391] {processor.py:651} INFO - DAG(s) dict_keys(['example_task_group']) retrieved from /home/airflow/.local/lib/python3.7/site-packages/airflow/example_dags/example_task_group.py
[2022-05-02 20:02:39,420] {logging_mixin.py:115} INFO - [2022-05-02 20:02:39,420] {dag.py:2371} INFO - Sync 1 DAGs
[2022-05-02 20:02:39,447] {logging_mixin.py:115} INFO - [2022-05-02 20:02:39,447] {dag.py:2919} INFO - Setting next_dagrun for example_task_group to 2022-05-01T20:02:39.447185+00:00, run_after=2022-05-02T20:02:39.447185+00:00
[2022-05-02 20:02:39,558] {processor.py:161} INFO - Processing /home/airflow/.local/lib/python3.7/site-packages/airflow/example_dags/example_task_group.py took 0.176 seconds
[2022-05-02 20:03:10,138] {processor.py:153} INFO - Started process (PID=898) to work on /home/airflow/.local/lib/python3.7/site-packages/airflow/example_dags/example_task_group.py
[2022-05-02 20:03:10,138] {processor.py:641} INFO - Processing file /home/airflow/.local/lib/python3.7/site-packages/airflow/example_dags/example_task_group.py for tasks to queue
[2022-05-02 20:03:10,139] {logging_mixin.py:115} INFO - [2022-05-02 20:03:10,139] {dagbag.py:507} INFO - Filling up the DagBag from /home/airflow/.local/lib/python3.7/site-packages/airflow/example_dags/example_task_group.py
[2022-05-02 20:03:10,145] {processor.py:651} INFO - DAG(s) dict_keys(['example_task_group']) retrieved from /home/airflow/.local/lib/python3.7/site-packages/airflow/example_dags/example_task_group.py
[2022-05-02 20:03:10,167] {logging_mixin.py:115} INFO - [2022-05-02 20:03:10,167] {dag.py:2371} INFO - Sync 1 DAGs
[2022-05-02 20:03:10,189] {logging_mixin.py:115} INFO - [2022-05-02 20:03:10,189] {dag.py:2919} INFO - Setting next_dagrun for example_task_group to 2022-05-01T20:03:10.188874+00:00, run_after=2022-05-02T20:03:10.188874+00:00
[2022-05-02 20:03:10,295] {processor.py:161} INFO - Processing /home/airflow/.local/lib/python3.7/site-packages/airflow/example_dags/example_task_group.py took 0.159 seconds
[2022-05-02 20:03:40,408] {processor.py:153} INFO - Started process (PID=959) to work on /home/airflow/.local/lib/python3.7/site-packages/airflow/example_dags/example_task_group.py
[2022-05-02 20:03:40,409] {processor.py:641} INFO - Processing file /home/airflow/.local/lib/python3.7/site-packages/airflow/example_dags/example_task_group.py for tasks to queue
[2022-05-02 20:03:40,409] {logging_mixin.py:115} INFO - [2022-05-02 20:03:40,409] {dagbag.py:507} INFO - Filling up the DagBag from /home/airflow/.local/lib/python3.7/site-packages/airflow/example_dags/example_task_group.py
[2022-05-02 20:03:40,416] {processor.py:651} INFO - DAG(s) dict_keys(['example_task_group']) retrieved from /home/airflow/.local/lib/python3.7/site-packages/airflow/example_dags/example_task_group.py
[2022-05-02 20:03:40,442] {logging_mixin.py:115} INFO - [2022-05-02 20:03:40,442] {dag.py:2371} INFO - Sync 1 DAGs
[2022-05-02 20:03:40,468] {logging_mixin.py:115} INFO - [2022-05-02 20:03:40,468] {dag.py:2919} INFO - Setting next_dagrun for example_task_group to 2022-05-01T20:03:40.468571+00:00, run_after=2022-05-02T20:03:40.468571+00:00
[2022-05-02 20:03:40,588] {processor.py:161} INFO - Processing /home/airflow/.local/lib/python3.7/site-packages/airflow/example_dags/example_task_group.py took 0.182 seconds
[2022-05-02 20:04:10,882] {processor.py:153} INFO - Started process (PID=1011) to work on /home/airflow/.local/lib/python3.7/site-packages/airflow/example_dags/example_task_group.py
[2022-05-02 20:04:10,883] {processor.py:641} INFO - Processing file /home/airflow/.local/lib/python3.7/site-packages/airflow/example_dags/example_task_group.py for tasks to queue
[2022-05-02 20:04:10,883] {logging_mixin.py:115} INFO - [2022-05-02 20:04:10,883] {dagbag.py:507} INFO - Filling up the DagBag from /home/airflow/.local/lib/python3.7/site-packages/airflow/example_dags/example_task_group.py
[2022-05-02 20:04:10,888] {processor.py:651} INFO - DAG(s) dict_keys(['example_task_group']) retrieved from /home/airflow/.local/lib/python3.7/site-packages/airflow/example_dags/example_task_group.py
[2022-05-02 20:04:10,909] {logging_mixin.py:115} INFO - [2022-05-02 20:04:10,908] {dag.py:2371} INFO - Sync 1 DAGs
[2022-05-02 20:04:10,930] {logging_mixin.py:115} INFO - [2022-05-02 20:04:10,930] {dag.py:2919} INFO - Setting next_dagrun for example_task_group to 2022-05-01T20:04:10.930115+00:00, run_after=2022-05-02T20:04:10.930115+00:00
[2022-05-02 20:04:11,041] {processor.py:161} INFO - Processing /home/airflow/.local/lib/python3.7/site-packages/airflow/example_dags/example_task_group.py took 0.161 seconds
[2022-05-02 20:04:41,396] {processor.py:153} INFO - Started process (PID=1073) to work on /home/airflow/.local/lib/python3.7/site-packages/airflow/example_dags/example_task_group.py
[2022-05-02 20:04:41,396] {processor.py:641} INFO - Processing file /home/airflow/.local/lib/python3.7/site-packages/airflow/example_dags/example_task_group.py for tasks to queue
[2022-05-02 20:04:41,396] {logging_mixin.py:115} INFO - [2022-05-02 20:04:41,396] {dagbag.py:507} INFO - Filling up the DagBag from /home/airflow/.local/lib/python3.7/site-packages/airflow/example_dags/example_task_group.py
[2022-05-02 20:04:41,402] {processor.py:651} INFO - DAG(s) dict_keys(['example_task_group']) retrieved from /home/airflow/.local/lib/python3.7/site-packages/airflow/example_dags/example_task_group.py
[2022-05-02 20:04:41,425] {logging_mixin.py:115} INFO - [2022-05-02 20:04:41,425] {dag.py:2371} INFO - Sync 1 DAGs
[2022-05-02 20:04:41,448] {logging_mixin.py:115} INFO - [2022-05-02 20:04:41,448] {dag.py:2919} INFO - Setting next_dagrun for example_task_group to 2022-05-01T20:04:41.447738+00:00, run_after=2022-05-02T20:04:41.447738+00:00
[2022-05-02 20:04:41,558] {processor.py:161} INFO - Processing /home/airflow/.local/lib/python3.7/site-packages/airflow/example_dags/example_task_group.py took 0.165 seconds
[2022-05-02 20:05:11,624] {processor.py:153} INFO - Started process (PID=1125) to work on /home/airflow/.local/lib/python3.7/site-packages/airflow/example_dags/example_task_group.py
[2022-05-02 20:05:11,625] {processor.py:641} INFO - Processing file /home/airflow/.local/lib/python3.7/site-packages/airflow/example_dags/example_task_group.py for tasks to queue
[2022-05-02 20:05:11,625] {logging_mixin.py:115} INFO - [2022-05-02 20:05:11,625] {dagbag.py:507} INFO - Filling up the DagBag from /home/airflow/.local/lib/python3.7/site-packages/airflow/example_dags/example_task_group.py
[2022-05-02 20:05:11,631] {processor.py:651} INFO - DAG(s) dict_keys(['example_task_group']) retrieved from /home/airflow/.local/lib/python3.7/site-packages/airflow/example_dags/example_task_group.py
[2022-05-02 20:05:11,656] {logging_mixin.py:115} INFO - [2022-05-02 20:05:11,656] {dag.py:2371} INFO - Sync 1 DAGs
[2022-05-02 20:05:11,680] {logging_mixin.py:115} INFO - [2022-05-02 20:05:11,679] {dag.py:2919} INFO - Setting next_dagrun for example_task_group to 2022-05-01T20:05:11.679587+00:00, run_after=2022-05-02T20:05:11.679587+00:00
[2022-05-02 20:05:11,792] {processor.py:161} INFO - Processing /home/airflow/.local/lib/python3.7/site-packages/airflow/example_dags/example_task_group.py took 0.171 seconds
[2022-05-02 20:05:41,945] {processor.py:153} INFO - Started process (PID=1186) to work on /home/airflow/.local/lib/python3.7/site-packages/airflow/example_dags/example_task_group.py
[2022-05-02 20:05:41,946] {processor.py:641} INFO - Processing file /home/airflow/.local/lib/python3.7/site-packages/airflow/example_dags/example_task_group.py for tasks to queue
[2022-05-02 20:05:41,946] {logging_mixin.py:115} INFO - [2022-05-02 20:05:41,946] {dagbag.py:507} INFO - Filling up the DagBag from /home/airflow/.local/lib/python3.7/site-packages/airflow/example_dags/example_task_group.py
[2022-05-02 20:05:41,952] {processor.py:651} INFO - DAG(s) dict_keys(['example_task_group']) retrieved from /home/airflow/.local/lib/python3.7/site-packages/airflow/example_dags/example_task_group.py
[2022-05-02 20:05:41,976] {logging_mixin.py:115} INFO - [2022-05-02 20:05:41,976] {dag.py:2371} INFO - Sync 1 DAGs
[2022-05-02 20:05:41,998] {logging_mixin.py:115} INFO - [2022-05-02 20:05:41,998] {dag.py:2919} INFO - Setting next_dagrun for example_task_group to 2022-05-01T20:05:41.997957+00:00, run_after=2022-05-02T20:05:41.997957+00:00
[2022-05-02 20:05:42,100] {processor.py:161} INFO - Processing /home/airflow/.local/lib/python3.7/site-packages/airflow/example_dags/example_task_group.py took 0.157 seconds
[2022-05-02 20:06:12,341] {processor.py:153} INFO - Started process (PID=1249) to work on /home/airflow/.local/lib/python3.7/site-packages/airflow/example_dags/example_task_group.py
[2022-05-02 20:06:12,342] {processor.py:641} INFO - Processing file /home/airflow/.local/lib/python3.7/site-packages/airflow/example_dags/example_task_group.py for tasks to queue
[2022-05-02 20:06:12,343] {logging_mixin.py:115} INFO - [2022-05-02 20:06:12,342] {dagbag.py:507} INFO - Filling up the DagBag from /home/airflow/.local/lib/python3.7/site-packages/airflow/example_dags/example_task_group.py
[2022-05-02 20:06:12,350] {processor.py:651} INFO - DAG(s) dict_keys(['example_task_group']) retrieved from /home/airflow/.local/lib/python3.7/site-packages/airflow/example_dags/example_task_group.py
[2022-05-02 20:06:12,375] {logging_mixin.py:115} INFO - [2022-05-02 20:06:12,375] {dag.py:2371} INFO - Sync 1 DAGs
[2022-05-02 20:06:12,487] {logging_mixin.py:115} INFO - [2022-05-02 20:06:12,487] {dag.py:2919} INFO - Setting next_dagrun for example_task_group to 2022-05-01T20:06:12.486951+00:00, run_after=2022-05-02T20:06:12.486951+00:00
[2022-05-02 20:06:12,498] {processor.py:161} INFO - Processing /home/airflow/.local/lib/python3.7/site-packages/airflow/example_dags/example_task_group.py took 0.160 seconds
[2022-05-02 20:06:42,729] {processor.py:153} INFO - Started process (PID=1304) to work on /home/airflow/.local/lib/python3.7/site-packages/airflow/example_dags/example_task_group.py
[2022-05-02 20:06:42,729] {processor.py:641} INFO - Processing file /home/airflow/.local/lib/python3.7/site-packages/airflow/example_dags/example_task_group.py for tasks to queue
[2022-05-02 20:06:42,730] {logging_mixin.py:115} INFO - [2022-05-02 20:06:42,730] {dagbag.py:507} INFO - Filling up the DagBag from /home/airflow/.local/lib/python3.7/site-packages/airflow/example_dags/example_task_group.py
[2022-05-02 20:06:42,737] {processor.py:651} INFO - DAG(s) dict_keys(['example_task_group']) retrieved from /home/airflow/.local/lib/python3.7/site-packages/airflow/example_dags/example_task_group.py
[2022-05-02 20:06:42,760] {logging_mixin.py:115} INFO - [2022-05-02 20:06:42,759] {dag.py:2371} INFO - Sync 1 DAGs
[2022-05-02 20:06:42,882] {logging_mixin.py:115} INFO - [2022-05-02 20:06:42,881] {dag.py:2919} INFO - Setting next_dagrun for example_task_group to 2022-05-01T20:06:42.881770+00:00, run_after=2022-05-02T20:06:42.881770+00:00
[2022-05-02 20:06:42,893] {processor.py:161} INFO - Processing /home/airflow/.local/lib/python3.7/site-packages/airflow/example_dags/example_task_group.py took 0.167 seconds
[2022-05-02 20:07:13,134] {processor.py:153} INFO - Started process (PID=1367) to work on /home/airflow/.local/lib/python3.7/site-packages/airflow/example_dags/example_task_group.py
[2022-05-02 20:07:13,134] {processor.py:641} INFO - Processing file /home/airflow/.local/lib/python3.7/site-packages/airflow/example_dags/example_task_group.py for tasks to queue
[2022-05-02 20:07:13,135] {logging_mixin.py:115} INFO - [2022-05-02 20:07:13,135] {dagbag.py:507} INFO - Filling up the DagBag from /home/airflow/.local/lib/python3.7/site-packages/airflow/example_dags/example_task_group.py
[2022-05-02 20:07:13,141] {processor.py:651} INFO - DAG(s) dict_keys(['example_task_group']) retrieved from /home/airflow/.local/lib/python3.7/site-packages/airflow/example_dags/example_task_group.py
[2022-05-02 20:07:13,164] {logging_mixin.py:115} INFO - [2022-05-02 20:07:13,164] {dag.py:2371} INFO - Sync 1 DAGs
[2022-05-02 20:07:13,277] {logging_mixin.py:115} INFO - [2022-05-02 20:07:13,277] {dag.py:2919} INFO - Setting next_dagrun for example_task_group to 2022-05-01T20:07:13.277279+00:00, run_after=2022-05-02T20:07:13.277279+00:00
[2022-05-02 20:07:13,290] {processor.py:161} INFO - Processing /home/airflow/.local/lib/python3.7/site-packages/airflow/example_dags/example_task_group.py took 0.158 seconds
[2022-05-02 20:07:43,900] {processor.py:153} INFO - Started process (PID=1430) to work on /home/airflow/.local/lib/python3.7/site-packages/airflow/example_dags/example_task_group.py
[2022-05-02 20:07:43,901] {processor.py:641} INFO - Processing file /home/airflow/.local/lib/python3.7/site-packages/airflow/example_dags/example_task_group.py for tasks to queue
[2022-05-02 20:07:43,901] {logging_mixin.py:115} INFO - [2022-05-02 20:07:43,901] {dagbag.py:507} INFO - Filling up the DagBag from /home/airflow/.local/lib/python3.7/site-packages/airflow/example_dags/example_task_group.py
[2022-05-02 20:07:43,908] {processor.py:651} INFO - DAG(s) dict_keys(['example_task_group']) retrieved from /home/airflow/.local/lib/python3.7/site-packages/airflow/example_dags/example_task_group.py
[2022-05-02 20:07:43,931] {logging_mixin.py:115} INFO - [2022-05-02 20:07:43,931] {dag.py:2371} INFO - Sync 1 DAGs
[2022-05-02 20:07:44,046] {logging_mixin.py:115} INFO - [2022-05-02 20:07:44,046] {dag.py:2919} INFO - Setting next_dagrun for example_task_group to 2022-05-01T20:07:44.046111+00:00, run_after=2022-05-02T20:07:44.046111+00:00
[2022-05-02 20:07:44,059] {processor.py:161} INFO - Processing /home/airflow/.local/lib/python3.7/site-packages/airflow/example_dags/example_task_group.py took 0.161 seconds
[2022-05-02 20:08:14,269] {processor.py:153} INFO - Started process (PID=1484) to work on /home/airflow/.local/lib/python3.7/site-packages/airflow/example_dags/example_task_group.py
[2022-05-02 20:08:14,269] {processor.py:641} INFO - Processing file /home/airflow/.local/lib/python3.7/site-packages/airflow/example_dags/example_task_group.py for tasks to queue
[2022-05-02 20:08:14,270] {logging_mixin.py:115} INFO - [2022-05-02 20:08:14,270] {dagbag.py:507} INFO - Filling up the DagBag from /home/airflow/.local/lib/python3.7/site-packages/airflow/example_dags/example_task_group.py
[2022-05-02 20:08:14,275] {processor.py:651} INFO - DAG(s) dict_keys(['example_task_group']) retrieved from /home/airflow/.local/lib/python3.7/site-packages/airflow/example_dags/example_task_group.py
[2022-05-02 20:08:14,300] {logging_mixin.py:115} INFO - [2022-05-02 20:08:14,300] {dag.py:2371} INFO - Sync 1 DAGs
[2022-05-02 20:08:14,414] {logging_mixin.py:115} INFO - [2022-05-02 20:08:14,414] {dag.py:2919} INFO - Setting next_dagrun for example_task_group to 2022-05-01T20:08:14.414416+00:00, run_after=2022-05-02T20:08:14.414416+00:00
[2022-05-02 20:08:14,427] {processor.py:161} INFO - Processing /home/airflow/.local/lib/python3.7/site-packages/airflow/example_dags/example_task_group.py took 0.160 seconds
