[2022-05-02 19:56:04,060] {processor.py:153} INFO - Started process (PID=84) to work on /home/airflow/.local/lib/python3.7/site-packages/airflow/example_dags/example_branch_labels.py
[2022-05-02 19:56:04,061] {processor.py:641} INFO - Processing file /home/airflow/.local/lib/python3.7/site-packages/airflow/example_dags/example_branch_labels.py for tasks to queue
[2022-05-02 19:56:04,061] {logging_mixin.py:115} INFO - [2022-05-02 19:56:04,061] {dagbag.py:507} INFO - Filling up the DagBag from /home/airflow/.local/lib/python3.7/site-packages/airflow/example_dags/example_branch_labels.py
[2022-05-02 19:56:04,068] {processor.py:651} INFO - DAG(s) dict_keys(['example_branch_labels']) retrieved from /home/airflow/.local/lib/python3.7/site-packages/airflow/example_dags/example_branch_labels.py
[2022-05-02 19:56:04,293] {logging_mixin.py:115} INFO - [2022-05-02 19:56:04,293] {manager.py:508} INFO - Created Permission View: can read on DAG:example_branch_labels
[2022-05-02 19:56:04,302] {logging_mixin.py:115} INFO - [2022-05-02 19:56:04,302] {manager.py:508} INFO - Created Permission View: can delete on DAG:example_branch_labels
[2022-05-02 19:56:04,309] {logging_mixin.py:115} INFO - [2022-05-02 19:56:04,309] {manager.py:508} INFO - Created Permission View: can edit on DAG:example_branch_labels
[2022-05-02 19:56:04,309] {logging_mixin.py:115} INFO - [2022-05-02 19:56:04,309] {dag.py:2371} INFO - Sync 1 DAGs
[2022-05-02 19:56:04,317] {logging_mixin.py:115} INFO - [2022-05-02 19:56:04,317] {dag.py:2390} INFO - Creating ORM DAG for example_branch_labels
[2022-05-02 19:56:04,329] {logging_mixin.py:115} INFO - [2022-05-02 19:56:04,329] {dag.py:2919} INFO - Setting next_dagrun for example_branch_labels to 2022-05-01T00:00:00+00:00, run_after=2022-05-02T00:00:00+00:00
[2022-05-02 19:56:04,343] {processor.py:161} INFO - Processing /home/airflow/.local/lib/python3.7/site-packages/airflow/example_dags/example_branch_labels.py took 0.285 seconds
[2022-05-02 19:56:34,998] {processor.py:153} INFO - Started process (PID=145) to work on /home/airflow/.local/lib/python3.7/site-packages/airflow/example_dags/example_branch_labels.py
[2022-05-02 19:56:34,998] {processor.py:641} INFO - Processing file /home/airflow/.local/lib/python3.7/site-packages/airflow/example_dags/example_branch_labels.py for tasks to queue
[2022-05-02 19:56:34,999] {logging_mixin.py:115} INFO - [2022-05-02 19:56:34,998] {dagbag.py:507} INFO - Filling up the DagBag from /home/airflow/.local/lib/python3.7/site-packages/airflow/example_dags/example_branch_labels.py
[2022-05-02 19:56:35,004] {processor.py:651} INFO - DAG(s) dict_keys(['example_branch_labels']) retrieved from /home/airflow/.local/lib/python3.7/site-packages/airflow/example_dags/example_branch_labels.py
[2022-05-02 19:56:35,025] {logging_mixin.py:115} INFO - [2022-05-02 19:56:35,025] {dag.py:2371} INFO - Sync 1 DAGs
[2022-05-02 19:56:35,047] {logging_mixin.py:115} INFO - [2022-05-02 19:56:35,046] {dag.py:2919} INFO - Setting next_dagrun for example_branch_labels to 2022-05-01T00:00:00+00:00, run_after=2022-05-02T00:00:00+00:00
[2022-05-02 19:56:35,060] {processor.py:161} INFO - Processing /home/airflow/.local/lib/python3.7/site-packages/airflow/example_dags/example_branch_labels.py took 0.064 seconds
[2022-05-02 19:57:05,425] {processor.py:153} INFO - Started process (PID=197) to work on /home/airflow/.local/lib/python3.7/site-packages/airflow/example_dags/example_branch_labels.py
[2022-05-02 19:57:05,425] {processor.py:641} INFO - Processing file /home/airflow/.local/lib/python3.7/site-packages/airflow/example_dags/example_branch_labels.py for tasks to queue
[2022-05-02 19:57:05,426] {logging_mixin.py:115} INFO - [2022-05-02 19:57:05,425] {dagbag.py:507} INFO - Filling up the DagBag from /home/airflow/.local/lib/python3.7/site-packages/airflow/example_dags/example_branch_labels.py
[2022-05-02 19:57:05,430] {processor.py:651} INFO - DAG(s) dict_keys(['example_branch_labels']) retrieved from /home/airflow/.local/lib/python3.7/site-packages/airflow/example_dags/example_branch_labels.py
[2022-05-02 19:57:05,450] {logging_mixin.py:115} INFO - [2022-05-02 19:57:05,450] {dag.py:2371} INFO - Sync 1 DAGs
[2022-05-02 19:57:05,471] {logging_mixin.py:115} INFO - [2022-05-02 19:57:05,471] {dag.py:2919} INFO - Setting next_dagrun for example_branch_labels to 2022-05-01T00:00:00+00:00, run_after=2022-05-02T00:00:00+00:00
[2022-05-02 19:57:05,486] {processor.py:161} INFO - Processing /home/airflow/.local/lib/python3.7/site-packages/airflow/example_dags/example_branch_labels.py took 0.063 seconds
[2022-05-02 19:57:35,804] {processor.py:153} INFO - Started process (PID=258) to work on /home/airflow/.local/lib/python3.7/site-packages/airflow/example_dags/example_branch_labels.py
[2022-05-02 19:57:35,804] {processor.py:641} INFO - Processing file /home/airflow/.local/lib/python3.7/site-packages/airflow/example_dags/example_branch_labels.py for tasks to queue
[2022-05-02 19:57:35,805] {logging_mixin.py:115} INFO - [2022-05-02 19:57:35,805] {dagbag.py:507} INFO - Filling up the DagBag from /home/airflow/.local/lib/python3.7/site-packages/airflow/example_dags/example_branch_labels.py
[2022-05-02 19:57:35,811] {processor.py:651} INFO - DAG(s) dict_keys(['example_branch_labels']) retrieved from /home/airflow/.local/lib/python3.7/site-packages/airflow/example_dags/example_branch_labels.py
[2022-05-02 19:57:35,831] {logging_mixin.py:115} INFO - [2022-05-02 19:57:35,831] {dag.py:2371} INFO - Sync 1 DAGs
[2022-05-02 19:57:35,854] {logging_mixin.py:115} INFO - [2022-05-02 19:57:35,854] {dag.py:2919} INFO - Setting next_dagrun for example_branch_labels to 2022-05-01T00:00:00+00:00, run_after=2022-05-02T00:00:00+00:00
[2022-05-02 19:57:35,868] {processor.py:161} INFO - Processing /home/airflow/.local/lib/python3.7/site-packages/airflow/example_dags/example_branch_labels.py took 0.066 seconds
[2022-05-02 19:58:06,163] {processor.py:153} INFO - Started process (PID=319) to work on /home/airflow/.local/lib/python3.7/site-packages/airflow/example_dags/example_branch_labels.py
[2022-05-02 19:58:06,164] {processor.py:641} INFO - Processing file /home/airflow/.local/lib/python3.7/site-packages/airflow/example_dags/example_branch_labels.py for tasks to queue
[2022-05-02 19:58:06,165] {logging_mixin.py:115} INFO - [2022-05-02 19:58:06,164] {dagbag.py:507} INFO - Filling up the DagBag from /home/airflow/.local/lib/python3.7/site-packages/airflow/example_dags/example_branch_labels.py
[2022-05-02 19:58:06,169] {processor.py:651} INFO - DAG(s) dict_keys(['example_branch_labels']) retrieved from /home/airflow/.local/lib/python3.7/site-packages/airflow/example_dags/example_branch_labels.py
[2022-05-02 19:58:06,188] {logging_mixin.py:115} INFO - [2022-05-02 19:58:06,188] {dag.py:2371} INFO - Sync 1 DAGs
[2022-05-02 19:58:06,211] {logging_mixin.py:115} INFO - [2022-05-02 19:58:06,211] {dag.py:2919} INFO - Setting next_dagrun for example_branch_labels to 2022-05-01T00:00:00+00:00, run_after=2022-05-02T00:00:00+00:00
[2022-05-02 19:58:06,225] {processor.py:161} INFO - Processing /home/airflow/.local/lib/python3.7/site-packages/airflow/example_dags/example_branch_labels.py took 0.063 seconds
[2022-05-02 19:58:36,614] {processor.py:153} INFO - Started process (PID=372) to work on /home/airflow/.local/lib/python3.7/site-packages/airflow/example_dags/example_branch_labels.py
[2022-05-02 19:58:36,614] {processor.py:641} INFO - Processing file /home/airflow/.local/lib/python3.7/site-packages/airflow/example_dags/example_branch_labels.py for tasks to queue
[2022-05-02 19:58:36,614] {logging_mixin.py:115} INFO - [2022-05-02 19:58:36,614] {dagbag.py:507} INFO - Filling up the DagBag from /home/airflow/.local/lib/python3.7/site-packages/airflow/example_dags/example_branch_labels.py
[2022-05-02 19:58:36,619] {processor.py:651} INFO - DAG(s) dict_keys(['example_branch_labels']) retrieved from /home/airflow/.local/lib/python3.7/site-packages/airflow/example_dags/example_branch_labels.py
[2022-05-02 19:58:36,641] {logging_mixin.py:115} INFO - [2022-05-02 19:58:36,641] {dag.py:2371} INFO - Sync 1 DAGs
[2022-05-02 19:58:36,662] {logging_mixin.py:115} INFO - [2022-05-02 19:58:36,662] {dag.py:2919} INFO - Setting next_dagrun for example_branch_labels to 2022-05-01T00:00:00+00:00, run_after=2022-05-02T00:00:00+00:00
[2022-05-02 19:58:36,675] {processor.py:161} INFO - Processing /home/airflow/.local/lib/python3.7/site-packages/airflow/example_dags/example_branch_labels.py took 0.064 seconds
[2022-05-02 19:59:07,081] {processor.py:153} INFO - Started process (PID=434) to work on /home/airflow/.local/lib/python3.7/site-packages/airflow/example_dags/example_branch_labels.py
[2022-05-02 19:59:07,082] {processor.py:641} INFO - Processing file /home/airflow/.local/lib/python3.7/site-packages/airflow/example_dags/example_branch_labels.py for tasks to queue
[2022-05-02 19:59:07,082] {logging_mixin.py:115} INFO - [2022-05-02 19:59:07,082] {dagbag.py:507} INFO - Filling up the DagBag from /home/airflow/.local/lib/python3.7/site-packages/airflow/example_dags/example_branch_labels.py
[2022-05-02 19:59:07,087] {processor.py:651} INFO - DAG(s) dict_keys(['example_branch_labels']) retrieved from /home/airflow/.local/lib/python3.7/site-packages/airflow/example_dags/example_branch_labels.py
[2022-05-02 19:59:07,109] {logging_mixin.py:115} INFO - [2022-05-02 19:59:07,109] {dag.py:2371} INFO - Sync 1 DAGs
[2022-05-02 19:59:07,133] {logging_mixin.py:115} INFO - [2022-05-02 19:59:07,133] {dag.py:2919} INFO - Setting next_dagrun for example_branch_labels to 2022-05-01T00:00:00+00:00, run_after=2022-05-02T00:00:00+00:00
[2022-05-02 19:59:07,147] {processor.py:161} INFO - Processing /home/airflow/.local/lib/python3.7/site-packages/airflow/example_dags/example_branch_labels.py took 0.067 seconds
[2022-05-02 19:59:37,426] {processor.py:153} INFO - Started process (PID=486) to work on /home/airflow/.local/lib/python3.7/site-packages/airflow/example_dags/example_branch_labels.py
[2022-05-02 19:59:37,426] {processor.py:641} INFO - Processing file /home/airflow/.local/lib/python3.7/site-packages/airflow/example_dags/example_branch_labels.py for tasks to queue
[2022-05-02 19:59:37,426] {logging_mixin.py:115} INFO - [2022-05-02 19:59:37,426] {dagbag.py:507} INFO - Filling up the DagBag from /home/airflow/.local/lib/python3.7/site-packages/airflow/example_dags/example_branch_labels.py
[2022-05-02 19:59:37,431] {processor.py:651} INFO - DAG(s) dict_keys(['example_branch_labels']) retrieved from /home/airflow/.local/lib/python3.7/site-packages/airflow/example_dags/example_branch_labels.py
[2022-05-02 19:59:37,452] {logging_mixin.py:115} INFO - [2022-05-02 19:59:37,452] {dag.py:2371} INFO - Sync 1 DAGs
[2022-05-02 19:59:37,474] {logging_mixin.py:115} INFO - [2022-05-02 19:59:37,474] {dag.py:2919} INFO - Setting next_dagrun for example_branch_labels to 2022-05-01T00:00:00+00:00, run_after=2022-05-02T00:00:00+00:00
[2022-05-02 19:59:37,487] {processor.py:161} INFO - Processing /home/airflow/.local/lib/python3.7/site-packages/airflow/example_dags/example_branch_labels.py took 0.064 seconds
[2022-05-02 20:00:07,733] {processor.py:153} INFO - Started process (PID=547) to work on /home/airflow/.local/lib/python3.7/site-packages/airflow/example_dags/example_branch_labels.py
[2022-05-02 20:00:07,734] {processor.py:641} INFO - Processing file /home/airflow/.local/lib/python3.7/site-packages/airflow/example_dags/example_branch_labels.py for tasks to queue
[2022-05-02 20:00:07,735] {logging_mixin.py:115} INFO - [2022-05-02 20:00:07,735] {dagbag.py:507} INFO - Filling up the DagBag from /home/airflow/.local/lib/python3.7/site-packages/airflow/example_dags/example_branch_labels.py
[2022-05-02 20:00:07,740] {processor.py:651} INFO - DAG(s) dict_keys(['example_branch_labels']) retrieved from /home/airflow/.local/lib/python3.7/site-packages/airflow/example_dags/example_branch_labels.py
[2022-05-02 20:00:07,765] {logging_mixin.py:115} INFO - [2022-05-02 20:00:07,765] {dag.py:2371} INFO - Sync 1 DAGs
[2022-05-02 20:00:07,788] {logging_mixin.py:115} INFO - [2022-05-02 20:00:07,788] {dag.py:2919} INFO - Setting next_dagrun for example_branch_labels to 2022-05-01T00:00:00+00:00, run_after=2022-05-02T00:00:00+00:00
[2022-05-02 20:00:07,802] {processor.py:161} INFO - Processing /home/airflow/.local/lib/python3.7/site-packages/airflow/example_dags/example_branch_labels.py took 0.071 seconds
[2022-05-02 20:00:38,031] {processor.py:153} INFO - Started process (PID=610) to work on /home/airflow/.local/lib/python3.7/site-packages/airflow/example_dags/example_branch_labels.py
[2022-05-02 20:00:38,031] {processor.py:641} INFO - Processing file /home/airflow/.local/lib/python3.7/site-packages/airflow/example_dags/example_branch_labels.py for tasks to queue
[2022-05-02 20:00:38,032] {logging_mixin.py:115} INFO - [2022-05-02 20:00:38,032] {dagbag.py:507} INFO - Filling up the DagBag from /home/airflow/.local/lib/python3.7/site-packages/airflow/example_dags/example_branch_labels.py
[2022-05-02 20:00:38,036] {processor.py:651} INFO - DAG(s) dict_keys(['example_branch_labels']) retrieved from /home/airflow/.local/lib/python3.7/site-packages/airflow/example_dags/example_branch_labels.py
[2022-05-02 20:00:38,059] {logging_mixin.py:115} INFO - [2022-05-02 20:00:38,059] {dag.py:2371} INFO - Sync 1 DAGs
[2022-05-02 20:00:38,082] {logging_mixin.py:115} INFO - [2022-05-02 20:00:38,082] {dag.py:2919} INFO - Setting next_dagrun for example_branch_labels to 2022-05-01T00:00:00+00:00, run_after=2022-05-02T00:00:00+00:00
[2022-05-02 20:00:38,098] {processor.py:161} INFO - Processing /home/airflow/.local/lib/python3.7/site-packages/airflow/example_dags/example_branch_labels.py took 0.070 seconds
[2022-05-02 20:01:08,261] {processor.py:153} INFO - Started process (PID=663) to work on /home/airflow/.local/lib/python3.7/site-packages/airflow/example_dags/example_branch_labels.py
[2022-05-02 20:01:08,261] {processor.py:641} INFO - Processing file /home/airflow/.local/lib/python3.7/site-packages/airflow/example_dags/example_branch_labels.py for tasks to queue
[2022-05-02 20:01:08,262] {logging_mixin.py:115} INFO - [2022-05-02 20:01:08,261] {dagbag.py:507} INFO - Filling up the DagBag from /home/airflow/.local/lib/python3.7/site-packages/airflow/example_dags/example_branch_labels.py
[2022-05-02 20:01:08,266] {processor.py:651} INFO - DAG(s) dict_keys(['example_branch_labels']) retrieved from /home/airflow/.local/lib/python3.7/site-packages/airflow/example_dags/example_branch_labels.py
[2022-05-02 20:01:08,290] {logging_mixin.py:115} INFO - [2022-05-02 20:01:08,290] {dag.py:2371} INFO - Sync 1 DAGs
[2022-05-02 20:01:08,317] {logging_mixin.py:115} INFO - [2022-05-02 20:01:08,317] {dag.py:2919} INFO - Setting next_dagrun for example_branch_labels to 2022-05-01T00:00:00+00:00, run_after=2022-05-02T00:00:00+00:00
[2022-05-02 20:01:08,329] {processor.py:161} INFO - Processing /home/airflow/.local/lib/python3.7/site-packages/airflow/example_dags/example_branch_labels.py took 0.070 seconds
[2022-05-02 20:01:38,705] {processor.py:153} INFO - Started process (PID=724) to work on /home/airflow/.local/lib/python3.7/site-packages/airflow/example_dags/example_branch_labels.py
[2022-05-02 20:01:38,705] {processor.py:641} INFO - Processing file /home/airflow/.local/lib/python3.7/site-packages/airflow/example_dags/example_branch_labels.py for tasks to queue
[2022-05-02 20:01:38,705] {logging_mixin.py:115} INFO - [2022-05-02 20:01:38,705] {dagbag.py:507} INFO - Filling up the DagBag from /home/airflow/.local/lib/python3.7/site-packages/airflow/example_dags/example_branch_labels.py
[2022-05-02 20:01:38,710] {processor.py:651} INFO - DAG(s) dict_keys(['example_branch_labels']) retrieved from /home/airflow/.local/lib/python3.7/site-packages/airflow/example_dags/example_branch_labels.py
[2022-05-02 20:01:38,733] {logging_mixin.py:115} INFO - [2022-05-02 20:01:38,733] {dag.py:2371} INFO - Sync 1 DAGs
[2022-05-02 20:01:38,759] {logging_mixin.py:115} INFO - [2022-05-02 20:01:38,759] {dag.py:2919} INFO - Setting next_dagrun for example_branch_labels to 2022-05-01T00:00:00+00:00, run_after=2022-05-02T00:00:00+00:00
[2022-05-02 20:01:38,770] {processor.py:161} INFO - Processing /home/airflow/.local/lib/python3.7/site-packages/airflow/example_dags/example_branch_labels.py took 0.068 seconds
[2022-05-02 20:02:09,061] {processor.py:153} INFO - Started process (PID=786) to work on /home/airflow/.local/lib/python3.7/site-packages/airflow/example_dags/example_branch_labels.py
[2022-05-02 20:02:09,062] {processor.py:641} INFO - Processing file /home/airflow/.local/lib/python3.7/site-packages/airflow/example_dags/example_branch_labels.py for tasks to queue
[2022-05-02 20:02:09,062] {logging_mixin.py:115} INFO - [2022-05-02 20:02:09,062] {dagbag.py:507} INFO - Filling up the DagBag from /home/airflow/.local/lib/python3.7/site-packages/airflow/example_dags/example_branch_labels.py
[2022-05-02 20:02:09,067] {processor.py:651} INFO - DAG(s) dict_keys(['example_branch_labels']) retrieved from /home/airflow/.local/lib/python3.7/site-packages/airflow/example_dags/example_branch_labels.py
[2022-05-02 20:02:09,090] {logging_mixin.py:115} INFO - [2022-05-02 20:02:09,090] {dag.py:2371} INFO - Sync 1 DAGs
[2022-05-02 20:02:09,115] {logging_mixin.py:115} INFO - [2022-05-02 20:02:09,115] {dag.py:2919} INFO - Setting next_dagrun for example_branch_labels to 2022-05-01T00:00:00+00:00, run_after=2022-05-02T00:00:00+00:00
[2022-05-02 20:02:09,126] {processor.py:161} INFO - Processing /home/airflow/.local/lib/python3.7/site-packages/airflow/example_dags/example_branch_labels.py took 0.068 seconds
[2022-05-02 20:02:39,756] {processor.py:153} INFO - Started process (PID=839) to work on /home/airflow/.local/lib/python3.7/site-packages/airflow/example_dags/example_branch_labels.py
[2022-05-02 20:02:39,757] {processor.py:641} INFO - Processing file /home/airflow/.local/lib/python3.7/site-packages/airflow/example_dags/example_branch_labels.py for tasks to queue
[2022-05-02 20:02:39,758] {logging_mixin.py:115} INFO - [2022-05-02 20:02:39,758] {dagbag.py:507} INFO - Filling up the DagBag from /home/airflow/.local/lib/python3.7/site-packages/airflow/example_dags/example_branch_labels.py
[2022-05-02 20:02:39,763] {processor.py:651} INFO - DAG(s) dict_keys(['example_branch_labels']) retrieved from /home/airflow/.local/lib/python3.7/site-packages/airflow/example_dags/example_branch_labels.py
[2022-05-02 20:02:39,789] {logging_mixin.py:115} INFO - [2022-05-02 20:02:39,789] {dag.py:2371} INFO - Sync 1 DAGs
[2022-05-02 20:02:39,816] {logging_mixin.py:115} INFO - [2022-05-02 20:02:39,816] {dag.py:2919} INFO - Setting next_dagrun for example_branch_labels to 2022-05-01T00:00:00+00:00, run_after=2022-05-02T00:00:00+00:00
[2022-05-02 20:02:39,827] {processor.py:161} INFO - Processing /home/airflow/.local/lib/python3.7/site-packages/airflow/example_dags/example_branch_labels.py took 0.074 seconds
[2022-05-02 20:03:10,484] {processor.py:153} INFO - Started process (PID=902) to work on /home/airflow/.local/lib/python3.7/site-packages/airflow/example_dags/example_branch_labels.py
[2022-05-02 20:03:10,484] {processor.py:641} INFO - Processing file /home/airflow/.local/lib/python3.7/site-packages/airflow/example_dags/example_branch_labels.py for tasks to queue
[2022-05-02 20:03:10,485] {logging_mixin.py:115} INFO - [2022-05-02 20:03:10,485] {dagbag.py:507} INFO - Filling up the DagBag from /home/airflow/.local/lib/python3.7/site-packages/airflow/example_dags/example_branch_labels.py
[2022-05-02 20:03:10,489] {processor.py:651} INFO - DAG(s) dict_keys(['example_branch_labels']) retrieved from /home/airflow/.local/lib/python3.7/site-packages/airflow/example_dags/example_branch_labels.py
[2022-05-02 20:03:10,514] {logging_mixin.py:115} INFO - [2022-05-02 20:03:10,514] {dag.py:2371} INFO - Sync 1 DAGs
[2022-05-02 20:03:10,540] {logging_mixin.py:115} INFO - [2022-05-02 20:03:10,539] {dag.py:2919} INFO - Setting next_dagrun for example_branch_labels to 2022-05-01T00:00:00+00:00, run_after=2022-05-02T00:00:00+00:00
[2022-05-02 20:03:10,552] {processor.py:161} INFO - Processing /home/airflow/.local/lib/python3.7/site-packages/airflow/example_dags/example_branch_labels.py took 0.070 seconds
[2022-05-02 20:03:40,797] {processor.py:153} INFO - Started process (PID=963) to work on /home/airflow/.local/lib/python3.7/site-packages/airflow/example_dags/example_branch_labels.py
[2022-05-02 20:03:40,798] {processor.py:641} INFO - Processing file /home/airflow/.local/lib/python3.7/site-packages/airflow/example_dags/example_branch_labels.py for tasks to queue
[2022-05-02 20:03:40,798] {logging_mixin.py:115} INFO - [2022-05-02 20:03:40,798] {dagbag.py:507} INFO - Filling up the DagBag from /home/airflow/.local/lib/python3.7/site-packages/airflow/example_dags/example_branch_labels.py
[2022-05-02 20:03:40,803] {processor.py:651} INFO - DAG(s) dict_keys(['example_branch_labels']) retrieved from /home/airflow/.local/lib/python3.7/site-packages/airflow/example_dags/example_branch_labels.py
[2022-05-02 20:03:40,829] {logging_mixin.py:115} INFO - [2022-05-02 20:03:40,828] {dag.py:2371} INFO - Sync 1 DAGs
[2022-05-02 20:03:40,862] {logging_mixin.py:115} INFO - [2022-05-02 20:03:40,861] {dag.py:2919} INFO - Setting next_dagrun for example_branch_labels to 2022-05-01T00:00:00+00:00, run_after=2022-05-02T00:00:00+00:00
[2022-05-02 20:03:40,876] {processor.py:161} INFO - Processing /home/airflow/.local/lib/python3.7/site-packages/airflow/example_dags/example_branch_labels.py took 0.081 seconds
[2022-05-02 20:04:11,305] {processor.py:153} INFO - Started process (PID=1016) to work on /home/airflow/.local/lib/python3.7/site-packages/airflow/example_dags/example_branch_labels.py
[2022-05-02 20:04:11,306] {processor.py:641} INFO - Processing file /home/airflow/.local/lib/python3.7/site-packages/airflow/example_dags/example_branch_labels.py for tasks to queue
[2022-05-02 20:04:11,306] {logging_mixin.py:115} INFO - [2022-05-02 20:04:11,306] {dagbag.py:507} INFO - Filling up the DagBag from /home/airflow/.local/lib/python3.7/site-packages/airflow/example_dags/example_branch_labels.py
[2022-05-02 20:04:11,311] {processor.py:651} INFO - DAG(s) dict_keys(['example_branch_labels']) retrieved from /home/airflow/.local/lib/python3.7/site-packages/airflow/example_dags/example_branch_labels.py
[2022-05-02 20:04:11,334] {logging_mixin.py:115} INFO - [2022-05-02 20:04:11,334] {dag.py:2371} INFO - Sync 1 DAGs
[2022-05-02 20:04:11,357] {logging_mixin.py:115} INFO - [2022-05-02 20:04:11,357] {dag.py:2919} INFO - Setting next_dagrun for example_branch_labels to 2022-05-01T00:00:00+00:00, run_after=2022-05-02T00:00:00+00:00
[2022-05-02 20:04:11,368] {processor.py:161} INFO - Processing /home/airflow/.local/lib/python3.7/site-packages/airflow/example_dags/example_branch_labels.py took 0.065 seconds
[2022-05-02 20:04:41,791] {processor.py:153} INFO - Started process (PID=1077) to work on /home/airflow/.local/lib/python3.7/site-packages/airflow/example_dags/example_branch_labels.py
[2022-05-02 20:04:41,791] {processor.py:641} INFO - Processing file /home/airflow/.local/lib/python3.7/site-packages/airflow/example_dags/example_branch_labels.py for tasks to queue
[2022-05-02 20:04:41,792] {logging_mixin.py:115} INFO - [2022-05-02 20:04:41,792] {dagbag.py:507} INFO - Filling up the DagBag from /home/airflow/.local/lib/python3.7/site-packages/airflow/example_dags/example_branch_labels.py
[2022-05-02 20:04:41,798] {processor.py:651} INFO - DAG(s) dict_keys(['example_branch_labels']) retrieved from /home/airflow/.local/lib/python3.7/site-packages/airflow/example_dags/example_branch_labels.py
[2022-05-02 20:04:41,824] {logging_mixin.py:115} INFO - [2022-05-02 20:04:41,824] {dag.py:2371} INFO - Sync 1 DAGs
[2022-05-02 20:04:41,852] {logging_mixin.py:115} INFO - [2022-05-02 20:04:41,852] {dag.py:2919} INFO - Setting next_dagrun for example_branch_labels to 2022-05-01T00:00:00+00:00, run_after=2022-05-02T00:00:00+00:00
[2022-05-02 20:04:41,865] {processor.py:161} INFO - Processing /home/airflow/.local/lib/python3.7/site-packages/airflow/example_dags/example_branch_labels.py took 0.077 seconds
[2022-05-02 20:05:12,119] {processor.py:153} INFO - Started process (PID=1130) to work on /home/airflow/.local/lib/python3.7/site-packages/airflow/example_dags/example_branch_labels.py
[2022-05-02 20:05:12,119] {processor.py:641} INFO - Processing file /home/airflow/.local/lib/python3.7/site-packages/airflow/example_dags/example_branch_labels.py for tasks to queue
[2022-05-02 20:05:12,119] {logging_mixin.py:115} INFO - [2022-05-02 20:05:12,119] {dagbag.py:507} INFO - Filling up the DagBag from /home/airflow/.local/lib/python3.7/site-packages/airflow/example_dags/example_branch_labels.py
[2022-05-02 20:05:12,125] {processor.py:651} INFO - DAG(s) dict_keys(['example_branch_labels']) retrieved from /home/airflow/.local/lib/python3.7/site-packages/airflow/example_dags/example_branch_labels.py
[2022-05-02 20:05:12,148] {logging_mixin.py:115} INFO - [2022-05-02 20:05:12,148] {dag.py:2371} INFO - Sync 1 DAGs
[2022-05-02 20:05:12,173] {logging_mixin.py:115} INFO - [2022-05-02 20:05:12,173] {dag.py:2919} INFO - Setting next_dagrun for example_branch_labels to 2022-05-01T00:00:00+00:00, run_after=2022-05-02T00:00:00+00:00
[2022-05-02 20:05:12,185] {processor.py:161} INFO - Processing /home/airflow/.local/lib/python3.7/site-packages/airflow/example_dags/example_branch_labels.py took 0.069 seconds
[2022-05-02 20:05:42,431] {processor.py:153} INFO - Started process (PID=1191) to work on /home/airflow/.local/lib/python3.7/site-packages/airflow/example_dags/example_branch_labels.py
[2022-05-02 20:05:42,432] {processor.py:641} INFO - Processing file /home/airflow/.local/lib/python3.7/site-packages/airflow/example_dags/example_branch_labels.py for tasks to queue
[2022-05-02 20:05:42,432] {logging_mixin.py:115} INFO - [2022-05-02 20:05:42,432] {dagbag.py:507} INFO - Filling up the DagBag from /home/airflow/.local/lib/python3.7/site-packages/airflow/example_dags/example_branch_labels.py
[2022-05-02 20:05:42,438] {processor.py:651} INFO - DAG(s) dict_keys(['example_branch_labels']) retrieved from /home/airflow/.local/lib/python3.7/site-packages/airflow/example_dags/example_branch_labels.py
[2022-05-02 20:05:42,459] {logging_mixin.py:115} INFO - [2022-05-02 20:05:42,459] {dag.py:2371} INFO - Sync 1 DAGs
[2022-05-02 20:05:42,482] {logging_mixin.py:115} INFO - [2022-05-02 20:05:42,482] {dag.py:2919} INFO - Setting next_dagrun for example_branch_labels to 2022-05-01T00:00:00+00:00, run_after=2022-05-02T00:00:00+00:00
[2022-05-02 20:05:42,494] {processor.py:161} INFO - Processing /home/airflow/.local/lib/python3.7/site-packages/airflow/example_dags/example_branch_labels.py took 0.065 seconds
[2022-05-02 20:06:12,848] {processor.py:153} INFO - Started process (PID=1254) to work on /home/airflow/.local/lib/python3.7/site-packages/airflow/example_dags/example_branch_labels.py
[2022-05-02 20:06:12,849] {processor.py:641} INFO - Processing file /home/airflow/.local/lib/python3.7/site-packages/airflow/example_dags/example_branch_labels.py for tasks to queue
[2022-05-02 20:06:12,849] {logging_mixin.py:115} INFO - [2022-05-02 20:06:12,849] {dagbag.py:507} INFO - Filling up the DagBag from /home/airflow/.local/lib/python3.7/site-packages/airflow/example_dags/example_branch_labels.py
[2022-05-02 20:06:12,855] {processor.py:651} INFO - DAG(s) dict_keys(['example_branch_labels']) retrieved from /home/airflow/.local/lib/python3.7/site-packages/airflow/example_dags/example_branch_labels.py
[2022-05-02 20:06:12,878] {logging_mixin.py:115} INFO - [2022-05-02 20:06:12,878] {dag.py:2371} INFO - Sync 1 DAGs
[2022-05-02 20:06:12,998] {logging_mixin.py:115} INFO - [2022-05-02 20:06:12,998] {dag.py:2919} INFO - Setting next_dagrun for example_branch_labels to 2022-05-01T00:00:00+00:00, run_after=2022-05-02T00:00:00+00:00
[2022-05-02 20:06:13,011] {processor.py:161} INFO - Processing /home/airflow/.local/lib/python3.7/site-packages/airflow/example_dags/example_branch_labels.py took 0.165 seconds
[2022-05-02 20:06:43,250] {processor.py:153} INFO - Started process (PID=1309) to work on /home/airflow/.local/lib/python3.7/site-packages/airflow/example_dags/example_branch_labels.py
[2022-05-02 20:06:43,250] {processor.py:641} INFO - Processing file /home/airflow/.local/lib/python3.7/site-packages/airflow/example_dags/example_branch_labels.py for tasks to queue
[2022-05-02 20:06:43,251] {logging_mixin.py:115} INFO - [2022-05-02 20:06:43,251] {dagbag.py:507} INFO - Filling up the DagBag from /home/airflow/.local/lib/python3.7/site-packages/airflow/example_dags/example_branch_labels.py
[2022-05-02 20:06:43,256] {processor.py:651} INFO - DAG(s) dict_keys(['example_branch_labels']) retrieved from /home/airflow/.local/lib/python3.7/site-packages/airflow/example_dags/example_branch_labels.py
[2022-05-02 20:06:43,277] {logging_mixin.py:115} INFO - [2022-05-02 20:06:43,277] {dag.py:2371} INFO - Sync 1 DAGs
[2022-05-02 20:06:43,395] {logging_mixin.py:115} INFO - [2022-05-02 20:06:43,395] {dag.py:2919} INFO - Setting next_dagrun for example_branch_labels to 2022-05-01T00:00:00+00:00, run_after=2022-05-02T00:00:00+00:00
[2022-05-02 20:06:43,407] {processor.py:161} INFO - Processing /home/airflow/.local/lib/python3.7/site-packages/airflow/example_dags/example_branch_labels.py took 0.161 seconds
