[2022-05-02 19:56:00,449] {processor.py:153} INFO - Started process (PID=56) to work on /home/airflow/.local/lib/python3.7/site-packages/airflow/example_dags/example_bash_operator.py
[2022-05-02 19:56:00,449] {processor.py:641} INFO - Processing file /home/airflow/.local/lib/python3.7/site-packages/airflow/example_dags/example_bash_operator.py for tasks to queue
[2022-05-02 19:56:00,450] {logging_mixin.py:115} INFO - [2022-05-02 19:56:00,450] {dagbag.py:507} INFO - Filling up the DagBag from /home/airflow/.local/lib/python3.7/site-packages/airflow/example_dags/example_bash_operator.py
[2022-05-02 19:56:00,461] {processor.py:651} INFO - DAG(s) dict_keys(['example_bash_operator']) retrieved from /home/airflow/.local/lib/python3.7/site-packages/airflow/example_dags/example_bash_operator.py
[2022-05-02 19:56:00,634] {logging_mixin.py:115} INFO - [2022-05-02 19:56:00,634] {manager.py:508} INFO - Created Permission View: can read on DAG:example_bash_operator
[2022-05-02 19:56:00,645] {logging_mixin.py:115} INFO - [2022-05-02 19:56:00,644] {manager.py:508} INFO - Created Permission View: can delete on DAG:example_bash_operator
[2022-05-02 19:56:00,653] {logging_mixin.py:115} INFO - [2022-05-02 19:56:00,653] {manager.py:508} INFO - Created Permission View: can edit on DAG:example_bash_operator
[2022-05-02 19:56:00,654] {logging_mixin.py:115} INFO - [2022-05-02 19:56:00,653] {dag.py:2371} INFO - Sync 1 DAGs
[2022-05-02 19:56:00,661] {logging_mixin.py:115} INFO - [2022-05-02 19:56:00,661] {dag.py:2390} INFO - Creating ORM DAG for example_bash_operator
[2022-05-02 19:56:00,675] {logging_mixin.py:115} INFO - [2022-05-02 19:56:00,675] {dag.py:2919} INFO - Setting next_dagrun for example_bash_operator to 2022-05-01T00:00:00+00:00, run_after=2022-05-02T00:00:00+00:00
[2022-05-02 19:56:00,690] {processor.py:161} INFO - Processing /home/airflow/.local/lib/python3.7/site-packages/airflow/example_dags/example_bash_operator.py took 0.244 seconds
[2022-05-02 19:56:30,842] {processor.py:153} INFO - Started process (PID=110) to work on /home/airflow/.local/lib/python3.7/site-packages/airflow/example_dags/example_bash_operator.py
[2022-05-02 19:56:30,842] {processor.py:641} INFO - Processing file /home/airflow/.local/lib/python3.7/site-packages/airflow/example_dags/example_bash_operator.py for tasks to queue
[2022-05-02 19:56:30,842] {logging_mixin.py:115} INFO - [2022-05-02 19:56:30,842] {dagbag.py:507} INFO - Filling up the DagBag from /home/airflow/.local/lib/python3.7/site-packages/airflow/example_dags/example_bash_operator.py
[2022-05-02 19:56:30,851] {processor.py:651} INFO - DAG(s) dict_keys(['example_bash_operator']) retrieved from /home/airflow/.local/lib/python3.7/site-packages/airflow/example_dags/example_bash_operator.py
[2022-05-02 19:56:30,873] {logging_mixin.py:115} INFO - [2022-05-02 19:56:30,873] {dag.py:2371} INFO - Sync 1 DAGs
[2022-05-02 19:56:30,896] {logging_mixin.py:115} INFO - [2022-05-02 19:56:30,895] {dag.py:2919} INFO - Setting next_dagrun for example_bash_operator to 2022-05-01T00:00:00+00:00, run_after=2022-05-02T00:00:00+00:00
[2022-05-02 19:56:30,907] {processor.py:161} INFO - Processing /home/airflow/.local/lib/python3.7/site-packages/airflow/example_dags/example_bash_operator.py took 0.068 seconds
[2022-05-02 19:57:01,507] {processor.py:153} INFO - Started process (PID=171) to work on /home/airflow/.local/lib/python3.7/site-packages/airflow/example_dags/example_bash_operator.py
[2022-05-02 19:57:01,508] {processor.py:641} INFO - Processing file /home/airflow/.local/lib/python3.7/site-packages/airflow/example_dags/example_bash_operator.py for tasks to queue
[2022-05-02 19:57:01,508] {logging_mixin.py:115} INFO - [2022-05-02 19:57:01,508] {dagbag.py:507} INFO - Filling up the DagBag from /home/airflow/.local/lib/python3.7/site-packages/airflow/example_dags/example_bash_operator.py
[2022-05-02 19:57:01,517] {processor.py:651} INFO - DAG(s) dict_keys(['example_bash_operator']) retrieved from /home/airflow/.local/lib/python3.7/site-packages/airflow/example_dags/example_bash_operator.py
[2022-05-02 19:57:01,540] {logging_mixin.py:115} INFO - [2022-05-02 19:57:01,540] {dag.py:2371} INFO - Sync 1 DAGs
[2022-05-02 19:57:01,562] {logging_mixin.py:115} INFO - [2022-05-02 19:57:01,562] {dag.py:2919} INFO - Setting next_dagrun for example_bash_operator to 2022-05-01T00:00:00+00:00, run_after=2022-05-02T00:00:00+00:00
[2022-05-02 19:57:01,574] {processor.py:161} INFO - Processing /home/airflow/.local/lib/python3.7/site-packages/airflow/example_dags/example_bash_operator.py took 0.069 seconds
[2022-05-02 19:57:31,896] {processor.py:153} INFO - Started process (PID=232) to work on /home/airflow/.local/lib/python3.7/site-packages/airflow/example_dags/example_bash_operator.py
[2022-05-02 19:57:31,897] {processor.py:641} INFO - Processing file /home/airflow/.local/lib/python3.7/site-packages/airflow/example_dags/example_bash_operator.py for tasks to queue
[2022-05-02 19:57:31,897] {logging_mixin.py:115} INFO - [2022-05-02 19:57:31,897] {dagbag.py:507} INFO - Filling up the DagBag from /home/airflow/.local/lib/python3.7/site-packages/airflow/example_dags/example_bash_operator.py
[2022-05-02 19:57:31,907] {processor.py:651} INFO - DAG(s) dict_keys(['example_bash_operator']) retrieved from /home/airflow/.local/lib/python3.7/site-packages/airflow/example_dags/example_bash_operator.py
[2022-05-02 19:57:31,929] {logging_mixin.py:115} INFO - [2022-05-02 19:57:31,929] {dag.py:2371} INFO - Sync 1 DAGs
[2022-05-02 19:57:31,953] {logging_mixin.py:115} INFO - [2022-05-02 19:57:31,953] {dag.py:2919} INFO - Setting next_dagrun for example_bash_operator to 2022-05-01T00:00:00+00:00, run_after=2022-05-02T00:00:00+00:00
[2022-05-02 19:57:31,964] {processor.py:161} INFO - Processing /home/airflow/.local/lib/python3.7/site-packages/airflow/example_dags/example_bash_operator.py took 0.071 seconds
[2022-05-02 19:58:02,274] {processor.py:153} INFO - Started process (PID=284) to work on /home/airflow/.local/lib/python3.7/site-packages/airflow/example_dags/example_bash_operator.py
[2022-05-02 19:58:02,275] {processor.py:641} INFO - Processing file /home/airflow/.local/lib/python3.7/site-packages/airflow/example_dags/example_bash_operator.py for tasks to queue
[2022-05-02 19:58:02,276] {logging_mixin.py:115} INFO - [2022-05-02 19:58:02,275] {dagbag.py:507} INFO - Filling up the DagBag from /home/airflow/.local/lib/python3.7/site-packages/airflow/example_dags/example_bash_operator.py
[2022-05-02 19:58:02,285] {processor.py:651} INFO - DAG(s) dict_keys(['example_bash_operator']) retrieved from /home/airflow/.local/lib/python3.7/site-packages/airflow/example_dags/example_bash_operator.py
[2022-05-02 19:58:02,307] {logging_mixin.py:115} INFO - [2022-05-02 19:58:02,307] {dag.py:2371} INFO - Sync 1 DAGs
[2022-05-02 19:58:02,331] {logging_mixin.py:115} INFO - [2022-05-02 19:58:02,331] {dag.py:2919} INFO - Setting next_dagrun for example_bash_operator to 2022-05-01T00:00:00+00:00, run_after=2022-05-02T00:00:00+00:00
[2022-05-02 19:58:02,343] {processor.py:161} INFO - Processing /home/airflow/.local/lib/python3.7/site-packages/airflow/example_dags/example_bash_operator.py took 0.070 seconds
[2022-05-02 19:58:32,700] {processor.py:153} INFO - Started process (PID=346) to work on /home/airflow/.local/lib/python3.7/site-packages/airflow/example_dags/example_bash_operator.py
[2022-05-02 19:58:32,701] {processor.py:641} INFO - Processing file /home/airflow/.local/lib/python3.7/site-packages/airflow/example_dags/example_bash_operator.py for tasks to queue
[2022-05-02 19:58:32,701] {logging_mixin.py:115} INFO - [2022-05-02 19:58:32,701] {dagbag.py:507} INFO - Filling up the DagBag from /home/airflow/.local/lib/python3.7/site-packages/airflow/example_dags/example_bash_operator.py
[2022-05-02 19:58:32,710] {processor.py:651} INFO - DAG(s) dict_keys(['example_bash_operator']) retrieved from /home/airflow/.local/lib/python3.7/site-packages/airflow/example_dags/example_bash_operator.py
[2022-05-02 19:58:32,732] {logging_mixin.py:115} INFO - [2022-05-02 19:58:32,732] {dag.py:2371} INFO - Sync 1 DAGs
[2022-05-02 19:58:32,757] {logging_mixin.py:115} INFO - [2022-05-02 19:58:32,757] {dag.py:2919} INFO - Setting next_dagrun for example_bash_operator to 2022-05-01T00:00:00+00:00, run_after=2022-05-02T00:00:00+00:00
[2022-05-02 19:58:32,768] {processor.py:161} INFO - Processing /home/airflow/.local/lib/python3.7/site-packages/airflow/example_dags/example_bash_operator.py took 0.070 seconds
[2022-05-02 19:59:03,091] {processor.py:153} INFO - Started process (PID=399) to work on /home/airflow/.local/lib/python3.7/site-packages/airflow/example_dags/example_bash_operator.py
[2022-05-02 19:59:03,091] {processor.py:641} INFO - Processing file /home/airflow/.local/lib/python3.7/site-packages/airflow/example_dags/example_bash_operator.py for tasks to queue
[2022-05-02 19:59:03,092] {logging_mixin.py:115} INFO - [2022-05-02 19:59:03,092] {dagbag.py:507} INFO - Filling up the DagBag from /home/airflow/.local/lib/python3.7/site-packages/airflow/example_dags/example_bash_operator.py
[2022-05-02 19:59:03,101] {processor.py:651} INFO - DAG(s) dict_keys(['example_bash_operator']) retrieved from /home/airflow/.local/lib/python3.7/site-packages/airflow/example_dags/example_bash_operator.py
[2022-05-02 19:59:03,123] {logging_mixin.py:115} INFO - [2022-05-02 19:59:03,123] {dag.py:2371} INFO - Sync 1 DAGs
[2022-05-02 19:59:03,149] {logging_mixin.py:115} INFO - [2022-05-02 19:59:03,149] {dag.py:2919} INFO - Setting next_dagrun for example_bash_operator to 2022-05-01T00:00:00+00:00, run_after=2022-05-02T00:00:00+00:00
[2022-05-02 19:59:03,160] {processor.py:161} INFO - Processing /home/airflow/.local/lib/python3.7/site-packages/airflow/example_dags/example_bash_operator.py took 0.071 seconds
[2022-05-02 19:59:33,561] {processor.py:153} INFO - Started process (PID=460) to work on /home/airflow/.local/lib/python3.7/site-packages/airflow/example_dags/example_bash_operator.py
[2022-05-02 19:59:33,561] {processor.py:641} INFO - Processing file /home/airflow/.local/lib/python3.7/site-packages/airflow/example_dags/example_bash_operator.py for tasks to queue
[2022-05-02 19:59:33,562] {logging_mixin.py:115} INFO - [2022-05-02 19:59:33,562] {dagbag.py:507} INFO - Filling up the DagBag from /home/airflow/.local/lib/python3.7/site-packages/airflow/example_dags/example_bash_operator.py
[2022-05-02 19:59:33,573] {processor.py:651} INFO - DAG(s) dict_keys(['example_bash_operator']) retrieved from /home/airflow/.local/lib/python3.7/site-packages/airflow/example_dags/example_bash_operator.py
[2022-05-02 19:59:33,601] {logging_mixin.py:115} INFO - [2022-05-02 19:59:33,601] {dag.py:2371} INFO - Sync 1 DAGs
[2022-05-02 19:59:33,628] {logging_mixin.py:115} INFO - [2022-05-02 19:59:33,628] {dag.py:2919} INFO - Setting next_dagrun for example_bash_operator to 2022-05-01T00:00:00+00:00, run_after=2022-05-02T00:00:00+00:00
[2022-05-02 19:59:33,641] {processor.py:161} INFO - Processing /home/airflow/.local/lib/python3.7/site-packages/airflow/example_dags/example_bash_operator.py took 0.084 seconds
[2022-05-02 20:00:03,877] {processor.py:153} INFO - Started process (PID=521) to work on /home/airflow/.local/lib/python3.7/site-packages/airflow/example_dags/example_bash_operator.py
[2022-05-02 20:00:03,878] {processor.py:641} INFO - Processing file /home/airflow/.local/lib/python3.7/site-packages/airflow/example_dags/example_bash_operator.py for tasks to queue
[2022-05-02 20:00:03,878] {logging_mixin.py:115} INFO - [2022-05-02 20:00:03,878] {dagbag.py:507} INFO - Filling up the DagBag from /home/airflow/.local/lib/python3.7/site-packages/airflow/example_dags/example_bash_operator.py
[2022-05-02 20:00:03,886] {processor.py:651} INFO - DAG(s) dict_keys(['example_bash_operator']) retrieved from /home/airflow/.local/lib/python3.7/site-packages/airflow/example_dags/example_bash_operator.py
[2022-05-02 20:00:03,910] {logging_mixin.py:115} INFO - [2022-05-02 20:00:03,910] {dag.py:2371} INFO - Sync 1 DAGs
[2022-05-02 20:00:03,934] {logging_mixin.py:115} INFO - [2022-05-02 20:00:03,934] {dag.py:2919} INFO - Setting next_dagrun for example_bash_operator to 2022-05-01T00:00:00+00:00, run_after=2022-05-02T00:00:00+00:00
[2022-05-02 20:00:03,946] {processor.py:161} INFO - Processing /home/airflow/.local/lib/python3.7/site-packages/airflow/example_dags/example_bash_operator.py took 0.071 seconds
[2022-05-02 20:00:34,216] {processor.py:153} INFO - Started process (PID=575) to work on /home/airflow/.local/lib/python3.7/site-packages/airflow/example_dags/example_bash_operator.py
[2022-05-02 20:00:34,217] {processor.py:641} INFO - Processing file /home/airflow/.local/lib/python3.7/site-packages/airflow/example_dags/example_bash_operator.py for tasks to queue
[2022-05-02 20:00:34,217] {logging_mixin.py:115} INFO - [2022-05-02 20:00:34,217] {dagbag.py:507} INFO - Filling up the DagBag from /home/airflow/.local/lib/python3.7/site-packages/airflow/example_dags/example_bash_operator.py
[2022-05-02 20:00:34,228] {processor.py:651} INFO - DAG(s) dict_keys(['example_bash_operator']) retrieved from /home/airflow/.local/lib/python3.7/site-packages/airflow/example_dags/example_bash_operator.py
[2022-05-02 20:00:34,281] {logging_mixin.py:115} INFO - [2022-05-02 20:00:34,281] {dag.py:2371} INFO - Sync 1 DAGs
[2022-05-02 20:00:34,304] {logging_mixin.py:115} INFO - [2022-05-02 20:00:34,304] {dag.py:2919} INFO - Setting next_dagrun for example_bash_operator to 2022-05-01T00:00:00+00:00, run_after=2022-05-02T00:00:00+00:00
[2022-05-02 20:00:34,317] {processor.py:161} INFO - Processing /home/airflow/.local/lib/python3.7/site-packages/airflow/example_dags/example_bash_operator.py took 0.103 seconds
[2022-05-02 20:01:04,718] {processor.py:153} INFO - Started process (PID=637) to work on /home/airflow/.local/lib/python3.7/site-packages/airflow/example_dags/example_bash_operator.py
[2022-05-02 20:01:04,719] {processor.py:641} INFO - Processing file /home/airflow/.local/lib/python3.7/site-packages/airflow/example_dags/example_bash_operator.py for tasks to queue
[2022-05-02 20:01:04,720] {logging_mixin.py:115} INFO - [2022-05-02 20:01:04,720] {dagbag.py:507} INFO - Filling up the DagBag from /home/airflow/.local/lib/python3.7/site-packages/airflow/example_dags/example_bash_operator.py
[2022-05-02 20:01:04,732] {processor.py:651} INFO - DAG(s) dict_keys(['example_bash_operator']) retrieved from /home/airflow/.local/lib/python3.7/site-packages/airflow/example_dags/example_bash_operator.py
[2022-05-02 20:01:04,753] {logging_mixin.py:115} INFO - [2022-05-02 20:01:04,753] {dag.py:2371} INFO - Sync 1 DAGs
[2022-05-02 20:01:04,868] {logging_mixin.py:115} INFO - [2022-05-02 20:01:04,868] {dag.py:2919} INFO - Setting next_dagrun for example_bash_operator to 2022-05-01T00:00:00+00:00, run_after=2022-05-02T00:00:00+00:00
[2022-05-02 20:01:04,879] {processor.py:161} INFO - Processing /home/airflow/.local/lib/python3.7/site-packages/airflow/example_dags/example_bash_operator.py took 0.164 seconds
[2022-05-02 20:01:34,913] {processor.py:153} INFO - Started process (PID=698) to work on /home/airflow/.local/lib/python3.7/site-packages/airflow/example_dags/example_bash_operator.py
[2022-05-02 20:01:34,913] {processor.py:641} INFO - Processing file /home/airflow/.local/lib/python3.7/site-packages/airflow/example_dags/example_bash_operator.py for tasks to queue
[2022-05-02 20:01:34,914] {logging_mixin.py:115} INFO - [2022-05-02 20:01:34,914] {dagbag.py:507} INFO - Filling up the DagBag from /home/airflow/.local/lib/python3.7/site-packages/airflow/example_dags/example_bash_operator.py
[2022-05-02 20:01:34,923] {processor.py:651} INFO - DAG(s) dict_keys(['example_bash_operator']) retrieved from /home/airflow/.local/lib/python3.7/site-packages/airflow/example_dags/example_bash_operator.py
[2022-05-02 20:01:34,946] {logging_mixin.py:115} INFO - [2022-05-02 20:01:34,946] {dag.py:2371} INFO - Sync 1 DAGs
[2022-05-02 20:01:35,068] {logging_mixin.py:115} INFO - [2022-05-02 20:01:35,068] {dag.py:2919} INFO - Setting next_dagrun for example_bash_operator to 2022-05-01T00:00:00+00:00, run_after=2022-05-02T00:00:00+00:00
[2022-05-02 20:01:35,081] {processor.py:161} INFO - Processing /home/airflow/.local/lib/python3.7/site-packages/airflow/example_dags/example_bash_operator.py took 0.173 seconds
[2022-05-02 20:02:05,335] {processor.py:153} INFO - Started process (PID=752) to work on /home/airflow/.local/lib/python3.7/site-packages/airflow/example_dags/example_bash_operator.py
[2022-05-02 20:02:05,335] {processor.py:641} INFO - Processing file /home/airflow/.local/lib/python3.7/site-packages/airflow/example_dags/example_bash_operator.py for tasks to queue
[2022-05-02 20:02:05,336] {logging_mixin.py:115} INFO - [2022-05-02 20:02:05,336] {dagbag.py:507} INFO - Filling up the DagBag from /home/airflow/.local/lib/python3.7/site-packages/airflow/example_dags/example_bash_operator.py
[2022-05-02 20:02:05,346] {processor.py:651} INFO - DAG(s) dict_keys(['example_bash_operator']) retrieved from /home/airflow/.local/lib/python3.7/site-packages/airflow/example_dags/example_bash_operator.py
[2022-05-02 20:02:05,367] {logging_mixin.py:115} INFO - [2022-05-02 20:02:05,367] {dag.py:2371} INFO - Sync 1 DAGs
[2022-05-02 20:02:05,500] {logging_mixin.py:115} INFO - [2022-05-02 20:02:05,500] {dag.py:2919} INFO - Setting next_dagrun for example_bash_operator to 2022-05-01T00:00:00+00:00, run_after=2022-05-02T00:00:00+00:00
[2022-05-02 20:02:05,513] {processor.py:161} INFO - Processing /home/airflow/.local/lib/python3.7/site-packages/airflow/example_dags/example_bash_operator.py took 0.180 seconds
[2022-05-02 20:02:35,631] {processor.py:153} INFO - Started process (PID=814) to work on /home/airflow/.local/lib/python3.7/site-packages/airflow/example_dags/example_bash_operator.py
[2022-05-02 20:02:35,631] {processor.py:641} INFO - Processing file /home/airflow/.local/lib/python3.7/site-packages/airflow/example_dags/example_bash_operator.py for tasks to queue
[2022-05-02 20:02:35,632] {logging_mixin.py:115} INFO - [2022-05-02 20:02:35,631] {dagbag.py:507} INFO - Filling up the DagBag from /home/airflow/.local/lib/python3.7/site-packages/airflow/example_dags/example_bash_operator.py
[2022-05-02 20:02:35,641] {processor.py:651} INFO - DAG(s) dict_keys(['example_bash_operator']) retrieved from /home/airflow/.local/lib/python3.7/site-packages/airflow/example_dags/example_bash_operator.py
[2022-05-02 20:02:35,664] {logging_mixin.py:115} INFO - [2022-05-02 20:02:35,664] {dag.py:2371} INFO - Sync 1 DAGs
[2022-05-02 20:02:35,785] {logging_mixin.py:115} INFO - [2022-05-02 20:02:35,785] {dag.py:2919} INFO - Setting next_dagrun for example_bash_operator to 2022-05-01T00:00:00+00:00, run_after=2022-05-02T00:00:00+00:00
[2022-05-02 20:02:35,797] {processor.py:161} INFO - Processing /home/airflow/.local/lib/python3.7/site-packages/airflow/example_dags/example_bash_operator.py took 0.168 seconds
[2022-05-02 20:03:06,585] {processor.py:153} INFO - Started process (PID=877) to work on /home/airflow/.local/lib/python3.7/site-packages/airflow/example_dags/example_bash_operator.py
[2022-05-02 20:03:06,586] {processor.py:641} INFO - Processing file /home/airflow/.local/lib/python3.7/site-packages/airflow/example_dags/example_bash_operator.py for tasks to queue
[2022-05-02 20:03:06,586] {logging_mixin.py:115} INFO - [2022-05-02 20:03:06,586] {dagbag.py:507} INFO - Filling up the DagBag from /home/airflow/.local/lib/python3.7/site-packages/airflow/example_dags/example_bash_operator.py
[2022-05-02 20:03:06,595] {processor.py:651} INFO - DAG(s) dict_keys(['example_bash_operator']) retrieved from /home/airflow/.local/lib/python3.7/site-packages/airflow/example_dags/example_bash_operator.py
[2022-05-02 20:03:06,619] {logging_mixin.py:115} INFO - [2022-05-02 20:03:06,619] {dag.py:2371} INFO - Sync 1 DAGs
[2022-05-02 20:03:06,748] {logging_mixin.py:115} INFO - [2022-05-02 20:03:06,748] {dag.py:2919} INFO - Setting next_dagrun for example_bash_operator to 2022-05-01T00:00:00+00:00, run_after=2022-05-02T00:00:00+00:00
[2022-05-02 20:03:06,761] {processor.py:161} INFO - Processing /home/airflow/.local/lib/python3.7/site-packages/airflow/example_dags/example_bash_operator.py took 0.178 seconds
[2022-05-02 20:03:37,155] {processor.py:153} INFO - Started process (PID=929) to work on /home/airflow/.local/lib/python3.7/site-packages/airflow/example_dags/example_bash_operator.py
[2022-05-02 20:03:37,155] {processor.py:641} INFO - Processing file /home/airflow/.local/lib/python3.7/site-packages/airflow/example_dags/example_bash_operator.py for tasks to queue
[2022-05-02 20:03:37,156] {logging_mixin.py:115} INFO - [2022-05-02 20:03:37,156] {dagbag.py:507} INFO - Filling up the DagBag from /home/airflow/.local/lib/python3.7/site-packages/airflow/example_dags/example_bash_operator.py
[2022-05-02 20:03:37,166] {processor.py:651} INFO - DAG(s) dict_keys(['example_bash_operator']) retrieved from /home/airflow/.local/lib/python3.7/site-packages/airflow/example_dags/example_bash_operator.py
[2022-05-02 20:03:37,187] {logging_mixin.py:115} INFO - [2022-05-02 20:03:37,187] {dag.py:2371} INFO - Sync 1 DAGs
[2022-05-02 20:03:37,304] {logging_mixin.py:115} INFO - [2022-05-02 20:03:37,303] {dag.py:2919} INFO - Setting next_dagrun for example_bash_operator to 2022-05-01T00:00:00+00:00, run_after=2022-05-02T00:00:00+00:00
[2022-05-02 20:03:37,317] {processor.py:161} INFO - Processing /home/airflow/.local/lib/python3.7/site-packages/airflow/example_dags/example_bash_operator.py took 0.164 seconds
[2022-05-02 20:04:07,461] {processor.py:153} INFO - Started process (PID=990) to work on /home/airflow/.local/lib/python3.7/site-packages/airflow/example_dags/example_bash_operator.py
[2022-05-02 20:04:07,462] {processor.py:641} INFO - Processing file /home/airflow/.local/lib/python3.7/site-packages/airflow/example_dags/example_bash_operator.py for tasks to queue
[2022-05-02 20:04:07,462] {logging_mixin.py:115} INFO - [2022-05-02 20:04:07,462] {dagbag.py:507} INFO - Filling up the DagBag from /home/airflow/.local/lib/python3.7/site-packages/airflow/example_dags/example_bash_operator.py
[2022-05-02 20:04:07,473] {processor.py:651} INFO - DAG(s) dict_keys(['example_bash_operator']) retrieved from /home/airflow/.local/lib/python3.7/site-packages/airflow/example_dags/example_bash_operator.py
[2022-05-02 20:04:07,498] {logging_mixin.py:115} INFO - [2022-05-02 20:04:07,498] {dag.py:2371} INFO - Sync 1 DAGs
[2022-05-02 20:04:07,622] {logging_mixin.py:115} INFO - [2022-05-02 20:04:07,622] {dag.py:2919} INFO - Setting next_dagrun for example_bash_operator to 2022-05-01T00:00:00+00:00, run_after=2022-05-02T00:00:00+00:00
[2022-05-02 20:04:07,634] {processor.py:161} INFO - Processing /home/airflow/.local/lib/python3.7/site-packages/airflow/example_dags/example_bash_operator.py took 0.175 seconds
[2022-05-02 20:04:38,090] {processor.py:153} INFO - Started process (PID=1050) to work on /home/airflow/.local/lib/python3.7/site-packages/airflow/example_dags/example_bash_operator.py
[2022-05-02 20:04:38,091] {processor.py:641} INFO - Processing file /home/airflow/.local/lib/python3.7/site-packages/airflow/example_dags/example_bash_operator.py for tasks to queue
[2022-05-02 20:04:38,091] {logging_mixin.py:115} INFO - [2022-05-02 20:04:38,091] {dagbag.py:507} INFO - Filling up the DagBag from /home/airflow/.local/lib/python3.7/site-packages/airflow/example_dags/example_bash_operator.py
[2022-05-02 20:04:38,103] {processor.py:651} INFO - DAG(s) dict_keys(['example_bash_operator']) retrieved from /home/airflow/.local/lib/python3.7/site-packages/airflow/example_dags/example_bash_operator.py
[2022-05-02 20:04:38,129] {logging_mixin.py:115} INFO - [2022-05-02 20:04:38,129] {dag.py:2371} INFO - Sync 1 DAGs
[2022-05-02 20:04:38,251] {logging_mixin.py:115} INFO - [2022-05-02 20:04:38,251] {dag.py:2919} INFO - Setting next_dagrun for example_bash_operator to 2022-05-01T00:00:00+00:00, run_after=2022-05-02T00:00:00+00:00
[2022-05-02 20:04:38,263] {processor.py:161} INFO - Processing /home/airflow/.local/lib/python3.7/site-packages/airflow/example_dags/example_bash_operator.py took 0.175 seconds
[2022-05-02 20:05:08,644] {processor.py:153} INFO - Started process (PID=1104) to work on /home/airflow/.local/lib/python3.7/site-packages/airflow/example_dags/example_bash_operator.py
[2022-05-02 20:05:08,645] {processor.py:641} INFO - Processing file /home/airflow/.local/lib/python3.7/site-packages/airflow/example_dags/example_bash_operator.py for tasks to queue
[2022-05-02 20:05:08,646] {logging_mixin.py:115} INFO - [2022-05-02 20:05:08,646] {dagbag.py:507} INFO - Filling up the DagBag from /home/airflow/.local/lib/python3.7/site-packages/airflow/example_dags/example_bash_operator.py
[2022-05-02 20:05:08,658] {processor.py:651} INFO - DAG(s) dict_keys(['example_bash_operator']) retrieved from /home/airflow/.local/lib/python3.7/site-packages/airflow/example_dags/example_bash_operator.py
[2022-05-02 20:05:08,681] {logging_mixin.py:115} INFO - [2022-05-02 20:05:08,681] {dag.py:2371} INFO - Sync 1 DAGs
[2022-05-02 20:05:08,796] {logging_mixin.py:115} INFO - [2022-05-02 20:05:08,795] {dag.py:2919} INFO - Setting next_dagrun for example_bash_operator to 2022-05-01T00:00:00+00:00, run_after=2022-05-02T00:00:00+00:00
[2022-05-02 20:05:08,808] {processor.py:161} INFO - Processing /home/airflow/.local/lib/python3.7/site-packages/airflow/example_dags/example_bash_operator.py took 0.167 seconds
[2022-05-02 20:05:38,902] {processor.py:153} INFO - Started process (PID=1165) to work on /home/airflow/.local/lib/python3.7/site-packages/airflow/example_dags/example_bash_operator.py
[2022-05-02 20:05:38,903] {processor.py:641} INFO - Processing file /home/airflow/.local/lib/python3.7/site-packages/airflow/example_dags/example_bash_operator.py for tasks to queue
[2022-05-02 20:05:38,904] {logging_mixin.py:115} INFO - [2022-05-02 20:05:38,904] {dagbag.py:507} INFO - Filling up the DagBag from /home/airflow/.local/lib/python3.7/site-packages/airflow/example_dags/example_bash_operator.py
[2022-05-02 20:05:38,913] {processor.py:651} INFO - DAG(s) dict_keys(['example_bash_operator']) retrieved from /home/airflow/.local/lib/python3.7/site-packages/airflow/example_dags/example_bash_operator.py
[2022-05-02 20:05:38,935] {logging_mixin.py:115} INFO - [2022-05-02 20:05:38,935] {dag.py:2371} INFO - Sync 1 DAGs
[2022-05-02 20:05:39,051] {logging_mixin.py:115} INFO - [2022-05-02 20:05:39,051] {dag.py:2919} INFO - Setting next_dagrun for example_bash_operator to 2022-05-01T00:00:00+00:00, run_after=2022-05-02T00:00:00+00:00
[2022-05-02 20:05:39,063] {processor.py:161} INFO - Processing /home/airflow/.local/lib/python3.7/site-packages/airflow/example_dags/example_bash_operator.py took 0.167 seconds
[2022-05-02 20:06:09,191] {processor.py:153} INFO - Started process (PID=1219) to work on /home/airflow/.local/lib/python3.7/site-packages/airflow/example_dags/example_bash_operator.py
[2022-05-02 20:06:09,192] {processor.py:641} INFO - Processing file /home/airflow/.local/lib/python3.7/site-packages/airflow/example_dags/example_bash_operator.py for tasks to queue
[2022-05-02 20:06:09,192] {logging_mixin.py:115} INFO - [2022-05-02 20:06:09,192] {dagbag.py:507} INFO - Filling up the DagBag from /home/airflow/.local/lib/python3.7/site-packages/airflow/example_dags/example_bash_operator.py
[2022-05-02 20:06:09,201] {processor.py:651} INFO - DAG(s) dict_keys(['example_bash_operator']) retrieved from /home/airflow/.local/lib/python3.7/site-packages/airflow/example_dags/example_bash_operator.py
[2022-05-02 20:06:09,223] {logging_mixin.py:115} INFO - [2022-05-02 20:06:09,223] {dag.py:2371} INFO - Sync 1 DAGs
[2022-05-02 20:06:09,346] {logging_mixin.py:115} INFO - [2022-05-02 20:06:09,346] {dag.py:2919} INFO - Setting next_dagrun for example_bash_operator to 2022-05-01T00:00:00+00:00, run_after=2022-05-02T00:00:00+00:00
[2022-05-02 20:06:09,357] {processor.py:161} INFO - Processing /home/airflow/.local/lib/python3.7/site-packages/airflow/example_dags/example_bash_operator.py took 0.168 seconds
[2022-05-02 20:06:39,484] {processor.py:153} INFO - Started process (PID=1283) to work on /home/airflow/.local/lib/python3.7/site-packages/airflow/example_dags/example_bash_operator.py
[2022-05-02 20:06:39,485] {processor.py:641} INFO - Processing file /home/airflow/.local/lib/python3.7/site-packages/airflow/example_dags/example_bash_operator.py for tasks to queue
[2022-05-02 20:06:39,485] {logging_mixin.py:115} INFO - [2022-05-02 20:06:39,485] {dagbag.py:507} INFO - Filling up the DagBag from /home/airflow/.local/lib/python3.7/site-packages/airflow/example_dags/example_bash_operator.py
[2022-05-02 20:06:39,495] {processor.py:651} INFO - DAG(s) dict_keys(['example_bash_operator']) retrieved from /home/airflow/.local/lib/python3.7/site-packages/airflow/example_dags/example_bash_operator.py
[2022-05-02 20:06:39,518] {logging_mixin.py:115} INFO - [2022-05-02 20:06:39,518] {dag.py:2371} INFO - Sync 1 DAGs
[2022-05-02 20:06:39,636] {logging_mixin.py:115} INFO - [2022-05-02 20:06:39,636] {dag.py:2919} INFO - Setting next_dagrun for example_bash_operator to 2022-05-01T00:00:00+00:00, run_after=2022-05-02T00:00:00+00:00
[2022-05-02 20:06:39,647] {processor.py:161} INFO - Processing /home/airflow/.local/lib/python3.7/site-packages/airflow/example_dags/example_bash_operator.py took 0.165 seconds
[2022-05-02 20:07:10,072] {processor.py:153} INFO - Started process (PID=1346) to work on /home/airflow/.local/lib/python3.7/site-packages/airflow/example_dags/example_bash_operator.py
[2022-05-02 20:07:10,073] {processor.py:641} INFO - Processing file /home/airflow/.local/lib/python3.7/site-packages/airflow/example_dags/example_bash_operator.py for tasks to queue
[2022-05-02 20:07:10,073] {logging_mixin.py:115} INFO - [2022-05-02 20:07:10,073] {dagbag.py:507} INFO - Filling up the DagBag from /home/airflow/.local/lib/python3.7/site-packages/airflow/example_dags/example_bash_operator.py
[2022-05-02 20:07:10,088] {processor.py:651} INFO - DAG(s) dict_keys(['example_bash_operator']) retrieved from /home/airflow/.local/lib/python3.7/site-packages/airflow/example_dags/example_bash_operator.py
[2022-05-02 20:07:10,110] {logging_mixin.py:115} INFO - [2022-05-02 20:07:10,110] {dag.py:2371} INFO - Sync 1 DAGs
[2022-05-02 20:07:10,221] {logging_mixin.py:115} INFO - [2022-05-02 20:07:10,221] {dag.py:2919} INFO - Setting next_dagrun for example_bash_operator to 2022-05-01T00:00:00+00:00, run_after=2022-05-02T00:00:00+00:00
[2022-05-02 20:07:10,233] {processor.py:161} INFO - Processing /home/airflow/.local/lib/python3.7/site-packages/airflow/example_dags/example_bash_operator.py took 0.163 seconds
[2022-05-02 20:07:40,415] {processor.py:153} INFO - Started process (PID=1400) to work on /home/airflow/.local/lib/python3.7/site-packages/airflow/example_dags/example_bash_operator.py
[2022-05-02 20:07:40,415] {processor.py:641} INFO - Processing file /home/airflow/.local/lib/python3.7/site-packages/airflow/example_dags/example_bash_operator.py for tasks to queue
[2022-05-02 20:07:40,416] {logging_mixin.py:115} INFO - [2022-05-02 20:07:40,416] {dagbag.py:507} INFO - Filling up the DagBag from /home/airflow/.local/lib/python3.7/site-packages/airflow/example_dags/example_bash_operator.py
[2022-05-02 20:07:40,426] {processor.py:651} INFO - DAG(s) dict_keys(['example_bash_operator']) retrieved from /home/airflow/.local/lib/python3.7/site-packages/airflow/example_dags/example_bash_operator.py
[2022-05-02 20:07:40,451] {logging_mixin.py:115} INFO - [2022-05-02 20:07:40,451] {dag.py:2371} INFO - Sync 1 DAGs
[2022-05-02 20:07:40,583] {logging_mixin.py:115} INFO - [2022-05-02 20:07:40,583] {dag.py:2919} INFO - Setting next_dagrun for example_bash_operator to 2022-05-01T00:00:00+00:00, run_after=2022-05-02T00:00:00+00:00
[2022-05-02 20:07:40,596] {processor.py:161} INFO - Processing /home/airflow/.local/lib/python3.7/site-packages/airflow/example_dags/example_bash_operator.py took 0.183 seconds
[2022-05-02 20:08:10,810] {processor.py:153} INFO - Started process (PID=1463) to work on /home/airflow/.local/lib/python3.7/site-packages/airflow/example_dags/example_bash_operator.py
[2022-05-02 20:08:10,811] {processor.py:641} INFO - Processing file /home/airflow/.local/lib/python3.7/site-packages/airflow/example_dags/example_bash_operator.py for tasks to queue
[2022-05-02 20:08:10,811] {logging_mixin.py:115} INFO - [2022-05-02 20:08:10,811] {dagbag.py:507} INFO - Filling up the DagBag from /home/airflow/.local/lib/python3.7/site-packages/airflow/example_dags/example_bash_operator.py
[2022-05-02 20:08:10,821] {processor.py:651} INFO - DAG(s) dict_keys(['example_bash_operator']) retrieved from /home/airflow/.local/lib/python3.7/site-packages/airflow/example_dags/example_bash_operator.py
[2022-05-02 20:08:10,842] {logging_mixin.py:115} INFO - [2022-05-02 20:08:10,842] {dag.py:2371} INFO - Sync 1 DAGs
[2022-05-02 20:08:10,958] {logging_mixin.py:115} INFO - [2022-05-02 20:08:10,957] {dag.py:2919} INFO - Setting next_dagrun for example_bash_operator to 2022-05-01T00:00:00+00:00, run_after=2022-05-02T00:00:00+00:00
[2022-05-02 20:08:10,970] {processor.py:161} INFO - Processing /home/airflow/.local/lib/python3.7/site-packages/airflow/example_dags/example_bash_operator.py took 0.162 seconds
