[2022-05-02 19:56:02,884] {processor.py:153} INFO - Started process (PID=75) to work on /home/airflow/.local/lib/python3.7/site-packages/airflow/example_dags/example_task_group_decorator.py
[2022-05-02 19:56:02,884] {processor.py:641} INFO - Processing file /home/airflow/.local/lib/python3.7/site-packages/airflow/example_dags/example_task_group_decorator.py for tasks to queue
[2022-05-02 19:56:02,884] {logging_mixin.py:115} INFO - [2022-05-02 19:56:02,884] {dagbag.py:507} INFO - Filling up the DagBag from /home/airflow/.local/lib/python3.7/site-packages/airflow/example_dags/example_task_group_decorator.py
[2022-05-02 19:56:02,909] {processor.py:651} INFO - DAG(s) dict_keys(['example_task_group_decorator']) retrieved from /home/airflow/.local/lib/python3.7/site-packages/airflow/example_dags/example_task_group_decorator.py
[2022-05-02 19:56:03,079] {logging_mixin.py:115} INFO - [2022-05-02 19:56:03,079] {manager.py:508} INFO - Created Permission View: can read on DAG:example_task_group_decorator
[2022-05-02 19:56:03,089] {logging_mixin.py:115} INFO - [2022-05-02 19:56:03,089] {manager.py:508} INFO - Created Permission View: can delete on DAG:example_task_group_decorator
[2022-05-02 19:56:03,096] {logging_mixin.py:115} INFO - [2022-05-02 19:56:03,096] {manager.py:508} INFO - Created Permission View: can edit on DAG:example_task_group_decorator
[2022-05-02 19:56:03,096] {logging_mixin.py:115} INFO - [2022-05-02 19:56:03,096] {dag.py:2371} INFO - Sync 1 DAGs
[2022-05-02 19:56:03,104] {logging_mixin.py:115} INFO - [2022-05-02 19:56:03,104] {dag.py:2390} INFO - Creating ORM DAG for example_task_group_decorator
[2022-05-02 19:56:03,114] {logging_mixin.py:115} INFO - [2022-05-02 19:56:03,114] {dag.py:2919} INFO - Setting next_dagrun for example_task_group_decorator to 2022-05-01T19:56:03.114703+00:00, run_after=2022-05-02T19:56:03.114703+00:00
[2022-05-02 19:56:03,129] {processor.py:161} INFO - Processing /home/airflow/.local/lib/python3.7/site-packages/airflow/example_dags/example_task_group_decorator.py took 0.247 seconds
[2022-05-02 19:56:33,273] {processor.py:153} INFO - Started process (PID=127) to work on /home/airflow/.local/lib/python3.7/site-packages/airflow/example_dags/example_task_group_decorator.py
[2022-05-02 19:56:33,273] {processor.py:641} INFO - Processing file /home/airflow/.local/lib/python3.7/site-packages/airflow/example_dags/example_task_group_decorator.py for tasks to queue
[2022-05-02 19:56:33,274] {logging_mixin.py:115} INFO - [2022-05-02 19:56:33,274] {dagbag.py:507} INFO - Filling up the DagBag from /home/airflow/.local/lib/python3.7/site-packages/airflow/example_dags/example_task_group_decorator.py
[2022-05-02 19:56:33,297] {processor.py:651} INFO - DAG(s) dict_keys(['example_task_group_decorator']) retrieved from /home/airflow/.local/lib/python3.7/site-packages/airflow/example_dags/example_task_group_decorator.py
[2022-05-02 19:56:33,453] {logging_mixin.py:115} INFO - [2022-05-02 19:56:33,453] {dag.py:2371} INFO - Sync 1 DAGs
[2022-05-02 19:56:33,470] {logging_mixin.py:115} INFO - [2022-05-02 19:56:33,470] {dag.py:2919} INFO - Setting next_dagrun for example_task_group_decorator to 2022-05-01T19:56:33.470437+00:00, run_after=2022-05-02T19:56:33.470437+00:00
[2022-05-02 19:56:33,485] {processor.py:161} INFO - Processing /home/airflow/.local/lib/python3.7/site-packages/airflow/example_dags/example_task_group_decorator.py took 0.215 seconds
[2022-05-02 19:57:03,747] {processor.py:153} INFO - Started process (PID=188) to work on /home/airflow/.local/lib/python3.7/site-packages/airflow/example_dags/example_task_group_decorator.py
[2022-05-02 19:57:03,748] {processor.py:641} INFO - Processing file /home/airflow/.local/lib/python3.7/site-packages/airflow/example_dags/example_task_group_decorator.py for tasks to queue
[2022-05-02 19:57:03,749] {logging_mixin.py:115} INFO - [2022-05-02 19:57:03,748] {dagbag.py:507} INFO - Filling up the DagBag from /home/airflow/.local/lib/python3.7/site-packages/airflow/example_dags/example_task_group_decorator.py
[2022-05-02 19:57:03,771] {processor.py:651} INFO - DAG(s) dict_keys(['example_task_group_decorator']) retrieved from /home/airflow/.local/lib/python3.7/site-packages/airflow/example_dags/example_task_group_decorator.py
[2022-05-02 19:57:03,925] {logging_mixin.py:115} INFO - [2022-05-02 19:57:03,925] {dag.py:2371} INFO - Sync 1 DAGs
[2022-05-02 19:57:03,947] {logging_mixin.py:115} INFO - [2022-05-02 19:57:03,947] {dag.py:2919} INFO - Setting next_dagrun for example_task_group_decorator to 2022-05-01T19:57:03.947322+00:00, run_after=2022-05-02T19:57:03.947322+00:00
[2022-05-02 19:57:03,966] {processor.py:161} INFO - Processing /home/airflow/.local/lib/python3.7/site-packages/airflow/example_dags/example_task_group_decorator.py took 0.220 seconds
[2022-05-02 19:57:34,142] {processor.py:153} INFO - Started process (PID=249) to work on /home/airflow/.local/lib/python3.7/site-packages/airflow/example_dags/example_task_group_decorator.py
[2022-05-02 19:57:34,142] {processor.py:641} INFO - Processing file /home/airflow/.local/lib/python3.7/site-packages/airflow/example_dags/example_task_group_decorator.py for tasks to queue
[2022-05-02 19:57:34,142] {logging_mixin.py:115} INFO - [2022-05-02 19:57:34,142] {dagbag.py:507} INFO - Filling up the DagBag from /home/airflow/.local/lib/python3.7/site-packages/airflow/example_dags/example_task_group_decorator.py
[2022-05-02 19:57:34,165] {processor.py:651} INFO - DAG(s) dict_keys(['example_task_group_decorator']) retrieved from /home/airflow/.local/lib/python3.7/site-packages/airflow/example_dags/example_task_group_decorator.py
[2022-05-02 19:57:34,331] {logging_mixin.py:115} INFO - [2022-05-02 19:57:34,331] {dag.py:2371} INFO - Sync 1 DAGs
[2022-05-02 19:57:34,351] {logging_mixin.py:115} INFO - [2022-05-02 19:57:34,351] {dag.py:2919} INFO - Setting next_dagrun for example_task_group_decorator to 2022-05-01T19:57:34.351055+00:00, run_after=2022-05-02T19:57:34.351055+00:00
[2022-05-02 19:57:34,365] {processor.py:161} INFO - Processing /home/airflow/.local/lib/python3.7/site-packages/airflow/example_dags/example_task_group_decorator.py took 0.226 seconds
[2022-05-02 19:58:04,513] {processor.py:153} INFO - Started process (PID=301) to work on /home/airflow/.local/lib/python3.7/site-packages/airflow/example_dags/example_task_group_decorator.py
[2022-05-02 19:58:04,514] {processor.py:641} INFO - Processing file /home/airflow/.local/lib/python3.7/site-packages/airflow/example_dags/example_task_group_decorator.py for tasks to queue
[2022-05-02 19:58:04,514] {logging_mixin.py:115} INFO - [2022-05-02 19:58:04,514] {dagbag.py:507} INFO - Filling up the DagBag from /home/airflow/.local/lib/python3.7/site-packages/airflow/example_dags/example_task_group_decorator.py
[2022-05-02 19:58:04,542] {processor.py:651} INFO - DAG(s) dict_keys(['example_task_group_decorator']) retrieved from /home/airflow/.local/lib/python3.7/site-packages/airflow/example_dags/example_task_group_decorator.py
[2022-05-02 19:58:04,705] {logging_mixin.py:115} INFO - [2022-05-02 19:58:04,705] {dag.py:2371} INFO - Sync 1 DAGs
[2022-05-02 19:58:04,725] {logging_mixin.py:115} INFO - [2022-05-02 19:58:04,725] {dag.py:2919} INFO - Setting next_dagrun for example_task_group_decorator to 2022-05-01T19:58:04.725329+00:00, run_after=2022-05-02T19:58:04.725329+00:00
[2022-05-02 19:58:04,738] {processor.py:161} INFO - Processing /home/airflow/.local/lib/python3.7/site-packages/airflow/example_dags/example_task_group_decorator.py took 0.227 seconds
[2022-05-02 19:58:35,018] {processor.py:153} INFO - Started process (PID=363) to work on /home/airflow/.local/lib/python3.7/site-packages/airflow/example_dags/example_task_group_decorator.py
[2022-05-02 19:58:35,018] {processor.py:641} INFO - Processing file /home/airflow/.local/lib/python3.7/site-packages/airflow/example_dags/example_task_group_decorator.py for tasks to queue
[2022-05-02 19:58:35,019] {logging_mixin.py:115} INFO - [2022-05-02 19:58:35,019] {dagbag.py:507} INFO - Filling up the DagBag from /home/airflow/.local/lib/python3.7/site-packages/airflow/example_dags/example_task_group_decorator.py
[2022-05-02 19:58:35,044] {processor.py:651} INFO - DAG(s) dict_keys(['example_task_group_decorator']) retrieved from /home/airflow/.local/lib/python3.7/site-packages/airflow/example_dags/example_task_group_decorator.py
[2022-05-02 19:58:35,204] {logging_mixin.py:115} INFO - [2022-05-02 19:58:35,204] {dag.py:2371} INFO - Sync 1 DAGs
[2022-05-02 19:58:35,224] {logging_mixin.py:115} INFO - [2022-05-02 19:58:35,223] {dag.py:2919} INFO - Setting next_dagrun for example_task_group_decorator to 2022-05-01T19:58:35.223737+00:00, run_after=2022-05-02T19:58:35.223737+00:00
[2022-05-02 19:58:35,240] {processor.py:161} INFO - Processing /home/airflow/.local/lib/python3.7/site-packages/airflow/example_dags/example_task_group_decorator.py took 0.223 seconds
[2022-05-02 19:59:05,390] {processor.py:153} INFO - Started process (PID=425) to work on /home/airflow/.local/lib/python3.7/site-packages/airflow/example_dags/example_task_group_decorator.py
[2022-05-02 19:59:05,390] {processor.py:641} INFO - Processing file /home/airflow/.local/lib/python3.7/site-packages/airflow/example_dags/example_task_group_decorator.py for tasks to queue
[2022-05-02 19:59:05,391] {logging_mixin.py:115} INFO - [2022-05-02 19:59:05,391] {dagbag.py:507} INFO - Filling up the DagBag from /home/airflow/.local/lib/python3.7/site-packages/airflow/example_dags/example_task_group_decorator.py
[2022-05-02 19:59:05,421] {processor.py:651} INFO - DAG(s) dict_keys(['example_task_group_decorator']) retrieved from /home/airflow/.local/lib/python3.7/site-packages/airflow/example_dags/example_task_group_decorator.py
[2022-05-02 19:59:05,602] {logging_mixin.py:115} INFO - [2022-05-02 19:59:05,602] {dag.py:2371} INFO - Sync 1 DAGs
[2022-05-02 19:59:05,621] {logging_mixin.py:115} INFO - [2022-05-02 19:59:05,621] {dag.py:2919} INFO - Setting next_dagrun for example_task_group_decorator to 2022-05-01T19:59:05.621124+00:00, run_after=2022-05-02T19:59:05.621124+00:00
[2022-05-02 19:59:05,635] {processor.py:161} INFO - Processing /home/airflow/.local/lib/python3.7/site-packages/airflow/example_dags/example_task_group_decorator.py took 0.248 seconds
[2022-05-02 19:59:35,792] {processor.py:153} INFO - Started process (PID=477) to work on /home/airflow/.local/lib/python3.7/site-packages/airflow/example_dags/example_task_group_decorator.py
[2022-05-02 19:59:35,793] {processor.py:641} INFO - Processing file /home/airflow/.local/lib/python3.7/site-packages/airflow/example_dags/example_task_group_decorator.py for tasks to queue
[2022-05-02 19:59:35,793] {logging_mixin.py:115} INFO - [2022-05-02 19:59:35,793] {dagbag.py:507} INFO - Filling up the DagBag from /home/airflow/.local/lib/python3.7/site-packages/airflow/example_dags/example_task_group_decorator.py
[2022-05-02 19:59:35,815] {processor.py:651} INFO - DAG(s) dict_keys(['example_task_group_decorator']) retrieved from /home/airflow/.local/lib/python3.7/site-packages/airflow/example_dags/example_task_group_decorator.py
[2022-05-02 19:59:35,842] {logging_mixin.py:115} INFO - [2022-05-02 19:59:35,842] {dag.py:2371} INFO - Sync 1 DAGs
[2022-05-02 19:59:35,971] {logging_mixin.py:115} INFO - [2022-05-02 19:59:35,971] {dag.py:2919} INFO - Setting next_dagrun for example_task_group_decorator to 2022-05-01T19:59:35.970785+00:00, run_after=2022-05-02T19:59:35.970785+00:00
[2022-05-02 19:59:35,987] {processor.py:161} INFO - Processing /home/airflow/.local/lib/python3.7/site-packages/airflow/example_dags/example_task_group_decorator.py took 0.197 seconds
[2022-05-02 20:00:06,028] {processor.py:153} INFO - Started process (PID=538) to work on /home/airflow/.local/lib/python3.7/site-packages/airflow/example_dags/example_task_group_decorator.py
[2022-05-02 20:00:06,029] {processor.py:641} INFO - Processing file /home/airflow/.local/lib/python3.7/site-packages/airflow/example_dags/example_task_group_decorator.py for tasks to queue
[2022-05-02 20:00:06,029] {logging_mixin.py:115} INFO - [2022-05-02 20:00:06,029] {dagbag.py:507} INFO - Filling up the DagBag from /home/airflow/.local/lib/python3.7/site-packages/airflow/example_dags/example_task_group_decorator.py
[2022-05-02 20:00:06,051] {processor.py:651} INFO - DAG(s) dict_keys(['example_task_group_decorator']) retrieved from /home/airflow/.local/lib/python3.7/site-packages/airflow/example_dags/example_task_group_decorator.py
[2022-05-02 20:00:06,214] {logging_mixin.py:115} INFO - [2022-05-02 20:00:06,214] {dag.py:2371} INFO - Sync 1 DAGs
[2022-05-02 20:00:06,232] {logging_mixin.py:115} INFO - [2022-05-02 20:00:06,232] {dag.py:2919} INFO - Setting next_dagrun for example_task_group_decorator to 2022-05-01T20:00:06.232676+00:00, run_after=2022-05-02T20:00:06.232676+00:00
[2022-05-02 20:00:06,248] {processor.py:161} INFO - Processing /home/airflow/.local/lib/python3.7/site-packages/airflow/example_dags/example_task_group_decorator.py took 0.222 seconds
[2022-05-02 20:00:36,422] {processor.py:153} INFO - Started process (PID=601) to work on /home/airflow/.local/lib/python3.7/site-packages/airflow/example_dags/example_task_group_decorator.py
[2022-05-02 20:00:36,423] {processor.py:641} INFO - Processing file /home/airflow/.local/lib/python3.7/site-packages/airflow/example_dags/example_task_group_decorator.py for tasks to queue
[2022-05-02 20:00:36,424] {logging_mixin.py:115} INFO - [2022-05-02 20:00:36,423] {dagbag.py:507} INFO - Filling up the DagBag from /home/airflow/.local/lib/python3.7/site-packages/airflow/example_dags/example_task_group_decorator.py
[2022-05-02 20:00:36,450] {processor.py:651} INFO - DAG(s) dict_keys(['example_task_group_decorator']) retrieved from /home/airflow/.local/lib/python3.7/site-packages/airflow/example_dags/example_task_group_decorator.py
[2022-05-02 20:00:36,616] {logging_mixin.py:115} INFO - [2022-05-02 20:00:36,616] {dag.py:2371} INFO - Sync 1 DAGs
[2022-05-02 20:00:36,635] {logging_mixin.py:115} INFO - [2022-05-02 20:00:36,635] {dag.py:2919} INFO - Setting next_dagrun for example_task_group_decorator to 2022-05-01T20:00:36.635181+00:00, run_after=2022-05-02T20:00:36.635181+00:00
[2022-05-02 20:00:36,650] {processor.py:161} INFO - Processing /home/airflow/.local/lib/python3.7/site-packages/airflow/example_dags/example_task_group_decorator.py took 0.230 seconds
[2022-05-02 20:01:07,406] {processor.py:153} INFO - Started process (PID=654) to work on /home/airflow/.local/lib/python3.7/site-packages/airflow/example_dags/example_task_group_decorator.py
[2022-05-02 20:01:07,406] {processor.py:641} INFO - Processing file /home/airflow/.local/lib/python3.7/site-packages/airflow/example_dags/example_task_group_decorator.py for tasks to queue
[2022-05-02 20:01:07,406] {logging_mixin.py:115} INFO - [2022-05-02 20:01:07,406] {dagbag.py:507} INFO - Filling up the DagBag from /home/airflow/.local/lib/python3.7/site-packages/airflow/example_dags/example_task_group_decorator.py
[2022-05-02 20:01:07,431] {processor.py:651} INFO - DAG(s) dict_keys(['example_task_group_decorator']) retrieved from /home/airflow/.local/lib/python3.7/site-packages/airflow/example_dags/example_task_group_decorator.py
[2022-05-02 20:01:07,602] {logging_mixin.py:115} INFO - [2022-05-02 20:01:07,602] {dag.py:2371} INFO - Sync 1 DAGs
[2022-05-02 20:01:07,621] {logging_mixin.py:115} INFO - [2022-05-02 20:01:07,621] {dag.py:2919} INFO - Setting next_dagrun for example_task_group_decorator to 2022-05-01T20:01:07.620942+00:00, run_after=2022-05-02T20:01:07.620942+00:00
[2022-05-02 20:01:07,636] {processor.py:161} INFO - Processing /home/airflow/.local/lib/python3.7/site-packages/airflow/example_dags/example_task_group_decorator.py took 0.233 seconds
[2022-05-02 20:01:37,732] {processor.py:153} INFO - Started process (PID=715) to work on /home/airflow/.local/lib/python3.7/site-packages/airflow/example_dags/example_task_group_decorator.py
[2022-05-02 20:01:37,732] {processor.py:641} INFO - Processing file /home/airflow/.local/lib/python3.7/site-packages/airflow/example_dags/example_task_group_decorator.py for tasks to queue
[2022-05-02 20:01:37,733] {logging_mixin.py:115} INFO - [2022-05-02 20:01:37,733] {dagbag.py:507} INFO - Filling up the DagBag from /home/airflow/.local/lib/python3.7/site-packages/airflow/example_dags/example_task_group_decorator.py
[2022-05-02 20:01:37,757] {processor.py:651} INFO - DAG(s) dict_keys(['example_task_group_decorator']) retrieved from /home/airflow/.local/lib/python3.7/site-packages/airflow/example_dags/example_task_group_decorator.py
[2022-05-02 20:01:37,782] {logging_mixin.py:115} INFO - [2022-05-02 20:01:37,782] {dag.py:2371} INFO - Sync 1 DAGs
[2022-05-02 20:01:37,897] {logging_mixin.py:115} INFO - [2022-05-02 20:01:37,897] {dag.py:2919} INFO - Setting next_dagrun for example_task_group_decorator to 2022-05-01T20:01:37.897281+00:00, run_after=2022-05-02T20:01:37.897281+00:00
[2022-05-02 20:01:37,909] {processor.py:161} INFO - Processing /home/airflow/.local/lib/python3.7/site-packages/airflow/example_dags/example_task_group_decorator.py took 0.180 seconds
[2022-05-02 20:02:08,100] {processor.py:153} INFO - Started process (PID=776) to work on /home/airflow/.local/lib/python3.7/site-packages/airflow/example_dags/example_task_group_decorator.py
[2022-05-02 20:02:08,101] {processor.py:641} INFO - Processing file /home/airflow/.local/lib/python3.7/site-packages/airflow/example_dags/example_task_group_decorator.py for tasks to queue
[2022-05-02 20:02:08,101] {logging_mixin.py:115} INFO - [2022-05-02 20:02:08,101] {dagbag.py:507} INFO - Filling up the DagBag from /home/airflow/.local/lib/python3.7/site-packages/airflow/example_dags/example_task_group_decorator.py
[2022-05-02 20:02:08,128] {processor.py:651} INFO - DAG(s) dict_keys(['example_task_group_decorator']) retrieved from /home/airflow/.local/lib/python3.7/site-packages/airflow/example_dags/example_task_group_decorator.py
[2022-05-02 20:02:08,294] {logging_mixin.py:115} INFO - [2022-05-02 20:02:08,294] {dag.py:2371} INFO - Sync 1 DAGs
[2022-05-02 20:02:08,313] {logging_mixin.py:115} INFO - [2022-05-02 20:02:08,313] {dag.py:2919} INFO - Setting next_dagrun for example_task_group_decorator to 2022-05-01T20:02:08.313115+00:00, run_after=2022-05-02T20:02:08.313115+00:00
[2022-05-02 20:02:08,327] {processor.py:161} INFO - Processing /home/airflow/.local/lib/python3.7/site-packages/airflow/example_dags/example_task_group_decorator.py took 0.230 seconds
[2022-05-02 20:02:38,700] {processor.py:153} INFO - Started process (PID=831) to work on /home/airflow/.local/lib/python3.7/site-packages/airflow/example_dags/example_task_group_decorator.py
[2022-05-02 20:02:38,700] {processor.py:641} INFO - Processing file /home/airflow/.local/lib/python3.7/site-packages/airflow/example_dags/example_task_group_decorator.py for tasks to queue
[2022-05-02 20:02:38,701] {logging_mixin.py:115} INFO - [2022-05-02 20:02:38,701] {dagbag.py:507} INFO - Filling up the DagBag from /home/airflow/.local/lib/python3.7/site-packages/airflow/example_dags/example_task_group_decorator.py
[2022-05-02 20:02:38,728] {processor.py:651} INFO - DAG(s) dict_keys(['example_task_group_decorator']) retrieved from /home/airflow/.local/lib/python3.7/site-packages/airflow/example_dags/example_task_group_decorator.py
[2022-05-02 20:02:38,908] {logging_mixin.py:115} INFO - [2022-05-02 20:02:38,908] {dag.py:2371} INFO - Sync 1 DAGs
[2022-05-02 20:02:38,929] {logging_mixin.py:115} INFO - [2022-05-02 20:02:38,929] {dag.py:2919} INFO - Setting next_dagrun for example_task_group_decorator to 2022-05-01T20:02:38.928916+00:00, run_after=2022-05-02T20:02:38.928916+00:00
[2022-05-02 20:02:38,946] {processor.py:161} INFO - Processing /home/airflow/.local/lib/python3.7/site-packages/airflow/example_dags/example_task_group_decorator.py took 0.249 seconds
[2022-05-02 20:03:09,507] {processor.py:153} INFO - Started process (PID=894) to work on /home/airflow/.local/lib/python3.7/site-packages/airflow/example_dags/example_task_group_decorator.py
[2022-05-02 20:03:09,508] {processor.py:641} INFO - Processing file /home/airflow/.local/lib/python3.7/site-packages/airflow/example_dags/example_task_group_decorator.py for tasks to queue
[2022-05-02 20:03:09,508] {logging_mixin.py:115} INFO - [2022-05-02 20:03:09,508] {dagbag.py:507} INFO - Filling up the DagBag from /home/airflow/.local/lib/python3.7/site-packages/airflow/example_dags/example_task_group_decorator.py
[2022-05-02 20:03:09,530] {processor.py:651} INFO - DAG(s) dict_keys(['example_task_group_decorator']) retrieved from /home/airflow/.local/lib/python3.7/site-packages/airflow/example_dags/example_task_group_decorator.py
[2022-05-02 20:03:09,691] {logging_mixin.py:115} INFO - [2022-05-02 20:03:09,691] {dag.py:2371} INFO - Sync 1 DAGs
[2022-05-02 20:03:09,709] {logging_mixin.py:115} INFO - [2022-05-02 20:03:09,709] {dag.py:2919} INFO - Setting next_dagrun for example_task_group_decorator to 2022-05-01T20:03:09.709594+00:00, run_after=2022-05-02T20:03:09.709594+00:00
[2022-05-02 20:03:09,724] {processor.py:161} INFO - Processing /home/airflow/.local/lib/python3.7/site-packages/airflow/example_dags/example_task_group_decorator.py took 0.219 seconds
[2022-05-02 20:03:39,962] {processor.py:153} INFO - Started process (PID=946) to work on /home/airflow/.local/lib/python3.7/site-packages/airflow/example_dags/example_task_group_decorator.py
[2022-05-02 20:03:39,963] {processor.py:641} INFO - Processing file /home/airflow/.local/lib/python3.7/site-packages/airflow/example_dags/example_task_group_decorator.py for tasks to queue
[2022-05-02 20:03:39,964] {logging_mixin.py:115} INFO - [2022-05-02 20:03:39,963] {dagbag.py:507} INFO - Filling up the DagBag from /home/airflow/.local/lib/python3.7/site-packages/airflow/example_dags/example_task_group_decorator.py
[2022-05-02 20:03:39,991] {processor.py:651} INFO - DAG(s) dict_keys(['example_task_group_decorator']) retrieved from /home/airflow/.local/lib/python3.7/site-packages/airflow/example_dags/example_task_group_decorator.py
[2022-05-02 20:03:40,179] {logging_mixin.py:115} INFO - [2022-05-02 20:03:40,179] {dag.py:2371} INFO - Sync 1 DAGs
[2022-05-02 20:03:40,199] {logging_mixin.py:115} INFO - [2022-05-02 20:03:40,199] {dag.py:2919} INFO - Setting next_dagrun for example_task_group_decorator to 2022-05-01T20:03:40.199432+00:00, run_after=2022-05-02T20:03:40.199432+00:00
[2022-05-02 20:03:40,215] {processor.py:161} INFO - Processing /home/airflow/.local/lib/python3.7/site-packages/airflow/example_dags/example_task_group_decorator.py took 0.256 seconds
[2022-05-02 20:04:10,514] {processor.py:153} INFO - Started process (PID=1007) to work on /home/airflow/.local/lib/python3.7/site-packages/airflow/example_dags/example_task_group_decorator.py
[2022-05-02 20:04:10,514] {processor.py:641} INFO - Processing file /home/airflow/.local/lib/python3.7/site-packages/airflow/example_dags/example_task_group_decorator.py for tasks to queue
[2022-05-02 20:04:10,514] {logging_mixin.py:115} INFO - [2022-05-02 20:04:10,514] {dagbag.py:507} INFO - Filling up the DagBag from /home/airflow/.local/lib/python3.7/site-packages/airflow/example_dags/example_task_group_decorator.py
[2022-05-02 20:04:10,538] {processor.py:651} INFO - DAG(s) dict_keys(['example_task_group_decorator']) retrieved from /home/airflow/.local/lib/python3.7/site-packages/airflow/example_dags/example_task_group_decorator.py
[2022-05-02 20:04:10,563] {logging_mixin.py:115} INFO - [2022-05-02 20:04:10,563] {dag.py:2371} INFO - Sync 1 DAGs
[2022-05-02 20:04:10,681] {logging_mixin.py:115} INFO - [2022-05-02 20:04:10,681] {dag.py:2919} INFO - Setting next_dagrun for example_task_group_decorator to 2022-05-01T20:04:10.681270+00:00, run_after=2022-05-02T20:04:10.681270+00:00
[2022-05-02 20:04:10,694] {processor.py:161} INFO - Processing /home/airflow/.local/lib/python3.7/site-packages/airflow/example_dags/example_task_group_decorator.py took 0.182 seconds
[2022-05-02 20:04:40,797] {processor.py:153} INFO - Started process (PID=1069) to work on /home/airflow/.local/lib/python3.7/site-packages/airflow/example_dags/example_task_group_decorator.py
[2022-05-02 20:04:40,798] {processor.py:641} INFO - Processing file /home/airflow/.local/lib/python3.7/site-packages/airflow/example_dags/example_task_group_decorator.py for tasks to queue
[2022-05-02 20:04:40,799] {logging_mixin.py:115} INFO - [2022-05-02 20:04:40,799] {dagbag.py:507} INFO - Filling up the DagBag from /home/airflow/.local/lib/python3.7/site-packages/airflow/example_dags/example_task_group_decorator.py
[2022-05-02 20:04:40,827] {processor.py:651} INFO - DAG(s) dict_keys(['example_task_group_decorator']) retrieved from /home/airflow/.local/lib/python3.7/site-packages/airflow/example_dags/example_task_group_decorator.py
[2022-05-02 20:04:40,857] {logging_mixin.py:115} INFO - [2022-05-02 20:04:40,857] {dag.py:2371} INFO - Sync 1 DAGs
[2022-05-02 20:04:40,973] {logging_mixin.py:115} INFO - [2022-05-02 20:04:40,973] {dag.py:2919} INFO - Setting next_dagrun for example_task_group_decorator to 2022-05-01T20:04:40.973695+00:00, run_after=2022-05-02T20:04:40.973695+00:00
[2022-05-02 20:04:40,986] {processor.py:161} INFO - Processing /home/airflow/.local/lib/python3.7/site-packages/airflow/example_dags/example_task_group_decorator.py took 0.191 seconds
[2022-05-02 20:05:11,222] {processor.py:153} INFO - Started process (PID=1121) to work on /home/airflow/.local/lib/python3.7/site-packages/airflow/example_dags/example_task_group_decorator.py
[2022-05-02 20:05:11,223] {processor.py:641} INFO - Processing file /home/airflow/.local/lib/python3.7/site-packages/airflow/example_dags/example_task_group_decorator.py for tasks to queue
[2022-05-02 20:05:11,223] {logging_mixin.py:115} INFO - [2022-05-02 20:05:11,223] {dagbag.py:507} INFO - Filling up the DagBag from /home/airflow/.local/lib/python3.7/site-packages/airflow/example_dags/example_task_group_decorator.py
[2022-05-02 20:05:11,266] {processor.py:651} INFO - DAG(s) dict_keys(['example_task_group_decorator']) retrieved from /home/airflow/.local/lib/python3.7/site-packages/airflow/example_dags/example_task_group_decorator.py
[2022-05-02 20:05:11,298] {logging_mixin.py:115} INFO - [2022-05-02 20:05:11,298] {dag.py:2371} INFO - Sync 1 DAGs
[2022-05-02 20:05:11,414] {logging_mixin.py:115} INFO - [2022-05-02 20:05:11,414] {dag.py:2919} INFO - Setting next_dagrun for example_task_group_decorator to 2022-05-01T20:05:11.414454+00:00, run_after=2022-05-02T20:05:11.414454+00:00
[2022-05-02 20:05:11,431] {processor.py:161} INFO - Processing /home/airflow/.local/lib/python3.7/site-packages/airflow/example_dags/example_task_group_decorator.py took 0.212 seconds
[2022-05-02 20:05:41,512] {processor.py:153} INFO - Started process (PID=1182) to work on /home/airflow/.local/lib/python3.7/site-packages/airflow/example_dags/example_task_group_decorator.py
[2022-05-02 20:05:41,512] {processor.py:641} INFO - Processing file /home/airflow/.local/lib/python3.7/site-packages/airflow/example_dags/example_task_group_decorator.py for tasks to queue
[2022-05-02 20:05:41,513] {logging_mixin.py:115} INFO - [2022-05-02 20:05:41,513] {dagbag.py:507} INFO - Filling up the DagBag from /home/airflow/.local/lib/python3.7/site-packages/airflow/example_dags/example_task_group_decorator.py
[2022-05-02 20:05:41,536] {processor.py:651} INFO - DAG(s) dict_keys(['example_task_group_decorator']) retrieved from /home/airflow/.local/lib/python3.7/site-packages/airflow/example_dags/example_task_group_decorator.py
[2022-05-02 20:05:41,562] {logging_mixin.py:115} INFO - [2022-05-02 20:05:41,562] {dag.py:2371} INFO - Sync 1 DAGs
[2022-05-02 20:05:41,671] {logging_mixin.py:115} INFO - [2022-05-02 20:05:41,671] {dag.py:2919} INFO - Setting next_dagrun for example_task_group_decorator to 2022-05-01T20:05:41.671215+00:00, run_after=2022-05-02T20:05:41.671215+00:00
[2022-05-02 20:05:41,684] {processor.py:161} INFO - Processing /home/airflow/.local/lib/python3.7/site-packages/airflow/example_dags/example_task_group_decorator.py took 0.175 seconds
[2022-05-02 20:06:11,881] {processor.py:153} INFO - Started process (PID=1245) to work on /home/airflow/.local/lib/python3.7/site-packages/airflow/example_dags/example_task_group_decorator.py
[2022-05-02 20:06:11,882] {processor.py:641} INFO - Processing file /home/airflow/.local/lib/python3.7/site-packages/airflow/example_dags/example_task_group_decorator.py for tasks to queue
[2022-05-02 20:06:11,882] {logging_mixin.py:115} INFO - [2022-05-02 20:06:11,882] {dagbag.py:507} INFO - Filling up the DagBag from /home/airflow/.local/lib/python3.7/site-packages/airflow/example_dags/example_task_group_decorator.py
[2022-05-02 20:06:11,905] {processor.py:651} INFO - DAG(s) dict_keys(['example_task_group_decorator']) retrieved from /home/airflow/.local/lib/python3.7/site-packages/airflow/example_dags/example_task_group_decorator.py
[2022-05-02 20:06:12,065] {logging_mixin.py:115} INFO - [2022-05-02 20:06:12,065] {dag.py:2371} INFO - Sync 1 DAGs
[2022-05-02 20:06:12,082] {logging_mixin.py:115} INFO - [2022-05-02 20:06:12,082] {dag.py:2919} INFO - Setting next_dagrun for example_task_group_decorator to 2022-05-01T20:06:12.082376+00:00, run_after=2022-05-02T20:06:12.082376+00:00
[2022-05-02 20:06:12,097] {processor.py:161} INFO - Processing /home/airflow/.local/lib/python3.7/site-packages/airflow/example_dags/example_task_group_decorator.py took 0.218 seconds
[2022-05-02 20:06:42,256] {processor.py:153} INFO - Started process (PID=1300) to work on /home/airflow/.local/lib/python3.7/site-packages/airflow/example_dags/example_task_group_decorator.py
[2022-05-02 20:06:42,256] {processor.py:641} INFO - Processing file /home/airflow/.local/lib/python3.7/site-packages/airflow/example_dags/example_task_group_decorator.py for tasks to queue
[2022-05-02 20:06:42,257] {logging_mixin.py:115} INFO - [2022-05-02 20:06:42,257] {dagbag.py:507} INFO - Filling up the DagBag from /home/airflow/.local/lib/python3.7/site-packages/airflow/example_dags/example_task_group_decorator.py
[2022-05-02 20:06:42,282] {processor.py:651} INFO - DAG(s) dict_keys(['example_task_group_decorator']) retrieved from /home/airflow/.local/lib/python3.7/site-packages/airflow/example_dags/example_task_group_decorator.py
[2022-05-02 20:06:42,437] {logging_mixin.py:115} INFO - [2022-05-02 20:06:42,437] {dag.py:2371} INFO - Sync 1 DAGs
[2022-05-02 20:06:42,454] {logging_mixin.py:115} INFO - [2022-05-02 20:06:42,454] {dag.py:2919} INFO - Setting next_dagrun for example_task_group_decorator to 2022-05-01T20:06:42.454300+00:00, run_after=2022-05-02T20:06:42.454300+00:00
[2022-05-02 20:06:42,470] {processor.py:161} INFO - Processing /home/airflow/.local/lib/python3.7/site-packages/airflow/example_dags/example_task_group_decorator.py took 0.216 seconds
