[2022-05-02 19:56:02,162] {processor.py:153} INFO - Started process (PID=70) to work on /home/airflow/.local/lib/python3.7/site-packages/airflow/example_dags/example_trigger_target_dag.py
[2022-05-02 19:56:02,162] {processor.py:641} INFO - Processing file /home/airflow/.local/lib/python3.7/site-packages/airflow/example_dags/example_trigger_target_dag.py for tasks to queue
[2022-05-02 19:56:02,163] {logging_mixin.py:115} INFO - [2022-05-02 19:56:02,163] {dagbag.py:507} INFO - Filling up the DagBag from /home/airflow/.local/lib/python3.7/site-packages/airflow/example_dags/example_trigger_target_dag.py
[2022-05-02 19:56:02,177] {processor.py:651} INFO - DAG(s) dict_keys(['example_trigger_target_dag']) retrieved from /home/airflow/.local/lib/python3.7/site-packages/airflow/example_dags/example_trigger_target_dag.py
[2022-05-02 19:56:02,362] {logging_mixin.py:115} INFO - [2022-05-02 19:56:02,362] {manager.py:508} INFO - Created Permission View: can read on DAG:example_trigger_target_dag
[2022-05-02 19:56:02,375] {logging_mixin.py:115} INFO - [2022-05-02 19:56:02,375] {manager.py:508} INFO - Created Permission View: can delete on DAG:example_trigger_target_dag
[2022-05-02 19:56:02,385] {logging_mixin.py:115} INFO - [2022-05-02 19:56:02,385] {manager.py:508} INFO - Created Permission View: can edit on DAG:example_trigger_target_dag
[2022-05-02 19:56:02,386] {logging_mixin.py:115} INFO - [2022-05-02 19:56:02,386] {dag.py:2371} INFO - Sync 1 DAGs
[2022-05-02 19:56:02,395] {logging_mixin.py:115} INFO - [2022-05-02 19:56:02,395] {dag.py:2390} INFO - Creating ORM DAG for example_trigger_target_dag
[2022-05-02 19:56:02,407] {logging_mixin.py:115} INFO - [2022-05-02 19:56:02,407] {dag.py:2919} INFO - Setting next_dagrun for example_trigger_target_dag to None, run_after=None
[2022-05-02 19:56:02,422] {processor.py:161} INFO - Processing /home/airflow/.local/lib/python3.7/site-packages/airflow/example_dags/example_trigger_target_dag.py took 0.263 seconds
[2022-05-02 19:56:32,907] {processor.py:153} INFO - Started process (PID=122) to work on /home/airflow/.local/lib/python3.7/site-packages/airflow/example_dags/example_trigger_target_dag.py
[2022-05-02 19:56:32,907] {processor.py:641} INFO - Processing file /home/airflow/.local/lib/python3.7/site-packages/airflow/example_dags/example_trigger_target_dag.py for tasks to queue
[2022-05-02 19:56:32,907] {logging_mixin.py:115} INFO - [2022-05-02 19:56:32,907] {dagbag.py:507} INFO - Filling up the DagBag from /home/airflow/.local/lib/python3.7/site-packages/airflow/example_dags/example_trigger_target_dag.py
[2022-05-02 19:56:32,921] {processor.py:651} INFO - DAG(s) dict_keys(['example_trigger_target_dag']) retrieved from /home/airflow/.local/lib/python3.7/site-packages/airflow/example_dags/example_trigger_target_dag.py
[2022-05-02 19:56:32,941] {logging_mixin.py:115} INFO - [2022-05-02 19:56:32,941] {dag.py:2371} INFO - Sync 1 DAGs
[2022-05-02 19:56:32,963] {logging_mixin.py:115} INFO - [2022-05-02 19:56:32,963] {dag.py:2919} INFO - Setting next_dagrun for example_trigger_target_dag to None, run_after=None
[2022-05-02 19:56:33,068] {processor.py:161} INFO - Processing /home/airflow/.local/lib/python3.7/site-packages/airflow/example_dags/example_trigger_target_dag.py took 0.163 seconds
[2022-05-02 19:57:03,405] {processor.py:153} INFO - Started process (PID=183) to work on /home/airflow/.local/lib/python3.7/site-packages/airflow/example_dags/example_trigger_target_dag.py
[2022-05-02 19:57:03,405] {processor.py:641} INFO - Processing file /home/airflow/.local/lib/python3.7/site-packages/airflow/example_dags/example_trigger_target_dag.py for tasks to queue
[2022-05-02 19:57:03,405] {logging_mixin.py:115} INFO - [2022-05-02 19:57:03,405] {dagbag.py:507} INFO - Filling up the DagBag from /home/airflow/.local/lib/python3.7/site-packages/airflow/example_dags/example_trigger_target_dag.py
[2022-05-02 19:57:03,419] {processor.py:651} INFO - DAG(s) dict_keys(['example_trigger_target_dag']) retrieved from /home/airflow/.local/lib/python3.7/site-packages/airflow/example_dags/example_trigger_target_dag.py
[2022-05-02 19:57:03,442] {logging_mixin.py:115} INFO - [2022-05-02 19:57:03,442] {dag.py:2371} INFO - Sync 1 DAGs
[2022-05-02 19:57:03,463] {logging_mixin.py:115} INFO - [2022-05-02 19:57:03,463] {dag.py:2919} INFO - Setting next_dagrun for example_trigger_target_dag to None, run_after=None
[2022-05-02 19:57:03,576] {processor.py:161} INFO - Processing /home/airflow/.local/lib/python3.7/site-packages/airflow/example_dags/example_trigger_target_dag.py took 0.173 seconds
[2022-05-02 19:57:33,741] {processor.py:153} INFO - Started process (PID=244) to work on /home/airflow/.local/lib/python3.7/site-packages/airflow/example_dags/example_trigger_target_dag.py
[2022-05-02 19:57:33,741] {processor.py:641} INFO - Processing file /home/airflow/.local/lib/python3.7/site-packages/airflow/example_dags/example_trigger_target_dag.py for tasks to queue
[2022-05-02 19:57:33,741] {logging_mixin.py:115} INFO - [2022-05-02 19:57:33,741] {dagbag.py:507} INFO - Filling up the DagBag from /home/airflow/.local/lib/python3.7/site-packages/airflow/example_dags/example_trigger_target_dag.py
[2022-05-02 19:57:33,755] {processor.py:651} INFO - DAG(s) dict_keys(['example_trigger_target_dag']) retrieved from /home/airflow/.local/lib/python3.7/site-packages/airflow/example_dags/example_trigger_target_dag.py
[2022-05-02 19:57:33,777] {logging_mixin.py:115} INFO - [2022-05-02 19:57:33,777] {dag.py:2371} INFO - Sync 1 DAGs
[2022-05-02 19:57:33,798] {logging_mixin.py:115} INFO - [2022-05-02 19:57:33,797] {dag.py:2919} INFO - Setting next_dagrun for example_trigger_target_dag to None, run_after=None
[2022-05-02 19:57:33,904] {processor.py:161} INFO - Processing /home/airflow/.local/lib/python3.7/site-packages/airflow/example_dags/example_trigger_target_dag.py took 0.166 seconds
[2022-05-02 19:58:04,030] {processor.py:153} INFO - Started process (PID=296) to work on /home/airflow/.local/lib/python3.7/site-packages/airflow/example_dags/example_trigger_target_dag.py
[2022-05-02 19:58:04,030] {processor.py:641} INFO - Processing file /home/airflow/.local/lib/python3.7/site-packages/airflow/example_dags/example_trigger_target_dag.py for tasks to queue
[2022-05-02 19:58:04,031] {logging_mixin.py:115} INFO - [2022-05-02 19:58:04,031] {dagbag.py:507} INFO - Filling up the DagBag from /home/airflow/.local/lib/python3.7/site-packages/airflow/example_dags/example_trigger_target_dag.py
[2022-05-02 19:58:04,045] {processor.py:651} INFO - DAG(s) dict_keys(['example_trigger_target_dag']) retrieved from /home/airflow/.local/lib/python3.7/site-packages/airflow/example_dags/example_trigger_target_dag.py
[2022-05-02 19:58:04,067] {logging_mixin.py:115} INFO - [2022-05-02 19:58:04,067] {dag.py:2371} INFO - Sync 1 DAGs
[2022-05-02 19:58:04,092] {logging_mixin.py:115} INFO - [2022-05-02 19:58:04,092] {dag.py:2919} INFO - Setting next_dagrun for example_trigger_target_dag to None, run_after=None
[2022-05-02 19:58:04,199] {processor.py:161} INFO - Processing /home/airflow/.local/lib/python3.7/site-packages/airflow/example_dags/example_trigger_target_dag.py took 0.172 seconds
[2022-05-02 19:58:34,615] {processor.py:153} INFO - Started process (PID=358) to work on /home/airflow/.local/lib/python3.7/site-packages/airflow/example_dags/example_trigger_target_dag.py
[2022-05-02 19:58:34,615] {processor.py:641} INFO - Processing file /home/airflow/.local/lib/python3.7/site-packages/airflow/example_dags/example_trigger_target_dag.py for tasks to queue
[2022-05-02 19:58:34,616] {logging_mixin.py:115} INFO - [2022-05-02 19:58:34,616] {dagbag.py:507} INFO - Filling up the DagBag from /home/airflow/.local/lib/python3.7/site-packages/airflow/example_dags/example_trigger_target_dag.py
[2022-05-02 19:58:34,629] {processor.py:651} INFO - DAG(s) dict_keys(['example_trigger_target_dag']) retrieved from /home/airflow/.local/lib/python3.7/site-packages/airflow/example_dags/example_trigger_target_dag.py
[2022-05-02 19:58:34,651] {logging_mixin.py:115} INFO - [2022-05-02 19:58:34,650] {dag.py:2371} INFO - Sync 1 DAGs
[2022-05-02 19:58:34,674] {logging_mixin.py:115} INFO - [2022-05-02 19:58:34,674] {dag.py:2919} INFO - Setting next_dagrun for example_trigger_target_dag to None, run_after=None
[2022-05-02 19:58:34,781] {processor.py:161} INFO - Processing /home/airflow/.local/lib/python3.7/site-packages/airflow/example_dags/example_trigger_target_dag.py took 0.168 seconds
[2022-05-02 19:59:04,852] {processor.py:153} INFO - Started process (PID=420) to work on /home/airflow/.local/lib/python3.7/site-packages/airflow/example_dags/example_trigger_target_dag.py
[2022-05-02 19:59:04,853] {processor.py:641} INFO - Processing file /home/airflow/.local/lib/python3.7/site-packages/airflow/example_dags/example_trigger_target_dag.py for tasks to queue
[2022-05-02 19:59:04,854] {logging_mixin.py:115} INFO - [2022-05-02 19:59:04,854] {dagbag.py:507} INFO - Filling up the DagBag from /home/airflow/.local/lib/python3.7/site-packages/airflow/example_dags/example_trigger_target_dag.py
[2022-05-02 19:59:04,869] {processor.py:651} INFO - DAG(s) dict_keys(['example_trigger_target_dag']) retrieved from /home/airflow/.local/lib/python3.7/site-packages/airflow/example_dags/example_trigger_target_dag.py
[2022-05-02 19:59:04,890] {logging_mixin.py:115} INFO - [2022-05-02 19:59:04,890] {dag.py:2371} INFO - Sync 1 DAGs
[2022-05-02 19:59:04,915] {logging_mixin.py:115} INFO - [2022-05-02 19:59:04,915] {dag.py:2919} INFO - Setting next_dagrun for example_trigger_target_dag to None, run_after=None
[2022-05-02 19:59:05,022] {processor.py:161} INFO - Processing /home/airflow/.local/lib/python3.7/site-packages/airflow/example_dags/example_trigger_target_dag.py took 0.172 seconds
[2022-05-02 19:59:35,368] {processor.py:153} INFO - Started process (PID=472) to work on /home/airflow/.local/lib/python3.7/site-packages/airflow/example_dags/example_trigger_target_dag.py
[2022-05-02 19:59:35,369] {processor.py:641} INFO - Processing file /home/airflow/.local/lib/python3.7/site-packages/airflow/example_dags/example_trigger_target_dag.py for tasks to queue
[2022-05-02 19:59:35,369] {logging_mixin.py:115} INFO - [2022-05-02 19:59:35,369] {dagbag.py:507} INFO - Filling up the DagBag from /home/airflow/.local/lib/python3.7/site-packages/airflow/example_dags/example_trigger_target_dag.py
[2022-05-02 19:59:35,383] {processor.py:651} INFO - DAG(s) dict_keys(['example_trigger_target_dag']) retrieved from /home/airflow/.local/lib/python3.7/site-packages/airflow/example_dags/example_trigger_target_dag.py
[2022-05-02 19:59:35,431] {logging_mixin.py:115} INFO - [2022-05-02 19:59:35,431] {dag.py:2371} INFO - Sync 1 DAGs
[2022-05-02 19:59:35,453] {logging_mixin.py:115} INFO - [2022-05-02 19:59:35,453] {dag.py:2919} INFO - Setting next_dagrun for example_trigger_target_dag to None, run_after=None
[2022-05-02 19:59:35,565] {processor.py:161} INFO - Processing /home/airflow/.local/lib/python3.7/site-packages/airflow/example_dags/example_trigger_target_dag.py took 0.199 seconds
[2022-05-02 20:00:05,646] {processor.py:153} INFO - Started process (PID=533) to work on /home/airflow/.local/lib/python3.7/site-packages/airflow/example_dags/example_trigger_target_dag.py
[2022-05-02 20:00:05,646] {processor.py:641} INFO - Processing file /home/airflow/.local/lib/python3.7/site-packages/airflow/example_dags/example_trigger_target_dag.py for tasks to queue
[2022-05-02 20:00:05,646] {logging_mixin.py:115} INFO - [2022-05-02 20:00:05,646] {dagbag.py:507} INFO - Filling up the DagBag from /home/airflow/.local/lib/python3.7/site-packages/airflow/example_dags/example_trigger_target_dag.py
[2022-05-02 20:00:05,662] {processor.py:651} INFO - DAG(s) dict_keys(['example_trigger_target_dag']) retrieved from /home/airflow/.local/lib/python3.7/site-packages/airflow/example_dags/example_trigger_target_dag.py
[2022-05-02 20:00:05,682] {logging_mixin.py:115} INFO - [2022-05-02 20:00:05,682] {dag.py:2371} INFO - Sync 1 DAGs
[2022-05-02 20:00:05,708] {logging_mixin.py:115} INFO - [2022-05-02 20:00:05,707] {dag.py:2919} INFO - Setting next_dagrun for example_trigger_target_dag to None, run_after=None
[2022-05-02 20:00:05,817] {processor.py:161} INFO - Processing /home/airflow/.local/lib/python3.7/site-packages/airflow/example_dags/example_trigger_target_dag.py took 0.174 seconds
[2022-05-02 20:00:35,989] {processor.py:153} INFO - Started process (PID=596) to work on /home/airflow/.local/lib/python3.7/site-packages/airflow/example_dags/example_trigger_target_dag.py
[2022-05-02 20:00:35,990] {processor.py:641} INFO - Processing file /home/airflow/.local/lib/python3.7/site-packages/airflow/example_dags/example_trigger_target_dag.py for tasks to queue
[2022-05-02 20:00:35,990] {logging_mixin.py:115} INFO - [2022-05-02 20:00:35,990] {dagbag.py:507} INFO - Filling up the DagBag from /home/airflow/.local/lib/python3.7/site-packages/airflow/example_dags/example_trigger_target_dag.py
[2022-05-02 20:00:36,003] {processor.py:651} INFO - DAG(s) dict_keys(['example_trigger_target_dag']) retrieved from /home/airflow/.local/lib/python3.7/site-packages/airflow/example_dags/example_trigger_target_dag.py
[2022-05-02 20:00:36,025] {logging_mixin.py:115} INFO - [2022-05-02 20:00:36,025] {dag.py:2371} INFO - Sync 1 DAGs
[2022-05-02 20:00:36,048] {logging_mixin.py:115} INFO - [2022-05-02 20:00:36,047] {dag.py:2919} INFO - Setting next_dagrun for example_trigger_target_dag to None, run_after=None
[2022-05-02 20:00:36,158] {processor.py:161} INFO - Processing /home/airflow/.local/lib/python3.7/site-packages/airflow/example_dags/example_trigger_target_dag.py took 0.170 seconds
[2022-05-02 20:01:06,989] {processor.py:153} INFO - Started process (PID=649) to work on /home/airflow/.local/lib/python3.7/site-packages/airflow/example_dags/example_trigger_target_dag.py
[2022-05-02 20:01:06,990] {processor.py:641} INFO - Processing file /home/airflow/.local/lib/python3.7/site-packages/airflow/example_dags/example_trigger_target_dag.py for tasks to queue
[2022-05-02 20:01:06,991] {logging_mixin.py:115} INFO - [2022-05-02 20:01:06,990] {dagbag.py:507} INFO - Filling up the DagBag from /home/airflow/.local/lib/python3.7/site-packages/airflow/example_dags/example_trigger_target_dag.py
[2022-05-02 20:01:07,004] {processor.py:651} INFO - DAG(s) dict_keys(['example_trigger_target_dag']) retrieved from /home/airflow/.local/lib/python3.7/site-packages/airflow/example_dags/example_trigger_target_dag.py
[2022-05-02 20:01:07,024] {logging_mixin.py:115} INFO - [2022-05-02 20:01:07,024] {dag.py:2371} INFO - Sync 1 DAGs
[2022-05-02 20:01:07,142] {logging_mixin.py:115} INFO - [2022-05-02 20:01:07,142] {dag.py:2919} INFO - Setting next_dagrun for example_trigger_target_dag to None, run_after=None
[2022-05-02 20:01:07,153] {processor.py:161} INFO - Processing /home/airflow/.local/lib/python3.7/site-packages/airflow/example_dags/example_trigger_target_dag.py took 0.166 seconds
[2022-05-02 20:01:37,295] {processor.py:153} INFO - Started process (PID=710) to work on /home/airflow/.local/lib/python3.7/site-packages/airflow/example_dags/example_trigger_target_dag.py
[2022-05-02 20:01:37,295] {processor.py:641} INFO - Processing file /home/airflow/.local/lib/python3.7/site-packages/airflow/example_dags/example_trigger_target_dag.py for tasks to queue
[2022-05-02 20:01:37,295] {logging_mixin.py:115} INFO - [2022-05-02 20:01:37,295] {dagbag.py:507} INFO - Filling up the DagBag from /home/airflow/.local/lib/python3.7/site-packages/airflow/example_dags/example_trigger_target_dag.py
[2022-05-02 20:01:37,312] {processor.py:651} INFO - DAG(s) dict_keys(['example_trigger_target_dag']) retrieved from /home/airflow/.local/lib/python3.7/site-packages/airflow/example_dags/example_trigger_target_dag.py
[2022-05-02 20:01:37,334] {logging_mixin.py:115} INFO - [2022-05-02 20:01:37,333] {dag.py:2371} INFO - Sync 1 DAGs
[2022-05-02 20:01:37,451] {logging_mixin.py:115} INFO - [2022-05-02 20:01:37,451] {dag.py:2919} INFO - Setting next_dagrun for example_trigger_target_dag to None, run_after=None
[2022-05-02 20:01:37,463] {processor.py:161} INFO - Processing /home/airflow/.local/lib/python3.7/site-packages/airflow/example_dags/example_trigger_target_dag.py took 0.171 seconds
[2022-05-02 20:02:07,644] {processor.py:153} INFO - Started process (PID=764) to work on /home/airflow/.local/lib/python3.7/site-packages/airflow/example_dags/example_trigger_target_dag.py
[2022-05-02 20:02:07,645] {processor.py:641} INFO - Processing file /home/airflow/.local/lib/python3.7/site-packages/airflow/example_dags/example_trigger_target_dag.py for tasks to queue
[2022-05-02 20:02:07,645] {logging_mixin.py:115} INFO - [2022-05-02 20:02:07,645] {dagbag.py:507} INFO - Filling up the DagBag from /home/airflow/.local/lib/python3.7/site-packages/airflow/example_dags/example_trigger_target_dag.py
[2022-05-02 20:02:07,661] {processor.py:651} INFO - DAG(s) dict_keys(['example_trigger_target_dag']) retrieved from /home/airflow/.local/lib/python3.7/site-packages/airflow/example_dags/example_trigger_target_dag.py
[2022-05-02 20:02:07,682] {logging_mixin.py:115} INFO - [2022-05-02 20:02:07,681] {dag.py:2371} INFO - Sync 1 DAGs
[2022-05-02 20:02:07,803] {logging_mixin.py:115} INFO - [2022-05-02 20:02:07,803] {dag.py:2919} INFO - Setting next_dagrun for example_trigger_target_dag to None, run_after=None
[2022-05-02 20:02:07,815] {processor.py:161} INFO - Processing /home/airflow/.local/lib/python3.7/site-packages/airflow/example_dags/example_trigger_target_dag.py took 0.173 seconds
[2022-05-02 20:02:38,095] {processor.py:153} INFO - Started process (PID=826) to work on /home/airflow/.local/lib/python3.7/site-packages/airflow/example_dags/example_trigger_target_dag.py
[2022-05-02 20:02:38,096] {processor.py:641} INFO - Processing file /home/airflow/.local/lib/python3.7/site-packages/airflow/example_dags/example_trigger_target_dag.py for tasks to queue
[2022-05-02 20:02:38,096] {logging_mixin.py:115} INFO - [2022-05-02 20:02:38,096] {dagbag.py:507} INFO - Filling up the DagBag from /home/airflow/.local/lib/python3.7/site-packages/airflow/example_dags/example_trigger_target_dag.py
[2022-05-02 20:02:38,113] {processor.py:651} INFO - DAG(s) dict_keys(['example_trigger_target_dag']) retrieved from /home/airflow/.local/lib/python3.7/site-packages/airflow/example_dags/example_trigger_target_dag.py
[2022-05-02 20:02:38,135] {logging_mixin.py:115} INFO - [2022-05-02 20:02:38,135] {dag.py:2371} INFO - Sync 1 DAGs
[2022-05-02 20:02:38,248] {logging_mixin.py:115} INFO - [2022-05-02 20:02:38,247] {dag.py:2919} INFO - Setting next_dagrun for example_trigger_target_dag to None, run_after=None
[2022-05-02 20:02:38,259] {processor.py:161} INFO - Processing /home/airflow/.local/lib/python3.7/site-packages/airflow/example_dags/example_trigger_target_dag.py took 0.166 seconds
[2022-05-02 20:03:09,049] {processor.py:153} INFO - Started process (PID=889) to work on /home/airflow/.local/lib/python3.7/site-packages/airflow/example_dags/example_trigger_target_dag.py
[2022-05-02 20:03:09,050] {processor.py:641} INFO - Processing file /home/airflow/.local/lib/python3.7/site-packages/airflow/example_dags/example_trigger_target_dag.py for tasks to queue
[2022-05-02 20:03:09,050] {logging_mixin.py:115} INFO - [2022-05-02 20:03:09,050] {dagbag.py:507} INFO - Filling up the DagBag from /home/airflow/.local/lib/python3.7/site-packages/airflow/example_dags/example_trigger_target_dag.py
[2022-05-02 20:03:09,067] {processor.py:651} INFO - DAG(s) dict_keys(['example_trigger_target_dag']) retrieved from /home/airflow/.local/lib/python3.7/site-packages/airflow/example_dags/example_trigger_target_dag.py
[2022-05-02 20:03:09,091] {logging_mixin.py:115} INFO - [2022-05-02 20:03:09,091] {dag.py:2371} INFO - Sync 1 DAGs
[2022-05-02 20:03:09,224] {logging_mixin.py:115} INFO - [2022-05-02 20:03:09,224] {dag.py:2919} INFO - Setting next_dagrun for example_trigger_target_dag to None, run_after=None
[2022-05-02 20:03:09,238] {processor.py:161} INFO - Processing /home/airflow/.local/lib/python3.7/site-packages/airflow/example_dags/example_trigger_target_dag.py took 0.190 seconds
[2022-05-02 20:03:39,506] {processor.py:153} INFO - Started process (PID=941) to work on /home/airflow/.local/lib/python3.7/site-packages/airflow/example_dags/example_trigger_target_dag.py
[2022-05-02 20:03:39,506] {processor.py:641} INFO - Processing file /home/airflow/.local/lib/python3.7/site-packages/airflow/example_dags/example_trigger_target_dag.py for tasks to queue
[2022-05-02 20:03:39,507] {logging_mixin.py:115} INFO - [2022-05-02 20:03:39,506] {dagbag.py:507} INFO - Filling up the DagBag from /home/airflow/.local/lib/python3.7/site-packages/airflow/example_dags/example_trigger_target_dag.py
[2022-05-02 20:03:39,520] {processor.py:651} INFO - DAG(s) dict_keys(['example_trigger_target_dag']) retrieved from /home/airflow/.local/lib/python3.7/site-packages/airflow/example_dags/example_trigger_target_dag.py
[2022-05-02 20:03:39,542] {logging_mixin.py:115} INFO - [2022-05-02 20:03:39,542] {dag.py:2371} INFO - Sync 1 DAGs
[2022-05-02 20:03:39,667] {logging_mixin.py:115} INFO - [2022-05-02 20:03:39,667] {dag.py:2919} INFO - Setting next_dagrun for example_trigger_target_dag to None, run_after=None
[2022-05-02 20:03:39,679] {processor.py:161} INFO - Processing /home/airflow/.local/lib/python3.7/site-packages/airflow/example_dags/example_trigger_target_dag.py took 0.176 seconds
[2022-05-02 20:04:09,942] {processor.py:153} INFO - Started process (PID=1002) to work on /home/airflow/.local/lib/python3.7/site-packages/airflow/example_dags/example_trigger_target_dag.py
[2022-05-02 20:04:09,943] {processor.py:641} INFO - Processing file /home/airflow/.local/lib/python3.7/site-packages/airflow/example_dags/example_trigger_target_dag.py for tasks to queue
[2022-05-02 20:04:09,943] {logging_mixin.py:115} INFO - [2022-05-02 20:04:09,943] {dagbag.py:507} INFO - Filling up the DagBag from /home/airflow/.local/lib/python3.7/site-packages/airflow/example_dags/example_trigger_target_dag.py
[2022-05-02 20:04:09,955] {processor.py:651} INFO - DAG(s) dict_keys(['example_trigger_target_dag']) retrieved from /home/airflow/.local/lib/python3.7/site-packages/airflow/example_dags/example_trigger_target_dag.py
[2022-05-02 20:04:09,980] {logging_mixin.py:115} INFO - [2022-05-02 20:04:09,980] {dag.py:2371} INFO - Sync 1 DAGs
[2022-05-02 20:04:10,094] {logging_mixin.py:115} INFO - [2022-05-02 20:04:10,094] {dag.py:2919} INFO - Setting next_dagrun for example_trigger_target_dag to None, run_after=None
[2022-05-02 20:04:10,106] {processor.py:161} INFO - Processing /home/airflow/.local/lib/python3.7/site-packages/airflow/example_dags/example_trigger_target_dag.py took 0.166 seconds
[2022-05-02 20:04:40,296] {processor.py:153} INFO - Started process (PID=1064) to work on /home/airflow/.local/lib/python3.7/site-packages/airflow/example_dags/example_trigger_target_dag.py
[2022-05-02 20:04:40,297] {processor.py:641} INFO - Processing file /home/airflow/.local/lib/python3.7/site-packages/airflow/example_dags/example_trigger_target_dag.py for tasks to queue
[2022-05-02 20:04:40,297] {logging_mixin.py:115} INFO - [2022-05-02 20:04:40,297] {dagbag.py:507} INFO - Filling up the DagBag from /home/airflow/.local/lib/python3.7/site-packages/airflow/example_dags/example_trigger_target_dag.py
[2022-05-02 20:04:40,310] {processor.py:651} INFO - DAG(s) dict_keys(['example_trigger_target_dag']) retrieved from /home/airflow/.local/lib/python3.7/site-packages/airflow/example_dags/example_trigger_target_dag.py
[2022-05-02 20:04:40,335] {logging_mixin.py:115} INFO - [2022-05-02 20:04:40,335] {dag.py:2371} INFO - Sync 1 DAGs
[2022-05-02 20:04:40,452] {logging_mixin.py:115} INFO - [2022-05-02 20:04:40,451] {dag.py:2919} INFO - Setting next_dagrun for example_trigger_target_dag to None, run_after=None
[2022-05-02 20:04:40,464] {processor.py:161} INFO - Processing /home/airflow/.local/lib/python3.7/site-packages/airflow/example_dags/example_trigger_target_dag.py took 0.170 seconds
[2022-05-02 20:05:10,765] {processor.py:153} INFO - Started process (PID=1116) to work on /home/airflow/.local/lib/python3.7/site-packages/airflow/example_dags/example_trigger_target_dag.py
[2022-05-02 20:05:10,765] {processor.py:641} INFO - Processing file /home/airflow/.local/lib/python3.7/site-packages/airflow/example_dags/example_trigger_target_dag.py for tasks to queue
[2022-05-02 20:05:10,766] {logging_mixin.py:115} INFO - [2022-05-02 20:05:10,766] {dagbag.py:507} INFO - Filling up the DagBag from /home/airflow/.local/lib/python3.7/site-packages/airflow/example_dags/example_trigger_target_dag.py
[2022-05-02 20:05:10,780] {processor.py:651} INFO - DAG(s) dict_keys(['example_trigger_target_dag']) retrieved from /home/airflow/.local/lib/python3.7/site-packages/airflow/example_dags/example_trigger_target_dag.py
[2022-05-02 20:05:10,803] {logging_mixin.py:115} INFO - [2022-05-02 20:05:10,803] {dag.py:2371} INFO - Sync 1 DAGs
[2022-05-02 20:05:10,930] {logging_mixin.py:115} INFO - [2022-05-02 20:05:10,930] {dag.py:2919} INFO - Setting next_dagrun for example_trigger_target_dag to None, run_after=None
[2022-05-02 20:05:10,942] {processor.py:161} INFO - Processing /home/airflow/.local/lib/python3.7/site-packages/airflow/example_dags/example_trigger_target_dag.py took 0.179 seconds
[2022-05-02 20:05:41,022] {processor.py:153} INFO - Started process (PID=1177) to work on /home/airflow/.local/lib/python3.7/site-packages/airflow/example_dags/example_trigger_target_dag.py
[2022-05-02 20:05:41,023] {processor.py:641} INFO - Processing file /home/airflow/.local/lib/python3.7/site-packages/airflow/example_dags/example_trigger_target_dag.py for tasks to queue
[2022-05-02 20:05:41,024] {logging_mixin.py:115} INFO - [2022-05-02 20:05:41,023] {dagbag.py:507} INFO - Filling up the DagBag from /home/airflow/.local/lib/python3.7/site-packages/airflow/example_dags/example_trigger_target_dag.py
[2022-05-02 20:05:41,038] {processor.py:651} INFO - DAG(s) dict_keys(['example_trigger_target_dag']) retrieved from /home/airflow/.local/lib/python3.7/site-packages/airflow/example_dags/example_trigger_target_dag.py
[2022-05-02 20:05:41,060] {logging_mixin.py:115} INFO - [2022-05-02 20:05:41,060] {dag.py:2371} INFO - Sync 1 DAGs
[2022-05-02 20:05:41,175] {logging_mixin.py:115} INFO - [2022-05-02 20:05:41,175] {dag.py:2919} INFO - Setting next_dagrun for example_trigger_target_dag to None, run_after=None
[2022-05-02 20:05:41,187] {processor.py:161} INFO - Processing /home/airflow/.local/lib/python3.7/site-packages/airflow/example_dags/example_trigger_target_dag.py took 0.167 seconds
[2022-05-02 20:06:11,340] {processor.py:153} INFO - Started process (PID=1240) to work on /home/airflow/.local/lib/python3.7/site-packages/airflow/example_dags/example_trigger_target_dag.py
[2022-05-02 20:06:11,340] {processor.py:641} INFO - Processing file /home/airflow/.local/lib/python3.7/site-packages/airflow/example_dags/example_trigger_target_dag.py for tasks to queue
[2022-05-02 20:06:11,341] {logging_mixin.py:115} INFO - [2022-05-02 20:06:11,341] {dagbag.py:507} INFO - Filling up the DagBag from /home/airflow/.local/lib/python3.7/site-packages/airflow/example_dags/example_trigger_target_dag.py
[2022-05-02 20:06:11,353] {processor.py:651} INFO - DAG(s) dict_keys(['example_trigger_target_dag']) retrieved from /home/airflow/.local/lib/python3.7/site-packages/airflow/example_dags/example_trigger_target_dag.py
[2022-05-02 20:06:11,378] {logging_mixin.py:115} INFO - [2022-05-02 20:06:11,377] {dag.py:2371} INFO - Sync 1 DAGs
[2022-05-02 20:06:11,487] {logging_mixin.py:115} INFO - [2022-05-02 20:06:11,487] {dag.py:2919} INFO - Setting next_dagrun for example_trigger_target_dag to None, run_after=None
[2022-05-02 20:06:11,499] {processor.py:161} INFO - Processing /home/airflow/.local/lib/python3.7/site-packages/airflow/example_dags/example_trigger_target_dag.py took 0.161 seconds
[2022-05-02 20:06:41,701] {processor.py:153} INFO - Started process (PID=1295) to work on /home/airflow/.local/lib/python3.7/site-packages/airflow/example_dags/example_trigger_target_dag.py
[2022-05-02 20:06:41,701] {processor.py:641} INFO - Processing file /home/airflow/.local/lib/python3.7/site-packages/airflow/example_dags/example_trigger_target_dag.py for tasks to queue
[2022-05-02 20:06:41,702] {logging_mixin.py:115} INFO - [2022-05-02 20:06:41,702] {dagbag.py:507} INFO - Filling up the DagBag from /home/airflow/.local/lib/python3.7/site-packages/airflow/example_dags/example_trigger_target_dag.py
[2022-05-02 20:06:41,717] {processor.py:651} INFO - DAG(s) dict_keys(['example_trigger_target_dag']) retrieved from /home/airflow/.local/lib/python3.7/site-packages/airflow/example_dags/example_trigger_target_dag.py
[2022-05-02 20:06:41,742] {logging_mixin.py:115} INFO - [2022-05-02 20:06:41,742] {dag.py:2371} INFO - Sync 1 DAGs
[2022-05-02 20:06:41,857] {logging_mixin.py:115} INFO - [2022-05-02 20:06:41,857] {dag.py:2919} INFO - Setting next_dagrun for example_trigger_target_dag to None, run_after=None
[2022-05-02 20:06:41,869] {processor.py:161} INFO - Processing /home/airflow/.local/lib/python3.7/site-packages/airflow/example_dags/example_trigger_target_dag.py took 0.171 seconds
