[2022-05-02 19:56:02,005] {processor.py:153} INFO - Started process (PID=69) to work on /home/airflow/.local/lib/python3.7/site-packages/airflow/example_dags/example_complex.py
[2022-05-02 19:56:02,006] {processor.py:641} INFO - Processing file /home/airflow/.local/lib/python3.7/site-packages/airflow/example_dags/example_complex.py for tasks to queue
[2022-05-02 19:56:02,006] {logging_mixin.py:115} INFO - [2022-05-02 19:56:02,006] {dagbag.py:507} INFO - Filling up the DagBag from /home/airflow/.local/lib/python3.7/site-packages/airflow/example_dags/example_complex.py
[2022-05-02 19:56:02,019] {processor.py:651} INFO - DAG(s) dict_keys(['example_complex']) retrieved from /home/airflow/.local/lib/python3.7/site-packages/airflow/example_dags/example_complex.py
[2022-05-02 19:56:02,220] {logging_mixin.py:115} INFO - [2022-05-02 19:56:02,220] {manager.py:508} INFO - Created Permission View: can read on DAG:example_complex
[2022-05-02 19:56:02,232] {logging_mixin.py:115} INFO - [2022-05-02 19:56:02,232] {manager.py:508} INFO - Created Permission View: can delete on DAG:example_complex
[2022-05-02 19:56:02,242] {logging_mixin.py:115} INFO - [2022-05-02 19:56:02,242] {manager.py:508} INFO - Created Permission View: can edit on DAG:example_complex
[2022-05-02 19:56:02,242] {logging_mixin.py:115} INFO - [2022-05-02 19:56:02,242] {dag.py:2371} INFO - Sync 1 DAGs
[2022-05-02 19:56:02,250] {logging_mixin.py:115} INFO - [2022-05-02 19:56:02,250] {dag.py:2390} INFO - Creating ORM DAG for example_complex
[2022-05-02 19:56:02,262] {logging_mixin.py:115} INFO - [2022-05-02 19:56:02,262] {dag.py:2919} INFO - Setting next_dagrun for example_complex to None, run_after=None
[2022-05-02 19:56:02,280] {processor.py:161} INFO - Processing /home/airflow/.local/lib/python3.7/site-packages/airflow/example_dags/example_complex.py took 0.277 seconds
[2022-05-02 19:56:32,828] {processor.py:153} INFO - Started process (PID=121) to work on /home/airflow/.local/lib/python3.7/site-packages/airflow/example_dags/example_complex.py
[2022-05-02 19:56:32,829] {processor.py:641} INFO - Processing file /home/airflow/.local/lib/python3.7/site-packages/airflow/example_dags/example_complex.py for tasks to queue
[2022-05-02 19:56:32,829] {logging_mixin.py:115} INFO - [2022-05-02 19:56:32,829] {dagbag.py:507} INFO - Filling up the DagBag from /home/airflow/.local/lib/python3.7/site-packages/airflow/example_dags/example_complex.py
[2022-05-02 19:56:32,840] {processor.py:651} INFO - DAG(s) dict_keys(['example_complex']) retrieved from /home/airflow/.local/lib/python3.7/site-packages/airflow/example_dags/example_complex.py
[2022-05-02 19:56:32,865] {logging_mixin.py:115} INFO - [2022-05-02 19:56:32,865] {dag.py:2371} INFO - Sync 1 DAGs
[2022-05-02 19:56:32,885] {logging_mixin.py:115} INFO - [2022-05-02 19:56:32,885] {dag.py:2919} INFO - Setting next_dagrun for example_complex to None, run_after=None
[2022-05-02 19:56:32,895] {processor.py:161} INFO - Processing /home/airflow/.local/lib/python3.7/site-packages/airflow/example_dags/example_complex.py took 0.069 seconds
[2022-05-02 19:57:03,304] {processor.py:153} INFO - Started process (PID=182) to work on /home/airflow/.local/lib/python3.7/site-packages/airflow/example_dags/example_complex.py
[2022-05-02 19:57:03,305] {processor.py:641} INFO - Processing file /home/airflow/.local/lib/python3.7/site-packages/airflow/example_dags/example_complex.py for tasks to queue
[2022-05-02 19:57:03,305] {logging_mixin.py:115} INFO - [2022-05-02 19:57:03,305] {dagbag.py:507} INFO - Filling up the DagBag from /home/airflow/.local/lib/python3.7/site-packages/airflow/example_dags/example_complex.py
[2022-05-02 19:57:03,318] {processor.py:651} INFO - DAG(s) dict_keys(['example_complex']) retrieved from /home/airflow/.local/lib/python3.7/site-packages/airflow/example_dags/example_complex.py
[2022-05-02 19:57:03,348] {logging_mixin.py:115} INFO - [2022-05-02 19:57:03,348] {dag.py:2371} INFO - Sync 1 DAGs
[2022-05-02 19:57:03,374] {logging_mixin.py:115} INFO - [2022-05-02 19:57:03,374] {dag.py:2919} INFO - Setting next_dagrun for example_complex to None, run_after=None
[2022-05-02 19:57:03,389] {processor.py:161} INFO - Processing /home/airflow/.local/lib/python3.7/site-packages/airflow/example_dags/example_complex.py took 0.087 seconds
[2022-05-02 19:57:33,641] {processor.py:153} INFO - Started process (PID=243) to work on /home/airflow/.local/lib/python3.7/site-packages/airflow/example_dags/example_complex.py
[2022-05-02 19:57:33,641] {processor.py:641} INFO - Processing file /home/airflow/.local/lib/python3.7/site-packages/airflow/example_dags/example_complex.py for tasks to queue
[2022-05-02 19:57:33,641] {logging_mixin.py:115} INFO - [2022-05-02 19:57:33,641] {dagbag.py:507} INFO - Filling up the DagBag from /home/airflow/.local/lib/python3.7/site-packages/airflow/example_dags/example_complex.py
[2022-05-02 19:57:33,653] {processor.py:651} INFO - DAG(s) dict_keys(['example_complex']) retrieved from /home/airflow/.local/lib/python3.7/site-packages/airflow/example_dags/example_complex.py
[2022-05-02 19:57:33,690] {logging_mixin.py:115} INFO - [2022-05-02 19:57:33,690] {dag.py:2371} INFO - Sync 1 DAGs
[2022-05-02 19:57:33,713] {logging_mixin.py:115} INFO - [2022-05-02 19:57:33,713] {dag.py:2919} INFO - Setting next_dagrun for example_complex to None, run_after=None
[2022-05-02 19:57:33,726] {processor.py:161} INFO - Processing /home/airflow/.local/lib/python3.7/site-packages/airflow/example_dags/example_complex.py took 0.088 seconds
[2022-05-02 19:58:03,941] {processor.py:153} INFO - Started process (PID=294) to work on /home/airflow/.local/lib/python3.7/site-packages/airflow/example_dags/example_complex.py
[2022-05-02 19:58:03,941] {processor.py:641} INFO - Processing file /home/airflow/.local/lib/python3.7/site-packages/airflow/example_dags/example_complex.py for tasks to queue
[2022-05-02 19:58:03,941] {logging_mixin.py:115} INFO - [2022-05-02 19:58:03,941] {dagbag.py:507} INFO - Filling up the DagBag from /home/airflow/.local/lib/python3.7/site-packages/airflow/example_dags/example_complex.py
[2022-05-02 19:58:03,952] {processor.py:651} INFO - DAG(s) dict_keys(['example_complex']) retrieved from /home/airflow/.local/lib/python3.7/site-packages/airflow/example_dags/example_complex.py
[2022-05-02 19:58:03,978] {logging_mixin.py:115} INFO - [2022-05-02 19:58:03,978] {dag.py:2371} INFO - Sync 1 DAGs
[2022-05-02 19:58:04,000] {logging_mixin.py:115} INFO - [2022-05-02 19:58:04,000] {dag.py:2919} INFO - Setting next_dagrun for example_complex to None, run_after=None
[2022-05-02 19:58:04,013] {processor.py:161} INFO - Processing /home/airflow/.local/lib/python3.7/site-packages/airflow/example_dags/example_complex.py took 0.075 seconds
[2022-05-02 19:58:34,531] {processor.py:153} INFO - Started process (PID=357) to work on /home/airflow/.local/lib/python3.7/site-packages/airflow/example_dags/example_complex.py
[2022-05-02 19:58:34,531] {processor.py:641} INFO - Processing file /home/airflow/.local/lib/python3.7/site-packages/airflow/example_dags/example_complex.py for tasks to queue
[2022-05-02 19:58:34,531] {logging_mixin.py:115} INFO - [2022-05-02 19:58:34,531] {dagbag.py:507} INFO - Filling up the DagBag from /home/airflow/.local/lib/python3.7/site-packages/airflow/example_dags/example_complex.py
[2022-05-02 19:58:34,542] {processor.py:651} INFO - DAG(s) dict_keys(['example_complex']) retrieved from /home/airflow/.local/lib/python3.7/site-packages/airflow/example_dags/example_complex.py
[2022-05-02 19:58:34,568] {logging_mixin.py:115} INFO - [2022-05-02 19:58:34,568] {dag.py:2371} INFO - Sync 1 DAGs
[2022-05-02 19:58:34,591] {logging_mixin.py:115} INFO - [2022-05-02 19:58:34,591] {dag.py:2919} INFO - Setting next_dagrun for example_complex to None, run_after=None
[2022-05-02 19:58:34,603] {processor.py:161} INFO - Processing /home/airflow/.local/lib/python3.7/site-packages/airflow/example_dags/example_complex.py took 0.074 seconds
[2022-05-02 19:59:04,767] {processor.py:153} INFO - Started process (PID=418) to work on /home/airflow/.local/lib/python3.7/site-packages/airflow/example_dags/example_complex.py
[2022-05-02 19:59:04,767] {processor.py:641} INFO - Processing file /home/airflow/.local/lib/python3.7/site-packages/airflow/example_dags/example_complex.py for tasks to queue
[2022-05-02 19:59:04,768] {logging_mixin.py:115} INFO - [2022-05-02 19:59:04,767] {dagbag.py:507} INFO - Filling up the DagBag from /home/airflow/.local/lib/python3.7/site-packages/airflow/example_dags/example_complex.py
[2022-05-02 19:59:04,778] {processor.py:651} INFO - DAG(s) dict_keys(['example_complex']) retrieved from /home/airflow/.local/lib/python3.7/site-packages/airflow/example_dags/example_complex.py
[2022-05-02 19:59:04,802] {logging_mixin.py:115} INFO - [2022-05-02 19:59:04,802] {dag.py:2371} INFO - Sync 1 DAGs
[2022-05-02 19:59:04,824] {logging_mixin.py:115} INFO - [2022-05-02 19:59:04,824] {dag.py:2919} INFO - Setting next_dagrun for example_complex to None, run_after=None
[2022-05-02 19:59:04,836] {processor.py:161} INFO - Processing /home/airflow/.local/lib/python3.7/site-packages/airflow/example_dags/example_complex.py took 0.071 seconds
[2022-05-02 19:59:35,278] {processor.py:153} INFO - Started process (PID=471) to work on /home/airflow/.local/lib/python3.7/site-packages/airflow/example_dags/example_complex.py
[2022-05-02 19:59:35,278] {processor.py:641} INFO - Processing file /home/airflow/.local/lib/python3.7/site-packages/airflow/example_dags/example_complex.py for tasks to queue
[2022-05-02 19:59:35,279] {logging_mixin.py:115} INFO - [2022-05-02 19:59:35,278] {dagbag.py:507} INFO - Filling up the DagBag from /home/airflow/.local/lib/python3.7/site-packages/airflow/example_dags/example_complex.py
[2022-05-02 19:59:35,290] {processor.py:651} INFO - DAG(s) dict_keys(['example_complex']) retrieved from /home/airflow/.local/lib/python3.7/site-packages/airflow/example_dags/example_complex.py
[2022-05-02 19:59:35,316] {logging_mixin.py:115} INFO - [2022-05-02 19:59:35,316] {dag.py:2371} INFO - Sync 1 DAGs
[2022-05-02 19:59:35,341] {logging_mixin.py:115} INFO - [2022-05-02 19:59:35,341] {dag.py:2919} INFO - Setting next_dagrun for example_complex to None, run_after=None
[2022-05-02 19:59:35,354] {processor.py:161} INFO - Processing /home/airflow/.local/lib/python3.7/site-packages/airflow/example_dags/example_complex.py took 0.080 seconds
[2022-05-02 20:00:05,555] {processor.py:153} INFO - Started process (PID=531) to work on /home/airflow/.local/lib/python3.7/site-packages/airflow/example_dags/example_complex.py
[2022-05-02 20:00:05,556] {processor.py:641} INFO - Processing file /home/airflow/.local/lib/python3.7/site-packages/airflow/example_dags/example_complex.py for tasks to queue
[2022-05-02 20:00:05,556] {logging_mixin.py:115} INFO - [2022-05-02 20:00:05,556] {dagbag.py:507} INFO - Filling up the DagBag from /home/airflow/.local/lib/python3.7/site-packages/airflow/example_dags/example_complex.py
[2022-05-02 20:00:05,566] {processor.py:651} INFO - DAG(s) dict_keys(['example_complex']) retrieved from /home/airflow/.local/lib/python3.7/site-packages/airflow/example_dags/example_complex.py
[2022-05-02 20:00:05,593] {logging_mixin.py:115} INFO - [2022-05-02 20:00:05,593] {dag.py:2371} INFO - Sync 1 DAGs
[2022-05-02 20:00:05,615] {logging_mixin.py:115} INFO - [2022-05-02 20:00:05,614] {dag.py:2919} INFO - Setting next_dagrun for example_complex to None, run_after=None
[2022-05-02 20:00:05,628] {processor.py:161} INFO - Processing /home/airflow/.local/lib/python3.7/site-packages/airflow/example_dags/example_complex.py took 0.075 seconds
[2022-05-02 20:00:35,898] {processor.py:153} INFO - Started process (PID=592) to work on /home/airflow/.local/lib/python3.7/site-packages/airflow/example_dags/example_complex.py
[2022-05-02 20:00:35,899] {processor.py:641} INFO - Processing file /home/airflow/.local/lib/python3.7/site-packages/airflow/example_dags/example_complex.py for tasks to queue
[2022-05-02 20:00:35,899] {logging_mixin.py:115} INFO - [2022-05-02 20:00:35,899] {dagbag.py:507} INFO - Filling up the DagBag from /home/airflow/.local/lib/python3.7/site-packages/airflow/example_dags/example_complex.py
[2022-05-02 20:00:35,913] {processor.py:651} INFO - DAG(s) dict_keys(['example_complex']) retrieved from /home/airflow/.local/lib/python3.7/site-packages/airflow/example_dags/example_complex.py
[2022-05-02 20:00:35,939] {logging_mixin.py:115} INFO - [2022-05-02 20:00:35,939] {dag.py:2371} INFO - Sync 1 DAGs
[2022-05-02 20:00:35,961] {logging_mixin.py:115} INFO - [2022-05-02 20:00:35,961] {dag.py:2919} INFO - Setting next_dagrun for example_complex to None, run_after=None
[2022-05-02 20:00:35,973] {processor.py:161} INFO - Processing /home/airflow/.local/lib/python3.7/site-packages/airflow/example_dags/example_complex.py took 0.077 seconds
[2022-05-02 20:01:06,809] {processor.py:153} INFO - Started process (PID=648) to work on /home/airflow/.local/lib/python3.7/site-packages/airflow/example_dags/example_complex.py
[2022-05-02 20:01:06,810] {processor.py:641} INFO - Processing file /home/airflow/.local/lib/python3.7/site-packages/airflow/example_dags/example_complex.py for tasks to queue
[2022-05-02 20:01:06,810] {logging_mixin.py:115} INFO - [2022-05-02 20:01:06,810] {dagbag.py:507} INFO - Filling up the DagBag from /home/airflow/.local/lib/python3.7/site-packages/airflow/example_dags/example_complex.py
[2022-05-02 20:01:06,821] {processor.py:651} INFO - DAG(s) dict_keys(['example_complex']) retrieved from /home/airflow/.local/lib/python3.7/site-packages/airflow/example_dags/example_complex.py
[2022-05-02 20:01:06,848] {logging_mixin.py:115} INFO - [2022-05-02 20:01:06,848] {dag.py:2371} INFO - Sync 1 DAGs
[2022-05-02 20:01:06,871] {logging_mixin.py:115} INFO - [2022-05-02 20:01:06,871] {dag.py:2919} INFO - Setting next_dagrun for example_complex to None, run_after=None
[2022-05-02 20:01:06,974] {processor.py:161} INFO - Processing /home/airflow/.local/lib/python3.7/site-packages/airflow/example_dags/example_complex.py took 0.168 seconds
[2022-05-02 20:01:37,095] {processor.py:153} INFO - Started process (PID=709) to work on /home/airflow/.local/lib/python3.7/site-packages/airflow/example_dags/example_complex.py
[2022-05-02 20:01:37,095] {processor.py:641} INFO - Processing file /home/airflow/.local/lib/python3.7/site-packages/airflow/example_dags/example_complex.py for tasks to queue
[2022-05-02 20:01:37,096] {logging_mixin.py:115} INFO - [2022-05-02 20:01:37,096] {dagbag.py:507} INFO - Filling up the DagBag from /home/airflow/.local/lib/python3.7/site-packages/airflow/example_dags/example_complex.py
[2022-05-02 20:01:37,110] {processor.py:651} INFO - DAG(s) dict_keys(['example_complex']) retrieved from /home/airflow/.local/lib/python3.7/site-packages/airflow/example_dags/example_complex.py
[2022-05-02 20:01:37,138] {logging_mixin.py:115} INFO - [2022-05-02 20:01:37,138] {dag.py:2371} INFO - Sync 1 DAGs
[2022-05-02 20:01:37,166] {logging_mixin.py:115} INFO - [2022-05-02 20:01:37,166] {dag.py:2919} INFO - Setting next_dagrun for example_complex to None, run_after=None
[2022-05-02 20:01:37,277] {processor.py:161} INFO - Processing /home/airflow/.local/lib/python3.7/site-packages/airflow/example_dags/example_complex.py took 0.185 seconds
[2022-05-02 20:02:07,458] {processor.py:153} INFO - Started process (PID=763) to work on /home/airflow/.local/lib/python3.7/site-packages/airflow/example_dags/example_complex.py
[2022-05-02 20:02:07,459] {processor.py:641} INFO - Processing file /home/airflow/.local/lib/python3.7/site-packages/airflow/example_dags/example_complex.py for tasks to queue
[2022-05-02 20:02:07,460] {logging_mixin.py:115} INFO - [2022-05-02 20:02:07,460] {dagbag.py:507} INFO - Filling up the DagBag from /home/airflow/.local/lib/python3.7/site-packages/airflow/example_dags/example_complex.py
[2022-05-02 20:02:07,471] {processor.py:651} INFO - DAG(s) dict_keys(['example_complex']) retrieved from /home/airflow/.local/lib/python3.7/site-packages/airflow/example_dags/example_complex.py
[2022-05-02 20:02:07,499] {logging_mixin.py:115} INFO - [2022-05-02 20:02:07,499] {dag.py:2371} INFO - Sync 1 DAGs
[2022-05-02 20:02:07,522] {logging_mixin.py:115} INFO - [2022-05-02 20:02:07,522] {dag.py:2919} INFO - Setting next_dagrun for example_complex to None, run_after=None
[2022-05-02 20:02:07,628] {processor.py:161} INFO - Processing /home/airflow/.local/lib/python3.7/site-packages/airflow/example_dags/example_complex.py took 0.172 seconds
[2022-05-02 20:02:37,913] {processor.py:153} INFO - Started process (PID=825) to work on /home/airflow/.local/lib/python3.7/site-packages/airflow/example_dags/example_complex.py
[2022-05-02 20:02:37,914] {processor.py:641} INFO - Processing file /home/airflow/.local/lib/python3.7/site-packages/airflow/example_dags/example_complex.py for tasks to queue
[2022-05-02 20:02:37,914] {logging_mixin.py:115} INFO - [2022-05-02 20:02:37,914] {dagbag.py:507} INFO - Filling up the DagBag from /home/airflow/.local/lib/python3.7/site-packages/airflow/example_dags/example_complex.py
[2022-05-02 20:02:37,925] {processor.py:651} INFO - DAG(s) dict_keys(['example_complex']) retrieved from /home/airflow/.local/lib/python3.7/site-packages/airflow/example_dags/example_complex.py
[2022-05-02 20:02:37,950] {logging_mixin.py:115} INFO - [2022-05-02 20:02:37,950] {dag.py:2371} INFO - Sync 1 DAGs
[2022-05-02 20:02:37,974] {logging_mixin.py:115} INFO - [2022-05-02 20:02:37,974] {dag.py:2919} INFO - Setting next_dagrun for example_complex to None, run_after=None
[2022-05-02 20:02:38,078] {processor.py:161} INFO - Processing /home/airflow/.local/lib/python3.7/site-packages/airflow/example_dags/example_complex.py took 0.167 seconds
[2022-05-02 20:03:08,871] {processor.py:153} INFO - Started process (PID=888) to work on /home/airflow/.local/lib/python3.7/site-packages/airflow/example_dags/example_complex.py
[2022-05-02 20:03:08,871] {processor.py:641} INFO - Processing file /home/airflow/.local/lib/python3.7/site-packages/airflow/example_dags/example_complex.py for tasks to queue
[2022-05-02 20:03:08,872] {logging_mixin.py:115} INFO - [2022-05-02 20:03:08,872] {dagbag.py:507} INFO - Filling up the DagBag from /home/airflow/.local/lib/python3.7/site-packages/airflow/example_dags/example_complex.py
[2022-05-02 20:03:08,882] {processor.py:651} INFO - DAG(s) dict_keys(['example_complex']) retrieved from /home/airflow/.local/lib/python3.7/site-packages/airflow/example_dags/example_complex.py
[2022-05-02 20:03:08,908] {logging_mixin.py:115} INFO - [2022-05-02 20:03:08,908] {dag.py:2371} INFO - Sync 1 DAGs
[2022-05-02 20:03:08,931] {logging_mixin.py:115} INFO - [2022-05-02 20:03:08,931] {dag.py:2919} INFO - Setting next_dagrun for example_complex to None, run_after=None
[2022-05-02 20:03:09,033] {processor.py:161} INFO - Processing /home/airflow/.local/lib/python3.7/site-packages/airflow/example_dags/example_complex.py took 0.164 seconds
[2022-05-02 20:03:39,318] {processor.py:153} INFO - Started process (PID=940) to work on /home/airflow/.local/lib/python3.7/site-packages/airflow/example_dags/example_complex.py
[2022-05-02 20:03:39,318] {processor.py:641} INFO - Processing file /home/airflow/.local/lib/python3.7/site-packages/airflow/example_dags/example_complex.py for tasks to queue
[2022-05-02 20:03:39,319] {logging_mixin.py:115} INFO - [2022-05-02 20:03:39,319] {dagbag.py:507} INFO - Filling up the DagBag from /home/airflow/.local/lib/python3.7/site-packages/airflow/example_dags/example_complex.py
[2022-05-02 20:03:39,330] {processor.py:651} INFO - DAG(s) dict_keys(['example_complex']) retrieved from /home/airflow/.local/lib/python3.7/site-packages/airflow/example_dags/example_complex.py
[2022-05-02 20:03:39,357] {logging_mixin.py:115} INFO - [2022-05-02 20:03:39,357] {dag.py:2371} INFO - Sync 1 DAGs
[2022-05-02 20:03:39,384] {logging_mixin.py:115} INFO - [2022-05-02 20:03:39,384] {dag.py:2919} INFO - Setting next_dagrun for example_complex to None, run_after=None
[2022-05-02 20:03:39,489] {processor.py:161} INFO - Processing /home/airflow/.local/lib/python3.7/site-packages/airflow/example_dags/example_complex.py took 0.174 seconds
[2022-05-02 20:04:09,755] {processor.py:153} INFO - Started process (PID=1001) to work on /home/airflow/.local/lib/python3.7/site-packages/airflow/example_dags/example_complex.py
[2022-05-02 20:04:09,755] {processor.py:641} INFO - Processing file /home/airflow/.local/lib/python3.7/site-packages/airflow/example_dags/example_complex.py for tasks to queue
[2022-05-02 20:04:09,756] {logging_mixin.py:115} INFO - [2022-05-02 20:04:09,756] {dagbag.py:507} INFO - Filling up the DagBag from /home/airflow/.local/lib/python3.7/site-packages/airflow/example_dags/example_complex.py
[2022-05-02 20:04:09,767] {processor.py:651} INFO - DAG(s) dict_keys(['example_complex']) retrieved from /home/airflow/.local/lib/python3.7/site-packages/airflow/example_dags/example_complex.py
[2022-05-02 20:04:09,795] {logging_mixin.py:115} INFO - [2022-05-02 20:04:09,795] {dag.py:2371} INFO - Sync 1 DAGs
[2022-05-02 20:04:09,819] {logging_mixin.py:115} INFO - [2022-05-02 20:04:09,819] {dag.py:2919} INFO - Setting next_dagrun for example_complex to None, run_after=None
[2022-05-02 20:04:09,926] {processor.py:161} INFO - Processing /home/airflow/.local/lib/python3.7/site-packages/airflow/example_dags/example_complex.py took 0.174 seconds
[2022-05-02 20:04:40,242] {processor.py:153} INFO - Started process (PID=1063) to work on /home/airflow/.local/lib/python3.7/site-packages/airflow/example_dags/example_complex.py
[2022-05-02 20:04:40,242] {processor.py:641} INFO - Processing file /home/airflow/.local/lib/python3.7/site-packages/airflow/example_dags/example_complex.py for tasks to queue
[2022-05-02 20:04:40,242] {logging_mixin.py:115} INFO - [2022-05-02 20:04:40,242] {dagbag.py:507} INFO - Filling up the DagBag from /home/airflow/.local/lib/python3.7/site-packages/airflow/example_dags/example_complex.py
[2022-05-02 20:04:40,253] {processor.py:651} INFO - DAG(s) dict_keys(['example_complex']) retrieved from /home/airflow/.local/lib/python3.7/site-packages/airflow/example_dags/example_complex.py
[2022-05-02 20:04:40,279] {logging_mixin.py:115} INFO - [2022-05-02 20:04:40,279] {dag.py:2371} INFO - Sync 1 DAGs
[2022-05-02 20:04:40,302] {logging_mixin.py:115} INFO - [2022-05-02 20:04:40,302] {dag.py:2919} INFO - Setting next_dagrun for example_complex to None, run_after=None
[2022-05-02 20:04:40,415] {processor.py:161} INFO - Processing /home/airflow/.local/lib/python3.7/site-packages/airflow/example_dags/example_complex.py took 0.176 seconds
[2022-05-02 20:05:10,744] {processor.py:153} INFO - Started process (PID=1115) to work on /home/airflow/.local/lib/python3.7/site-packages/airflow/example_dags/example_complex.py
[2022-05-02 20:05:10,744] {processor.py:641} INFO - Processing file /home/airflow/.local/lib/python3.7/site-packages/airflow/example_dags/example_complex.py for tasks to queue
[2022-05-02 20:05:10,745] {logging_mixin.py:115} INFO - [2022-05-02 20:05:10,745] {dagbag.py:507} INFO - Filling up the DagBag from /home/airflow/.local/lib/python3.7/site-packages/airflow/example_dags/example_complex.py
[2022-05-02 20:05:10,756] {processor.py:651} INFO - DAG(s) dict_keys(['example_complex']) retrieved from /home/airflow/.local/lib/python3.7/site-packages/airflow/example_dags/example_complex.py
[2022-05-02 20:05:10,787] {logging_mixin.py:115} INFO - [2022-05-02 20:05:10,786] {dag.py:2371} INFO - Sync 1 DAGs
[2022-05-02 20:05:10,817] {logging_mixin.py:115} INFO - [2022-05-02 20:05:10,816] {dag.py:2919} INFO - Setting next_dagrun for example_complex to None, run_after=None
[2022-05-02 20:05:10,936] {processor.py:161} INFO - Processing /home/airflow/.local/lib/python3.7/site-packages/airflow/example_dags/example_complex.py took 0.194 seconds
[2022-05-02 20:05:41,006] {processor.py:153} INFO - Started process (PID=1176) to work on /home/airflow/.local/lib/python3.7/site-packages/airflow/example_dags/example_complex.py
[2022-05-02 20:05:41,006] {processor.py:641} INFO - Processing file /home/airflow/.local/lib/python3.7/site-packages/airflow/example_dags/example_complex.py for tasks to queue
[2022-05-02 20:05:41,007] {logging_mixin.py:115} INFO - [2022-05-02 20:05:41,007] {dagbag.py:507} INFO - Filling up the DagBag from /home/airflow/.local/lib/python3.7/site-packages/airflow/example_dags/example_complex.py
[2022-05-02 20:05:41,020] {processor.py:651} INFO - DAG(s) dict_keys(['example_complex']) retrieved from /home/airflow/.local/lib/python3.7/site-packages/airflow/example_dags/example_complex.py
[2022-05-02 20:05:41,047] {logging_mixin.py:115} INFO - [2022-05-02 20:05:41,046] {dag.py:2371} INFO - Sync 1 DAGs
[2022-05-02 20:05:41,068] {logging_mixin.py:115} INFO - [2022-05-02 20:05:41,068] {dag.py:2919} INFO - Setting next_dagrun for example_complex to None, run_after=None
[2022-05-02 20:05:41,175] {processor.py:161} INFO - Processing /home/airflow/.local/lib/python3.7/site-packages/airflow/example_dags/example_complex.py took 0.171 seconds
[2022-05-02 20:06:11,288] {processor.py:153} INFO - Started process (PID=1239) to work on /home/airflow/.local/lib/python3.7/site-packages/airflow/example_dags/example_complex.py
[2022-05-02 20:06:11,288] {processor.py:641} INFO - Processing file /home/airflow/.local/lib/python3.7/site-packages/airflow/example_dags/example_complex.py for tasks to queue
[2022-05-02 20:06:11,289] {logging_mixin.py:115} INFO - [2022-05-02 20:06:11,289] {dagbag.py:507} INFO - Filling up the DagBag from /home/airflow/.local/lib/python3.7/site-packages/airflow/example_dags/example_complex.py
[2022-05-02 20:06:11,300] {processor.py:651} INFO - DAG(s) dict_keys(['example_complex']) retrieved from /home/airflow/.local/lib/python3.7/site-packages/airflow/example_dags/example_complex.py
[2022-05-02 20:06:11,326] {logging_mixin.py:115} INFO - [2022-05-02 20:06:11,326] {dag.py:2371} INFO - Sync 1 DAGs
[2022-05-02 20:06:11,445] {logging_mixin.py:115} INFO - [2022-05-02 20:06:11,445] {dag.py:2919} INFO - Setting next_dagrun for example_complex to None, run_after=None
[2022-05-02 20:06:11,458] {processor.py:161} INFO - Processing /home/airflow/.local/lib/python3.7/site-packages/airflow/example_dags/example_complex.py took 0.173 seconds
[2022-05-02 20:06:41,634] {processor.py:153} INFO - Started process (PID=1294) to work on /home/airflow/.local/lib/python3.7/site-packages/airflow/example_dags/example_complex.py
[2022-05-02 20:06:41,634] {processor.py:641} INFO - Processing file /home/airflow/.local/lib/python3.7/site-packages/airflow/example_dags/example_complex.py for tasks to queue
[2022-05-02 20:06:41,635] {logging_mixin.py:115} INFO - [2022-05-02 20:06:41,635] {dagbag.py:507} INFO - Filling up the DagBag from /home/airflow/.local/lib/python3.7/site-packages/airflow/example_dags/example_complex.py
[2022-05-02 20:06:41,646] {processor.py:651} INFO - DAG(s) dict_keys(['example_complex']) retrieved from /home/airflow/.local/lib/python3.7/site-packages/airflow/example_dags/example_complex.py
[2022-05-02 20:06:41,672] {logging_mixin.py:115} INFO - [2022-05-02 20:06:41,672] {dag.py:2371} INFO - Sync 1 DAGs
[2022-05-02 20:06:41,796] {logging_mixin.py:115} INFO - [2022-05-02 20:06:41,796] {dag.py:2919} INFO - Setting next_dagrun for example_complex to None, run_after=None
[2022-05-02 20:06:41,808] {processor.py:161} INFO - Processing /home/airflow/.local/lib/python3.7/site-packages/airflow/example_dags/example_complex.py took 0.177 seconds
[2022-05-02 20:07:12,191] {processor.py:153} INFO - Started process (PID=1357) to work on /home/airflow/.local/lib/python3.7/site-packages/airflow/example_dags/example_complex.py
[2022-05-02 20:07:12,191] {processor.py:641} INFO - Processing file /home/airflow/.local/lib/python3.7/site-packages/airflow/example_dags/example_complex.py for tasks to queue
[2022-05-02 20:07:12,192] {logging_mixin.py:115} INFO - [2022-05-02 20:07:12,192] {dagbag.py:507} INFO - Filling up the DagBag from /home/airflow/.local/lib/python3.7/site-packages/airflow/example_dags/example_complex.py
[2022-05-02 20:07:12,203] {processor.py:651} INFO - DAG(s) dict_keys(['example_complex']) retrieved from /home/airflow/.local/lib/python3.7/site-packages/airflow/example_dags/example_complex.py
[2022-05-02 20:07:12,228] {logging_mixin.py:115} INFO - [2022-05-02 20:07:12,228] {dag.py:2371} INFO - Sync 1 DAGs
[2022-05-02 20:07:12,344] {logging_mixin.py:115} INFO - [2022-05-02 20:07:12,344] {dag.py:2919} INFO - Setting next_dagrun for example_complex to None, run_after=None
[2022-05-02 20:07:12,356] {processor.py:161} INFO - Processing /home/airflow/.local/lib/python3.7/site-packages/airflow/example_dags/example_complex.py took 0.167 seconds
[2022-05-02 20:07:42,785] {processor.py:153} INFO - Started process (PID=1420) to work on /home/airflow/.local/lib/python3.7/site-packages/airflow/example_dags/example_complex.py
[2022-05-02 20:07:42,785] {processor.py:641} INFO - Processing file /home/airflow/.local/lib/python3.7/site-packages/airflow/example_dags/example_complex.py for tasks to queue
[2022-05-02 20:07:42,786] {logging_mixin.py:115} INFO - [2022-05-02 20:07:42,786] {dagbag.py:507} INFO - Filling up the DagBag from /home/airflow/.local/lib/python3.7/site-packages/airflow/example_dags/example_complex.py
[2022-05-02 20:07:42,802] {processor.py:651} INFO - DAG(s) dict_keys(['example_complex']) retrieved from /home/airflow/.local/lib/python3.7/site-packages/airflow/example_dags/example_complex.py
[2022-05-02 20:07:42,843] {logging_mixin.py:115} INFO - [2022-05-02 20:07:42,843] {dag.py:2371} INFO - Sync 1 DAGs
[2022-05-02 20:07:43,021] {logging_mixin.py:115} INFO - [2022-05-02 20:07:43,021] {dag.py:2919} INFO - Setting next_dagrun for example_complex to None, run_after=None
[2022-05-02 20:07:43,038] {processor.py:161} INFO - Processing /home/airflow/.local/lib/python3.7/site-packages/airflow/example_dags/example_complex.py took 0.257 seconds
[2022-05-02 20:08:13,094] {processor.py:153} INFO - Started process (PID=1474) to work on /home/airflow/.local/lib/python3.7/site-packages/airflow/example_dags/example_complex.py
[2022-05-02 20:08:13,095] {processor.py:641} INFO - Processing file /home/airflow/.local/lib/python3.7/site-packages/airflow/example_dags/example_complex.py for tasks to queue
[2022-05-02 20:08:13,095] {logging_mixin.py:115} INFO - [2022-05-02 20:08:13,095] {dagbag.py:507} INFO - Filling up the DagBag from /home/airflow/.local/lib/python3.7/site-packages/airflow/example_dags/example_complex.py
[2022-05-02 20:08:13,110] {processor.py:651} INFO - DAG(s) dict_keys(['example_complex']) retrieved from /home/airflow/.local/lib/python3.7/site-packages/airflow/example_dags/example_complex.py
[2022-05-02 20:08:13,143] {logging_mixin.py:115} INFO - [2022-05-02 20:08:13,143] {dag.py:2371} INFO - Sync 1 DAGs
[2022-05-02 20:08:13,277] {logging_mixin.py:115} INFO - [2022-05-02 20:08:13,277] {dag.py:2919} INFO - Setting next_dagrun for example_complex to None, run_after=None
[2022-05-02 20:08:13,287] {processor.py:161} INFO - Processing /home/airflow/.local/lib/python3.7/site-packages/airflow/example_dags/example_complex.py took 0.197 seconds
