[2022-05-02 19:56:01,455] {processor.py:153} INFO - Started process (PID=65) to work on /home/airflow/.local/lib/python3.7/site-packages/airflow/example_dags/tutorial_etl_dag.py
[2022-05-02 19:56:01,456] {processor.py:641} INFO - Processing file /home/airflow/.local/lib/python3.7/site-packages/airflow/example_dags/tutorial_etl_dag.py for tasks to queue
[2022-05-02 19:56:01,456] {logging_mixin.py:115} INFO - [2022-05-02 19:56:01,456] {dagbag.py:507} INFO - Filling up the DagBag from /home/airflow/.local/lib/python3.7/site-packages/airflow/example_dags/tutorial_etl_dag.py
[2022-05-02 19:56:01,463] {processor.py:651} INFO - DAG(s) dict_keys(['tutorial_etl_dag']) retrieved from /home/airflow/.local/lib/python3.7/site-packages/airflow/example_dags/tutorial_etl_dag.py
[2022-05-02 19:56:01,659] {logging_mixin.py:115} INFO - [2022-05-02 19:56:01,659] {manager.py:508} INFO - Created Permission View: can read on DAG:tutorial_etl_dag
[2022-05-02 19:56:01,669] {logging_mixin.py:115} INFO - [2022-05-02 19:56:01,669] {manager.py:508} INFO - Created Permission View: can delete on DAG:tutorial_etl_dag
[2022-05-02 19:56:01,679] {logging_mixin.py:115} INFO - [2022-05-02 19:56:01,679] {manager.py:508} INFO - Created Permission View: can edit on DAG:tutorial_etl_dag
[2022-05-02 19:56:01,679] {logging_mixin.py:115} INFO - [2022-05-02 19:56:01,679] {dag.py:2371} INFO - Sync 1 DAGs
[2022-05-02 19:56:01,688] {logging_mixin.py:115} INFO - [2022-05-02 19:56:01,688] {dag.py:2390} INFO - Creating ORM DAG for tutorial_etl_dag
[2022-05-02 19:56:01,704] {logging_mixin.py:115} INFO - [2022-05-02 19:56:01,703] {dag.py:2919} INFO - Setting next_dagrun for tutorial_etl_dag to None, run_after=None
[2022-05-02 19:56:01,721] {processor.py:161} INFO - Processing /home/airflow/.local/lib/python3.7/site-packages/airflow/example_dags/tutorial_etl_dag.py took 0.268 seconds
[2022-05-02 19:56:32,679] {processor.py:153} INFO - Started process (PID=117) to work on /home/airflow/.local/lib/python3.7/site-packages/airflow/example_dags/tutorial_etl_dag.py
[2022-05-02 19:56:32,680] {processor.py:641} INFO - Processing file /home/airflow/.local/lib/python3.7/site-packages/airflow/example_dags/tutorial_etl_dag.py for tasks to queue
[2022-05-02 19:56:32,680] {logging_mixin.py:115} INFO - [2022-05-02 19:56:32,680] {dagbag.py:507} INFO - Filling up the DagBag from /home/airflow/.local/lib/python3.7/site-packages/airflow/example_dags/tutorial_etl_dag.py
[2022-05-02 19:56:32,685] {processor.py:651} INFO - DAG(s) dict_keys(['tutorial_etl_dag']) retrieved from /home/airflow/.local/lib/python3.7/site-packages/airflow/example_dags/tutorial_etl_dag.py
[2022-05-02 19:56:32,708] {logging_mixin.py:115} INFO - [2022-05-02 19:56:32,707] {dag.py:2371} INFO - Sync 1 DAGs
[2022-05-02 19:56:32,727] {logging_mixin.py:115} INFO - [2022-05-02 19:56:32,727] {dag.py:2919} INFO - Setting next_dagrun for tutorial_etl_dag to None, run_after=None
[2022-05-02 19:56:32,741] {processor.py:161} INFO - Processing /home/airflow/.local/lib/python3.7/site-packages/airflow/example_dags/tutorial_etl_dag.py took 0.064 seconds
[2022-05-02 19:57:03,151] {processor.py:153} INFO - Started process (PID=178) to work on /home/airflow/.local/lib/python3.7/site-packages/airflow/example_dags/tutorial_etl_dag.py
[2022-05-02 19:57:03,152] {processor.py:641} INFO - Processing file /home/airflow/.local/lib/python3.7/site-packages/airflow/example_dags/tutorial_etl_dag.py for tasks to queue
[2022-05-02 19:57:03,152] {logging_mixin.py:115} INFO - [2022-05-02 19:57:03,152] {dagbag.py:507} INFO - Filling up the DagBag from /home/airflow/.local/lib/python3.7/site-packages/airflow/example_dags/tutorial_etl_dag.py
[2022-05-02 19:57:03,157] {processor.py:651} INFO - DAG(s) dict_keys(['tutorial_etl_dag']) retrieved from /home/airflow/.local/lib/python3.7/site-packages/airflow/example_dags/tutorial_etl_dag.py
[2022-05-02 19:57:03,179] {logging_mixin.py:115} INFO - [2022-05-02 19:57:03,179] {dag.py:2371} INFO - Sync 1 DAGs
[2022-05-02 19:57:03,199] {logging_mixin.py:115} INFO - [2022-05-02 19:57:03,199] {dag.py:2919} INFO - Setting next_dagrun for tutorial_etl_dag to None, run_after=None
[2022-05-02 19:57:03,213] {processor.py:161} INFO - Processing /home/airflow/.local/lib/python3.7/site-packages/airflow/example_dags/tutorial_etl_dag.py took 0.065 seconds
[2022-05-02 19:57:33,482] {processor.py:153} INFO - Started process (PID=239) to work on /home/airflow/.local/lib/python3.7/site-packages/airflow/example_dags/tutorial_etl_dag.py
[2022-05-02 19:57:33,483] {processor.py:641} INFO - Processing file /home/airflow/.local/lib/python3.7/site-packages/airflow/example_dags/tutorial_etl_dag.py for tasks to queue
[2022-05-02 19:57:33,483] {logging_mixin.py:115} INFO - [2022-05-02 19:57:33,483] {dagbag.py:507} INFO - Filling up the DagBag from /home/airflow/.local/lib/python3.7/site-packages/airflow/example_dags/tutorial_etl_dag.py
[2022-05-02 19:57:33,488] {processor.py:651} INFO - DAG(s) dict_keys(['tutorial_etl_dag']) retrieved from /home/airflow/.local/lib/python3.7/site-packages/airflow/example_dags/tutorial_etl_dag.py
[2022-05-02 19:57:33,511] {logging_mixin.py:115} INFO - [2022-05-02 19:57:33,511] {dag.py:2371} INFO - Sync 1 DAGs
[2022-05-02 19:57:33,533] {logging_mixin.py:115} INFO - [2022-05-02 19:57:33,533] {dag.py:2919} INFO - Setting next_dagrun for tutorial_etl_dag to None, run_after=None
[2022-05-02 19:57:33,547] {processor.py:161} INFO - Processing /home/airflow/.local/lib/python3.7/site-packages/airflow/example_dags/tutorial_etl_dag.py took 0.068 seconds
[2022-05-02 19:58:03,788] {processor.py:153} INFO - Started process (PID=291) to work on /home/airflow/.local/lib/python3.7/site-packages/airflow/example_dags/tutorial_etl_dag.py
[2022-05-02 19:58:03,789] {processor.py:641} INFO - Processing file /home/airflow/.local/lib/python3.7/site-packages/airflow/example_dags/tutorial_etl_dag.py for tasks to queue
[2022-05-02 19:58:03,789] {logging_mixin.py:115} INFO - [2022-05-02 19:58:03,789] {dagbag.py:507} INFO - Filling up the DagBag from /home/airflow/.local/lib/python3.7/site-packages/airflow/example_dags/tutorial_etl_dag.py
[2022-05-02 19:58:03,794] {processor.py:651} INFO - DAG(s) dict_keys(['tutorial_etl_dag']) retrieved from /home/airflow/.local/lib/python3.7/site-packages/airflow/example_dags/tutorial_etl_dag.py
[2022-05-02 19:58:03,817] {logging_mixin.py:115} INFO - [2022-05-02 19:58:03,817] {dag.py:2371} INFO - Sync 1 DAGs
[2022-05-02 19:58:03,837] {logging_mixin.py:115} INFO - [2022-05-02 19:58:03,836] {dag.py:2919} INFO - Setting next_dagrun for tutorial_etl_dag to None, run_after=None
[2022-05-02 19:58:03,852] {processor.py:161} INFO - Processing /home/airflow/.local/lib/python3.7/site-packages/airflow/example_dags/tutorial_etl_dag.py took 0.067 seconds
[2022-05-02 19:58:34,376] {processor.py:153} INFO - Started process (PID=353) to work on /home/airflow/.local/lib/python3.7/site-packages/airflow/example_dags/tutorial_etl_dag.py
[2022-05-02 19:58:34,377] {processor.py:641} INFO - Processing file /home/airflow/.local/lib/python3.7/site-packages/airflow/example_dags/tutorial_etl_dag.py for tasks to queue
[2022-05-02 19:58:34,378] {logging_mixin.py:115} INFO - [2022-05-02 19:58:34,377] {dagbag.py:507} INFO - Filling up the DagBag from /home/airflow/.local/lib/python3.7/site-packages/airflow/example_dags/tutorial_etl_dag.py
[2022-05-02 19:58:34,386] {processor.py:651} INFO - DAG(s) dict_keys(['tutorial_etl_dag']) retrieved from /home/airflow/.local/lib/python3.7/site-packages/airflow/example_dags/tutorial_etl_dag.py
[2022-05-02 19:58:34,409] {logging_mixin.py:115} INFO - [2022-05-02 19:58:34,409] {dag.py:2371} INFO - Sync 1 DAGs
[2022-05-02 19:58:34,428] {logging_mixin.py:115} INFO - [2022-05-02 19:58:34,428] {dag.py:2919} INFO - Setting next_dagrun for tutorial_etl_dag to None, run_after=None
[2022-05-02 19:58:34,442] {processor.py:161} INFO - Processing /home/airflow/.local/lib/python3.7/site-packages/airflow/example_dags/tutorial_etl_dag.py took 0.068 seconds
[2022-05-02 19:59:04,616] {processor.py:153} INFO - Started process (PID=415) to work on /home/airflow/.local/lib/python3.7/site-packages/airflow/example_dags/tutorial_etl_dag.py
[2022-05-02 19:59:04,617] {processor.py:641} INFO - Processing file /home/airflow/.local/lib/python3.7/site-packages/airflow/example_dags/tutorial_etl_dag.py for tasks to queue
[2022-05-02 19:59:04,617] {logging_mixin.py:115} INFO - [2022-05-02 19:59:04,617] {dagbag.py:507} INFO - Filling up the DagBag from /home/airflow/.local/lib/python3.7/site-packages/airflow/example_dags/tutorial_etl_dag.py
[2022-05-02 19:59:04,623] {processor.py:651} INFO - DAG(s) dict_keys(['tutorial_etl_dag']) retrieved from /home/airflow/.local/lib/python3.7/site-packages/airflow/example_dags/tutorial_etl_dag.py
[2022-05-02 19:59:04,644] {logging_mixin.py:115} INFO - [2022-05-02 19:59:04,644] {dag.py:2371} INFO - Sync 1 DAGs
[2022-05-02 19:59:04,665] {logging_mixin.py:115} INFO - [2022-05-02 19:59:04,665] {dag.py:2919} INFO - Setting next_dagrun for tutorial_etl_dag to None, run_after=None
[2022-05-02 19:59:04,680] {processor.py:161} INFO - Processing /home/airflow/.local/lib/python3.7/site-packages/airflow/example_dags/tutorial_etl_dag.py took 0.067 seconds
[2022-05-02 19:59:35,099] {processor.py:153} INFO - Started process (PID=467) to work on /home/airflow/.local/lib/python3.7/site-packages/airflow/example_dags/tutorial_etl_dag.py
[2022-05-02 19:59:35,105] {processor.py:641} INFO - Processing file /home/airflow/.local/lib/python3.7/site-packages/airflow/example_dags/tutorial_etl_dag.py for tasks to queue
[2022-05-02 19:59:35,105] {logging_mixin.py:115} INFO - [2022-05-02 19:59:35,105] {dagbag.py:507} INFO - Filling up the DagBag from /home/airflow/.local/lib/python3.7/site-packages/airflow/example_dags/tutorial_etl_dag.py
[2022-05-02 19:59:35,112] {processor.py:651} INFO - DAG(s) dict_keys(['tutorial_etl_dag']) retrieved from /home/airflow/.local/lib/python3.7/site-packages/airflow/example_dags/tutorial_etl_dag.py
[2022-05-02 19:59:35,133] {logging_mixin.py:115} INFO - [2022-05-02 19:59:35,133] {dag.py:2371} INFO - Sync 1 DAGs
[2022-05-02 19:59:35,154] {logging_mixin.py:115} INFO - [2022-05-02 19:59:35,154] {dag.py:2919} INFO - Setting next_dagrun for tutorial_etl_dag to None, run_after=None
[2022-05-02 19:59:35,168] {processor.py:161} INFO - Processing /home/airflow/.local/lib/python3.7/site-packages/airflow/example_dags/tutorial_etl_dag.py took 0.071 seconds
[2022-05-02 20:00:05,403] {processor.py:153} INFO - Started process (PID=528) to work on /home/airflow/.local/lib/python3.7/site-packages/airflow/example_dags/tutorial_etl_dag.py
[2022-05-02 20:00:05,405] {processor.py:641} INFO - Processing file /home/airflow/.local/lib/python3.7/site-packages/airflow/example_dags/tutorial_etl_dag.py for tasks to queue
[2022-05-02 20:00:05,405] {logging_mixin.py:115} INFO - [2022-05-02 20:00:05,405] {dagbag.py:507} INFO - Filling up the DagBag from /home/airflow/.local/lib/python3.7/site-packages/airflow/example_dags/tutorial_etl_dag.py
[2022-05-02 20:00:05,410] {processor.py:651} INFO - DAG(s) dict_keys(['tutorial_etl_dag']) retrieved from /home/airflow/.local/lib/python3.7/site-packages/airflow/example_dags/tutorial_etl_dag.py
[2022-05-02 20:00:05,432] {logging_mixin.py:115} INFO - [2022-05-02 20:00:05,432] {dag.py:2371} INFO - Sync 1 DAGs
[2022-05-02 20:00:05,451] {logging_mixin.py:115} INFO - [2022-05-02 20:00:05,451] {dag.py:2919} INFO - Setting next_dagrun for tutorial_etl_dag to None, run_after=None
[2022-05-02 20:00:05,466] {processor.py:161} INFO - Processing /home/airflow/.local/lib/python3.7/site-packages/airflow/example_dags/tutorial_etl_dag.py took 0.064 seconds
[2022-05-02 20:00:35,743] {processor.py:153} INFO - Started process (PID=589) to work on /home/airflow/.local/lib/python3.7/site-packages/airflow/example_dags/tutorial_etl_dag.py
[2022-05-02 20:00:35,749] {processor.py:641} INFO - Processing file /home/airflow/.local/lib/python3.7/site-packages/airflow/example_dags/tutorial_etl_dag.py for tasks to queue
[2022-05-02 20:00:35,749] {logging_mixin.py:115} INFO - [2022-05-02 20:00:35,749] {dagbag.py:507} INFO - Filling up the DagBag from /home/airflow/.local/lib/python3.7/site-packages/airflow/example_dags/tutorial_etl_dag.py
[2022-05-02 20:00:35,754] {processor.py:651} INFO - DAG(s) dict_keys(['tutorial_etl_dag']) retrieved from /home/airflow/.local/lib/python3.7/site-packages/airflow/example_dags/tutorial_etl_dag.py
[2022-05-02 20:00:35,775] {logging_mixin.py:115} INFO - [2022-05-02 20:00:35,775] {dag.py:2371} INFO - Sync 1 DAGs
[2022-05-02 20:00:35,795] {logging_mixin.py:115} INFO - [2022-05-02 20:00:35,795] {dag.py:2919} INFO - Setting next_dagrun for tutorial_etl_dag to None, run_after=None
[2022-05-02 20:00:35,809] {processor.py:161} INFO - Processing /home/airflow/.local/lib/python3.7/site-packages/airflow/example_dags/tutorial_etl_dag.py took 0.068 seconds
[2022-05-02 20:01:06,450] {processor.py:153} INFO - Started process (PID=644) to work on /home/airflow/.local/lib/python3.7/site-packages/airflow/example_dags/tutorial_etl_dag.py
[2022-05-02 20:01:06,450] {processor.py:641} INFO - Processing file /home/airflow/.local/lib/python3.7/site-packages/airflow/example_dags/tutorial_etl_dag.py for tasks to queue
[2022-05-02 20:01:06,451] {logging_mixin.py:115} INFO - [2022-05-02 20:01:06,450] {dagbag.py:507} INFO - Filling up the DagBag from /home/airflow/.local/lib/python3.7/site-packages/airflow/example_dags/tutorial_etl_dag.py
[2022-05-02 20:01:06,461] {processor.py:651} INFO - DAG(s) dict_keys(['tutorial_etl_dag']) retrieved from /home/airflow/.local/lib/python3.7/site-packages/airflow/example_dags/tutorial_etl_dag.py
[2022-05-02 20:01:06,482] {logging_mixin.py:115} INFO - [2022-05-02 20:01:06,482] {dag.py:2371} INFO - Sync 1 DAGs
[2022-05-02 20:01:06,503] {logging_mixin.py:115} INFO - [2022-05-02 20:01:06,503] {dag.py:2919} INFO - Setting next_dagrun for tutorial_etl_dag to None, run_after=None
[2022-05-02 20:01:06,610] {processor.py:161} INFO - Processing /home/airflow/.local/lib/python3.7/site-packages/airflow/example_dags/tutorial_etl_dag.py took 0.164 seconds
[2022-05-02 20:01:36,735] {processor.py:153} INFO - Started process (PID=705) to work on /home/airflow/.local/lib/python3.7/site-packages/airflow/example_dags/tutorial_etl_dag.py
[2022-05-02 20:01:36,736] {processor.py:641} INFO - Processing file /home/airflow/.local/lib/python3.7/site-packages/airflow/example_dags/tutorial_etl_dag.py for tasks to queue
[2022-05-02 20:01:36,736] {logging_mixin.py:115} INFO - [2022-05-02 20:01:36,736] {dagbag.py:507} INFO - Filling up the DagBag from /home/airflow/.local/lib/python3.7/site-packages/airflow/example_dags/tutorial_etl_dag.py
[2022-05-02 20:01:36,742] {processor.py:651} INFO - DAG(s) dict_keys(['tutorial_etl_dag']) retrieved from /home/airflow/.local/lib/python3.7/site-packages/airflow/example_dags/tutorial_etl_dag.py
[2022-05-02 20:01:36,765] {logging_mixin.py:115} INFO - [2022-05-02 20:01:36,765] {dag.py:2371} INFO - Sync 1 DAGs
[2022-05-02 20:01:36,787] {logging_mixin.py:115} INFO - [2022-05-02 20:01:36,787] {dag.py:2919} INFO - Setting next_dagrun for tutorial_etl_dag to None, run_after=None
[2022-05-02 20:01:36,894] {processor.py:161} INFO - Processing /home/airflow/.local/lib/python3.7/site-packages/airflow/example_dags/tutorial_etl_dag.py took 0.162 seconds
[2022-05-02 20:02:07,103] {processor.py:153} INFO - Started process (PID=759) to work on /home/airflow/.local/lib/python3.7/site-packages/airflow/example_dags/tutorial_etl_dag.py
[2022-05-02 20:02:07,104] {processor.py:641} INFO - Processing file /home/airflow/.local/lib/python3.7/site-packages/airflow/example_dags/tutorial_etl_dag.py for tasks to queue
[2022-05-02 20:02:07,104] {logging_mixin.py:115} INFO - [2022-05-02 20:02:07,104] {dagbag.py:507} INFO - Filling up the DagBag from /home/airflow/.local/lib/python3.7/site-packages/airflow/example_dags/tutorial_etl_dag.py
[2022-05-02 20:02:07,109] {processor.py:651} INFO - DAG(s) dict_keys(['tutorial_etl_dag']) retrieved from /home/airflow/.local/lib/python3.7/site-packages/airflow/example_dags/tutorial_etl_dag.py
[2022-05-02 20:02:07,130] {logging_mixin.py:115} INFO - [2022-05-02 20:02:07,129] {dag.py:2371} INFO - Sync 1 DAGs
[2022-05-02 20:02:07,153] {logging_mixin.py:115} INFO - [2022-05-02 20:02:07,152] {dag.py:2919} INFO - Setting next_dagrun for tutorial_etl_dag to None, run_after=None
[2022-05-02 20:02:07,261] {processor.py:161} INFO - Processing /home/airflow/.local/lib/python3.7/site-packages/airflow/example_dags/tutorial_etl_dag.py took 0.161 seconds
[2022-05-02 20:02:37,555] {processor.py:153} INFO - Started process (PID=821) to work on /home/airflow/.local/lib/python3.7/site-packages/airflow/example_dags/tutorial_etl_dag.py
[2022-05-02 20:02:37,555] {processor.py:641} INFO - Processing file /home/airflow/.local/lib/python3.7/site-packages/airflow/example_dags/tutorial_etl_dag.py for tasks to queue
[2022-05-02 20:02:37,556] {logging_mixin.py:115} INFO - [2022-05-02 20:02:37,556] {dagbag.py:507} INFO - Filling up the DagBag from /home/airflow/.local/lib/python3.7/site-packages/airflow/example_dags/tutorial_etl_dag.py
[2022-05-02 20:02:37,562] {processor.py:651} INFO - DAG(s) dict_keys(['tutorial_etl_dag']) retrieved from /home/airflow/.local/lib/python3.7/site-packages/airflow/example_dags/tutorial_etl_dag.py
[2022-05-02 20:02:37,585] {logging_mixin.py:115} INFO - [2022-05-02 20:02:37,585] {dag.py:2371} INFO - Sync 1 DAGs
[2022-05-02 20:02:37,608] {logging_mixin.py:115} INFO - [2022-05-02 20:02:37,608] {dag.py:2919} INFO - Setting next_dagrun for tutorial_etl_dag to None, run_after=None
[2022-05-02 20:02:37,715] {processor.py:161} INFO - Processing /home/airflow/.local/lib/python3.7/site-packages/airflow/example_dags/tutorial_etl_dag.py took 0.163 seconds
[2022-05-02 20:03:08,516] {processor.py:153} INFO - Started process (PID=884) to work on /home/airflow/.local/lib/python3.7/site-packages/airflow/example_dags/tutorial_etl_dag.py
[2022-05-02 20:03:08,516] {processor.py:641} INFO - Processing file /home/airflow/.local/lib/python3.7/site-packages/airflow/example_dags/tutorial_etl_dag.py for tasks to queue
[2022-05-02 20:03:08,517] {logging_mixin.py:115} INFO - [2022-05-02 20:03:08,517] {dagbag.py:507} INFO - Filling up the DagBag from /home/airflow/.local/lib/python3.7/site-packages/airflow/example_dags/tutorial_etl_dag.py
[2022-05-02 20:03:08,524] {processor.py:651} INFO - DAG(s) dict_keys(['tutorial_etl_dag']) retrieved from /home/airflow/.local/lib/python3.7/site-packages/airflow/example_dags/tutorial_etl_dag.py
[2022-05-02 20:03:08,545] {logging_mixin.py:115} INFO - [2022-05-02 20:03:08,545] {dag.py:2371} INFO - Sync 1 DAGs
[2022-05-02 20:03:08,567] {logging_mixin.py:115} INFO - [2022-05-02 20:03:08,567] {dag.py:2919} INFO - Setting next_dagrun for tutorial_etl_dag to None, run_after=None
[2022-05-02 20:03:08,672] {processor.py:161} INFO - Processing /home/airflow/.local/lib/python3.7/site-packages/airflow/example_dags/tutorial_etl_dag.py took 0.159 seconds
[2022-05-02 20:03:38,945] {processor.py:153} INFO - Started process (PID=936) to work on /home/airflow/.local/lib/python3.7/site-packages/airflow/example_dags/tutorial_etl_dag.py
[2022-05-02 20:03:38,946] {processor.py:641} INFO - Processing file /home/airflow/.local/lib/python3.7/site-packages/airflow/example_dags/tutorial_etl_dag.py for tasks to queue
[2022-05-02 20:03:38,946] {logging_mixin.py:115} INFO - [2022-05-02 20:03:38,946] {dagbag.py:507} INFO - Filling up the DagBag from /home/airflow/.local/lib/python3.7/site-packages/airflow/example_dags/tutorial_etl_dag.py
[2022-05-02 20:03:38,951] {processor.py:651} INFO - DAG(s) dict_keys(['tutorial_etl_dag']) retrieved from /home/airflow/.local/lib/python3.7/site-packages/airflow/example_dags/tutorial_etl_dag.py
[2022-05-02 20:03:38,974] {logging_mixin.py:115} INFO - [2022-05-02 20:03:38,974] {dag.py:2371} INFO - Sync 1 DAGs
[2022-05-02 20:03:38,997] {logging_mixin.py:115} INFO - [2022-05-02 20:03:38,997] {dag.py:2919} INFO - Setting next_dagrun for tutorial_etl_dag to None, run_after=None
[2022-05-02 20:03:39,107] {processor.py:161} INFO - Processing /home/airflow/.local/lib/python3.7/site-packages/airflow/example_dags/tutorial_etl_dag.py took 0.166 seconds
[2022-05-02 20:04:09,400] {processor.py:153} INFO - Started process (PID=997) to work on /home/airflow/.local/lib/python3.7/site-packages/airflow/example_dags/tutorial_etl_dag.py
[2022-05-02 20:04:09,401] {processor.py:641} INFO - Processing file /home/airflow/.local/lib/python3.7/site-packages/airflow/example_dags/tutorial_etl_dag.py for tasks to queue
[2022-05-02 20:04:09,401] {logging_mixin.py:115} INFO - [2022-05-02 20:04:09,401] {dagbag.py:507} INFO - Filling up the DagBag from /home/airflow/.local/lib/python3.7/site-packages/airflow/example_dags/tutorial_etl_dag.py
[2022-05-02 20:04:09,406] {processor.py:651} INFO - DAG(s) dict_keys(['tutorial_etl_dag']) retrieved from /home/airflow/.local/lib/python3.7/site-packages/airflow/example_dags/tutorial_etl_dag.py
[2022-05-02 20:04:09,428] {logging_mixin.py:115} INFO - [2022-05-02 20:04:09,428] {dag.py:2371} INFO - Sync 1 DAGs
[2022-05-02 20:04:09,453] {logging_mixin.py:115} INFO - [2022-05-02 20:04:09,453] {dag.py:2919} INFO - Setting next_dagrun for tutorial_etl_dag to None, run_after=None
[2022-05-02 20:04:09,556] {processor.py:161} INFO - Processing /home/airflow/.local/lib/python3.7/site-packages/airflow/example_dags/tutorial_etl_dag.py took 0.159 seconds
[2022-05-02 20:04:39,869] {processor.py:153} INFO - Started process (PID=1059) to work on /home/airflow/.local/lib/python3.7/site-packages/airflow/example_dags/tutorial_etl_dag.py
[2022-05-02 20:04:39,870] {processor.py:641} INFO - Processing file /home/airflow/.local/lib/python3.7/site-packages/airflow/example_dags/tutorial_etl_dag.py for tasks to queue
[2022-05-02 20:04:39,870] {logging_mixin.py:115} INFO - [2022-05-02 20:04:39,870] {dagbag.py:507} INFO - Filling up the DagBag from /home/airflow/.local/lib/python3.7/site-packages/airflow/example_dags/tutorial_etl_dag.py
[2022-05-02 20:04:39,875] {processor.py:651} INFO - DAG(s) dict_keys(['tutorial_etl_dag']) retrieved from /home/airflow/.local/lib/python3.7/site-packages/airflow/example_dags/tutorial_etl_dag.py
[2022-05-02 20:04:39,901] {logging_mixin.py:115} INFO - [2022-05-02 20:04:39,901] {dag.py:2371} INFO - Sync 1 DAGs
[2022-05-02 20:04:39,926] {logging_mixin.py:115} INFO - [2022-05-02 20:04:39,926] {dag.py:2919} INFO - Setting next_dagrun for tutorial_etl_dag to None, run_after=None
[2022-05-02 20:04:40,037] {processor.py:161} INFO - Processing /home/airflow/.local/lib/python3.7/site-packages/airflow/example_dags/tutorial_etl_dag.py took 0.171 seconds
[2022-05-02 20:05:10,388] {processor.py:153} INFO - Started process (PID=1111) to work on /home/airflow/.local/lib/python3.7/site-packages/airflow/example_dags/tutorial_etl_dag.py
[2022-05-02 20:05:10,389] {processor.py:641} INFO - Processing file /home/airflow/.local/lib/python3.7/site-packages/airflow/example_dags/tutorial_etl_dag.py for tasks to queue
[2022-05-02 20:05:10,389] {logging_mixin.py:115} INFO - [2022-05-02 20:05:10,389] {dagbag.py:507} INFO - Filling up the DagBag from /home/airflow/.local/lib/python3.7/site-packages/airflow/example_dags/tutorial_etl_dag.py
[2022-05-02 20:05:10,396] {processor.py:651} INFO - DAG(s) dict_keys(['tutorial_etl_dag']) retrieved from /home/airflow/.local/lib/python3.7/site-packages/airflow/example_dags/tutorial_etl_dag.py
[2022-05-02 20:05:10,416] {logging_mixin.py:115} INFO - [2022-05-02 20:05:10,416] {dag.py:2371} INFO - Sync 1 DAGs
[2022-05-02 20:05:10,439] {logging_mixin.py:115} INFO - [2022-05-02 20:05:10,439] {dag.py:2919} INFO - Setting next_dagrun for tutorial_etl_dag to None, run_after=None
[2022-05-02 20:05:10,548] {processor.py:161} INFO - Processing /home/airflow/.local/lib/python3.7/site-packages/airflow/example_dags/tutorial_etl_dag.py took 0.163 seconds
[2022-05-02 20:05:40,653] {processor.py:153} INFO - Started process (PID=1172) to work on /home/airflow/.local/lib/python3.7/site-packages/airflow/example_dags/tutorial_etl_dag.py
[2022-05-02 20:05:40,653] {processor.py:641} INFO - Processing file /home/airflow/.local/lib/python3.7/site-packages/airflow/example_dags/tutorial_etl_dag.py for tasks to queue
[2022-05-02 20:05:40,654] {logging_mixin.py:115} INFO - [2022-05-02 20:05:40,654] {dagbag.py:507} INFO - Filling up the DagBag from /home/airflow/.local/lib/python3.7/site-packages/airflow/example_dags/tutorial_etl_dag.py
[2022-05-02 20:05:40,660] {processor.py:651} INFO - DAG(s) dict_keys(['tutorial_etl_dag']) retrieved from /home/airflow/.local/lib/python3.7/site-packages/airflow/example_dags/tutorial_etl_dag.py
[2022-05-02 20:05:40,682] {logging_mixin.py:115} INFO - [2022-05-02 20:05:40,682] {dag.py:2371} INFO - Sync 1 DAGs
[2022-05-02 20:05:40,704] {logging_mixin.py:115} INFO - [2022-05-02 20:05:40,704] {dag.py:2919} INFO - Setting next_dagrun for tutorial_etl_dag to None, run_after=None
[2022-05-02 20:05:40,809] {processor.py:161} INFO - Processing /home/airflow/.local/lib/python3.7/site-packages/airflow/example_dags/tutorial_etl_dag.py took 0.158 seconds
[2022-05-02 20:06:10,935] {processor.py:153} INFO - Started process (PID=1235) to work on /home/airflow/.local/lib/python3.7/site-packages/airflow/example_dags/tutorial_etl_dag.py
[2022-05-02 20:06:10,937] {processor.py:641} INFO - Processing file /home/airflow/.local/lib/python3.7/site-packages/airflow/example_dags/tutorial_etl_dag.py for tasks to queue
[2022-05-02 20:06:10,937] {logging_mixin.py:115} INFO - [2022-05-02 20:06:10,937] {dagbag.py:507} INFO - Filling up the DagBag from /home/airflow/.local/lib/python3.7/site-packages/airflow/example_dags/tutorial_etl_dag.py
[2022-05-02 20:06:10,942] {processor.py:651} INFO - DAG(s) dict_keys(['tutorial_etl_dag']) retrieved from /home/airflow/.local/lib/python3.7/site-packages/airflow/example_dags/tutorial_etl_dag.py
[2022-05-02 20:06:10,963] {logging_mixin.py:115} INFO - [2022-05-02 20:06:10,963] {dag.py:2371} INFO - Sync 1 DAGs
[2022-05-02 20:06:11,079] {logging_mixin.py:115} INFO - [2022-05-02 20:06:11,079] {dag.py:2919} INFO - Setting next_dagrun for tutorial_etl_dag to None, run_after=None
[2022-05-02 20:06:11,091] {processor.py:161} INFO - Processing /home/airflow/.local/lib/python3.7/site-packages/airflow/example_dags/tutorial_etl_dag.py took 0.158 seconds
[2022-05-02 20:06:41,234] {processor.py:153} INFO - Started process (PID=1290) to work on /home/airflow/.local/lib/python3.7/site-packages/airflow/example_dags/tutorial_etl_dag.py
[2022-05-02 20:06:41,235] {processor.py:641} INFO - Processing file /home/airflow/.local/lib/python3.7/site-packages/airflow/example_dags/tutorial_etl_dag.py for tasks to queue
[2022-05-02 20:06:41,236] {logging_mixin.py:115} INFO - [2022-05-02 20:06:41,236] {dagbag.py:507} INFO - Filling up the DagBag from /home/airflow/.local/lib/python3.7/site-packages/airflow/example_dags/tutorial_etl_dag.py
[2022-05-02 20:06:41,241] {processor.py:651} INFO - DAG(s) dict_keys(['tutorial_etl_dag']) retrieved from /home/airflow/.local/lib/python3.7/site-packages/airflow/example_dags/tutorial_etl_dag.py
[2022-05-02 20:06:41,261] {logging_mixin.py:115} INFO - [2022-05-02 20:06:41,261] {dag.py:2371} INFO - Sync 1 DAGs
[2022-05-02 20:06:41,377] {logging_mixin.py:115} INFO - [2022-05-02 20:06:41,377] {dag.py:2919} INFO - Setting next_dagrun for tutorial_etl_dag to None, run_after=None
[2022-05-02 20:06:41,389] {processor.py:161} INFO - Processing /home/airflow/.local/lib/python3.7/site-packages/airflow/example_dags/tutorial_etl_dag.py took 0.160 seconds
