[2022-05-02 19:56:03,146] {processor.py:153} INFO - Started process (PID=77) to work on /home/airflow/.local/lib/python3.7/site-packages/airflow/example_dags/tutorial.py
[2022-05-02 19:56:03,146] {processor.py:641} INFO - Processing file /home/airflow/.local/lib/python3.7/site-packages/airflow/example_dags/tutorial.py for tasks to queue
[2022-05-02 19:56:03,147] {logging_mixin.py:115} INFO - [2022-05-02 19:56:03,147] {dagbag.py:507} INFO - Filling up the DagBag from /home/airflow/.local/lib/python3.7/site-packages/airflow/example_dags/tutorial.py
[2022-05-02 19:56:03,151] {processor.py:651} INFO - DAG(s) dict_keys(['tutorial']) retrieved from /home/airflow/.local/lib/python3.7/site-packages/airflow/example_dags/tutorial.py
[2022-05-02 19:56:03,321] {logging_mixin.py:115} INFO - [2022-05-02 19:56:03,321] {manager.py:508} INFO - Created Permission View: can read on DAG:tutorial
[2022-05-02 19:56:03,332] {logging_mixin.py:115} INFO - [2022-05-02 19:56:03,331] {manager.py:508} INFO - Created Permission View: can delete on DAG:tutorial
[2022-05-02 19:56:03,340] {logging_mixin.py:115} INFO - [2022-05-02 19:56:03,340] {manager.py:508} INFO - Created Permission View: can edit on DAG:tutorial
[2022-05-02 19:56:03,340] {logging_mixin.py:115} INFO - [2022-05-02 19:56:03,340] {dag.py:2371} INFO - Sync 1 DAGs
[2022-05-02 19:56:03,348] {logging_mixin.py:115} INFO - [2022-05-02 19:56:03,348] {dag.py:2390} INFO - Creating ORM DAG for tutorial
[2022-05-02 19:56:03,359] {logging_mixin.py:115} INFO - [2022-05-02 19:56:03,359] {dag.py:2919} INFO - Setting next_dagrun for tutorial to 2022-05-01T19:56:03.359093+00:00, run_after=2022-05-02T19:56:03.359093+00:00
[2022-05-02 19:56:03,373] {processor.py:161} INFO - Processing /home/airflow/.local/lib/python3.7/site-packages/airflow/example_dags/tutorial.py took 0.230 seconds
[2022-05-02 19:56:33,501] {processor.py:153} INFO - Started process (PID=129) to work on /home/airflow/.local/lib/python3.7/site-packages/airflow/example_dags/tutorial.py
[2022-05-02 19:56:33,501] {processor.py:641} INFO - Processing file /home/airflow/.local/lib/python3.7/site-packages/airflow/example_dags/tutorial.py for tasks to queue
[2022-05-02 19:56:33,502] {logging_mixin.py:115} INFO - [2022-05-02 19:56:33,502] {dagbag.py:507} INFO - Filling up the DagBag from /home/airflow/.local/lib/python3.7/site-packages/airflow/example_dags/tutorial.py
[2022-05-02 19:56:33,505] {processor.py:651} INFO - DAG(s) dict_keys(['tutorial']) retrieved from /home/airflow/.local/lib/python3.7/site-packages/airflow/example_dags/tutorial.py
[2022-05-02 19:56:33,527] {logging_mixin.py:115} INFO - [2022-05-02 19:56:33,527] {dag.py:2371} INFO - Sync 1 DAGs
[2022-05-02 19:56:33,549] {logging_mixin.py:115} INFO - [2022-05-02 19:56:33,549] {dag.py:2919} INFO - Setting next_dagrun for tutorial to 2022-05-01T19:56:33.549010+00:00, run_after=2022-05-02T19:56:33.549010+00:00
[2022-05-02 19:56:33,564] {processor.py:161} INFO - Processing /home/airflow/.local/lib/python3.7/site-packages/airflow/example_dags/tutorial.py took 0.065 seconds
[2022-05-02 19:57:03,985] {processor.py:153} INFO - Started process (PID=190) to work on /home/airflow/.local/lib/python3.7/site-packages/airflow/example_dags/tutorial.py
[2022-05-02 19:57:03,986] {processor.py:641} INFO - Processing file /home/airflow/.local/lib/python3.7/site-packages/airflow/example_dags/tutorial.py for tasks to queue
[2022-05-02 19:57:03,986] {logging_mixin.py:115} INFO - [2022-05-02 19:57:03,986] {dagbag.py:507} INFO - Filling up the DagBag from /home/airflow/.local/lib/python3.7/site-packages/airflow/example_dags/tutorial.py
[2022-05-02 19:57:03,991] {processor.py:651} INFO - DAG(s) dict_keys(['tutorial']) retrieved from /home/airflow/.local/lib/python3.7/site-packages/airflow/example_dags/tutorial.py
[2022-05-02 19:57:04,014] {logging_mixin.py:115} INFO - [2022-05-02 19:57:04,014] {dag.py:2371} INFO - Sync 1 DAGs
[2022-05-02 19:57:04,036] {logging_mixin.py:115} INFO - [2022-05-02 19:57:04,036] {dag.py:2919} INFO - Setting next_dagrun for tutorial to 2022-05-01T19:57:04.036181+00:00, run_after=2022-05-02T19:57:04.036181+00:00
[2022-05-02 19:57:04,051] {processor.py:161} INFO - Processing /home/airflow/.local/lib/python3.7/site-packages/airflow/example_dags/tutorial.py took 0.069 seconds
[2022-05-02 19:57:34,382] {processor.py:153} INFO - Started process (PID=251) to work on /home/airflow/.local/lib/python3.7/site-packages/airflow/example_dags/tutorial.py
[2022-05-02 19:57:34,383] {processor.py:641} INFO - Processing file /home/airflow/.local/lib/python3.7/site-packages/airflow/example_dags/tutorial.py for tasks to queue
[2022-05-02 19:57:34,383] {logging_mixin.py:115} INFO - [2022-05-02 19:57:34,383] {dagbag.py:507} INFO - Filling up the DagBag from /home/airflow/.local/lib/python3.7/site-packages/airflow/example_dags/tutorial.py
[2022-05-02 19:57:34,387] {processor.py:651} INFO - DAG(s) dict_keys(['tutorial']) retrieved from /home/airflow/.local/lib/python3.7/site-packages/airflow/example_dags/tutorial.py
[2022-05-02 19:57:34,411] {logging_mixin.py:115} INFO - [2022-05-02 19:57:34,411] {dag.py:2371} INFO - Sync 1 DAGs
[2022-05-02 19:57:34,432] {logging_mixin.py:115} INFO - [2022-05-02 19:57:34,432] {dag.py:2919} INFO - Setting next_dagrun for tutorial to 2022-05-01T19:57:34.432109+00:00, run_after=2022-05-02T19:57:34.432109+00:00
[2022-05-02 19:57:34,445] {processor.py:161} INFO - Processing /home/airflow/.local/lib/python3.7/site-packages/airflow/example_dags/tutorial.py took 0.065 seconds
[2022-05-02 19:58:04,751] {processor.py:153} INFO - Started process (PID=303) to work on /home/airflow/.local/lib/python3.7/site-packages/airflow/example_dags/tutorial.py
[2022-05-02 19:58:04,751] {processor.py:641} INFO - Processing file /home/airflow/.local/lib/python3.7/site-packages/airflow/example_dags/tutorial.py for tasks to queue
[2022-05-02 19:58:04,752] {logging_mixin.py:115} INFO - [2022-05-02 19:58:04,752] {dagbag.py:507} INFO - Filling up the DagBag from /home/airflow/.local/lib/python3.7/site-packages/airflow/example_dags/tutorial.py
[2022-05-02 19:58:04,755] {processor.py:651} INFO - DAG(s) dict_keys(['tutorial']) retrieved from /home/airflow/.local/lib/python3.7/site-packages/airflow/example_dags/tutorial.py
[2022-05-02 19:58:04,781] {logging_mixin.py:115} INFO - [2022-05-02 19:58:04,781] {dag.py:2371} INFO - Sync 1 DAGs
[2022-05-02 19:58:04,801] {logging_mixin.py:115} INFO - [2022-05-02 19:58:04,801] {dag.py:2919} INFO - Setting next_dagrun for tutorial to 2022-05-01T19:58:04.801343+00:00, run_after=2022-05-02T19:58:04.801343+00:00
[2022-05-02 19:58:04,815] {processor.py:161} INFO - Processing /home/airflow/.local/lib/python3.7/site-packages/airflow/example_dags/tutorial.py took 0.067 seconds
[2022-05-02 19:58:35,248] {processor.py:153} INFO - Started process (PID=365) to work on /home/airflow/.local/lib/python3.7/site-packages/airflow/example_dags/tutorial.py
[2022-05-02 19:58:35,249] {processor.py:641} INFO - Processing file /home/airflow/.local/lib/python3.7/site-packages/airflow/example_dags/tutorial.py for tasks to queue
[2022-05-02 19:58:35,249] {logging_mixin.py:115} INFO - [2022-05-02 19:58:35,249] {dagbag.py:507} INFO - Filling up the DagBag from /home/airflow/.local/lib/python3.7/site-packages/airflow/example_dags/tutorial.py
[2022-05-02 19:58:35,254] {processor.py:651} INFO - DAG(s) dict_keys(['tutorial']) retrieved from /home/airflow/.local/lib/python3.7/site-packages/airflow/example_dags/tutorial.py
[2022-05-02 19:58:35,277] {logging_mixin.py:115} INFO - [2022-05-02 19:58:35,276] {dag.py:2371} INFO - Sync 1 DAGs
[2022-05-02 19:58:35,297] {logging_mixin.py:115} INFO - [2022-05-02 19:58:35,296] {dag.py:2919} INFO - Setting next_dagrun for tutorial to 2022-05-01T19:58:35.296753+00:00, run_after=2022-05-02T19:58:35.296753+00:00
[2022-05-02 19:58:35,311] {processor.py:161} INFO - Processing /home/airflow/.local/lib/python3.7/site-packages/airflow/example_dags/tutorial.py took 0.065 seconds
[2022-05-02 19:59:05,651] {processor.py:153} INFO - Started process (PID=427) to work on /home/airflow/.local/lib/python3.7/site-packages/airflow/example_dags/tutorial.py
[2022-05-02 19:59:05,652] {processor.py:641} INFO - Processing file /home/airflow/.local/lib/python3.7/site-packages/airflow/example_dags/tutorial.py for tasks to queue
[2022-05-02 19:59:05,652] {logging_mixin.py:115} INFO - [2022-05-02 19:59:05,652] {dagbag.py:507} INFO - Filling up the DagBag from /home/airflow/.local/lib/python3.7/site-packages/airflow/example_dags/tutorial.py
[2022-05-02 19:59:05,657] {processor.py:651} INFO - DAG(s) dict_keys(['tutorial']) retrieved from /home/airflow/.local/lib/python3.7/site-packages/airflow/example_dags/tutorial.py
[2022-05-02 19:59:05,680] {logging_mixin.py:115} INFO - [2022-05-02 19:59:05,679] {dag.py:2371} INFO - Sync 1 DAGs
[2022-05-02 19:59:05,703] {logging_mixin.py:115} INFO - [2022-05-02 19:59:05,702] {dag.py:2919} INFO - Setting next_dagrun for tutorial to 2022-05-01T19:59:05.702784+00:00, run_after=2022-05-02T19:59:05.702784+00:00
[2022-05-02 19:59:05,716] {processor.py:161} INFO - Processing /home/airflow/.local/lib/python3.7/site-packages/airflow/example_dags/tutorial.py took 0.067 seconds
[2022-05-02 19:59:36,007] {processor.py:153} INFO - Started process (PID=479) to work on /home/airflow/.local/lib/python3.7/site-packages/airflow/example_dags/tutorial.py
[2022-05-02 19:59:36,008] {processor.py:641} INFO - Processing file /home/airflow/.local/lib/python3.7/site-packages/airflow/example_dags/tutorial.py for tasks to queue
[2022-05-02 19:59:36,008] {logging_mixin.py:115} INFO - [2022-05-02 19:59:36,008] {dagbag.py:507} INFO - Filling up the DagBag from /home/airflow/.local/lib/python3.7/site-packages/airflow/example_dags/tutorial.py
[2022-05-02 19:59:36,014] {processor.py:651} INFO - DAG(s) dict_keys(['tutorial']) retrieved from /home/airflow/.local/lib/python3.7/site-packages/airflow/example_dags/tutorial.py
[2022-05-02 19:59:36,037] {logging_mixin.py:115} INFO - [2022-05-02 19:59:36,037] {dag.py:2371} INFO - Sync 1 DAGs
[2022-05-02 19:59:36,059] {logging_mixin.py:115} INFO - [2022-05-02 19:59:36,059] {dag.py:2919} INFO - Setting next_dagrun for tutorial to 2022-05-01T19:59:36.059074+00:00, run_after=2022-05-02T19:59:36.059074+00:00
[2022-05-02 19:59:36,075] {processor.py:161} INFO - Processing /home/airflow/.local/lib/python3.7/site-packages/airflow/example_dags/tutorial.py took 0.071 seconds
[2022-05-02 20:00:06,265] {processor.py:153} INFO - Started process (PID=540) to work on /home/airflow/.local/lib/python3.7/site-packages/airflow/example_dags/tutorial.py
[2022-05-02 20:00:06,266] {processor.py:641} INFO - Processing file /home/airflow/.local/lib/python3.7/site-packages/airflow/example_dags/tutorial.py for tasks to queue
[2022-05-02 20:00:06,266] {logging_mixin.py:115} INFO - [2022-05-02 20:00:06,266] {dagbag.py:507} INFO - Filling up the DagBag from /home/airflow/.local/lib/python3.7/site-packages/airflow/example_dags/tutorial.py
[2022-05-02 20:00:06,272] {processor.py:651} INFO - DAG(s) dict_keys(['tutorial']) retrieved from /home/airflow/.local/lib/python3.7/site-packages/airflow/example_dags/tutorial.py
[2022-05-02 20:00:06,293] {logging_mixin.py:115} INFO - [2022-05-02 20:00:06,293] {dag.py:2371} INFO - Sync 1 DAGs
[2022-05-02 20:00:06,315] {logging_mixin.py:115} INFO - [2022-05-02 20:00:06,315] {dag.py:2919} INFO - Setting next_dagrun for tutorial to 2022-05-01T20:00:06.314840+00:00, run_after=2022-05-02T20:00:06.314840+00:00
[2022-05-02 20:00:06,332] {processor.py:161} INFO - Processing /home/airflow/.local/lib/python3.7/site-packages/airflow/example_dags/tutorial.py took 0.070 seconds
[2022-05-02 20:00:36,546] {processor.py:153} INFO - Started process (PID=602) to work on /home/airflow/.local/lib/python3.7/site-packages/airflow/example_dags/tutorial.py
[2022-05-02 20:00:36,546] {processor.py:641} INFO - Processing file /home/airflow/.local/lib/python3.7/site-packages/airflow/example_dags/tutorial.py for tasks to queue
[2022-05-02 20:00:36,546] {logging_mixin.py:115} INFO - [2022-05-02 20:00:36,546] {dagbag.py:507} INFO - Filling up the DagBag from /home/airflow/.local/lib/python3.7/site-packages/airflow/example_dags/tutorial.py
[2022-05-02 20:00:36,551] {processor.py:651} INFO - DAG(s) dict_keys(['tutorial']) retrieved from /home/airflow/.local/lib/python3.7/site-packages/airflow/example_dags/tutorial.py
[2022-05-02 20:00:36,572] {logging_mixin.py:115} INFO - [2022-05-02 20:00:36,572] {dag.py:2371} INFO - Sync 1 DAGs
[2022-05-02 20:00:36,593] {logging_mixin.py:115} INFO - [2022-05-02 20:00:36,593] {dag.py:2919} INFO - Setting next_dagrun for tutorial to 2022-05-01T20:00:36.593331+00:00, run_after=2022-05-02T20:00:36.593331+00:00
[2022-05-02 20:00:36,612] {processor.py:161} INFO - Processing /home/airflow/.local/lib/python3.7/site-packages/airflow/example_dags/tutorial.py took 0.068 seconds
[2022-05-02 20:01:07,685] {processor.py:153} INFO - Started process (PID=656) to work on /home/airflow/.local/lib/python3.7/site-packages/airflow/example_dags/tutorial.py
[2022-05-02 20:01:07,686] {processor.py:641} INFO - Processing file /home/airflow/.local/lib/python3.7/site-packages/airflow/example_dags/tutorial.py for tasks to queue
[2022-05-02 20:01:07,686] {logging_mixin.py:115} INFO - [2022-05-02 20:01:07,686] {dagbag.py:507} INFO - Filling up the DagBag from /home/airflow/.local/lib/python3.7/site-packages/airflow/example_dags/tutorial.py
[2022-05-02 20:01:07,691] {processor.py:651} INFO - DAG(s) dict_keys(['tutorial']) retrieved from /home/airflow/.local/lib/python3.7/site-packages/airflow/example_dags/tutorial.py
[2022-05-02 20:01:07,714] {logging_mixin.py:115} INFO - [2022-05-02 20:01:07,714] {dag.py:2371} INFO - Sync 1 DAGs
[2022-05-02 20:01:07,738] {logging_mixin.py:115} INFO - [2022-05-02 20:01:07,737] {dag.py:2919} INFO - Setting next_dagrun for tutorial to 2022-05-01T20:01:07.737798+00:00, run_after=2022-05-02T20:01:07.737798+00:00
[2022-05-02 20:01:07,848] {processor.py:161} INFO - Processing /home/airflow/.local/lib/python3.7/site-packages/airflow/example_dags/tutorial.py took 0.166 seconds
[2022-05-02 20:01:37,922] {processor.py:153} INFO - Started process (PID=717) to work on /home/airflow/.local/lib/python3.7/site-packages/airflow/example_dags/tutorial.py
[2022-05-02 20:01:37,922] {processor.py:641} INFO - Processing file /home/airflow/.local/lib/python3.7/site-packages/airflow/example_dags/tutorial.py for tasks to queue
[2022-05-02 20:01:37,923] {logging_mixin.py:115} INFO - [2022-05-02 20:01:37,923] {dagbag.py:507} INFO - Filling up the DagBag from /home/airflow/.local/lib/python3.7/site-packages/airflow/example_dags/tutorial.py
[2022-05-02 20:01:37,927] {processor.py:651} INFO - DAG(s) dict_keys(['tutorial']) retrieved from /home/airflow/.local/lib/python3.7/site-packages/airflow/example_dags/tutorial.py
[2022-05-02 20:01:37,953] {logging_mixin.py:115} INFO - [2022-05-02 20:01:37,952] {dag.py:2371} INFO - Sync 1 DAGs
[2022-05-02 20:01:37,978] {logging_mixin.py:115} INFO - [2022-05-02 20:01:37,978] {dag.py:2919} INFO - Setting next_dagrun for tutorial to 2022-05-01T20:01:37.978018+00:00, run_after=2022-05-02T20:01:37.978018+00:00
[2022-05-02 20:01:38,083] {processor.py:161} INFO - Processing /home/airflow/.local/lib/python3.7/site-packages/airflow/example_dags/tutorial.py took 0.163 seconds
[2022-05-02 20:02:08,346] {processor.py:153} INFO - Started process (PID=780) to work on /home/airflow/.local/lib/python3.7/site-packages/airflow/example_dags/tutorial.py
[2022-05-02 20:02:08,347] {processor.py:641} INFO - Processing file /home/airflow/.local/lib/python3.7/site-packages/airflow/example_dags/tutorial.py for tasks to queue
[2022-05-02 20:02:08,347] {logging_mixin.py:115} INFO - [2022-05-02 20:02:08,347] {dagbag.py:507} INFO - Filling up the DagBag from /home/airflow/.local/lib/python3.7/site-packages/airflow/example_dags/tutorial.py
[2022-05-02 20:02:08,351] {processor.py:651} INFO - DAG(s) dict_keys(['tutorial']) retrieved from /home/airflow/.local/lib/python3.7/site-packages/airflow/example_dags/tutorial.py
[2022-05-02 20:02:08,371] {logging_mixin.py:115} INFO - [2022-05-02 20:02:08,371] {dag.py:2371} INFO - Sync 1 DAGs
[2022-05-02 20:02:08,394] {logging_mixin.py:115} INFO - [2022-05-02 20:02:08,394] {dag.py:2919} INFO - Setting next_dagrun for tutorial to 2022-05-01T20:02:08.394049+00:00, run_after=2022-05-02T20:02:08.394049+00:00
[2022-05-02 20:02:08,499] {processor.py:161} INFO - Processing /home/airflow/.local/lib/python3.7/site-packages/airflow/example_dags/tutorial.py took 0.154 seconds
[2022-05-02 20:02:39,213] {processor.py:153} INFO - Started process (PID=833) to work on /home/airflow/.local/lib/python3.7/site-packages/airflow/example_dags/tutorial.py
[2022-05-02 20:02:39,214] {processor.py:641} INFO - Processing file /home/airflow/.local/lib/python3.7/site-packages/airflow/example_dags/tutorial.py for tasks to queue
[2022-05-02 20:02:39,215] {logging_mixin.py:115} INFO - [2022-05-02 20:02:39,215] {dagbag.py:507} INFO - Filling up the DagBag from /home/airflow/.local/lib/python3.7/site-packages/airflow/example_dags/tutorial.py
[2022-05-02 20:02:39,219] {processor.py:651} INFO - DAG(s) dict_keys(['tutorial']) retrieved from /home/airflow/.local/lib/python3.7/site-packages/airflow/example_dags/tutorial.py
[2022-05-02 20:02:39,240] {logging_mixin.py:115} INFO - [2022-05-02 20:02:39,240] {dag.py:2371} INFO - Sync 1 DAGs
[2022-05-02 20:02:39,261] {logging_mixin.py:115} INFO - [2022-05-02 20:02:39,261] {dag.py:2919} INFO - Setting next_dagrun for tutorial to 2022-05-01T20:02:39.261411+00:00, run_after=2022-05-02T20:02:39.261411+00:00
[2022-05-02 20:02:39,368] {processor.py:161} INFO - Processing /home/airflow/.local/lib/python3.7/site-packages/airflow/example_dags/tutorial.py took 0.157 seconds
[2022-05-02 20:03:09,968] {processor.py:153} INFO - Started process (PID=896) to work on /home/airflow/.local/lib/python3.7/site-packages/airflow/example_dags/tutorial.py
[2022-05-02 20:03:09,969] {processor.py:641} INFO - Processing file /home/airflow/.local/lib/python3.7/site-packages/airflow/example_dags/tutorial.py for tasks to queue
[2022-05-02 20:03:09,969] {logging_mixin.py:115} INFO - [2022-05-02 20:03:09,969] {dagbag.py:507} INFO - Filling up the DagBag from /home/airflow/.local/lib/python3.7/site-packages/airflow/example_dags/tutorial.py
[2022-05-02 20:03:09,973] {processor.py:651} INFO - DAG(s) dict_keys(['tutorial']) retrieved from /home/airflow/.local/lib/python3.7/site-packages/airflow/example_dags/tutorial.py
[2022-05-02 20:03:09,995] {logging_mixin.py:115} INFO - [2022-05-02 20:03:09,995] {dag.py:2371} INFO - Sync 1 DAGs
[2022-05-02 20:03:10,017] {logging_mixin.py:115} INFO - [2022-05-02 20:03:10,017] {dag.py:2919} INFO - Setting next_dagrun for tutorial to 2022-05-01T20:03:10.016765+00:00, run_after=2022-05-02T20:03:10.016765+00:00
[2022-05-02 20:03:10,121] {processor.py:161} INFO - Processing /home/airflow/.local/lib/python3.7/site-packages/airflow/example_dags/tutorial.py took 0.158 seconds
[2022-05-02 20:03:40,230] {processor.py:153} INFO - Started process (PID=955) to work on /home/airflow/.local/lib/python3.7/site-packages/airflow/example_dags/tutorial.py
[2022-05-02 20:03:40,230] {processor.py:641} INFO - Processing file /home/airflow/.local/lib/python3.7/site-packages/airflow/example_dags/tutorial.py for tasks to queue
[2022-05-02 20:03:40,230] {logging_mixin.py:115} INFO - [2022-05-02 20:03:40,230] {dagbag.py:507} INFO - Filling up the DagBag from /home/airflow/.local/lib/python3.7/site-packages/airflow/example_dags/tutorial.py
[2022-05-02 20:03:40,235] {processor.py:651} INFO - DAG(s) dict_keys(['tutorial']) retrieved from /home/airflow/.local/lib/python3.7/site-packages/airflow/example_dags/tutorial.py
[2022-05-02 20:03:40,259] {logging_mixin.py:115} INFO - [2022-05-02 20:03:40,258] {dag.py:2371} INFO - Sync 1 DAGs
[2022-05-02 20:03:40,282] {logging_mixin.py:115} INFO - [2022-05-02 20:03:40,282] {dag.py:2919} INFO - Setting next_dagrun for tutorial to 2022-05-01T20:03:40.282108+00:00, run_after=2022-05-02T20:03:40.282108+00:00
[2022-05-02 20:03:40,391] {processor.py:161} INFO - Processing /home/airflow/.local/lib/python3.7/site-packages/airflow/example_dags/tutorial.py took 0.165 seconds
[2022-05-02 20:04:10,709] {processor.py:153} INFO - Started process (PID=1009) to work on /home/airflow/.local/lib/python3.7/site-packages/airflow/example_dags/tutorial.py
[2022-05-02 20:04:10,710] {processor.py:641} INFO - Processing file /home/airflow/.local/lib/python3.7/site-packages/airflow/example_dags/tutorial.py for tasks to queue
[2022-05-02 20:04:10,710] {logging_mixin.py:115} INFO - [2022-05-02 20:04:10,710] {dagbag.py:507} INFO - Filling up the DagBag from /home/airflow/.local/lib/python3.7/site-packages/airflow/example_dags/tutorial.py
[2022-05-02 20:04:10,715] {processor.py:651} INFO - DAG(s) dict_keys(['tutorial']) retrieved from /home/airflow/.local/lib/python3.7/site-packages/airflow/example_dags/tutorial.py
[2022-05-02 20:04:10,735] {logging_mixin.py:115} INFO - [2022-05-02 20:04:10,735] {dag.py:2371} INFO - Sync 1 DAGs
[2022-05-02 20:04:10,759] {logging_mixin.py:115} INFO - [2022-05-02 20:04:10,759] {dag.py:2919} INFO - Setting next_dagrun for tutorial to 2022-05-01T20:04:10.759162+00:00, run_after=2022-05-02T20:04:10.759162+00:00
[2022-05-02 20:04:10,867] {processor.py:161} INFO - Processing /home/airflow/.local/lib/python3.7/site-packages/airflow/example_dags/tutorial.py took 0.159 seconds
[2022-05-02 20:04:41,003] {processor.py:153} INFO - Started process (PID=1071) to work on /home/airflow/.local/lib/python3.7/site-packages/airflow/example_dags/tutorial.py
[2022-05-02 20:04:41,004] {processor.py:641} INFO - Processing file /home/airflow/.local/lib/python3.7/site-packages/airflow/example_dags/tutorial.py for tasks to queue
[2022-05-02 20:04:41,004] {logging_mixin.py:115} INFO - [2022-05-02 20:04:41,004] {dagbag.py:507} INFO - Filling up the DagBag from /home/airflow/.local/lib/python3.7/site-packages/airflow/example_dags/tutorial.py
[2022-05-02 20:04:41,008] {processor.py:651} INFO - DAG(s) dict_keys(['tutorial']) retrieved from /home/airflow/.local/lib/python3.7/site-packages/airflow/example_dags/tutorial.py
[2022-05-02 20:04:41,035] {logging_mixin.py:115} INFO - [2022-05-02 20:04:41,035] {dag.py:2371} INFO - Sync 1 DAGs
[2022-05-02 20:04:41,058] {logging_mixin.py:115} INFO - [2022-05-02 20:04:41,058] {dag.py:2919} INFO - Setting next_dagrun for tutorial to 2022-05-01T20:04:41.058248+00:00, run_after=2022-05-02T20:04:41.058248+00:00
[2022-05-02 20:04:41,173] {processor.py:161} INFO - Processing /home/airflow/.local/lib/python3.7/site-packages/airflow/example_dags/tutorial.py took 0.172 seconds
[2022-05-02 20:05:11,450] {processor.py:153} INFO - Started process (PID=1123) to work on /home/airflow/.local/lib/python3.7/site-packages/airflow/example_dags/tutorial.py
[2022-05-02 20:05:11,450] {processor.py:641} INFO - Processing file /home/airflow/.local/lib/python3.7/site-packages/airflow/example_dags/tutorial.py for tasks to queue
[2022-05-02 20:05:11,450] {logging_mixin.py:115} INFO - [2022-05-02 20:05:11,450] {dagbag.py:507} INFO - Filling up the DagBag from /home/airflow/.local/lib/python3.7/site-packages/airflow/example_dags/tutorial.py
[2022-05-02 20:05:11,455] {processor.py:651} INFO - DAG(s) dict_keys(['tutorial']) retrieved from /home/airflow/.local/lib/python3.7/site-packages/airflow/example_dags/tutorial.py
[2022-05-02 20:05:11,478] {logging_mixin.py:115} INFO - [2022-05-02 20:05:11,478] {dag.py:2371} INFO - Sync 1 DAGs
[2022-05-02 20:05:11,501] {logging_mixin.py:115} INFO - [2022-05-02 20:05:11,501] {dag.py:2919} INFO - Setting next_dagrun for tutorial to 2022-05-01T20:05:11.501602+00:00, run_after=2022-05-02T20:05:11.501602+00:00
[2022-05-02 20:05:11,606] {processor.py:161} INFO - Processing /home/airflow/.local/lib/python3.7/site-packages/airflow/example_dags/tutorial.py took 0.159 seconds
[2022-05-02 20:05:41,707] {processor.py:153} INFO - Started process (PID=1184) to work on /home/airflow/.local/lib/python3.7/site-packages/airflow/example_dags/tutorial.py
[2022-05-02 20:05:41,707] {processor.py:641} INFO - Processing file /home/airflow/.local/lib/python3.7/site-packages/airflow/example_dags/tutorial.py for tasks to queue
[2022-05-02 20:05:41,707] {logging_mixin.py:115} INFO - [2022-05-02 20:05:41,707] {dagbag.py:507} INFO - Filling up the DagBag from /home/airflow/.local/lib/python3.7/site-packages/airflow/example_dags/tutorial.py
[2022-05-02 20:05:41,714] {processor.py:651} INFO - DAG(s) dict_keys(['tutorial']) retrieved from /home/airflow/.local/lib/python3.7/site-packages/airflow/example_dags/tutorial.py
[2022-05-02 20:05:41,735] {logging_mixin.py:115} INFO - [2022-05-02 20:05:41,735] {dag.py:2371} INFO - Sync 1 DAGs
[2022-05-02 20:05:41,756] {logging_mixin.py:115} INFO - [2022-05-02 20:05:41,756] {dag.py:2919} INFO - Setting next_dagrun for tutorial to 2022-05-01T20:05:41.756419+00:00, run_after=2022-05-02T20:05:41.756419+00:00
[2022-05-02 20:05:41,876] {processor.py:161} INFO - Processing /home/airflow/.local/lib/python3.7/site-packages/airflow/example_dags/tutorial.py took 0.171 seconds
[2022-05-02 20:06:12,121] {processor.py:153} INFO - Started process (PID=1247) to work on /home/airflow/.local/lib/python3.7/site-packages/airflow/example_dags/tutorial.py
[2022-05-02 20:06:12,122] {processor.py:641} INFO - Processing file /home/airflow/.local/lib/python3.7/site-packages/airflow/example_dags/tutorial.py for tasks to queue
[2022-05-02 20:06:12,122] {logging_mixin.py:115} INFO - [2022-05-02 20:06:12,122] {dagbag.py:507} INFO - Filling up the DagBag from /home/airflow/.local/lib/python3.7/site-packages/airflow/example_dags/tutorial.py
[2022-05-02 20:06:12,127] {processor.py:651} INFO - DAG(s) dict_keys(['tutorial']) retrieved from /home/airflow/.local/lib/python3.7/site-packages/airflow/example_dags/tutorial.py
[2022-05-02 20:06:12,149] {logging_mixin.py:115} INFO - [2022-05-02 20:06:12,148] {dag.py:2371} INFO - Sync 1 DAGs
[2022-05-02 20:06:12,264] {logging_mixin.py:115} INFO - [2022-05-02 20:06:12,264] {dag.py:2919} INFO - Setting next_dagrun for tutorial to 2022-05-01T20:06:12.264121+00:00, run_after=2022-05-02T20:06:12.264121+00:00
[2022-05-02 20:06:12,277] {processor.py:161} INFO - Processing /home/airflow/.local/lib/python3.7/site-packages/airflow/example_dags/tutorial.py took 0.158 seconds
[2022-05-02 20:06:42,496] {processor.py:153} INFO - Started process (PID=1302) to work on /home/airflow/.local/lib/python3.7/site-packages/airflow/example_dags/tutorial.py
[2022-05-02 20:06:42,497] {processor.py:641} INFO - Processing file /home/airflow/.local/lib/python3.7/site-packages/airflow/example_dags/tutorial.py for tasks to queue
[2022-05-02 20:06:42,498] {logging_mixin.py:115} INFO - [2022-05-02 20:06:42,497] {dagbag.py:507} INFO - Filling up the DagBag from /home/airflow/.local/lib/python3.7/site-packages/airflow/example_dags/tutorial.py
[2022-05-02 20:06:42,502] {processor.py:651} INFO - DAG(s) dict_keys(['tutorial']) retrieved from /home/airflow/.local/lib/python3.7/site-packages/airflow/example_dags/tutorial.py
[2022-05-02 20:06:42,527] {logging_mixin.py:115} INFO - [2022-05-02 20:06:42,527] {dag.py:2371} INFO - Sync 1 DAGs
[2022-05-02 20:06:42,646] {logging_mixin.py:115} INFO - [2022-05-02 20:06:42,646] {dag.py:2919} INFO - Setting next_dagrun for tutorial to 2022-05-01T20:06:42.646139+00:00, run_after=2022-05-02T20:06:42.646139+00:00
[2022-05-02 20:06:42,658] {processor.py:161} INFO - Processing /home/airflow/.local/lib/python3.7/site-packages/airflow/example_dags/tutorial.py took 0.165 seconds
